[I 2026-02-26 22:36:55,985] Trial 98 finished with value: 0.7081070591986002 and parameters: {'chunk_seconds': 8, 'num_freqs': 12, 'num_estimators': 512, 'max_depth': 16, 'window_seconds': 14, 'num_subwindows': 4, 'subwindow_freq': 9, 'use_window_slope': True, 'use_subwindow_slope': True, 'use_smote': False}. Best is trial 65 with value: 0.7172143849023596.
Skipping probe: too short (len=559, chunk_size=900)
Skipping probe: too short (len=834, chunk_size=900)
Skipping probe: too short (len=632, chunk_size=900)
Skipping probe: too short (len=670, chunk_size=900)
Skipping probe: too short (len=886, chunk_size=900)
Skipping probe: too short (len=559, chunk_size=900)
Skipping probe: too short (len=834, chunk_size=900)
Skipping probe: too short (len=670, chunk_size=900)
Skipping probe: too short (len=886, chunk_size=900)
Skipping probe: too short (len=632, chunk_size=900)
Skipping probe: too short (len=834, chunk_size=900)
Skipping probe: too short (len=559, chunk_size=900)
Skipping probe: too short (len=670, chunk_size=900)
Skipping probe: too short (len=886, chunk_size=900)
Skipping probe: too short (len=632, chunk_size=900)
Skipping probe: too short (len=834, chunk_size=900)
Skipping probe: too short (len=632, chunk_size=900)
Skipping probe: too short (len=670, chunk_size=900)
Skipping probe: too short (len=886, chunk_size=900)
Skipping probe: too short (len=559, chunk_size=900)
Skipping probe: too short (len=559, chunk_size=900)
Skipping probe: too short (len=632, chunk_size=900)
Skipping probe: too short (len=834, chunk_size=900)
Skipping probe: too short (len=670, chunk_size=900)
Skipping probe: too short (len=886, chunk_size=900)
Trial 99 F1s - Weighted: 0.6832 | Macro: 0.1917 | Micro: 0.6540

[I 2026-02-27 00:24:34,730] Trial 99 finished with value: 0.6832359164178297 and parameters: {'chunk_seconds': 9, 'num_freqs': 13, 'num_estimators': 512, 'max_depth': 16, 'window_seconds': 15, 'num_subwindows': 4, 'subwindow_freq': 8, 'use_window_slope': True, 'use_subwindow_slope': True, 'use_smote': True, 'smote_k_neighbors': 2}. Best is trial 65 with value: 0.7172143849023596.
{'chunk_seconds': 8, 'num_freqs': 14, 'num_estimators': 256, 'max_depth': 16, 'window_seconds': 14, 'num_subwindows': 9, 'subwindow_freq': 8, 'use_window_slope': True, 'use_subwindow_slope': False, 'use_smote': False}
Job finished at: Fri Feb 27 00:24:35 EST 2026
