uv version: uv 0.9.5
Running on host: gpu04.cluster
Job started at: Tue Feb 24 23:39:47 EST 2026
Running job ID: 728473
Loaded 58 files (2.86 GB) in 2.05 seconds.
Trial 0 F1s - Weighted: 0.6694 | Macro: 0.1638 | Micro: 0.7112

[I 2026-02-25 02:21:50,653] Trial 0 finished with value: 0.669401512974305 and parameters: {'chunk_seconds': 3, 'num_freqs': 11, 'num_estimators': 512, 'max_depth': 32, 'window_seconds': 8, 'num_subwindows': 14, 'subwindow_freq': 11, 'use_window_slope': True, 'use_subwindow_slope': True, 'use_smote': False}. Best is trial 0 with value: 0.669401512974305.
Skipping probe: too short (len=559, chunk_size=700)
Skipping probe: too short (len=632, chunk_size=700)
Skipping probe: too short (len=670, chunk_size=700)
Skipping probe: too short (len=559, chunk_size=700)
Skipping probe: too short (len=670, chunk_size=700)
Skipping probe: too short (len=632, chunk_size=700)
Skipping probe: too short (len=559, chunk_size=700)
Skipping probe: too short (len=670, chunk_size=700)
Skipping probe: too short (len=632, chunk_size=700)
Skipping probe: too short (len=670, chunk_size=700)
Skipping probe: too short (len=632, chunk_size=700)
Skipping probe: too short (len=559, chunk_size=700)
Skipping probe: too short (len=559, chunk_size=700)
Skipping probe: too short (len=632, chunk_size=700)
Skipping probe: too short (len=670, chunk_size=700)
Trial 1 F1s - Weighted: 0.6821 | Macro: 0.1854 | Micro: 0.6637

[I 2026-02-25 04:31:19,717] Trial 1 finished with value: 0.6821471850095996 and parameters: {'chunk_seconds': 7, 'num_freqs': 20, 'num_estimators': 128, 'max_depth': 32, 'window_seconds': 14, 'num_subwindows': 16, 'subwindow_freq': 8, 'use_window_slope': False, 'use_subwindow_slope': True, 'use_smote': True, 'smote_k_neighbors': 3}. Best is trial 1 with value: 0.6821471850095996.
Skipping probe: too short (len=559, chunk_size=900)
Skipping probe: too short (len=559, chunk_size=900)
Skipping probe: too short (len=559, chunk_size=900)
Skipping probe: too short (len=559, chunk_size=900)
Skipping probe: too short (len=559, chunk_size=900)
Trial 2 F1s - Weighted: 0.6873 | Macro: 0.1804 | Micro: 0.6857

[I 2026-02-25 04:50:12,766] Trial 2 finished with value: 0.6873439351892121 and parameters: {'chunk_seconds': 9, 'num_freqs': 12, 'num_estimators': 128, 'max_depth': 16, 'window_seconds': 6, 'num_subwindows': 4, 'subwindow_freq': 2, 'use_window_slope': True, 'use_subwindow_slope': True, 'use_smote': False}. Best is trial 2 with value: 0.6873439351892121.
Trial 3 F1s - Weighted: 0.6610 | Macro: 0.1786 | Micro: 0.6669

[I 2026-02-25 06:09:50,470] Trial 3 finished with value: 0.6610479856873207 and parameters: {'chunk_seconds': 7, 'num_freqs': 20, 'num_estimators': 512, 'max_depth': 16, 'window_seconds': 5, 'num_subwindows': 20, 'subwindow_freq': 9, 'use_window_slope': False, 'use_subwindow_slope': True, 'use_smote': False}. Best is trial 2 with value: 0.6873439351892121.
Trial 4 F1s - Weighted: 0.6453 | Macro: 0.1506 | Micro: 0.6845

[I 2026-02-25 06:22:59,782] Trial 4 finished with value: 0.6453258792808619 and parameters: {'chunk_seconds': 9, 'num_freqs': 4, 'num_estimators': 64, 'max_depth': 256, 'window_seconds': 3, 'num_subwindows': 9, 'subwindow_freq': 4, 'use_window_slope': False, 'use_subwindow_slope': False, 'use_smote': False}. Best is trial 2 with value: 0.6873439351892121.
Skipping probe: too short (len=559, chunk_size=800)
Skipping probe: too short (len=670, chunk_size=800)
Skipping probe: too short (len=632, chunk_size=800)
Skipping probe: too short (len=559, chunk_size=800)
Skipping probe: too short (len=670, chunk_size=800)
Skipping probe: too short (len=632, chunk_size=800)
Skipping probe: too short (len=670, chunk_size=800)
Skipping probe: too short (len=632, chunk_size=800)
Skipping probe: too short (len=559, chunk_size=800)
Skipping probe: too short (len=670, chunk_size=800)
Skipping probe: too short (len=632, chunk_size=800)
Skipping probe: too short (len=559, chunk_size=800)
Skipping probe: too short (len=559, chunk_size=800)
Skipping probe: too short (len=632, chunk_size=800)
Skipping probe: too short (len=670, chunk_size=800)
Trial 5 F1s - Weighted: 0.6998 | Macro: 0.1830 | Micro: 0.7053

[I 2026-02-25 06:44:15,481] Trial 5 finished with value: 0.6998323053191783 and parameters: {'chunk_seconds': 8, 'num_freqs': 12, 'num_estimators': 32, 'max_depth': 16, 'window_seconds': 13, 'num_subwindows': 14, 'subwindow_freq': 16, 'use_window_slope': True, 'use_subwindow_slope': False, 'use_smote': False}. Best is trial 5 with value: 0.6998323053191783.
Skipping probe: too short (len=559, chunk_size=600)
Skipping probe: too short (len=559, chunk_size=600)
Skipping probe: too short (len=559, chunk_size=600)
Skipping probe: too short (len=559, chunk_size=600)
Skipping probe: too short (len=559, chunk_size=600)
Trial 6 F1s - Weighted: 0.6758 | Macro: 0.1944 | Micro: 0.6450

[I 2026-02-25 09:25:55,448] Trial 6 finished with value: 0.6758376496815178 and parameters: {'chunk_seconds': 6, 'num_freqs': 17, 'num_estimators': 256, 'max_depth': 64, 'window_seconds': 11, 'num_subwindows': 7, 'subwindow_freq': 5, 'use_window_slope': False, 'use_subwindow_slope': True, 'use_smote': True, 'smote_k_neighbors': 7}. Best is trial 5 with value: 0.6998323053191783.
Trial 7 F1s - Weighted: 0.6465 | Macro: 0.1824 | Micro: 0.6221

[I 2026-02-25 10:49:13,940] Trial 7 finished with value: 0.6465066134271047 and parameters: {'chunk_seconds': 10, 'num_freqs': 8, 'num_estimators': 128, 'max_depth': 64, 'window_seconds': 5, 'num_subwindows': 16, 'subwindow_freq': 6, 'use_window_slope': True, 'use_subwindow_slope': True, 'use_smote': True, 'smote_k_neighbors': 3}. Best is trial 5 with value: 0.6998323053191783.
Skipping probe: too short (len=834, chunk_size=1000)
Skipping probe: too short (len=559, chunk_size=1000)
Skipping probe: too short (len=906, chunk_size=1000)
Skipping probe: too short (len=982, chunk_size=1000)
Skipping probe: too short (len=632, chunk_size=1000)
Skipping probe: too short (len=670, chunk_size=1000)
Skipping probe: too short (len=886, chunk_size=1000)
Skipping probe: too short (len=559, chunk_size=1000)
Skipping probe: too short (len=906, chunk_size=1000)
Skipping probe: too short (len=834, chunk_size=1000)
Skipping probe: too short (len=982, chunk_size=1000)
Skipping probe: too short (len=670, chunk_size=1000)
Skipping probe: too short (len=886, chunk_size=1000)
Skipping probe: too short (len=632, chunk_size=1000)
Skipping probe: too short (len=834, chunk_size=1000)
Skipping probe: too short (len=559, chunk_size=1000)
Skipping probe: too short (len=906, chunk_size=1000)
Skipping probe: too short (len=670, chunk_size=1000)
Skipping probe: too short (len=886, chunk_size=1000)
Skipping probe: too short (len=632, chunk_size=1000)
Skipping probe: too short (len=982, chunk_size=1000)
Skipping probe: too short (len=982, chunk_size=1000)
Skipping probe: too short (len=834, chunk_size=1000)
Skipping probe: too short (len=670, chunk_size=1000)
Skipping probe: too short (len=886, chunk_size=1000)
Skipping probe: too short (len=632, chunk_size=1000)
Skipping probe: too short (len=559, chunk_size=1000)
Skipping probe: too short (len=906, chunk_size=1000)
Skipping probe: too short (len=982, chunk_size=1000)
Skipping probe: too short (len=559, chunk_size=1000)
Skipping probe: too short (len=906, chunk_size=1000)
Skipping probe: too short (len=632, chunk_size=1000)
Skipping probe: too short (len=834, chunk_size=1000)
Skipping probe: too short (len=670, chunk_size=1000)
Skipping probe: too short (len=886, chunk_size=1000)
Trial 8 F1s - Weighted: 0.6847 | Macro: 0.1545 | Micro: 0.7212

[I 2026-02-25 11:11:33,620] Trial 8 finished with value: 0.6847272073839716 and parameters: {'chunk_seconds': 10, 'num_freqs': 14, 'num_estimators': 128, 'max_depth': 32, 'window_seconds': 12, 'num_subwindows': 6, 'subwindow_freq': 5, 'use_window_slope': True, 'use_subwindow_slope': True, 'use_smote': False}. Best is trial 5 with value: 0.6998323053191783.
Skipping probe: too short (len=834, chunk_size=900)
Skipping probe: too short (len=559, chunk_size=900)
Skipping probe: too short (len=632, chunk_size=900)
Skipping probe: too short (len=670, chunk_size=900)
Skipping probe: too short (len=886, chunk_size=900)
Skipping probe: too short (len=834, chunk_size=900)
Skipping probe: too short (len=559, chunk_size=900)
Skipping probe: too short (len=670, chunk_size=900)
Skipping probe: too short (len=886, chunk_size=900)
Skipping probe: too short (len=632, chunk_size=900)
Skipping probe: too short (len=834, chunk_size=900)
Skipping probe: too short (len=559, chunk_size=900)
Skipping probe: too short (len=670, chunk_size=900)
Skipping probe: too short (len=886, chunk_size=900)
Skipping probe: too short (len=632, chunk_size=900)
Skipping probe: too short (len=834, chunk_size=900)
Skipping probe: too short (len=632, chunk_size=900)
Skipping probe: too short (len=670, chunk_size=900)
Skipping probe: too short (len=886, chunk_size=900)
Skipping probe: too short (len=559, chunk_size=900)
Skipping probe: too short (len=559, chunk_size=900)
Skipping probe: too short (len=632, chunk_size=900)
Skipping probe: too short (len=670, chunk_size=900)
Skipping probe: too short (len=886, chunk_size=900)
Skipping probe: too short (len=834, chunk_size=900)
Trial 9 F1s - Weighted: 0.6437 | Macro: 0.1756 | Micro: 0.6047

[I 2026-02-25 11:31:03,332] Trial 9 finished with value: 0.6436655571275528 and parameters: {'chunk_seconds': 9, 'num_freqs': 7, 'num_estimators': 8, 'max_depth': 32, 'window_seconds': 13, 'num_subwindows': 13, 'subwindow_freq': 2, 'use_window_slope': True, 'use_subwindow_slope': False, 'use_smote': True, 'smote_k_neighbors': 6}. Best is trial 5 with value: 0.6998323053191783.
[I 2026-02-25 11:49:31,668] Trial 10 pruned. 
Skipping probe: too short (len=559, chunk_size=800)
Skipping probe: too short (len=632, chunk_size=800)
Skipping probe: too short (len=670, chunk_size=800)
Skipping probe: too short (len=559, chunk_size=800)
Skipping probe: too short (len=670, chunk_size=800)
Skipping probe: too short (len=632, chunk_size=800)
[I 2026-02-25 11:53:05,227] Trial 11 pruned. 
[I 2026-02-25 12:00:03,331] Trial 12 pruned. 
[I 2026-02-25 12:45:35,744] Trial 13 pruned. 
[I 2026-02-25 13:10:23,401] Trial 14 pruned. 
[I 2026-02-25 13:16:16,864] Trial 15 pruned. 
Skipping probe: too short (len=559, chunk_size=800)
Skipping probe: too short (len=559, chunk_size=800)
Skipping probe: too short (len=559, chunk_size=800)
Skipping probe: too short (len=559, chunk_size=800)
[I 2026-02-25 13:29:05,057] Trial 16 pruned. 
Skipping probe: too short (len=559, chunk_size=600)
Skipping probe: too short (len=559, chunk_size=600)
[I 2026-02-25 13:48:07,173] Trial 17 pruned. 
Skipping probe: too short (len=834, chunk_size=900)
Skipping probe: too short (len=559, chunk_size=900)
Skipping probe: too short (len=632, chunk_size=900)
Skipping probe: too short (len=670, chunk_size=900)
Skipping probe: too short (len=886, chunk_size=900)
Skipping probe: too short (len=834, chunk_size=900)
Skipping probe: too short (len=559, chunk_size=900)
Skipping probe: too short (len=670, chunk_size=900)
Skipping probe: too short (len=886, chunk_size=900)
Skipping probe: too short (len=632, chunk_size=900)
Skipping probe: too short (len=834, chunk_size=900)
Skipping probe: too short (len=559, chunk_size=900)
Skipping probe: too short (len=670, chunk_size=900)
Skipping probe: too short (len=886, chunk_size=900)
Skipping probe: too short (len=632, chunk_size=900)
Skipping probe: too short (len=834, chunk_size=900)
Skipping probe: too short (len=670, chunk_size=900)
Skipping probe: too short (len=886, chunk_size=900)
Skipping probe: too short (len=632, chunk_size=900)
Skipping probe: too short (len=559, chunk_size=900)
Skipping probe: too short (len=559, chunk_size=900)
Skipping probe: too short (len=632, chunk_size=900)
Skipping probe: too short (len=834, chunk_size=900)
Skipping probe: too short (len=670, chunk_size=900)
Skipping probe: too short (len=886, chunk_size=900)
Trial 18 F1s - Weighted: 0.6054 | Macro: 0.1652 | Micro: 0.5489

[I 2026-02-25 14:37:45,342] Trial 18 finished with value: 0.6053983511011821 and parameters: {'chunk_seconds': 9, 'num_freqs': 18, 'num_estimators': 32, 'max_depth': 8, 'window_seconds': 10, 'num_subwindows': 17, 'subwindow_freq': 9, 'use_window_slope': False, 'use_subwindow_slope': True, 'use_smote': True, 'smote_k_neighbors': 10}. Best is trial 5 with value: 0.6998323053191783.
Skipping probe: too short (len=670, chunk_size=700)
Skipping probe: too short (len=559, chunk_size=700)
Skipping probe: too short (len=632, chunk_size=700)
Skipping probe: too short (len=559, chunk_size=700)
Skipping probe: too short (len=670, chunk_size=700)
Skipping probe: too short (len=632, chunk_size=700)
[I 2026-02-25 14:46:15,059] Trial 19 pruned. 
Skipping probe: too short (len=559, chunk_size=1000)
Skipping probe: too short (len=906, chunk_size=1000)
Skipping probe: too short (len=834, chunk_size=1000)
Skipping probe: too short (len=982, chunk_size=1000)
Skipping probe: too short (len=632, chunk_size=1000)
Skipping probe: too short (len=670, chunk_size=1000)
Skipping probe: too short (len=886, chunk_size=1000)
Skipping probe: too short (len=559, chunk_size=1000)
Skipping probe: too short (len=906, chunk_size=1000)
Skipping probe: too short (len=834, chunk_size=1000)
Skipping probe: too short (len=982, chunk_size=1000)
Skipping probe: too short (len=670, chunk_size=1000)
Skipping probe: too short (len=886, chunk_size=1000)
Skipping probe: too short (len=632, chunk_size=1000)
[I 2026-02-25 14:50:20,209] Trial 20 pruned. 
Skipping probe: too short (len=834, chunk_size=1000)
Skipping probe: too short (len=982, chunk_size=1000)
Skipping probe: too short (len=559, chunk_size=1000)
Skipping probe: too short (len=906, chunk_size=1000)
Skipping probe: too short (len=670, chunk_size=1000)
Skipping probe: too short (len=886, chunk_size=1000)
Skipping probe: too short (len=632, chunk_size=1000)
Skipping probe: too short (len=982, chunk_size=1000)
Skipping probe: too short (len=834, chunk_size=1000)
Skipping probe: too short (len=559, chunk_size=1000)
Skipping probe: too short (len=906, chunk_size=1000)
Skipping probe: too short (len=670, chunk_size=1000)
Skipping probe: too short (len=886, chunk_size=1000)
Skipping probe: too short (len=632, chunk_size=1000)
[I 2026-02-25 14:58:45,697] Trial 21 pruned. 
Skipping probe: too short (len=834, chunk_size=900)
Skipping probe: too short (len=559, chunk_size=900)
Skipping probe: too short (len=632, chunk_size=900)
Skipping probe: too short (len=670, chunk_size=900)
Skipping probe: too short (len=886, chunk_size=900)
Skipping probe: too short (len=834, chunk_size=900)
Skipping probe: too short (len=559, chunk_size=900)
Skipping probe: too short (len=670, chunk_size=900)
Skipping probe: too short (len=886, chunk_size=900)
Skipping probe: too short (len=632, chunk_size=900)
Skipping probe: too short (len=559, chunk_size=900)
Skipping probe: too short (len=834, chunk_size=900)
Skipping probe: too short (len=632, chunk_size=900)
Skipping probe: too short (len=670, chunk_size=900)
Skipping probe: too short (len=886, chunk_size=900)
Skipping probe: too short (len=670, chunk_size=900)
Skipping probe: too short (len=886, chunk_size=900)
Skipping probe: too short (len=834, chunk_size=900)
Skipping probe: too short (len=632, chunk_size=900)
Skipping probe: too short (len=559, chunk_size=900)
Skipping probe: too short (len=559, chunk_size=900)
Skipping probe: too short (len=632, chunk_size=900)
Skipping probe: too short (len=834, chunk_size=900)
Skipping probe: too short (len=670, chunk_size=900)
Skipping probe: too short (len=886, chunk_size=900)
Trial 22 F1s - Weighted: 0.7068 | Macro: 0.1838 | Micro: 0.7110

[I 2026-02-25 15:25:08,101] Trial 22 finished with value: 0.7068097632333139 and parameters: {'chunk_seconds': 9, 'num_freqs': 13, 'num_estimators': 128, 'max_depth': 16, 'window_seconds': 13, 'num_subwindows': 7, 'subwindow_freq': 7, 'use_window_slope': True, 'use_subwindow_slope': True, 'use_smote': False}. Best is trial 22 with value: 0.7068097632333139.
Skipping probe: too short (len=834, chunk_size=900)
Skipping probe: too short (len=559, chunk_size=900)
Skipping probe: too short (len=670, chunk_size=900)
Skipping probe: too short (len=886, chunk_size=900)
Skipping probe: too short (len=632, chunk_size=900)
Skipping probe: too short (len=834, chunk_size=900)
Skipping probe: too short (len=559, chunk_size=900)
Skipping probe: too short (len=670, chunk_size=900)
Skipping probe: too short (len=886, chunk_size=900)
Skipping probe: too short (len=632, chunk_size=900)
Skipping probe: too short (len=670, chunk_size=900)
Skipping probe: too short (len=886, chunk_size=900)
Skipping probe: too short (len=834, chunk_size=900)
Skipping probe: too short (len=559, chunk_size=900)
Skipping probe: too short (len=632, chunk_size=900)
Skipping probe: too short (len=834, chunk_size=900)
Skipping probe: too short (len=632, chunk_size=900)
Skipping probe: too short (len=670, chunk_size=900)
Skipping probe: too short (len=886, chunk_size=900)
Skipping probe: too short (len=559, chunk_size=900)
Skipping probe: too short (len=559, chunk_size=900)
Skipping probe: too short (len=632, chunk_size=900)
Skipping probe: too short (len=834, chunk_size=900)
Skipping probe: too short (len=670, chunk_size=900)
Skipping probe: too short (len=886, chunk_size=900)
Trial 23 F1s - Weighted: 0.7102 | Macro: 0.1865 | Micro: 0.7144

[I 2026-02-25 15:53:52,068] Trial 23 finished with value: 0.7102455238547855 and parameters: {'chunk_seconds': 9, 'num_freqs': 13, 'num_estimators': 128, 'max_depth': 16, 'window_seconds': 13, 'num_subwindows': 8, 'subwindow_freq': 7, 'use_window_slope': True, 'use_subwindow_slope': True, 'use_smote': False}. Best is trial 23 with value: 0.7102455238547855.
Skipping probe: too short (len=559, chunk_size=800)
Skipping probe: too short (len=670, chunk_size=800)
Skipping probe: too short (len=632, chunk_size=800)
Skipping probe: too short (len=670, chunk_size=800)
Skipping probe: too short (len=559, chunk_size=800)
Skipping probe: too short (len=632, chunk_size=800)
Skipping probe: too short (len=559, chunk_size=800)
Skipping probe: too short (len=670, chunk_size=800)
Skipping probe: too short (len=632, chunk_size=800)
Skipping probe: too short (len=670, chunk_size=800)
Skipping probe: too short (len=632, chunk_size=800)
Skipping probe: too short (len=559, chunk_size=800)
Skipping probe: too short (len=559, chunk_size=800)
Skipping probe: too short (len=632, chunk_size=800)
Skipping probe: too short (len=670, chunk_size=800)
Trial 24 F1s - Weighted: 0.6987 | Macro: 0.1814 | Micro: 0.6994

[I 2026-02-25 16:27:55,615] Trial 24 finished with value: 0.698706618228929 and parameters: {'chunk_seconds': 8, 'num_freqs': 15, 'num_estimators': 32, 'max_depth': 16, 'window_seconds': 14, 'num_subwindows': 10, 'subwindow_freq': 7, 'use_window_slope': True, 'use_subwindow_slope': True, 'use_smote': False}. Best is trial 23 with value: 0.7102455238547855.
Skipping probe: too short (len=834, chunk_size=900)
Skipping probe: too short (len=559, chunk_size=900)
Skipping probe: too short (len=670, chunk_size=900)
Skipping probe: too short (len=886, chunk_size=900)
Skipping probe: too short (len=632, chunk_size=900)
Skipping probe: too short (len=834, chunk_size=900)
Skipping probe: too short (len=559, chunk_size=900)
Skipping probe: too short (len=670, chunk_size=900)
Skipping probe: too short (len=886, chunk_size=900)
Skipping probe: too short (len=632, chunk_size=900)
Skipping probe: too short (len=834, chunk_size=900)
Skipping probe: too short (len=559, chunk_size=900)
Skipping probe: too short (len=670, chunk_size=900)
Skipping probe: too short (len=886, chunk_size=900)
Skipping probe: too short (len=632, chunk_size=900)
Skipping probe: too short (len=834, chunk_size=900)
Skipping probe: too short (len=670, chunk_size=900)
Skipping probe: too short (len=886, chunk_size=900)
Skipping probe: too short (len=632, chunk_size=900)
Skipping probe: too short (len=559, chunk_size=900)
Skipping probe: too short (len=559, chunk_size=900)
Skipping probe: too short (len=632, chunk_size=900)
Skipping probe: too short (len=834, chunk_size=900)
Skipping probe: too short (len=670, chunk_size=900)
Skipping probe: too short (len=886, chunk_size=900)
Trial 25 F1s - Weighted: 0.7071 | Macro: 0.1852 | Micro: 0.7102

