[I 2025-11-07 02:46:11,032] Trial 62 finished with value: 0.4426491442617749 and parameters: {'augment_factor': 4, 'chunk_seconds': 1, 'num_freqs': 13, 'num_estimators': 16, 'max_depth': 16, 'window_seconds': 7}. Best is trial 52 with value: 0.44837445920737.
[0.59354454 0.3223861  0.75191934 0.85381803 0.06848643 0.        ]
[I 2025-11-07 02:47:29,665] Trial 63 finished with value: 0.4316924090860048 and parameters: {'augment_factor': 4, 'chunk_seconds': 2, 'num_freqs': 14, 'num_estimators': 16, 'max_depth': 16, 'window_seconds': 7}. Best is trial 52 with value: 0.44837445920737.
[0.58607684 0.39064055 0.74338643 0.85228208 0.06838512 0.        ]
[I 2025-11-07 02:49:48,005] Trial 64 finished with value: 0.4401285025903195 and parameters: {'augment_factor': 4, 'chunk_seconds': 1, 'num_freqs': 13, 'num_estimators': 16, 'max_depth': 16, 'window_seconds': 7}. Best is trial 52 with value: 0.44837445920737.
[0.6133268  0.24047873 0.75893051 0.86188039 0.06566047 0.        ]
[I 2025-11-07 02:51:08,934] Trial 65 finished with value: 0.42337948313788093 and parameters: {'augment_factor': 4, 'chunk_seconds': 2, 'num_freqs': 14, 'num_estimators': 16, 'max_depth': 16, 'window_seconds': 9}. Best is trial 52 with value: 0.44837445920737.
[0.62154865 0.38453384 0.73138074 0.83157913 0.06786878 0.        ]
[I 2025-11-07 02:53:29,312] Trial 66 finished with value: 0.43948518982502477 and parameters: {'augment_factor': 4, 'chunk_seconds': 1, 'num_freqs': 11, 'num_estimators': 16, 'max_depth': 16, 'window_seconds': 8}. Best is trial 52 with value: 0.44837445920737.
[0.57612221 0.34166085 0.74749845 0.85314854 0.06723132 0.        ]
[I 2025-11-07 02:54:47,774] Trial 67 finished with value: 0.4309435619441935 and parameters: {'augment_factor': 4, 'chunk_seconds': 2, 'num_freqs': 12, 'num_estimators': 16, 'max_depth': 16, 'window_seconds': 7}. Best is trial 52 with value: 0.44837445920737.
[0.61651163 0.39393645 0.74846991 0.85526986 0.06818243 0.        ]
[I 2025-11-07 02:57:03,672] Trial 68 finished with value: 0.44706171299464276 and parameters: {'augment_factor': 4, 'chunk_seconds': 1, 'num_freqs': 15, 'num_estimators': 16, 'max_depth': 16, 'window_seconds': 6}. Best is trial 52 with value: 0.44837445920737.
[0.62850271 0.37257782 0.74847794 0.85775377 0.06666807 0.        ]
[I 2025-11-07 02:59:24,131] Trial 69 finished with value: 0.44566338400894673 and parameters: {'augment_factor': 4, 'chunk_seconds': 1, 'num_freqs': 15, 'num_estimators': 16, 'max_depth': 16, 'window_seconds': 8}. Best is trial 52 with value: 0.44837445920737.
[0.62421443 0.15427881 0.79450624 0.87146094 0.01081269 0.        ]
[I 2025-11-07 03:01:00,109] Trial 70 finished with value: 0.40921218488482086 and parameters: {'augment_factor': 4, 'chunk_seconds': 2, 'num_freqs': 15, 'num_estimators': 128, 'max_depth': 32, 'window_seconds': 8}. Best is trial 52 with value: 0.44837445920737.
[0.61005318 0.34393017 0.74972192 0.85495294 0.07975242 0.        ]
[I 2025-11-07 03:03:20,683] Trial 71 finished with value: 0.43973510754579165 and parameters: {'augment_factor': 4, 'chunk_seconds': 1, 'num_freqs': 16, 'num_estimators': 16, 'max_depth': 16, 'window_seconds': 8}. Best is trial 52 with value: 0.44837445920737.
[0.6272159  0.23416766 0.74783455 0.85398313 0.06624202 0.        ]
[I 2025-11-07 03:05:46,570] Trial 72 finished with value: 0.42157387622757847 and parameters: {'augment_factor': 4, 'chunk_seconds': 1, 'num_freqs': 15, 'num_estimators': 16, 'max_depth': 16, 'window_seconds': 10}. Best is trial 52 with value: 0.44837445920737.
[0.58888018 0.3778574  0.75213191 0.85809416 0.06776062 0.        ]
[I 2025-11-07 03:08:05,084] Trial 73 finished with value: 0.44078737878803037 and parameters: {'augment_factor': 4, 'chunk_seconds': 1, 'num_freqs': 13, 'num_estimators': 16, 'max_depth': 16, 'window_seconds': 7}. Best is trial 52 with value: 0.44837445920737.
[0.54524444 0.10131939 0.77363273 0.8662077  0.0651449  0.        ]
[I 2025-11-07 03:08:43,311] Trial 74 finished with value: 0.3919248599903315 and parameters: {'augment_factor': 4, 'chunk_seconds': 6, 'num_freqs': 16, 'num_estimators': 16, 'max_depth': 16, 'window_seconds': 6}. Best is trial 52 with value: 0.44837445920737.
[0.58468972 0.30001315 0.7390299  0.83167289 0.11497452 0.        ]
[I 2025-11-07 03:11:04,675] Trial 75 finished with value: 0.4283966961184759 and parameters: {'augment_factor': 4, 'chunk_seconds': 1, 'num_freqs': 14, 'num_estimators': 8, 'max_depth': 16, 'window_seconds': 9}. Best is trial 52 with value: 0.44837445920737.
[0.2443512  0.17866774 0.60583351 0.82551968 0.30764968 0.        ]
[I 2025-11-07 03:12:20,678] Trial 76 finished with value: 0.3603369683899633 and parameters: {'augment_factor': 4, 'chunk_seconds': 2, 'num_freqs': 14, 'num_estimators': 16, 'max_depth': 4, 'window_seconds': 6}. Best is trial 52 with value: 0.44837445920737.
[0.62095143 0.42221832 0.73768435 0.84266158 0.06736103 0.        ]
[I 2025-11-07 03:14:51,005] Trial 77 finished with value: 0.44847945259620864 and parameters: {'augment_factor': 4, 'chunk_seconds': 1, 'num_freqs': 10, 'num_estimators': 64, 'max_depth': 16, 'window_seconds': 7}. Best is trial 77 with value: 0.44847945259620864.
[0.59950797 0.38518704 0.75346905 0.85825523 0.06749981 0.        ]
[I 2025-11-07 03:17:14,077] Trial 78 finished with value: 0.4439865175499748 and parameters: {'augment_factor': 2, 'chunk_seconds': 1, 'num_freqs': 15, 'num_estimators': 64, 'max_depth': 16, 'window_seconds': 5}. Best is trial 77 with value: 0.44847945259620864.
[0.5762113  0.34204872 0.76949275 0.87222896 0.06697652 0.        ]
[I 2025-11-07 03:18:34,904] Trial 79 finished with value: 0.43782637419647413 and parameters: {'augment_factor': 2, 'chunk_seconds': 2, 'num_freqs': 15, 'num_estimators': 64, 'max_depth': 16, 'window_seconds': 5}. Best is trial 77 with value: 0.44847945259620864.
Skipping probe: too short (len=824, chunk_size=900)
Skipping probe: too short (len=824, chunk_size=900)
Skipping probe: too short (len=824, chunk_size=900)
Skipping probe: too short (len=824, chunk_size=900)
Skipping probe: too short (len=824, chunk_size=900)
[0.39193801 0.16573644 0.73657663 0.83813125 0.07202493 0.        ]
[I 2025-11-07 03:19:06,665] Trial 80 finished with value: 0.36740120834001405 and parameters: {'augment_factor': 2, 'chunk_seconds': 9, 'num_freqs': 17, 'num_estimators': 64, 'max_depth': 8, 'window_seconds': 4}. Best is trial 77 with value: 0.44847945259620864.
[0.60096924 0.37222618 0.75909936 0.86510654 0.07007785 0.        ]
[I 2025-11-07 03:21:27,661] Trial 81 finished with value: 0.44457986185090553 and parameters: {'augment_factor': 2, 'chunk_seconds': 1, 'num_freqs': 16, 'num_estimators': 64, 'max_depth': 16, 'window_seconds': 4}. Best is trial 77 with value: 0.44847945259620864.
[0.60948348 0.36244385 0.75752721 0.86381099 0.06731563 0.        ]
[I 2025-11-07 03:23:48,251] Trial 82 finished with value: 0.44343019432529074 and parameters: {'augment_factor': 2, 'chunk_seconds': 1, 'num_freqs': 16, 'num_estimators': 64, 'max_depth': 16, 'window_seconds': 4}. Best is trial 77 with value: 0.44847945259620864.
[0.59927226 0.32251301 0.75583055 0.860257   0.06501711 0.        ]
[I 2025-11-07 03:26:06,836] Trial 83 finished with value: 0.43381498792194845 and parameters: {'augment_factor': 2, 'chunk_seconds': 1, 'num_freqs': 16, 'num_estimators': 64, 'max_depth': 16, 'window_seconds': 3}. Best is trial 77 with value: 0.44847945259620864.
[0.60291102 0.30966635 0.78148857 0.854353   0.01190668 0.        ]
[I 2025-11-07 03:28:34,618] Trial 84 finished with value: 0.4267209367448293 and parameters: {'augment_factor': 2, 'chunk_seconds': 1, 'num_freqs': 18, 'num_estimators': 64, 'max_depth': 32, 'window_seconds': 4}. Best is trial 77 with value: 0.44847945259620864.
[0.56965953 0.28099457 0.76730401 0.86466411 0.06437484 0.        ]
[I 2025-11-07 03:29:53,276] Trial 85 finished with value: 0.4244995107275833 and parameters: {'augment_factor': 2, 'chunk_seconds': 2, 'num_freqs': 16, 'num_estimators': 64, 'max_depth': 16, 'window_seconds': 3}. Best is trial 77 with value: 0.44847945259620864.
[0.24663134 0.09224009 0.52839894 0.81960375 0.28245852 0.        ]
[I 2025-11-07 03:31:57,751] Trial 86 finished with value: 0.32822210666896295 and parameters: {'augment_factor': 2, 'chunk_seconds': 1, 'num_freqs': 17, 'num_estimators': 64, 'max_depth': 4, 'window_seconds': 2}. Best is trial 77 with value: 0.44847945259620864.
[0.58689873 0.30691662 0.79593233 0.86480605 0.01252468 0.        ]
[I 2025-11-07 03:33:20,026] Trial 87 finished with value: 0.42784639980051803 and parameters: {'augment_factor': 2, 'chunk_seconds': 2, 'num_freqs': 15, 'num_estimators': 64, 'max_depth': 128, 'window_seconds': 5}. Best is trial 77 with value: 0.44847945259620864.
[0.58668917 0.38841225 0.7515335  0.86289534 0.0663537  0.        ]
[I 2025-11-07 03:35:44,525] Trial 88 finished with value: 0.44264732817834224 and parameters: {'augment_factor': 2, 'chunk_seconds': 1, 'num_freqs': 18, 'num_estimators': 64, 'max_depth': 16, 'window_seconds': 4}. Best is trial 77 with value: 0.44847945259620864.
[0.61469945 0.37339531 0.75390825 0.85822914 0.06876739 0.        ]
[I 2025-11-07 03:38:05,135] Trial 89 finished with value: 0.4448332582254609 and parameters: {'augment_factor': 2, 'chunk_seconds': 1, 'num_freqs': 15, 'num_estimators': 64, 'max_depth': 16, 'window_seconds': 4}. Best is trial 77 with value: 0.44847945259620864.
[0.60797106 0.37458505 0.76728444 0.86740225 0.06684295 0.        ]
[I 2025-11-07 03:39:26,197] Trial 90 finished with value: 0.44734762574714065 and parameters: {'augment_factor': 2, 'chunk_seconds': 2, 'num_freqs': 15, 'num_estimators': 64, 'max_depth': 16, 'window_seconds': 5}. Best is trial 77 with value: 0.44847945259620864.
[0.61403405 0.39507777 0.7537471  0.86175939 0.06784788 0.        ]
[I 2025-11-07 03:41:49,415] Trial 91 finished with value: 0.4487443651762845 and parameters: {'augment_factor': 2, 'chunk_seconds': 1, 'num_freqs': 15, 'num_estimators': 64, 'max_depth': 16, 'window_seconds': 5}. Best is trial 91 with value: 0.4487443651762845.
[0.54996707 0.16338191 0.77259486 0.8723466  0.06793223 0.        ]
[I 2025-11-07 03:42:32,635] Trial 92 finished with value: 0.4043704457695983 and parameters: {'augment_factor': 2, 'chunk_seconds': 5, 'num_freqs': 14, 'num_estimators': 64, 'max_depth': 16, 'window_seconds': 4}. Best is trial 91 with value: 0.4487443651762845.
[0.61291571 0.39623529 0.76224099 0.86634699 0.06375877 0.        ]
[I 2025-11-07 03:44:56,190] Trial 93 finished with value: 0.45024962482773706 and parameters: {'augment_factor': 2, 'chunk_seconds': 1, 'num_freqs': 17, 'num_estimators': 64, 'max_depth': 16, 'window_seconds': 5}. Best is trial 93 with value: 0.45024962482773706.
[0.59441326 0.33556257 0.77282754 0.87102205 0.06853245 0.        ]
[I 2025-11-07 03:46:17,270] Trial 94 finished with value: 0.440392977425772 and parameters: {'augment_factor': 2, 'chunk_seconds': 2, 'num_freqs': 17, 'num_estimators': 64, 'max_depth': 16, 'window_seconds': 5}. Best is trial 93 with value: 0.45024962482773706.
[0.61540696 0.39316239 0.75414607 0.8545012  0.06890463 0.        ]
[I 2025-11-07 03:48:40,532] Trial 95 finished with value: 0.4476868763549973 and parameters: {'augment_factor': 2, 'chunk_seconds': 1, 'num_freqs': 13, 'num_estimators': 64, 'max_depth': 16, 'window_seconds': 5}. Best is trial 93 with value: 0.45024962482773706.
[0.6155995  0.39300505 0.75059705 0.85501935 0.06993541 0.        ]
[I 2025-11-07 03:51:03,999] Trial 96 finished with value: 0.4473593931994391 and parameters: {'augment_factor': 2, 'chunk_seconds': 1, 'num_freqs': 13, 'num_estimators': 64, 'max_depth': 16, 'window_seconds': 5}. Best is trial 93 with value: 0.45024962482773706.
[0.6058804  0.35227943 0.76183425 0.86273319 0.06743727 0.        ]
[I 2025-11-07 03:52:25,010] Trial 97 finished with value: 0.44169409177735325 and parameters: {'augment_factor': 2, 'chunk_seconds': 2, 'num_freqs': 13, 'num_estimators': 64, 'max_depth': 16, 'window_seconds': 5}. Best is trial 93 with value: 0.45024962482773706.
[0.44988796 0.21532936 0.7188985  0.85523977 0.22030602 0.        ]
[I 2025-11-07 03:54:42,010] Trial 98 finished with value: 0.4099436031536791 and parameters: {'augment_factor': 2, 'chunk_seconds': 1, 'num_freqs': 13, 'num_estimators': 64, 'max_depth': 8, 'window_seconds': 5}. Best is trial 93 with value: 0.45024962482773706.
[0.57318088 0.2647322  0.76434382 0.86143385 0.06723842 0.        ]
[I 2025-11-07 03:55:42,214] Trial 99 finished with value: 0.4218215292072664 and parameters: {'augment_factor': 2, 'chunk_seconds': 3, 'num_freqs': 12, 'num_estimators': 64, 'max_depth': 16, 'window_seconds': 5}. Best is trial 93 with value: 0.45024962482773706.
{'augment_factor': 2, 'chunk_seconds': 1, 'num_freqs': 17, 'num_estimators': 64, 'max_depth': 16, 'window_seconds': 5}
Job finished at: Fri Nov  7 03:55:42 EST 2025
