[I 2025-11-21 02:03:26,583] Trial 44 finished with value: 0.4342328089983912 and parameters: {'augment_factor': 1, 'chunk_seconds': 1, 'num_freqs': 5, 'num_estimators': 32, 'max_depth': 8, 'window_seconds': 9, 'num_subwindows': 14, 'subwindow_freq': 3, 'use_window_slope': True, 'use_subwindow_slope': True, 'use_smote': True, 'smote_k_neighbors': 10}. Best is trial 27 with value: 0.526447344731495.
[0.66102287 0.43017608 0.77713619 0.84478343 0.00708363 0.        ]
[I 2025-11-21 02:31:20,331] Trial 45 finished with value: 0.453367032596552 and parameters: {'augment_factor': 4, 'chunk_seconds': 1, 'num_freqs': 2, 'num_estimators': 256, 'max_depth': 64, 'window_seconds': 9, 'num_subwindows': 15, 'subwindow_freq': 16, 'use_window_slope': True, 'use_subwindow_slope': True, 'use_smote': False}. Best is trial 27 with value: 0.526447344731495.
[0.48648577 0.50249987 0.75812171 0.84605561 0.39038936 0.        ]
[I 2025-11-21 02:42:39,027] Trial 46 finished with value: 0.49725872207329047 and parameters: {'augment_factor': 8, 'chunk_seconds': 2, 'num_freqs': 3, 'num_estimators': 64, 'max_depth': 256, 'window_seconds': 8, 'num_subwindows': 13, 'subwindow_freq': 5, 'use_window_slope': False, 'use_subwindow_slope': True, 'use_smote': True, 'smote_k_neighbors': 9}. Best is trial 27 with value: 0.526447344731495.
[0.25948126 0.06188758 0.4824238  0.80538665 0.31008074 0.        ]
[I 2025-11-21 02:57:13,121] Trial 47 finished with value: 0.31987667287553173 and parameters: {'augment_factor': 4, 'chunk_seconds': 1, 'num_freqs': 5, 'num_estimators': 8, 'max_depth': 4, 'window_seconds': 2, 'num_subwindows': 9, 'subwindow_freq': 3, 'use_window_slope': True, 'use_subwindow_slope': True, 'use_smote': True, 'smote_k_neighbors': 10}. Best is trial 27 with value: 0.526447344731495.
[0.7014482  0.33499323 0.78303057 0.8496929  0.01253796 0.        ]
[I 2025-11-21 03:07:20,241] Trial 48 finished with value: 0.4469504748781689 and parameters: {'augment_factor': 4, 'chunk_seconds': 2, 'num_freqs': 2, 'num_estimators': 64, 'max_depth': 64, 'window_seconds': 10, 'num_subwindows': 12, 'subwindow_freq': 6, 'use_window_slope': True, 'use_subwindow_slope': True, 'use_smote': False}. Best is trial 27 with value: 0.526447344731495.
[0.57105111 0.53499821 0.77511443 0.85682121 0.42107536 0.        ]
[I 2025-11-21 03:18:46,814] Trial 49 finished with value: 0.526510054214282 and parameters: {'augment_factor': 1, 'chunk_seconds': 1, 'num_freqs': 20, 'num_estimators': 32, 'max_depth': 128, 'window_seconds': 9, 'num_subwindows': 5, 'subwindow_freq': 9, 'use_window_slope': True, 'use_subwindow_slope': True, 'use_smote': True, 'smote_k_neighbors': 5}. Best is trial 49 with value: 0.526510054214282.
Skipping probe: too short (len=824, chunk_size=900)
Skipping probe: too short (len=824, chunk_size=900)
Skipping probe: too short (len=824, chunk_size=900)
Skipping probe: too short (len=824, chunk_size=900)
Skipping probe: too short (len=824, chunk_size=900)
[0.45653682 0.13585992 0.74914408 0.82836398 0.08644152 0.        ]
[I 2025-11-21 03:20:08,733] Trial 50 finished with value: 0.37605771934062027 and parameters: {'augment_factor': 1, 'chunk_seconds': 9, 'num_freqs': 20, 'num_estimators': 32, 'max_depth': 128, 'window_seconds': 4, 'num_subwindows': 5, 'subwindow_freq': 9, 'use_window_slope': False, 'use_subwindow_slope': True, 'use_smote': True, 'smote_k_neighbors': 5}. Best is trial 49 with value: 0.526510054214282.
[0.56744357 0.51197366 0.76951715 0.85246829 0.2649318  0.        ]
[I 2025-11-21 03:35:18,871] Trial 51 finished with value: 0.4943890777390689 and parameters: {'augment_factor': 1, 'chunk_seconds': 1, 'num_freqs': 18, 'num_estimators': 32, 'max_depth': 128, 'window_seconds': 9, 'num_subwindows': 7, 'subwindow_freq': 20, 'use_window_slope': True, 'use_subwindow_slope': True, 'use_smote': True, 'smote_k_neighbors': 6}. Best is trial 49 with value: 0.526510054214282.
[0.5311206  0.53077949 0.76193653 0.84159883 0.29162591 0.        ]
[I 2025-11-21 04:07:16,405] Trial 52 finished with value: 0.49284356012945163 and parameters: {'augment_factor': 1, 'chunk_seconds': 1, 'num_freqs': 17, 'num_estimators': 32, 'max_depth': 128, 'window_seconds': 8, 'num_subwindows': 20, 'subwindow_freq': 7, 'use_window_slope': True, 'use_subwindow_slope': True, 'use_smote': True, 'smote_k_neighbors': 2}. Best is trial 49 with value: 0.526510054214282.
[0.50251639 0.52282654 0.77639754 0.84485061 0.47856015 0.        ]
[I 2025-11-21 04:16:50,157] Trial 53 finished with value: 0.5208585363238005 and parameters: {'augment_factor': 1, 'chunk_seconds': 1, 'num_freqs': 14, 'num_estimators': 32, 'max_depth': 64, 'window_seconds': 9, 'num_subwindows': 4, 'subwindow_freq': 4, 'use_window_slope': True, 'use_subwindow_slope': True, 'use_smote': True, 'smote_k_neighbors': 9}. Best is trial 49 with value: 0.526510054214282.
[0.51674246 0.52987982 0.77182459 0.8520713  0.40920315 0.        ]
[I 2025-11-21 04:27:46,051] Trial 54 finished with value: 0.5132868871382791 and parameters: {'augment_factor': 1, 'chunk_seconds': 1, 'num_freqs': 13, 'num_estimators': 32, 'max_depth': 64, 'window_seconds': 9, 'num_subwindows': 5, 'subwindow_freq': 4, 'use_window_slope': True, 'use_subwindow_slope': True, 'use_smote': True, 'smote_k_neighbors': 10}. Best is trial 49 with value: 0.526510054214282.
[0.57925448 0.46527311 0.77311298 0.85322018 0.30887    0.        ]
[I 2025-11-21 04:35:29,867] Trial 55 finished with value: 0.49662179282292507 and parameters: {'augment_factor': 1, 'chunk_seconds': 2, 'num_freqs': 15, 'num_estimators': 32, 'max_depth': 64, 'window_seconds': 10, 'num_subwindows': 8, 'subwindow_freq': 5, 'use_window_slope': True, 'use_subwindow_slope': True, 'use_smote': True, 'smote_k_neighbors': 9}. Best is trial 49 with value: 0.526510054214282.
[0.60202758 0.41214452 0.77982442 0.86579844 0.33216923 0.        ]
[I 2025-11-21 04:37:53,885] Trial 56 finished with value: 0.4986606967384664 and parameters: {'augment_factor': 1, 'chunk_seconds': 3, 'num_freqs': 20, 'num_estimators': 32, 'max_depth': 64, 'window_seconds': 9, 'num_subwindows': 6, 'subwindow_freq': 1, 'use_window_slope': True, 'use_subwindow_slope': False, 'use_smote': True, 'smote_k_neighbors': 8}. Best is trial 49 with value: 0.526510054214282.
[0.56883886 0.50023808 0.76747667 0.85503894 0.28403505 0.        ]
[I 2025-11-21 04:42:53,444] Trial 57 finished with value: 0.49593793182288604 and parameters: {'augment_factor': 1, 'chunk_seconds': 2, 'num_freqs': 18, 'num_estimators': 32, 'max_depth': 128, 'window_seconds': 10, 'num_subwindows': 4, 'subwindow_freq': 4, 'use_window_slope': True, 'use_subwindow_slope': True, 'use_smote': True, 'smote_k_neighbors': 10}. Best is trial 49 with value: 0.526510054214282.
[0.44098223 0.24927522 0.72795714 0.82551457 0.274683   0.        ]
[I 2025-11-21 04:48:36,981] Trial 58 finished with value: 0.4197353588748532 and parameters: {'augment_factor': 8, 'chunk_seconds': 1, 'num_freqs': 14, 'num_estimators': 16, 'max_depth': 64, 'window_seconds': 3, 'num_subwindows': 2, 'subwindow_freq': 3, 'use_window_slope': True, 'use_subwindow_slope': True, 'use_smote': True, 'smote_k_neighbors': 9}. Best is trial 49 with value: 0.526510054214282.
[0.31309904 0.16265804 0.61640621 0.80912178 0.330692   0.        ]
[I 2025-11-21 04:53:52,917] Trial 59 finished with value: 0.37199617824298886 and parameters: {'augment_factor': 4, 'chunk_seconds': 1, 'num_freqs': 4, 'num_estimators': 8, 'max_depth': 4, 'window_seconds': 9, 'num_subwindows': 5, 'subwindow_freq': 2, 'use_window_slope': True, 'use_subwindow_slope': False, 'use_smote': False}. Best is trial 49 with value: 0.526510054214282.
[0.52629432 0.37285779 0.72418678 0.85541757 0.19228274 0.        ]
[I 2025-11-21 05:01:00,158] Trial 60 finished with value: 0.4451732014275563 and parameters: {'augment_factor': 1, 'chunk_seconds': 2, 'num_freqs': 2, 'num_estimators': 64, 'max_depth': 8, 'window_seconds': 10, 'num_subwindows': 7, 'subwindow_freq': 6, 'use_window_slope': True, 'use_subwindow_slope': True, 'use_smote': True, 'smote_k_neighbors': 8}. Best is trial 49 with value: 0.526510054214282.
[0.51697562 0.52759367 0.77365616 0.84848447 0.45450788 0.        ]
[I 2025-11-21 05:11:52,509] Trial 61 finished with value: 0.5202029666417393 and parameters: {'augment_factor': 1, 'chunk_seconds': 1, 'num_freqs': 10, 'num_estimators': 32, 'max_depth': 64, 'window_seconds': 9, 'num_subwindows': 5, 'subwindow_freq': 4, 'use_window_slope': True, 'use_subwindow_slope': True, 'use_smote': True, 'smote_k_neighbors': 10}. Best is trial 49 with value: 0.526510054214282.
[0.54150323 0.51472282 0.76893767 0.84651214 0.43620297 0.        ]
[I 2025-11-21 05:21:23,570] Trial 62 finished with value: 0.5179798064975926 and parameters: {'augment_factor': 1, 'chunk_seconds': 1, 'num_freqs': 10, 'num_estimators': 32, 'max_depth': 64, 'window_seconds': 9, 'num_subwindows': 4, 'subwindow_freq': 5, 'use_window_slope': True, 'use_subwindow_slope': True, 'use_smote': True, 'smote_k_neighbors': 10}. Best is trial 49 with value: 0.526510054214282.
[0.56906821 0.51967724 0.7670177  0.85278376 0.38492887 0.        ]
[I 2025-11-21 05:31:04,874] Trial 63 finished with value: 0.5155792963920849 and parameters: {'augment_factor': 1, 'chunk_seconds': 1, 'num_freqs': 10, 'num_estimators': 32, 'max_depth': 64, 'window_seconds': 10, 'num_subwindows': 4, 'subwindow_freq': 8, 'use_window_slope': True, 'use_subwindow_slope': True, 'use_smote': True, 'smote_k_neighbors': 9}. Best is trial 49 with value: 0.526510054214282.
[0.56033433 0.48778539 0.75603497 0.82340662 0.43364426 0.        ]
[I 2025-11-21 05:34:30,386] Trial 64 finished with value: 0.510200928384061 and parameters: {'augment_factor': 1, 'chunk_seconds': 2, 'num_freqs': 8, 'num_estimators': 32, 'max_depth': 64, 'window_seconds': 9, 'num_subwindows': 2, 'subwindow_freq': 4, 'use_window_slope': True, 'use_subwindow_slope': True, 'use_smote': True, 'smote_k_neighbors': 9}. Best is trial 49 with value: 0.526510054214282.
[0.56158204 0.50531366 0.76918838 0.85037205 0.36989733 0.        ]
[I 2025-11-21 05:40:14,835] Trial 65 finished with value: 0.5093922440535598 and parameters: {'augment_factor': 1, 'chunk_seconds': 1, 'num_freqs': 12, 'num_estimators': 32, 'max_depth': 32, 'window_seconds': 8, 'num_subwindows': 4, 'subwindow_freq': 5, 'use_window_slope': True, 'use_subwindow_slope': False, 'use_smote': True, 'smote_k_neighbors': 10}. Best is trial 49 with value: 0.526510054214282.
[0.53164581 0.49023356 0.76152522 0.84381023 0.24052142 0.        ]
[I 2025-11-21 05:46:29,493] Trial 66 finished with value: 0.4779560403059222 and parameters: {'augment_factor': 1, 'chunk_seconds': 2, 'num_freqs': 8, 'num_estimators': 32, 'max_depth': 64, 'window_seconds': 7, 'num_subwindows': 6, 'subwindow_freq': 5, 'use_window_slope': True, 'use_subwindow_slope': True, 'use_smote': True, 'smote_k_neighbors': 5}. Best is trial 49 with value: 0.526510054214282.
[0.51749636 0.48140938 0.76112684 0.8422932  0.40482222 0.        ]
[I 2025-11-21 05:55:53,972] Trial 67 finished with value: 0.5011913338697211 and parameters: {'augment_factor': 1, 'chunk_seconds': 1, 'num_freqs': 12, 'num_estimators': 32, 'max_depth': 256, 'window_seconds': 6, 'num_subwindows': 4, 'subwindow_freq': 6, 'use_window_slope': True, 'use_subwindow_slope': True, 'use_smote': True, 'smote_k_neighbors': 8}. Best is trial 49 with value: 0.526510054214282.
[0.62259693 0.36905947 0.7997104  0.89115445 0.08555429 0.        ]
[I 2025-11-21 05:58:11,022] Trial 68 finished with value: 0.461345921911777 and parameters: {'augment_factor': 1, 'chunk_seconds': 7, 'num_freqs': 15, 'num_estimators': 256, 'max_depth': 64, 'window_seconds': 9, 'num_subwindows': 5, 'subwindow_freq': 12, 'use_window_slope': True, 'use_subwindow_slope': False, 'use_smote': True, 'smote_k_neighbors': 6}. Best is trial 49 with value: 0.526510054214282.
[0.61273899 0.43009695 0.76482283 0.84907628 0.22168073 0.        ]
[I 2025-11-21 06:05:44,107] Trial 69 finished with value: 0.4797359638478648 and parameters: {'augment_factor': 1, 'chunk_seconds': 2, 'num_freqs': 7, 'num_estimators': 32, 'max_depth': 128, 'window_seconds': 10, 'num_subwindows': 8, 'subwindow_freq': 2, 'use_window_slope': True, 'use_subwindow_slope': True, 'use_smote': True, 'smote_k_neighbors': 8}. Best is trial 49 with value: 0.526510054214282.
[0.55968548 0.50019416 0.77066187 0.84591211 0.41269464 0.        ]
[I 2025-11-21 06:18:51,104] Trial 70 finished with value: 0.5148580457254485 and parameters: {'augment_factor': 1, 'chunk_seconds': 1, 'num_freqs': 10, 'num_estimators': 32, 'max_depth': 64, 'window_seconds': 10, 'num_subwindows': 7, 'subwindow_freq': 7, 'use_window_slope': False, 'use_subwindow_slope': True, 'use_smote': True, 'smote_k_neighbors': 4}. Best is trial 49 with value: 0.526510054214282.
[0.54734097 0.511853   0.75908599 0.8384604  0.2758438  0.        ]
[I 2025-11-21 06:30:23,586] Trial 71 finished with value: 0.48876402718678436 and parameters: {'augment_factor': 4, 'chunk_seconds': 1, 'num_freqs': 1, 'num_estimators': 64, 'max_depth': 64, 'window_seconds': 9, 'num_subwindows': 5, 'subwindow_freq': 3, 'use_window_slope': True, 'use_subwindow_slope': True, 'use_smote': True, 'smote_k_neighbors': 10}. Best is trial 49 with value: 0.526510054214282.
[0.54074341 0.51981476 0.77165719 0.84646799 0.45719427 0.        ]
[I 2025-11-21 06:48:08,175] Trial 72 finished with value: 0.5226462695384392 and parameters: {'augment_factor': 4, 'chunk_seconds': 1, 'num_freqs': 11, 'num_estimators': 64, 'max_depth': 64, 'window_seconds': 8, 'num_subwindows': 9, 'subwindow_freq': 4, 'use_window_slope': True, 'use_subwindow_slope': True, 'use_smote': True, 'smote_k_neighbors': 10}. Best is trial 49 with value: 0.526510054214282.
[0.50403981 0.52683852 0.7766532  0.85107845 0.45449693 0.        ]
[I 2025-11-21 07:05:53,379] Trial 73 finished with value: 0.5188511510012074 and parameters: {'augment_factor': 4, 'chunk_seconds': 1, 'num_freqs': 11, 'num_estimators': 64, 'max_depth': 64, 'window_seconds': 8, 'num_subwindows': 9, 'subwindow_freq': 4, 'use_window_slope': True, 'use_subwindow_slope': True, 'use_smote': True, 'smote_k_neighbors': 10}. Best is trial 49 with value: 0.526510054214282.
[0.48280868 0.48127925 0.7544397  0.83390069 0.35914369 0.        ]
[I 2025-11-21 07:21:37,491] Trial 74 finished with value: 0.48526200221878074 and parameters: {'augment_factor': 4, 'chunk_seconds': 1, 'num_freqs': 9, 'num_estimators': 16, 'max_depth': 64, 'window_seconds': 8, 'num_subwindows': 9, 'subwindow_freq': 4, 'use_window_slope': True, 'use_subwindow_slope': True, 'use_smote': True, 'smote_k_neighbors': 10}. Best is trial 49 with value: 0.526510054214282.
[0.55011902 0.51131256 0.78076442 0.85848331 0.36021653 0.        ]
[I 2025-11-21 07:30:21,018] Trial 75 finished with value: 0.510149308858396 and parameters: {'augment_factor': 8, 'chunk_seconds': 2, 'num_freqs': 11, 'num_estimators': 64, 'max_depth': 64, 'window_seconds': 8, 'num_subwindows': 8, 'subwindow_freq': 9, 'use_window_slope': True, 'use_subwindow_slope': True, 'use_smote': True, 'smote_k_neighbors': 10}. Best is trial 49 with value: 0.526510054214282.
[0.4825583  0.30197069 0.74901576 0.83892044 0.19998426 0.        ]
[I 2025-11-21 07:31:49,612] Trial 76 finished with value: 0.4287415760545175 and parameters: {'augment_factor': 4, 'chunk_seconds': 5, 'num_freqs': 13, 'num_estimators': 8, 'max_depth': 64, 'window_seconds': 7, 'num_subwindows': 6, 'subwindow_freq': 6, 'use_window_slope': True, 'use_subwindow_slope': False, 'use_smote': True, 'smote_k_neighbors': 9}. Best is trial 49 with value: 0.526510054214282.
[0.51148209 0.50520675 0.76279386 0.84144776 0.41331755 0.        ]
[I 2025-11-21 07:48:19,881] Trial 77 finished with value: 0.5057080011161462 and parameters: {'augment_factor': 4, 'chunk_seconds': 1, 'num_freqs': 10, 'num_estimators': 32, 'max_depth': 32, 'window_seconds': 7, 'num_subwindows': 9, 'subwindow_freq': 5, 'use_window_slope': True, 'use_subwindow_slope': True, 'use_smote': True, 'smote_k_neighbors': 9}. Best is trial 49 with value: 0.526510054214282.
[0.59402138 0.48192799 0.77948977 0.86490414 0.26903272 0.        ]
[I 2025-11-21 07:53:08,100] Trial 78 finished with value: 0.49822933292016264 and parameters: {'augment_factor': 1, 'chunk_seconds': 3, 'num_freqs': 12, 'num_estimators': 64, 'max_depth': 64, 'window_seconds': 8, 'num_subwindows': 6, 'subwindow_freq': 8, 'use_window_slope': True, 'use_subwindow_slope': True, 'use_smote': True, 'smote_k_neighbors': 10}. Best is trial 49 with value: 0.526510054214282.
[0.23858066 0.39511341 0.68653762 0.84398941 0.35156859 0.        ]
[I 2025-11-21 08:00:35,643] Trial 79 finished with value: 0.41929828192193236 and parameters: {'augment_factor': 4, 'chunk_seconds': 2, 'num_freqs': 19, 'num_estimators': 256, 'max_depth': 4, 'window_seconds': 9, 'num_subwindows': 8, 'subwindow_freq': 4, 'use_window_slope': True, 'use_subwindow_slope': True, 'use_smote': False}. Best is trial 49 with value: 0.526510054214282.
[0.61463517 0.50976344 0.78125752 0.85357393 0.44759037 0.        ]
[I 2025-11-21 08:09:31,982] Trial 80 finished with value: 0.5344700704007174 and parameters: {'augment_factor': 1, 'chunk_seconds': 1, 'num_freqs': 9, 'num_estimators': 64, 'max_depth': 64, 'window_seconds': 9, 'num_subwindows': 7, 'subwindow_freq': 7, 'use_window_slope': True, 'use_subwindow_slope': False, 'use_smote': True, 'smote_k_neighbors': 10}. Best is trial 80 with value: 0.5344700704007174.
[0.63174582 0.50290438 0.78692437 0.86121949 0.46319024 0.        ]
[I 2025-11-21 08:18:30,190] Trial 81 finished with value: 0.5409973847361759 and parameters: {'augment_factor': 1, 'chunk_seconds': 1, 'num_freqs': 9, 'num_estimators': 64, 'max_depth': 64, 'window_seconds': 9, 'num_subwindows': 7, 'subwindow_freq': 7, 'use_window_slope': True, 'use_subwindow_slope': False, 'use_smote': True, 'smote_k_neighbors': 10}. Best is trial 81 with value: 0.5409973847361759.
[0.57620169 0.47908227 0.78460367 0.85966098 0.45869741 0.        ]
[I 2025-11-21 08:29:12,938] Trial 82 finished with value: 0.5263743359925952 and parameters: {'augment_factor': 1, 'chunk_seconds': 1, 'num_freqs': 9, 'num_estimators': 64, 'max_depth': 64, 'window_seconds': 9, 'num_subwindows': 9, 'subwindow_freq': 10, 'use_window_slope': True, 'use_subwindow_slope': False, 'use_smote': True, 'smote_k_neighbors': 10}. Best is trial 81 with value: 0.5409973847361759.
[0.55745582 0.49058143 0.78328439 0.85591835 0.45990636 0.        ]
[I 2025-11-21 08:39:58,398] Trial 83 finished with value: 0.5245243939367398 and parameters: {'augment_factor': 1, 'chunk_seconds': 1, 'num_freqs': 9, 'num_estimators': 64, 'max_depth': 64, 'window_seconds': 8, 'num_subwindows': 9, 'subwindow_freq': 11, 'use_window_slope': True, 'use_subwindow_slope': False, 'use_smote': True, 'smote_k_neighbors': 10}. Best is trial 81 with value: 0.5409973847361759.
[0.52876712 0.5034642  0.78253246 0.85128661 0.45099303 0.        ]
[I 2025-11-21 08:51:22,743] Trial 84 finished with value: 0.5195072378193251 and parameters: {'augment_factor': 1, 'chunk_seconds': 1, 'num_freqs': 9, 'num_estimators': 64, 'max_depth': 64, 'window_seconds': 8, 'num_subwindows': 10, 'subwindow_freq': 11, 'use_window_slope': True, 'use_subwindow_slope': False, 'use_smote': True, 'smote_k_neighbors': 9}. Best is trial 81 with value: 0.5409973847361759.
[0.53029678 0.45283226 0.78149047 0.85997298 0.37791236 0.        ]
[I 2025-11-21 08:57:16,883] Trial 85 finished with value: 0.5004174757322343 and parameters: {'augment_factor': 1, 'chunk_seconds': 2, 'num_freqs': 8, 'num_estimators': 64, 'max_depth': 64, 'window_seconds': 9, 'num_subwindows': 11, 'subwindow_freq': 10, 'use_window_slope': True, 'use_subwindow_slope': False, 'use_smote': True, 'smote_k_neighbors': 10}. Best is trial 81 with value: 0.5409973847361759.
[0.51074711 0.29312885 0.7067491  0.87057232 0.32568928 0.        ]
[I 2025-11-21 09:05:10,379] Trial 86 finished with value: 0.4511477769170957 and parameters: {'augment_factor': 1, 'chunk_seconds': 1, 'num_freqs': 9, 'num_estimators': 64, 'max_depth': 8, 'window_seconds': 9, 'num_subwindows': 7, 'subwindow_freq': 13, 'use_window_slope': True, 'use_subwindow_slope': False, 'use_smote': True, 'smote_k_neighbors': 9}. Best is trial 81 with value: 0.5409973847361759.
[0.58787813 0.4882393  0.77427413 0.86099286 0.24175603 0.        ]
[I 2025-11-21 09:09:32,653] Trial 87 finished with value: 0.4921900750710275 and parameters: {'augment_factor': 1, 'chunk_seconds': 2, 'num_freqs': 8, 'num_estimators': 64, 'max_depth': 128, 'window_seconds': 9, 'num_subwindows': 8, 'subwindow_freq': 11, 'use_window_slope': False, 'use_subwindow_slope': False, 'use_smote': True, 'smote_k_neighbors': 10}. Best is trial 81 with value: 0.5409973847361759.
Skipping probe: too short (len=824, chunk_size=1000)
Skipping probe: too short (len=824, chunk_size=1000)
Skipping probe: too short (len=824, chunk_size=1000)
Skipping probe: too short (len=824, chunk_size=1000)
Skipping probe: too short (len=824, chunk_size=1000)
[0.53410722 0.12024884 0.77326882 0.85221296 0.05715994 0.        ]
[I 2025-11-21 09:10:51,729] Trial 88 finished with value: 0.3894996296809259 and parameters: {'augment_factor': 1, 'chunk_seconds': 10, 'num_freqs': 7, 'num_estimators': 64, 'max_depth': 256, 'window_seconds': 8, 'num_subwindows': 10, 'subwindow_freq': 12, 'use_window_slope': True, 'use_subwindow_slope': False, 'use_smote': True, 'smote_k_neighbors': 10}. Best is trial 81 with value: 0.5409973847361759.
[0.5926211  0.45591531 0.77970733 0.85555974 0.44275357 0.        ]
