[I 2025-11-21 09:19:13,135] Trial 89 finished with value: 0.5210928428351271 and parameters: {'augment_factor': 1, 'chunk_seconds': 1, 'num_freqs': 6, 'num_estimators': 64, 'max_depth': 64, 'window_seconds': 9, 'num_subwindows': 6, 'subwindow_freq': 9, 'use_window_slope': True, 'use_subwindow_slope': False, 'use_smote': True, 'smote_k_neighbors': 9}. Best is trial 81 with value: 0.5409973847361759.
[0.50727359 0.47816336 0.77447578 0.84842715 0.43500718 0.        ]
[I 2025-11-21 09:28:02,076] Trial 90 finished with value: 0.5072245103261265 and parameters: {'augment_factor': 1, 'chunk_seconds': 1, 'num_freqs': 7, 'num_estimators': 64, 'max_depth': 64, 'window_seconds': 6, 'num_subwindows': 7, 'subwindow_freq': 9, 'use_window_slope': True, 'use_subwindow_slope': False, 'use_smote': True, 'smote_k_neighbors': 9}. Best is trial 81 with value: 0.5409973847361759.
[0.64015217 0.47105609 0.78825119 0.85452611 0.46812788 0.        ]
[I 2025-11-21 09:36:45,115] Trial 91 finished with value: 0.5370189055886703 and parameters: {'augment_factor': 1, 'chunk_seconds': 1, 'num_freqs': 9, 'num_estimators': 64, 'max_depth': 64, 'window_seconds': 9, 'num_subwindows': 6, 'subwindow_freq': 10, 'use_window_slope': True, 'use_subwindow_slope': False, 'use_smote': True, 'smote_k_neighbors': 10}. Best is trial 81 with value: 0.5409973847361759.
[0.60732655 0.47871904 0.78490236 0.8539651  0.44142972 0.        ]
[I 2025-11-21 09:45:24,142] Trial 92 finished with value: 0.5277237942587757 and parameters: {'augment_factor': 1, 'chunk_seconds': 1, 'num_freqs': 6, 'num_estimators': 64, 'max_depth': 64, 'window_seconds': 9, 'num_subwindows': 6, 'subwindow_freq': 10, 'use_window_slope': True, 'use_subwindow_slope': False, 'use_smote': True, 'smote_k_neighbors': 10}. Best is trial 81 with value: 0.5409973847361759.
[0.58659331 0.46518035 0.78053095 0.85628178 0.43097095 0.        ]
[I 2025-11-21 09:54:04,309] Trial 93 finished with value: 0.5199262231071605 and parameters: {'augment_factor': 1, 'chunk_seconds': 1, 'num_freqs': 6, 'num_estimators': 64, 'max_depth': 64, 'window_seconds': 9, 'num_subwindows': 6, 'subwindow_freq': 10, 'use_window_slope': True, 'use_subwindow_slope': False, 'use_smote': True, 'smote_k_neighbors': 10}. Best is trial 81 with value: 0.5409973847361759.
[0.5684659  0.45842497 0.78355726 0.8572273  0.39279405 0.        ]
[I 2025-11-21 10:04:14,677] Trial 94 finished with value: 0.5100782458636713 and parameters: {'augment_factor': 1, 'chunk_seconds': 1, 'num_freqs': 6, 'num_estimators': 64, 'max_depth': 64, 'window_seconds': 9, 'num_subwindows': 9, 'subwindow_freq': 9, 'use_window_slope': True, 'use_subwindow_slope': False, 'use_smote': True, 'smote_k_neighbors': 10}. Best is trial 81 with value: 0.5409973847361759.
[0.62483561 0.52268182 0.78901734 0.85957022 0.47043552 0.        ]
[I 2025-11-21 10:13:15,903] Trial 95 finished with value: 0.5444234174053213 and parameters: {'augment_factor': 1, 'chunk_seconds': 1, 'num_freqs': 5, 'num_estimators': 64, 'max_depth': 64, 'window_seconds': 8, 'num_subwindows': 7, 'subwindow_freq': 10, 'use_window_slope': True, 'use_subwindow_slope': False, 'use_smote': True, 'smote_k_neighbors': 10}. Best is trial 95 with value: 0.5444234174053213.
[0.67098589 0.41156438 0.79692242 0.8697847  0.01735258 0.        ]
[I 2025-11-21 10:16:47,498] Trial 96 finished with value: 0.4611016609639158 and parameters: {'augment_factor': 1, 'chunk_seconds': 2, 'num_freqs': 5, 'num_estimators': 64, 'max_depth': 128, 'window_seconds': 7, 'num_subwindows': 7, 'subwindow_freq': 11, 'use_window_slope': True, 'use_subwindow_slope': False, 'use_smote': False}. Best is trial 95 with value: 0.5444234174053213.
[0.55983366 0.48107862 0.79442668 0.86527732 0.47634209 0.        ]
[I 2025-11-21 10:26:35,441] Trial 97 finished with value: 0.5294930617240265 and parameters: {'augment_factor': 1, 'chunk_seconds': 1, 'num_freqs': 9, 'num_estimators': 64, 'max_depth': 64, 'window_seconds': 8, 'num_subwindows': 8, 'subwindow_freq': 10, 'use_window_slope': True, 'use_subwindow_slope': False, 'use_smote': True, 'smote_k_neighbors': 5}. Best is trial 95 with value: 0.5444234174053213.
[0.59716499 0.44841202 0.78033777 0.86324406 0.28065471 0.        ]
[I 2025-11-21 10:31:31,281] Trial 98 finished with value: 0.4949689248855605 and parameters: {'augment_factor': 1, 'chunk_seconds': 2, 'num_freqs': 9, 'num_estimators': 64, 'max_depth': 64, 'window_seconds': 8, 'num_subwindows': 8, 'subwindow_freq': 10, 'use_window_slope': True, 'use_subwindow_slope': False, 'use_smote': True, 'smote_k_neighbors': 5}. Best is trial 95 with value: 0.5444234174053213.
[0.47749874 0.45137117 0.76784343 0.84561091 0.40068799 0.        ]
[I 2025-11-21 10:40:41,859] Trial 99 finished with value: 0.4905020386720653 and parameters: {'augment_factor': 1, 'chunk_seconds': 1, 'num_freqs': 8, 'num_estimators': 64, 'max_depth': 64, 'window_seconds': 5, 'num_subwindows': 7, 'subwindow_freq': 11, 'use_window_slope': True, 'use_subwindow_slope': False, 'use_smote': True, 'smote_k_neighbors': 5}. Best is trial 95 with value: 0.5444234174053213.
{'augment_factor': 1, 'chunk_seconds': 1, 'num_freqs': 5, 'num_estimators': 64, 'max_depth': 64, 'window_seconds': 8, 'num_subwindows': 7, 'subwindow_freq': 10, 'use_window_slope': True, 'use_subwindow_slope': False, 'use_smote': True, 'smote_k_neighbors': 10}
Job finished at: Fri Nov 21 10:40:43 EST 2025
