[I 2025-12-13 14:27:48,556] Trial 91 finished with value: 0.42275698539196754 and parameters: {'augment_factor': 2, 'chunk_seconds': 3, 'num_freqs': 2, 'num_estimators': 256, 'max_depth': 128, 'window_seconds': 2, 'num_subwindows': 9, 'subwindow_freq': 7, 'use_window_slope': False, 'use_subwindow_slope': True, 'use_smote': True, 'smote_k_neighbors': 6}. Best is trial 74 with value: 0.5307277818185733.
[0.56839325 0.47586346 0.78644287 0.85200904 0.46796772 0.        ]
[I 2025-12-13 14:42:01,651] Trial 92 finished with value: 0.5251127222187607 and parameters: {'augment_factor': 2, 'chunk_seconds': 2, 'num_freqs': 2, 'num_estimators': 256, 'max_depth': 128, 'window_seconds': 10, 'num_subwindows': 10, 'subwindow_freq': 9, 'use_window_slope': False, 'use_subwindow_slope': True, 'use_smote': True, 'smote_k_neighbors': 7}. Best is trial 74 with value: 0.5307277818185733.
[0.58463819 0.47688761 0.78458824 0.85354994 0.37198144 0.        ]
[I 2025-12-13 14:58:01,452] Trial 93 finished with value: 0.5119409038034659 and parameters: {'augment_factor': 2, 'chunk_seconds': 2, 'num_freqs': 2, 'num_estimators': 256, 'max_depth': 128, 'window_seconds': 10, 'num_subwindows': 12, 'subwindow_freq': 8, 'use_window_slope': False, 'use_subwindow_slope': True, 'use_smote': True, 'smote_k_neighbors': 8}. Best is trial 74 with value: 0.5307277818185733.
[0.55006419 0.53285178 0.78607772 0.85379445 0.4305157  0.        ]
[I 2025-12-13 15:10:17,215] Trial 94 finished with value: 0.5255506411918267 and parameters: {'augment_factor': 8, 'chunk_seconds': 2, 'num_freqs': 1, 'num_estimators': 256, 'max_depth': 128, 'window_seconds': 9, 'num_subwindows': 8, 'subwindow_freq': 9, 'use_window_slope': False, 'use_subwindow_slope': True, 'use_smote': True, 'smote_k_neighbors': 7}. Best is trial 74 with value: 0.5307277818185733.
[0.51699354 0.3811839  0.73919266 0.81820531 0.2539298  0.        ]
[I 2025-12-13 15:17:12,234] Trial 95 finished with value: 0.4515842031783072 and parameters: {'augment_factor': 8, 'chunk_seconds': 2, 'num_freqs': 1, 'num_estimators': 8, 'max_depth': 128, 'window_seconds': 10, 'num_subwindows': 8, 'subwindow_freq': 10, 'use_window_slope': False, 'use_subwindow_slope': True, 'use_smote': True, 'smote_k_neighbors': 7}. Best is trial 74 with value: 0.5307277818185733.
[0.55878424 0.51165743 0.78172689 0.85248952 0.39130777 0.        ]
[I 2025-12-13 15:27:44,085] Trial 96 finished with value: 0.5159943078451726 and parameters: {'augment_factor': 8, 'chunk_seconds': 2, 'num_freqs': 1, 'num_estimators': 256, 'max_depth': 64, 'window_seconds': 9, 'num_subwindows': 6, 'subwindow_freq': 9, 'use_window_slope': False, 'use_subwindow_slope': True, 'use_smote': True, 'smote_k_neighbors': 7}. Best is trial 74 with value: 0.5307277818185733.
[0.6000881  0.48626859 0.77752503 0.86106257 0.2458869  0.        ]
[I 2025-12-13 15:39:44,673] Trial 97 finished with value: 0.49513853101081223 and parameters: {'augment_factor': 8, 'chunk_seconds': 2, 'num_freqs': 1, 'num_estimators': 256, 'max_depth': 128, 'window_seconds': 10, 'num_subwindows': 7, 'subwindow_freq': 11, 'use_window_slope': False, 'use_subwindow_slope': True, 'use_smote': True, 'smote_k_neighbors': 8}. Best is trial 74 with value: 0.5307277818185733.
[0.47771711 0.44565332 0.75989103 0.84689803 0.12400594 0.        ]
[I 2025-12-13 15:44:33,079] Trial 98 finished with value: 0.4423609061400453 and parameters: {'augment_factor': 8, 'chunk_seconds': 3, 'num_freqs': 2, 'num_estimators': 16, 'max_depth': 128, 'window_seconds': 9, 'num_subwindows': 8, 'subwindow_freq': 10, 'use_window_slope': False, 'use_subwindow_slope': True, 'use_smote': True, 'smote_k_neighbors': 7}. Best is trial 74 with value: 0.5307277818185733.
[0.23854261 0.20698943 0.59709964 0.83782995 0.19731735 0.        ]
[I 2025-12-13 15:51:08,877] Trial 99 finished with value: 0.3462964986013241 and parameters: {'augment_factor': 2, 'chunk_seconds': 2, 'num_freqs': 2, 'num_estimators': 256, 'max_depth': 4, 'window_seconds': 8, 'num_subwindows': 6, 'subwindow_freq': 8, 'use_window_slope': False, 'use_subwindow_slope': True, 'use_smote': True, 'smote_k_neighbors': 7}. Best is trial 74 with value: 0.5307277818185733.
{'augment_factor': 2, 'chunk_seconds': 3, 'num_freqs': 3, 'num_estimators': 256, 'max_depth': 128, 'window_seconds': 10, 'num_subwindows': 7, 'subwindow_freq': 6, 'use_window_slope': False, 'use_subwindow_slope': True, 'use_smote': True, 'smote_k_neighbors': 6}
Job finished at: Sat Dec 13 15:51:10 EST 2025
