[I 2025-12-13 09:11:21,364] Trial 46 finished with value: 0.5154112810409762 and parameters: {'augment_factor': 4, 'chunk_seconds': 1, 'num_freqs': 1, 'num_estimators': 128, 'max_depth': 32, 'window_seconds': 8, 'num_subwindows': 2, 'subwindow_freq': 7, 'use_window_slope': False, 'use_subwindow_slope': True, 'use_smote': True, 'smote_k_neighbors': 8}. Best is trial 46 with value: 0.5154112810409762.
[0.50497863 0.38987297 0.7509729  0.84829827 0.20875399 0.        ]
[I 2025-12-13 09:15:04,402] Trial 47 finished with value: 0.4504794602202294 and parameters: {'augment_factor': 4, 'chunk_seconds': 2, 'num_freqs': 1, 'num_estimators': 16, 'max_depth': 64, 'window_seconds': 8, 'num_subwindows': 3, 'subwindow_freq': 20, 'use_window_slope': False, 'use_subwindow_slope': True, 'use_smote': True, 'smote_k_neighbors': 8}. Best is trial 46 with value: 0.5154112810409762.
[0.27573074 0.19629159 0.60998737 0.84822588 0.05397552 0.        ]
[I 2025-12-13 09:17:59,910] Trial 48 finished with value: 0.33070185153158427 and parameters: {'augment_factor': 4, 'chunk_seconds': 7, 'num_freqs': 5, 'num_estimators': 32, 'max_depth': 4, 'window_seconds': 9, 'num_subwindows': 12, 'subwindow_freq': 3, 'use_window_slope': False, 'use_subwindow_slope': True, 'use_smote': True, 'smote_k_neighbors': 8}. Best is trial 46 with value: 0.5154112810409762.
[0.57700594 0.46107919 0.75401444 0.80992739 0.49278438 0.        ]
[I 2025-12-13 09:25:18,362] Trial 49 finished with value: 0.5158018910104468 and parameters: {'augment_factor': 4, 'chunk_seconds': 1, 'num_freqs': 2, 'num_estimators': 128, 'max_depth': 128, 'window_seconds': 10, 'num_subwindows': 2, 'subwindow_freq': 5, 'use_window_slope': False, 'use_subwindow_slope': True, 'use_smote': True, 'smote_k_neighbors': 7}. Best is trial 49 with value: 0.5158018910104468.
[0.60256417 0.46180191 0.76151565 0.83233665 0.34213943 0.        ]
[I 2025-12-13 09:28:27,044] Trial 50 finished with value: 0.5000596357633235 and parameters: {'augment_factor': 4, 'chunk_seconds': 3, 'num_freqs': 2, 'num_estimators': 128, 'max_depth': 128, 'window_seconds': 10, 'num_subwindows': 3, 'subwindow_freq': 3, 'use_window_slope': False, 'use_subwindow_slope': True, 'use_smote': True, 'smote_k_neighbors': 8}. Best is trial 49 with value: 0.5158018910104468.
[0.56051577 0.48218836 0.74605945 0.81237106 0.40794325 0.        ]
[I 2025-12-13 09:37:30,853] Trial 51 finished with value: 0.5015129822038155 and parameters: {'augment_factor': 4, 'chunk_seconds': 1, 'num_freqs': 2, 'num_estimators': 128, 'max_depth': 128, 'window_seconds': 10, 'num_subwindows': 3, 'subwindow_freq': 3, 'use_window_slope': False, 'use_subwindow_slope': True, 'use_smote': True, 'smote_k_neighbors': 8}. Best is trial 49 with value: 0.5158018910104468.
[0.48580103 0.3343344  0.63072672 0.66645493 0.01017178 0.        ]
[I 2025-12-13 09:42:20,304] Trial 52 finished with value: 0.35458147506192234 and parameters: {'augment_factor': 4, 'chunk_seconds': 1, 'num_freqs': 2, 'num_estimators': 128, 'max_depth': 128, 'window_seconds': 10, 'num_subwindows': 1, 'subwindow_freq': 2, 'use_window_slope': False, 'use_subwindow_slope': True, 'use_smote': True, 'smote_k_neighbors': 8}. Best is trial 49 with value: 0.5158018910104468.
[0.53056232 0.44529392 0.76098054 0.82077568 0.47457661 0.        ]
[I 2025-12-13 09:46:58,179] Trial 53 finished with value: 0.5053648445826406 and parameters: {'augment_factor': 4, 'chunk_seconds': 2, 'num_freqs': 2, 'num_estimators': 128, 'max_depth': 128, 'window_seconds': 10, 'num_subwindows': 3, 'subwindow_freq': 3, 'use_window_slope': False, 'use_subwindow_slope': True, 'use_smote': True, 'smote_k_neighbors': 9}. Best is trial 49 with value: 0.5158018910104468.
[0.58553746 0.48300817 0.76828433 0.84661256 0.28478765 0.        ]
[I 2025-12-13 09:51:37,707] Trial 54 finished with value: 0.49470502691979884 and parameters: {'augment_factor': 4, 'chunk_seconds': 3, 'num_freqs': 2, 'num_estimators': 128, 'max_depth': 128, 'window_seconds': 10, 'num_subwindows': 6, 'subwindow_freq': 2, 'use_window_slope': False, 'use_subwindow_slope': True, 'use_smote': True, 'smote_k_neighbors': 9}. Best is trial 49 with value: 0.5158018910104468.
[0.55679318 0.41700653 0.74166912 0.80723733 0.411874   0.        ]
[I 2025-12-13 09:55:10,743] Trial 55 finished with value: 0.48909669375869286 and parameters: {'augment_factor': 4, 'chunk_seconds': 2, 'num_freqs': 3, 'num_estimators': 16, 'max_depth': 128, 'window_seconds': 10, 'num_subwindows': 3, 'subwindow_freq': 3, 'use_window_slope': False, 'use_subwindow_slope': True, 'use_smote': True, 'smote_k_neighbors': 9}. Best is trial 49 with value: 0.5158018910104468.
[0.54121709 0.47598168 0.77075683 0.85214646 0.32333631 0.        ]
[I 2025-12-13 09:58:55,095] Trial 56 finished with value: 0.49390639436971645 and parameters: {'augment_factor': 4, 'chunk_seconds': 3, 'num_freqs': 2, 'num_estimators': 128, 'max_depth': 128, 'window_seconds': 9, 'num_subwindows': 4, 'subwindow_freq': 4, 'use_window_slope': False, 'use_subwindow_slope': True, 'use_smote': True, 'smote_k_neighbors': 9}. Best is trial 49 with value: 0.5158018910104468.
[0.54808075 0.50969494 0.77822358 0.84129027 0.49390216 0.        ]
[I 2025-12-13 10:06:39,109] Trial 57 finished with value: 0.528531948872997 and parameters: {'augment_factor': 4, 'chunk_seconds': 2, 'num_freqs': 1, 'num_estimators': 256, 'max_depth': 128, 'window_seconds': 10, 'num_subwindows': 5, 'subwindow_freq': 3, 'use_window_slope': False, 'use_subwindow_slope': True, 'use_smote': True, 'smote_k_neighbors': 7}. Best is trial 57 with value: 0.528531948872997.
[0.51027939 0.50897267 0.773792   0.84509759 0.42456219 0.        ]
[I 2025-12-13 10:14:24,643] Trial 58 finished with value: 0.5104506404050866 and parameters: {'augment_factor': 2, 'chunk_seconds': 2, 'num_freqs': 1, 'num_estimators': 256, 'max_depth': 128, 'window_seconds': 9, 'num_subwindows': 5, 'subwindow_freq': 4, 'use_window_slope': False, 'use_subwindow_slope': True, 'use_smote': True, 'smote_k_neighbors': 7}. Best is trial 57 with value: 0.528531948872997.
[0.53983234 0.52801989 0.78560628 0.85055566 0.47299758 0.        ]
[I 2025-12-13 10:25:56,497] Trial 59 finished with value: 0.529501960426355 and parameters: {'augment_factor': 2, 'chunk_seconds': 2, 'num_freqs': 1, 'num_estimators': 256, 'max_depth': 128, 'window_seconds': 9, 'num_subwindows': 8, 'subwindow_freq': 7, 'use_window_slope': False, 'use_subwindow_slope': True, 'use_smote': True, 'smote_k_neighbors': 7}. Best is trial 59 with value: 0.529501960426355.
[0.63067829 0.47966093 0.79691092 0.86652019 0.37248598 0.        ]
[I 2025-12-13 10:31:30,464] Trial 60 finished with value: 0.5243760518573833 and parameters: {'augment_factor': 2, 'chunk_seconds': 4, 'num_freqs': 1, 'num_estimators': 256, 'max_depth': 128, 'window_seconds': 9, 'num_subwindows': 8, 'subwindow_freq': 5, 'use_window_slope': False, 'use_subwindow_slope': True, 'use_smote': True, 'smote_k_neighbors': 7}. Best is trial 59 with value: 0.529501960426355.
[0.64606668 0.47707502 0.78715308 0.8651997  0.24978794 0.        ]
[I 2025-12-13 10:37:04,753] Trial 61 finished with value: 0.5042137363526084 and parameters: {'augment_factor': 2, 'chunk_seconds': 4, 'num_freqs': 1, 'num_estimators': 256, 'max_depth': 128, 'window_seconds': 9, 'num_subwindows': 8, 'subwindow_freq': 5, 'use_window_slope': False, 'use_subwindow_slope': True, 'use_smote': True, 'smote_k_neighbors': 7}. Best is trial 59 with value: 0.529501960426355.
[0.52173994 0.53358267 0.78280519 0.84876871 0.45234209 0.        ]
[I 2025-12-13 10:49:27,921] Trial 62 finished with value: 0.5232064331623216 and parameters: {'augment_factor': 2, 'chunk_seconds': 2, 'num_freqs': 1, 'num_estimators': 256, 'max_depth': 128, 'window_seconds': 9, 'num_subwindows': 10, 'subwindow_freq': 4, 'use_window_slope': False, 'use_subwindow_slope': True, 'use_smote': True, 'smote_k_neighbors': 7}. Best is trial 59 with value: 0.529501960426355.
[0.53738651 0.38985293 0.7975244  0.85959181 0.37423981 0.        ]
[I 2025-12-13 10:53:56,570] Trial 63 finished with value: 0.49309924349148293 and parameters: {'augment_factor': 2, 'chunk_seconds': 6, 'num_freqs': 1, 'num_estimators': 256, 'max_depth': 128, 'window_seconds': 9, 'num_subwindows': 11, 'subwindow_freq': 4, 'use_window_slope': False, 'use_subwindow_slope': True, 'use_smote': True, 'smote_k_neighbors': 7}. Best is trial 59 with value: 0.529501960426355.
[0.50598056 0.53731457 0.78547534 0.84897142 0.36214264 0.        ]
[I 2025-12-13 11:06:18,187] Trial 64 finished with value: 0.5066474222837264 and parameters: {'augment_factor': 2, 'chunk_seconds': 2, 'num_freqs': 1, 'num_estimators': 256, 'max_depth': 128, 'window_seconds': 8, 'num_subwindows': 10, 'subwindow_freq': 4, 'use_window_slope': False, 'use_subwindow_slope': True, 'use_smote': True, 'smote_k_neighbors': 7}. Best is trial 59 with value: 0.529501960426355.
[0.62799084 0.41166069 0.76270114 0.85634727 0.06963663 0.        ]
[I 2025-12-13 11:10:18,894] Trial 65 finished with value: 0.4547227621617036 and parameters: {'augment_factor': 2, 'chunk_seconds': 5, 'num_freqs': 3, 'num_estimators': 256, 'max_depth': 128, 'window_seconds': 9, 'num_subwindows': 8, 'subwindow_freq': 2, 'use_window_slope': False, 'use_subwindow_slope': True, 'use_smote': True, 'smote_k_neighbors': 7}. Best is trial 59 with value: 0.529501960426355.
[0.50712741 0.42956445 0.75979332 0.84417557 0.08822423 0.        ]
[I 2025-12-13 11:15:33,694] Trial 66 finished with value: 0.4381474973644795 and parameters: {'augment_factor': 2, 'chunk_seconds': 4, 'num_freqs': 1, 'num_estimators': 256, 'max_depth': 128, 'window_seconds': 9, 'num_subwindows': 9, 'subwindow_freq': 1, 'use_window_slope': False, 'use_subwindow_slope': True, 'use_smote': True, 'smote_k_neighbors': 7}. Best is trial 59 with value: 0.529501960426355.
[0.4391308  0.38890248 0.70045462 0.85506226 0.06566731 0.        ]
[I 2025-12-13 11:24:03,931] Trial 67 finished with value: 0.4082029113999539 and parameters: {'augment_factor': 2, 'chunk_seconds': 2, 'num_freqs': 1, 'num_estimators': 256, 'max_depth': 8, 'window_seconds': 8, 'num_subwindows': 7, 'subwindow_freq': 7, 'use_window_slope': False, 'use_subwindow_slope': True, 'use_smote': True, 'smote_k_neighbors': 1}. Best is trial 59 with value: 0.529501960426355.
[0.50186124 0.50305024 0.79318345 0.85640899 0.47547929 0.        ]
[I 2025-12-13 11:36:13,285] Trial 68 finished with value: 0.5216638677759072 and parameters: {'augment_factor': 2, 'chunk_seconds': 2, 'num_freqs': 3, 'num_estimators': 256, 'max_depth': 128, 'window_seconds': 9, 'num_subwindows': 9, 'subwindow_freq': 5, 'use_window_slope': False, 'use_subwindow_slope': True, 'use_smote': True, 'smote_k_neighbors': 6}. Best is trial 59 with value: 0.529501960426355.
[0.65570445 0.42496219 0.77608305 0.86463818 0.09485232 0.        ]
[I 2025-12-13 11:42:06,709] Trial 69 finished with value: 0.46937336482454173 and parameters: {'augment_factor': 2, 'chunk_seconds': 4, 'num_freqs': 3, 'num_estimators': 256, 'max_depth': 256, 'window_seconds': 10, 'num_subwindows': 9, 'subwindow_freq': 5, 'use_window_slope': False, 'use_subwindow_slope': True, 'use_smote': True, 'smote_k_neighbors': 6}. Best is trial 59 with value: 0.529501960426355.
Skipping probe: too short (len=824, chunk_size=1000)
Skipping probe: too short (len=824, chunk_size=1000)
Skipping probe: too short (len=824, chunk_size=1000)
Skipping probe: too short (len=824, chunk_size=1000)
Skipping probe: too short (len=824, chunk_size=1000)
[0.58620581 0.11882834 0.76705826 0.84492864 0.07333274 0.        ]
[I 2025-12-13 11:44:56,014] Trial 70 finished with value: 0.39839229731308157 and parameters: {'augment_factor': 2, 'chunk_seconds': 10, 'num_freqs': 6, 'num_estimators': 256, 'max_depth': 128, 'window_seconds': 8, 'num_subwindows': 11, 'subwindow_freq': 6, 'use_window_slope': False, 'use_subwindow_slope': True, 'use_smote': True, 'smote_k_neighbors': 6}. Best is trial 59 with value: 0.529501960426355.
[0.53408091 0.53341796 0.77929336 0.85054868 0.45330383 0.        ]
[I 2025-12-13 11:55:01,765] Trial 71 finished with value: 0.5251074553691731 and parameters: {'augment_factor': 2, 'chunk_seconds': 2, 'num_freqs': 2, 'num_estimators': 256, 'max_depth': 128, 'window_seconds': 9, 'num_subwindows': 7, 'subwindow_freq': 4, 'use_window_slope': False, 'use_subwindow_slope': True, 'use_smote': True, 'smote_k_neighbors': 7}. Best is trial 59 with value: 0.529501960426355.
[0.52990232 0.53713009 0.77869741 0.85297436 0.26452055 0.        ]
[I 2025-12-13 12:06:22,534] Trial 72 finished with value: 0.4938707889079141 and parameters: {'augment_factor': 2, 'chunk_seconds': 2, 'num_freqs': 2, 'num_estimators': 256, 'max_depth': 128, 'window_seconds': 9, 'num_subwindows': 8, 'subwindow_freq': 5, 'use_window_slope': False, 'use_subwindow_slope': True, 'use_smote': True, 'smote_k_neighbors': 8}. Best is trial 59 with value: 0.529501960426355.
[0.63026587 0.48225494 0.79629578 0.87043157 0.33360697 0.        ]
[I 2025-12-13 12:15:27,248] Trial 73 finished with value: 0.5188091860104643 and parameters: {'augment_factor': 2, 'chunk_seconds': 3, 'num_freqs': 3, 'num_estimators': 256, 'max_depth': 128, 'window_seconds': 10, 'num_subwindows': 10, 'subwindow_freq': 7, 'use_window_slope': False, 'use_subwindow_slope': True, 'use_smote': True, 'smote_k_neighbors': 6}. Best is trial 59 with value: 0.529501960426355.
[0.6713371  0.47596126 0.79027913 0.86070977 0.38607943 0.        ]
[I 2025-12-13 12:22:18,562] Trial 74 finished with value: 0.5307277818185733 and parameters: {'augment_factor': 2, 'chunk_seconds': 3, 'num_freqs': 3, 'num_estimators': 256, 'max_depth': 128, 'window_seconds': 10, 'num_subwindows': 7, 'subwindow_freq': 6, 'use_window_slope': False, 'use_subwindow_slope': True, 'use_smote': True, 'smote_k_neighbors': 6}. Best is trial 74 with value: 0.5307277818185733.
[0.67890334 0.49857151 0.79283193 0.87334747 0.23736183 0.        ]
[I 2025-12-13 12:31:01,060] Trial 75 finished with value: 0.5135026799241067 and parameters: {'augment_factor': 2, 'chunk_seconds': 3, 'num_freqs': 5, 'num_estimators': 256, 'max_depth': 128, 'window_seconds': 10, 'num_subwindows': 10, 'subwindow_freq': 6, 'use_window_slope': False, 'use_subwindow_slope': True, 'use_smote': True, 'smote_k_neighbors': 5}. Best is trial 74 with value: 0.5307277818185733.
[0.59385978 0.48927671 0.78883446 0.85933081 0.34926353 0.        ]
[I 2025-12-13 12:38:14,279] Trial 76 finished with value: 0.5134275487554423 and parameters: {'augment_factor': 2, 'chunk_seconds': 3, 'num_freqs': 4, 'num_estimators': 256, 'max_depth': 128, 'window_seconds': 9, 'num_subwindows': 7, 'subwindow_freq': 8, 'use_window_slope': False, 'use_subwindow_slope': True, 'use_smote': True, 'smote_k_neighbors': 6}. Best is trial 74 with value: 0.5307277818185733.
[0.59111076 0.47814073 0.79372696 0.86094052 0.37258657 0.        ]
[I 2025-12-13 12:46:31,258] Trial 77 finished with value: 0.5160842569510685 and parameters: {'augment_factor': 2, 'chunk_seconds': 3, 'num_freqs': 3, 'num_estimators': 256, 'max_depth': 64, 'window_seconds': 10, 'num_subwindows': 9, 'subwindow_freq': 6, 'use_window_slope': False, 'use_subwindow_slope': True, 'use_smote': True, 'smote_k_neighbors': 6}. Best is trial 74 with value: 0.5307277818185733.
[0.63624525 0.41069525 0.77377461 0.86538727 0.08152272 0.        ]
[I 2025-12-13 12:55:13,085] Trial 78 finished with value: 0.4612708503854184 and parameters: {'augment_factor': 2, 'chunk_seconds': 4, 'num_freqs': 6, 'num_estimators': 256, 'max_depth': 128, 'window_seconds': 10, 'num_subwindows': 13, 'subwindow_freq': 10, 'use_window_slope': False, 'use_subwindow_slope': True, 'use_smote': True, 'smote_k_neighbors': 6}. Best is trial 74 with value: 0.5307277818185733.
[0.59470014 0.46946544 0.7838767  0.8582657  0.27895016 0.        ]
[I 2025-12-13 13:02:21,913] Trial 79 finished with value: 0.49754302411497203 and parameters: {'augment_factor': 2, 'chunk_seconds': 3, 'num_freqs': 3, 'num_estimators': 256, 'max_depth': 128, 'window_seconds': 9, 'num_subwindows': 7, 'subwindow_freq': 7, 'use_window_slope': False, 'use_subwindow_slope': True, 'use_smote': True, 'smote_k_neighbors': 5}. Best is trial 74 with value: 0.5307277818185733.
[0.44107593 0.41766662 0.73953193 0.81837903 0.21214966 0.        ]
[I 2025-12-13 13:07:49,668] Trial 80 finished with value: 0.4381338607997122 and parameters: {'augment_factor': 2, 'chunk_seconds': 2, 'num_freqs': 4, 'num_estimators': 8, 'max_depth': 128, 'window_seconds': 9, 'num_subwindows': 6, 'subwindow_freq': 4, 'use_window_slope': False, 'use_subwindow_slope': True, 'use_smote': True, 'smote_k_neighbors': 6}. Best is trial 74 with value: 0.5307277818185733.
[0.59568185 0.47738765 0.79577074 0.86081073 0.40953815 0.        ]
[I 2025-12-13 13:16:10,208] Trial 81 finished with value: 0.5231981860339298 and parameters: {'augment_factor': 2, 'chunk_seconds': 3, 'num_freqs': 3, 'num_estimators': 256, 'max_depth': 64, 'window_seconds': 10, 'num_subwindows': 9, 'subwindow_freq': 6, 'use_window_slope': False, 'use_subwindow_slope': True, 'use_smote': True, 'smote_k_neighbors': 6}. Best is trial 74 with value: 0.5307277818185733.
[0.64489796 0.45699959 0.77916877 0.86395121 0.15483027 0.        ]
[I 2025-12-13 13:21:43,473] Trial 82 finished with value: 0.483307967554492 and parameters: {'augment_factor': 2, 'chunk_seconds': 4, 'num_freqs': 3, 'num_estimators': 256, 'max_depth': 64, 'window_seconds': 10, 'num_subwindows': 8, 'subwindow_freq': 5, 'use_window_slope': False, 'use_subwindow_slope': True, 'use_smote': True, 'smote_k_neighbors': 4}. Best is trial 74 with value: 0.5307277818185733.
[0.65456748 0.48281667 0.78757287 0.86859825 0.11662782 0.        ]
[I 2025-12-13 13:30:54,723] Trial 83 finished with value: 0.4850305158563119 and parameters: {'augment_factor': 2, 'chunk_seconds': 3, 'num_freqs': 5, 'num_estimators': 256, 'max_depth': 64, 'window_seconds': 10, 'num_subwindows': 10, 'subwindow_freq': 8, 'use_window_slope': False, 'use_subwindow_slope': True, 'use_smote': True, 'smote_k_neighbors': 6}. Best is trial 74 with value: 0.5307277818185733.
[0.57355415 0.358776   0.79652119 0.86810289 0.31254699 0.        ]
[I 2025-12-13 13:36:11,915] Trial 84 finished with value: 0.48491687093434654 and parameters: {'augment_factor': 8, 'chunk_seconds': 5, 'num_freqs': 2, 'num_estimators': 256, 'max_depth': 64, 'window_seconds': 10, 'num_subwindows': 11, 'subwindow_freq': 4, 'use_window_slope': False, 'use_subwindow_slope': True, 'use_smote': True, 'smote_k_neighbors': 5}. Best is trial 74 with value: 0.5307277818185733.
[0.43945182 0.36991163 0.72437345 0.8627036  0.28323939 0.        ]
[I 2025-12-13 13:46:20,061] Trial 85 finished with value: 0.4466133147016052 and parameters: {'augment_factor': 2, 'chunk_seconds': 2, 'num_freqs': 4, 'num_estimators': 256, 'max_depth': 8, 'window_seconds': 9, 'num_subwindows': 9, 'subwindow_freq': 6, 'use_window_slope': False, 'use_subwindow_slope': True, 'use_smote': True, 'smote_k_neighbors': 7}. Best is trial 74 with value: 0.5307277818185733.
[0.23054554 0.19458708 0.61291256 0.85012489 0.13051465 0.        ]
[I 2025-12-13 13:51:45,799] Trial 86 finished with value: 0.3364474536080568 and parameters: {'augment_factor': 2, 'chunk_seconds': 3, 'num_freqs': 3, 'num_estimators': 256, 'max_depth': 4, 'window_seconds': 8, 'num_subwindows': 8, 'subwindow_freq': 7, 'use_window_slope': False, 'use_subwindow_slope': True, 'use_smote': True, 'smote_k_neighbors': 6}. Best is trial 74 with value: 0.5307277818185733.
[0.57045189 0.50783465 0.78290899 0.85276953 0.43257095 0.        ]
[I 2025-12-13 14:02:11,266] Trial 87 finished with value: 0.5244226684271128 and parameters: {'augment_factor': 2, 'chunk_seconds': 2, 'num_freqs': 1, 'num_estimators': 256, 'max_depth': 128, 'window_seconds': 9, 'num_subwindows': 6, 'subwindow_freq': 9, 'use_window_slope': False, 'use_subwindow_slope': True, 'use_smote': True, 'smote_k_neighbors': 7}. Best is trial 74 with value: 0.5307277818185733.
[0.55391686 0.48828489 0.77518734 0.84538296 0.38193951 0.        ]
[I 2025-12-13 14:08:11,123] Trial 88 finished with value: 0.5074519280151734 and parameters: {'augment_factor': 2, 'chunk_seconds': 2, 'num_freqs': 1, 'num_estimators': 32, 'max_depth': 128, 'window_seconds': 9, 'num_subwindows': 6, 'subwindow_freq': 9, 'use_window_slope': False, 'use_subwindow_slope': True, 'use_smote': True, 'smote_k_neighbors': 7}. Best is trial 74 with value: 0.5307277818185733.
[0.59432834 0.51781157 0.78091113 0.86013475 0.34643712 0.        ]
[I 2025-12-13 14:17:36,664] Trial 89 finished with value: 0.5166038183678173 and parameters: {'augment_factor': 2, 'chunk_seconds': 2, 'num_freqs': 2, 'num_estimators': 256, 'max_depth': 256, 'window_seconds': 9, 'num_subwindows': 5, 'subwindow_freq': 11, 'use_window_slope': False, 'use_subwindow_slope': True, 'use_smote': True, 'smote_k_neighbors': 7}. Best is trial 74 with value: 0.5307277818185733.
Skipping probe: too short (len=824, chunk_size=900)
Skipping probe: too short (len=824, chunk_size=900)
Skipping probe: too short (len=824, chunk_size=900)
Skipping probe: too short (len=824, chunk_size=900)
Skipping probe: too short (len=824, chunk_size=900)
[0.55535324 0.18419194 0.75929284 0.83452902 0.15986912 0.        ]
[I 2025-12-13 14:19:47,038] Trial 90 finished with value: 0.41553935969920613 and parameters: {'augment_factor': 2, 'chunk_seconds': 9, 'num_freqs': 1, 'num_estimators': 256, 'max_depth': 128, 'window_seconds': 8, 'num_subwindows': 7, 'subwindow_freq': 3, 'use_window_slope': False, 'use_subwindow_slope': True, 'use_smote': True, 'smote_k_neighbors': 7}. Best is trial 74 with value: 0.5307277818185733.
[0.46084497 0.29901481 0.7475982  0.83020769 0.19887624 0.        ]
