uv version: uv 0.9.5
Running on host: gpu04.cluster
Job started at: Wed Apr  1 09:47:31 EDT 2026
Running job ID: 745843
Loading Data...
Skipping probe: too short (len=443, chunk_size=675)
Skipping probe: too short (len=542, chunk_size=675)
Skipping probe: too short (len=606, chunk_size=675)
Skipping probe: too short (len=466, chunk_size=675)
[0.02795331 0.05235554 0.76304681 0.77445934 0.         0.        ]
[I 2026-04-01 09:55:26,709] Trial 0 finished with value: 0.269635834643611 and parameters: {'augment_factor': 4, 'window_seconds': 16, 'chunk_seconds': 6.75, 'num_freqs': 28, 'num_estimators': 64, 'max_depth': 16, 'num_subwindows': 2, 'subwindow_freq': 26, 'use_window_slope': True, 'use_subwindow_slope': True, 'use_smote': True, 'smote_k_neighbors': 6}. Best is trial 0 with value: 0.269635834643611.
Skipping probe: too short (len=708, chunk_size=1150)
Skipping probe: too short (len=870, chunk_size=1150)
Skipping probe: too short (len=1063, chunk_size=1150)
Skipping probe: too short (len=913, chunk_size=1150)
Skipping probe: too short (len=824, chunk_size=1150)
[0.         0.         0.67575908 0.49331936 0.         0.        ]
[I 2026-04-01 10:08:39,470] Trial 1 finished with value: 0.19484640699663566 and parameters: {'augment_factor': 3, 'window_seconds': 14, 'chunk_seconds': 11.5, 'num_freqs': 25, 'num_estimators': 512, 'max_depth': 128, 'num_subwindows': 18, 'subwindow_freq': 29, 'use_window_slope': True, 'use_subwindow_slope': True, 'use_smote': False}. Best is trial 0 with value: 0.269635834643611.
Skipping probe: too short (len=1405, chunk_size=2450)
Skipping probe: too short (len=2254, chunk_size=2450)
Skipping probe: too short (len=462, chunk_size=2450)
Skipping probe: too short (len=1652, chunk_size=2450)
Skipping probe: too short (len=1675, chunk_size=2450)
Skipping probe: too short (len=1304, chunk_size=2450)
Skipping probe: too short (len=1498, chunk_size=2450)
Skipping probe: too short (len=1212, chunk_size=2450)
Skipping probe: too short (len=1022, chunk_size=2450)
Skipping probe: too short (len=1672, chunk_size=2450)
Skipping probe: too short (len=2169, chunk_size=2450)
Skipping probe: too short (len=2274, chunk_size=2450)
Skipping probe: too short (len=1828, chunk_size=2450)
Skipping probe: too short (len=637, chunk_size=2450)
Skipping probe: too short (len=1088, chunk_size=2450)
Skipping probe: too short (len=1002, chunk_size=2450)
Skipping probe: too short (len=819, chunk_size=2450)
Skipping probe: too short (len=1174, chunk_size=2450)
Skipping probe: too short (len=715, chunk_size=2450)
Skipping probe: too short (len=1224, chunk_size=2450)
Skipping probe: too short (len=2387, chunk_size=2450)
Skipping probe: too short (len=1247, chunk_size=2450)
Skipping probe: too short (len=573, chunk_size=2450)
Skipping probe: too short (len=364, chunk_size=2450)
Skipping probe: too short (len=2170, chunk_size=2450)
Skipping probe: too short (len=1865, chunk_size=2450)
Skipping probe: too short (len=1011, chunk_size=2450)
Skipping probe: too short (len=761, chunk_size=2450)
Skipping probe: too short (len=620, chunk_size=2450)
Skipping probe: too short (len=1791, chunk_size=2450)
Skipping probe: too short (len=1319, chunk_size=2450)
Skipping probe: too short (len=726, chunk_size=2450)
Skipping probe: too short (len=1110, chunk_size=2450)
Skipping probe: too short (len=799, chunk_size=2450)
Skipping probe: too short (len=1521, chunk_size=2450)
Skipping probe: too short (len=1022, chunk_size=2450)
Skipping probe: too short (len=839, chunk_size=2450)
Skipping probe: too short (len=824, chunk_size=2450)
[0.         0.         0.64689525 0.3417333  0.         0.        ]
[I 2026-04-01 10:21:13,532] Trial 2 finished with value: 0.16477142655484897 and parameters: {'augment_factor': 6, 'window_seconds': 29, 'chunk_seconds': 24.5, 'num_freqs': 7, 'num_estimators': 64, 'max_depth': 256, 'num_subwindows': 21, 'subwindow_freq': 15, 'use_window_slope': True, 'use_subwindow_slope': True, 'use_smote': True, 'smote_k_neighbors': 15}. Best is trial 0 with value: 0.269635834643611.
Skipping probe: too short (len=660, chunk_size=975)
Skipping probe: too short (len=911, chunk_size=975)
Skipping probe: too short (len=743, chunk_size=975)
Skipping probe: too short (len=930, chunk_size=975)
Skipping probe: too short (len=923, chunk_size=975)
Skipping probe: too short (len=288, chunk_size=975)
Skipping probe: too short (len=672, chunk_size=975)
Skipping probe: too short (len=298, chunk_size=975)
Skipping probe: too short (len=604, chunk_size=975)
Skipping probe: too short (len=817, chunk_size=975)
Skipping probe: too short (len=736, chunk_size=975)
Skipping probe: too short (len=688, chunk_size=975)
Skipping probe: too short (len=611, chunk_size=975)
Skipping probe: too short (len=544, chunk_size=975)
Skipping probe: too short (len=735, chunk_size=975)
Skipping probe: too short (len=753, chunk_size=975)
Skipping probe: too short (len=578, chunk_size=975)
Skipping probe: too short (len=686, chunk_size=975)
Skipping probe: too short (len=458, chunk_size=975)
Skipping probe: too short (len=778, chunk_size=975)
Skipping probe: too short (len=610, chunk_size=975)
Skipping probe: too short (len=773, chunk_size=975)
Skipping probe: too short (len=769, chunk_size=975)
Skipping probe: too short (len=773, chunk_size=975)
Skipping probe: too short (len=953, chunk_size=975)
Skipping probe: too short (len=405, chunk_size=975)
Skipping probe: too short (len=679, chunk_size=975)
Skipping probe: too short (len=777, chunk_size=975)
Skipping probe: too short (len=887, chunk_size=975)
Skipping probe: too short (len=719, chunk_size=975)
Skipping probe: too short (len=702, chunk_size=975)
Skipping probe: too short (len=764, chunk_size=975)
Skipping probe: too short (len=876, chunk_size=975)
Skipping probe: too short (len=862, chunk_size=975)
Skipping probe: too short (len=647, chunk_size=975)
Skipping probe: too short (len=885, chunk_size=975)
Skipping probe: too short (len=883, chunk_size=975)
Skipping probe: too short (len=532, chunk_size=975)
Skipping probe: too short (len=633, chunk_size=975)
Skipping probe: too short (len=95, chunk_size=975)
Skipping probe: too short (len=851, chunk_size=975)
Skipping probe: too short (len=631, chunk_size=975)
Skipping probe: too short (len=891, chunk_size=975)
Skipping probe: too short (len=668, chunk_size=975)
Skipping probe: too short (len=726, chunk_size=975)
Skipping probe: too short (len=488, chunk_size=975)
Skipping probe: too short (len=852, chunk_size=975)
Skipping probe: too short (len=827, chunk_size=975)
Skipping probe: too short (len=766, chunk_size=975)
Skipping probe: too short (len=504, chunk_size=975)
Skipping probe: too short (len=469, chunk_size=975)
Skipping probe: too short (len=461, chunk_size=975)
Skipping probe: too short (len=502, chunk_size=975)
Skipping probe: too short (len=878, chunk_size=975)
Skipping probe: too short (len=683, chunk_size=975)
Skipping probe: too short (len=749, chunk_size=975)
Skipping probe: too short (len=842, chunk_size=975)
Skipping probe: too short (len=624, chunk_size=975)
Skipping probe: too short (len=875, chunk_size=975)
Skipping probe: too short (len=604, chunk_size=975)
Skipping probe: too short (len=604, chunk_size=975)
Skipping probe: too short (len=963, chunk_size=975)
Skipping probe: too short (len=813, chunk_size=975)
Skipping probe: too short (len=910, chunk_size=975)
Skipping probe: too short (len=795, chunk_size=975)
Skipping probe: too short (len=547, chunk_size=975)
Skipping probe: too short (len=660, chunk_size=975)
Skipping probe: too short (len=863, chunk_size=975)
Skipping probe: too short (len=470, chunk_size=975)
Skipping probe: too short (len=940, chunk_size=975)
Skipping probe: too short (len=683, chunk_size=975)
Skipping probe: too short (len=460, chunk_size=975)
Skipping probe: too short (len=551, chunk_size=975)
Skipping probe: too short (len=711, chunk_size=975)
Skipping probe: too short (len=906, chunk_size=975)
Skipping probe: too short (len=592, chunk_size=975)
Skipping probe: too short (len=765, chunk_size=975)
Skipping probe: too short (len=418, chunk_size=975)
Skipping probe: too short (len=721, chunk_size=975)
Skipping probe: too short (len=898, chunk_size=975)
Skipping probe: too short (len=432, chunk_size=975)
Skipping probe: too short (len=786, chunk_size=975)
Skipping probe: too short (len=956, chunk_size=975)
Skipping probe: too short (len=500, chunk_size=975)
Skipping probe: too short (len=482, chunk_size=975)
Skipping probe: too short (len=922, chunk_size=975)
Skipping probe: too short (len=840, chunk_size=975)
Skipping probe: too short (len=818, chunk_size=975)
Skipping probe: too short (len=824, chunk_size=975)
[0.04833086 0.08790032 0.63127936 0.40737024 0.         0.        ]
[I 2026-04-02 04:05:07,775] Trial 3 finished with value: 0.19581346475734998 and parameters: {'augment_factor': 64, 'window_seconds': 15, 'chunk_seconds': 9.75, 'num_freqs': 9, 'num_estimators': 512, 'max_depth': 64, 'num_subwindows': 22, 'subwindow_freq': 15, 'use_window_slope': True, 'use_subwindow_slope': True, 'use_smote': True, 'smote_k_neighbors': 12}. Best is trial 0 with value: 0.269635834643611.
Skipping probe: too short (len=157, chunk_size=190)
[0.04852251 0.03872341 0.53733459 0.41448459 0.04254819 0.        ]
[I 2026-04-02 22:21:02,598] Trial 4 finished with value: 0.18026888153611628 and parameters: {'augment_factor': 64, 'window_seconds': 3, 'chunk_seconds': 1.9000000000000001, 'num_freqs': 17, 'num_estimators': 64, 'max_depth': 8, 'num_subwindows': 19, 'subwindow_freq': 7, 'use_window_slope': False, 'use_subwindow_slope': True, 'use_smote': True, 'smote_k_neighbors': 30}. Best is trial 0 with value: 0.269635834643611.
Skipping probe: too short (len=614, chunk_size=720)
Skipping probe: too short (len=597, chunk_size=720)
Skipping probe: too short (len=229, chunk_size=720)
Skipping probe: too short (len=476, chunk_size=720)
Skipping probe: too short (len=696, chunk_size=720)
Skipping probe: too short (len=513, chunk_size=720)
Skipping probe: too short (len=662, chunk_size=720)
[0.03637984 0.01475963 0.64815531 0.31438115 0.         0.        ]
[I 2026-04-02 22:44:10,283] Trial 5 finished with value: 0.168945987486537 and parameters: {'augment_factor': 12, 'window_seconds': 9, 'chunk_seconds': 7.2, 'num_freqs': 16, 'num_estimators': 64, 'max_depth': 512, 'num_subwindows': 18, 'subwindow_freq': 3, 'use_window_slope': True, 'use_subwindow_slope': False, 'use_smote': False}. Best is trial 0 with value: 0.269635834643611.
Skipping probe: too short (len=447, chunk_size=990)
Skipping probe: too short (len=909, chunk_size=990)
Skipping probe: too short (len=620, chunk_size=990)
Skipping probe: too short (len=753, chunk_size=990)
Skipping probe: too short (len=431, chunk_size=990)
Skipping probe: too short (len=676, chunk_size=990)
Skipping probe: too short (len=690, chunk_size=990)
Skipping probe: too short (len=672, chunk_size=990)
Skipping probe: too short (len=824, chunk_size=990)
[0.         0.         0.70440721 0.59754042 0.         0.        ]
