[I 2026-04-02 22:51:07,542] Trial 6 finished with value: 0.2169912712526668 and parameters: {'augment_factor': 6, 'window_seconds': 14, 'chunk_seconds': 9.9, 'num_freqs': 19, 'num_estimators': 128, 'max_depth': 64, 'num_subwindows': 8, 'subwindow_freq': 7, 'use_window_slope': True, 'use_subwindow_slope': False, 'use_smote': False}. Best is trial 0 with value: 0.269635834643611.
Skipping probe: too short (len=1182, chunk_size=2450)
Skipping probe: too short (len=1637, chunk_size=2450)
Skipping probe: too short (len=2034, chunk_size=2450)
Skipping probe: too short (len=1093, chunk_size=2450)
Skipping probe: too short (len=852, chunk_size=2450)
Skipping probe: too short (len=2111, chunk_size=2450)
Skipping probe: too short (len=1624, chunk_size=2450)
Skipping probe: too short (len=1587, chunk_size=2450)
Skipping probe: too short (len=1457, chunk_size=2450)
Skipping probe: too short (len=1977, chunk_size=2450)
Skipping probe: too short (len=2415, chunk_size=2450)
Skipping probe: too short (len=1199, chunk_size=2450)
Skipping probe: too short (len=773, chunk_size=2450)
Skipping probe: too short (len=1453, chunk_size=2450)
Skipping probe: too short (len=1211, chunk_size=2450)
Skipping probe: too short (len=626, chunk_size=2450)
Skipping probe: too short (len=1300, chunk_size=2450)
Skipping probe: too short (len=790, chunk_size=2450)
Skipping probe: too short (len=846, chunk_size=2450)
Skipping probe: too short (len=1147, chunk_size=2450)
Skipping probe: too short (len=846, chunk_size=2450)
Skipping probe: too short (len=1534, chunk_size=2450)
Skipping probe: too short (len=1000, chunk_size=2450)
Skipping probe: too short (len=2253, chunk_size=2450)
Skipping probe: too short (len=448, chunk_size=2450)
Skipping probe: too short (len=1322, chunk_size=2450)
Skipping probe: too short (len=1257, chunk_size=2450)
Skipping probe: too short (len=864, chunk_size=2450)
Skipping probe: too short (len=1670, chunk_size=2450)
Skipping probe: too short (len=1541, chunk_size=2450)
Skipping probe: too short (len=442, chunk_size=2450)
Skipping probe: too short (len=1111, chunk_size=2450)
Skipping probe: too short (len=1323, chunk_size=2450)
Skipping probe: too short (len=404, chunk_size=2450)
Skipping probe: too short (len=1304, chunk_size=2450)
Skipping probe: too short (len=1919, chunk_size=2450)
Skipping probe: too short (len=1158, chunk_size=2450)
Skipping probe: too short (len=1783, chunk_size=2450)
Skipping probe: too short (len=2008, chunk_size=2450)
Skipping probe: too short (len=913, chunk_size=2450)
Skipping probe: too short (len=2370, chunk_size=2450)
Skipping probe: too short (len=1514, chunk_size=2450)
Skipping probe: too short (len=1204, chunk_size=2450)
Skipping probe: too short (len=1675, chunk_size=2450)
Skipping probe: too short (len=1304, chunk_size=2450)
Skipping probe: too short (len=2295, chunk_size=2450)
Skipping probe: too short (len=1278, chunk_size=2450)
Skipping probe: too short (len=940, chunk_size=2450)
Skipping probe: too short (len=649, chunk_size=2450)
Skipping probe: too short (len=1181, chunk_size=2450)
Skipping probe: too short (len=1262, chunk_size=2450)
Skipping probe: too short (len=825, chunk_size=2450)
Skipping probe: too short (len=1145, chunk_size=2450)
Skipping probe: too short (len=2065, chunk_size=2450)
Skipping probe: too short (len=1473, chunk_size=2450)
Skipping probe: too short (len=2331, chunk_size=2450)
Skipping probe: too short (len=1242, chunk_size=2450)
Skipping probe: too short (len=2058, chunk_size=2450)
Skipping probe: too short (len=1342, chunk_size=2450)
Skipping probe: too short (len=1600, chunk_size=2450)
Skipping probe: too short (len=875, chunk_size=2450)
Skipping probe: too short (len=1279, chunk_size=2450)
Skipping probe: too short (len=2392, chunk_size=2450)
Skipping probe: too short (len=605, chunk_size=2450)
Skipping probe: too short (len=612, chunk_size=2450)
Skipping probe: too short (len=1523, chunk_size=2450)
Skipping probe: too short (len=2160, chunk_size=2450)
Skipping probe: too short (len=1298, chunk_size=2450)
Skipping probe: too short (len=969, chunk_size=2450)
Skipping probe: too short (len=1097, chunk_size=2450)
Skipping probe: too short (len=515, chunk_size=2450)
Skipping probe: too short (len=2247, chunk_size=2450)
Skipping probe: too short (len=1026, chunk_size=2450)
Skipping probe: too short (len=2213, chunk_size=2450)
Skipping probe: too short (len=956, chunk_size=2450)
Skipping probe: too short (len=1384, chunk_size=2450)
Skipping probe: too short (len=889, chunk_size=2450)
Skipping probe: too short (len=2327, chunk_size=2450)
Skipping probe: too short (len=2295, chunk_size=2450)
Skipping probe: too short (len=2281, chunk_size=2450)
Skipping probe: too short (len=1220, chunk_size=2450)
Skipping probe: too short (len=2031, chunk_size=2450)
Skipping probe: too short (len=2008, chunk_size=2450)
Skipping probe: too short (len=1545, chunk_size=2450)
Skipping probe: too short (len=1446, chunk_size=2450)
Skipping probe: too short (len=1469, chunk_size=2450)
Skipping probe: too short (len=750, chunk_size=2450)
Skipping probe: too short (len=1387, chunk_size=2450)
Skipping probe: too short (len=856, chunk_size=2450)
Skipping probe: too short (len=1935, chunk_size=2450)
Skipping probe: too short (len=1905, chunk_size=2450)
Skipping probe: too short (len=1880, chunk_size=2450)
Skipping probe: too short (len=327, chunk_size=2450)
Skipping probe: too short (len=2285, chunk_size=2450)
Skipping probe: too short (len=1879, chunk_size=2450)
Skipping probe: too short (len=1683, chunk_size=2450)
Skipping probe: too short (len=2096, chunk_size=2450)
Skipping probe: too short (len=1902, chunk_size=2450)
Skipping probe: too short (len=370, chunk_size=2450)
Skipping probe: too short (len=1622, chunk_size=2450)
Skipping probe: too short (len=1772, chunk_size=2450)
Skipping probe: too short (len=934, chunk_size=2450)
Skipping probe: too short (len=702, chunk_size=2450)
Skipping probe: too short (len=1342, chunk_size=2450)
Skipping probe: too short (len=890, chunk_size=2450)
Skipping probe: too short (len=2307, chunk_size=2450)
Skipping probe: too short (len=823, chunk_size=2450)
Skipping probe: too short (len=722, chunk_size=2450)
Skipping probe: too short (len=1699, chunk_size=2450)
Skipping probe: too short (len=1408, chunk_size=2450)
Skipping probe: too short (len=785, chunk_size=2450)
Skipping probe: too short (len=1248, chunk_size=2450)
Skipping probe: too short (len=1447, chunk_size=2450)
Skipping probe: too short (len=1686, chunk_size=2450)
Skipping probe: too short (len=2254, chunk_size=2450)
Skipping probe: too short (len=915, chunk_size=2450)
Skipping probe: too short (len=1122, chunk_size=2450)
Skipping probe: too short (len=1893, chunk_size=2450)
Skipping probe: too short (len=678, chunk_size=2450)
Skipping probe: too short (len=2337, chunk_size=2450)
Skipping probe: too short (len=1551, chunk_size=2450)
Skipping probe: too short (len=2160, chunk_size=2450)
Skipping probe: too short (len=835, chunk_size=2450)
Skipping probe: too short (len=1988, chunk_size=2450)
Skipping probe: too short (len=797, chunk_size=2450)
Skipping probe: too short (len=1187, chunk_size=2450)
Skipping probe: too short (len=1093, chunk_size=2450)
Skipping probe: too short (len=1420, chunk_size=2450)
Skipping probe: too short (len=362, chunk_size=2450)
Skipping probe: too short (len=1489, chunk_size=2450)
Skipping probe: too short (len=913, chunk_size=2450)
Skipping probe: too short (len=679, chunk_size=2450)
Skipping probe: too short (len=2177, chunk_size=2450)
Skipping probe: too short (len=1636, chunk_size=2450)
Skipping probe: too short (len=1578, chunk_size=2450)
Skipping probe: too short (len=1024, chunk_size=2450)
Skipping probe: too short (len=2334, chunk_size=2450)
Skipping probe: too short (len=1501, chunk_size=2450)
Skipping probe: too short (len=869, chunk_size=2450)
Skipping probe: too short (len=997, chunk_size=2450)
Skipping probe: too short (len=2147, chunk_size=2450)
Skipping probe: too short (len=896, chunk_size=2450)
Skipping probe: too short (len=2008, chunk_size=2450)
Skipping probe: too short (len=1954, chunk_size=2450)
Skipping probe: too short (len=1099, chunk_size=2450)
Skipping probe: too short (len=2181, chunk_size=2450)
Skipping probe: too short (len=676, chunk_size=2450)
Skipping probe: too short (len=1524, chunk_size=2450)
Skipping probe: too short (len=794, chunk_size=2450)
Skipping probe: too short (len=2064, chunk_size=2450)
Skipping probe: too short (len=2284, chunk_size=2450)
Skipping probe: too short (len=1540, chunk_size=2450)
Skipping probe: too short (len=658, chunk_size=2450)
Skipping probe: too short (len=1956, chunk_size=2450)
Skipping probe: too short (len=587, chunk_size=2450)
Skipping probe: too short (len=1863, chunk_size=2450)
Skipping probe: too short (len=1417, chunk_size=2450)
Skipping probe: too short (len=1859, chunk_size=2450)
Skipping probe: too short (len=988, chunk_size=2450)
Skipping probe: too short (len=846, chunk_size=2450)
Skipping probe: too short (len=811, chunk_size=2450)
Skipping probe: too short (len=884, chunk_size=2450)
Skipping probe: too short (len=960, chunk_size=2450)
Skipping probe: too short (len=2278, chunk_size=2450)
Skipping probe: too short (len=1976, chunk_size=2450)
Skipping probe: too short (len=979, chunk_size=2450)
Skipping probe: too short (len=1391, chunk_size=2450)
Skipping probe: too short (len=1358, chunk_size=2450)
Skipping probe: too short (len=2141, chunk_size=2450)
Skipping probe: too short (len=1244, chunk_size=2450)
Skipping probe: too short (len=761, chunk_size=2450)
Skipping probe: too short (len=1721, chunk_size=2450)
Skipping probe: too short (len=1614, chunk_size=2450)
Skipping probe: too short (len=2404, chunk_size=2450)
Skipping probe: too short (len=1372, chunk_size=2450)
Skipping probe: too short (len=2021, chunk_size=2450)
Skipping probe: too short (len=662, chunk_size=2450)
Skipping probe: too short (len=898, chunk_size=2450)
Skipping probe: too short (len=1153, chunk_size=2450)
Skipping probe: too short (len=936, chunk_size=2450)
Skipping probe: too short (len=1288, chunk_size=2450)
Skipping probe: too short (len=1034, chunk_size=2450)
Skipping probe: too short (len=665, chunk_size=2450)
Skipping probe: too short (len=1934, chunk_size=2450)
Skipping probe: too short (len=1133, chunk_size=2450)
Skipping probe: too short (len=1448, chunk_size=2450)
Skipping probe: too short (len=1067, chunk_size=2450)
Skipping probe: too short (len=1539, chunk_size=2450)
Skipping probe: too short (len=1491, chunk_size=2450)
Skipping probe: too short (len=2215, chunk_size=2450)
Skipping probe: too short (len=1749, chunk_size=2450)
Skipping probe: too short (len=998, chunk_size=2450)
Skipping probe: too short (len=1515, chunk_size=2450)
Skipping probe: too short (len=1463, chunk_size=2450)
Skipping probe: too short (len=1164, chunk_size=2450)
Skipping probe: too short (len=1270, chunk_size=2450)
Skipping probe: too short (len=1162, chunk_size=2450)
Skipping probe: too short (len=912, chunk_size=2450)
Skipping probe: too short (len=2180, chunk_size=2450)
Skipping probe: too short (len=647, chunk_size=2450)
Skipping probe: too short (len=1551, chunk_size=2450)
Skipping probe: too short (len=1379, chunk_size=2450)
Skipping probe: too short (len=2329, chunk_size=2450)
Skipping probe: too short (len=482, chunk_size=2450)
Skipping probe: too short (len=357, chunk_size=2450)
Skipping probe: too short (len=607, chunk_size=2450)
Skipping probe: too short (len=1272, chunk_size=2450)
Skipping probe: too short (len=722, chunk_size=2450)
Skipping probe: too short (len=2136, chunk_size=2450)
Skipping probe: too short (len=953, chunk_size=2450)
Skipping probe: too short (len=1386, chunk_size=2450)
Skipping probe: too short (len=1239, chunk_size=2450)
Skipping probe: too short (len=957, chunk_size=2450)
Skipping probe: too short (len=721, chunk_size=2450)
Skipping probe: too short (len=587, chunk_size=2450)
Skipping probe: too short (len=1775, chunk_size=2450)
Skipping probe: too short (len=1840, chunk_size=2450)
Skipping probe: too short (len=2339, chunk_size=2450)
Skipping probe: too short (len=905, chunk_size=2450)
Skipping probe: too short (len=2359, chunk_size=2450)
Skipping probe: too short (len=887, chunk_size=2450)
Skipping probe: too short (len=1668, chunk_size=2450)
Skipping probe: too short (len=2331, chunk_size=2450)
Skipping probe: too short (len=1432, chunk_size=2450)
Skipping probe: too short (len=1926, chunk_size=2450)
Skipping probe: too short (len=1046, chunk_size=2450)
Skipping probe: too short (len=1111, chunk_size=2450)
Skipping probe: too short (len=1139, chunk_size=2450)
Skipping probe: too short (len=2225, chunk_size=2450)
Skipping probe: too short (len=2078, chunk_size=2450)
Skipping probe: too short (len=1382, chunk_size=2450)
Skipping probe: too short (len=1309, chunk_size=2450)
Skipping probe: too short (len=1077, chunk_size=2450)
Skipping probe: too short (len=2175, chunk_size=2450)
Skipping probe: too short (len=1100, chunk_size=2450)
Skipping probe: too short (len=2426, chunk_size=2450)
Skipping probe: too short (len=672, chunk_size=2450)
Skipping probe: too short (len=1477, chunk_size=2450)
Skipping probe: too short (len=1170, chunk_size=2450)
Skipping probe: too short (len=802, chunk_size=2450)
Skipping probe: too short (len=2185, chunk_size=2450)
Skipping probe: too short (len=1616, chunk_size=2450)
Skipping probe: too short (len=2385, chunk_size=2450)
Skipping probe: too short (len=349, chunk_size=2450)
Skipping probe: too short (len=683, chunk_size=2450)
Skipping probe: too short (len=1859, chunk_size=2450)
Skipping probe: too short (len=1847, chunk_size=2450)
Skipping probe: too short (len=1511, chunk_size=2450)
Skipping probe: too short (len=1145, chunk_size=2450)
Skipping probe: too short (len=1888, chunk_size=2450)
Skipping probe: too short (len=757, chunk_size=2450)
Skipping probe: too short (len=1678, chunk_size=2450)
Skipping probe: too short (len=843, chunk_size=2450)
Skipping probe: too short (len=824, chunk_size=2450)
[0.         0.         0.63944978 0.36139336 0.         0.        ]
[I 2026-04-02 23:37:02,968] Trial 7 finished with value: 0.166807190816029 and parameters: {'augment_factor': 48, 'window_seconds': 35, 'chunk_seconds': 24.500000000000004, 'num_freqs': 18, 'num_estimators': 64, 'max_depth': 64, 'num_subwindows': 28, 'subwindow_freq': 9, 'use_window_slope': False, 'use_subwindow_slope': False, 'use_smote': False}. Best is trial 0 with value: 0.269635834643611.
Skipping probe: too short (len=347, chunk_size=400)
Skipping probe: too short (len=386, chunk_size=400)
Skipping probe: too short (len=267, chunk_size=400)
Skipping probe: too short (len=366, chunk_size=400)
Skipping probe: too short (len=348, chunk_size=400)
Skipping probe: too short (len=264, chunk_size=400)
Skipping probe: too short (len=237, chunk_size=400)
Skipping probe: too short (len=167, chunk_size=400)
[0.04756645 0.08937265 0.64767261 0.45592479 0.00847724 0.        ]
[I 2026-04-03 02:39:42,999] Trial 8 finished with value: 0.20816895576087446 and parameters: {'augment_factor': 48, 'window_seconds': 21, 'chunk_seconds': 4.0, 'num_freqs': 25, 'num_estimators': 16, 'max_depth': 16, 'num_subwindows': 17, 'subwindow_freq': 14, 'use_window_slope': True, 'use_subwindow_slope': False, 'use_smote': True, 'smote_k_neighbors': 24}. Best is trial 0 with value: 0.269635834643611.
Skipping probe: too short (len=852, chunk_size=1690)
Skipping probe: too short (len=1675, chunk_size=1690)
Skipping probe: too short (len=1304, chunk_size=1690)
Skipping probe: too short (len=1032, chunk_size=1690)
Skipping probe: too short (len=1577, chunk_size=1690)
Skipping probe: too short (len=1486, chunk_size=1690)
Skipping probe: too short (len=1389, chunk_size=1690)
Skipping probe: too short (len=994, chunk_size=1690)
Skipping probe: too short (len=884, chunk_size=1690)
Skipping probe: too short (len=1609, chunk_size=1690)
Skipping probe: too short (len=999, chunk_size=1690)
Skipping probe: too short (len=873, chunk_size=1690)
Skipping probe: too short (len=868, chunk_size=1690)
Skipping probe: too short (len=512, chunk_size=1690)
Skipping probe: too short (len=1632, chunk_size=1690)
Skipping probe: too short (len=546, chunk_size=1690)
Skipping probe: too short (len=1087, chunk_size=1690)
Skipping probe: too short (len=824, chunk_size=1690)
[0.04907621 0.00965299 0.64405987 0.41045696 0.01171224 0.        ]
[I 2026-04-03 02:42:35,346] Trial 9 finished with value: 0.18749304424525196 and parameters: {'augment_factor': 4, 'window_seconds': 23, 'chunk_seconds': 16.900000000000002, 'num_freqs': 5, 'num_estimators': 32, 'max_depth': 512, 'num_subwindows': 2, 'subwindow_freq': 2, 'use_window_slope': True, 'use_subwindow_slope': True, 'use_smote': True, 'smote_k_neighbors': 44}. Best is trial 0 with value: 0.269635834643611.
Skipping probe: too short (len=3000, chunk_size=3460)
Skipping probe: too short (len=1656, chunk_size=3460)
Skipping probe: too short (len=3212, chunk_size=3460)
Skipping probe: too short (len=1777, chunk_size=3460)
Skipping probe: too short (len=2210, chunk_size=3460)
Skipping probe: too short (len=2195, chunk_size=3460)
Skipping probe: too short (len=1573, chunk_size=3460)
Skipping probe: too short (len=1675, chunk_size=3460)
Skipping probe: too short (len=1304, chunk_size=3460)
Skipping probe: too short (len=1244, chunk_size=3460)
Skipping probe: too short (len=755, chunk_size=3460)
Skipping probe: too short (len=2126, chunk_size=3460)
Skipping probe: too short (len=2172, chunk_size=3460)
Skipping probe: too short (len=3011, chunk_size=3460)
Skipping probe: too short (len=1069, chunk_size=3460)
Skipping probe: too short (len=3189, chunk_size=3460)
Skipping probe: too short (len=1937, chunk_size=3460)
Skipping probe: too short (len=2132, chunk_size=3460)
Skipping probe: too short (len=2980, chunk_size=3460)
Skipping probe: too short (len=484, chunk_size=3460)
Skipping probe: too short (len=2935, chunk_size=3460)
Skipping probe: too short (len=1758, chunk_size=3460)
Skipping probe: too short (len=1303, chunk_size=3460)
Skipping probe: too short (len=1632, chunk_size=3460)
Skipping probe: too short (len=1492, chunk_size=3460)
Skipping probe: too short (len=1610, chunk_size=3460)
Skipping probe: too short (len=966, chunk_size=3460)
Skipping probe: too short (len=1141, chunk_size=3460)
Skipping probe: too short (len=2479, chunk_size=3460)
Skipping probe: too short (len=2047, chunk_size=3460)
Skipping probe: too short (len=2461, chunk_size=3460)
Skipping probe: too short (len=732, chunk_size=3460)
Skipping probe: too short (len=2615, chunk_size=3460)
Skipping probe: too short (len=3108, chunk_size=3460)
Skipping probe: too short (len=1971, chunk_size=3460)
Skipping probe: too short (len=742, chunk_size=3460)
Skipping probe: too short (len=625, chunk_size=3460)
Skipping probe: too short (len=824, chunk_size=3460)
[0.         0.         0.69359976 0.59764022 0.         0.        ]
[I 2026-04-03 02:48:04,142] Trial 10 finished with value: 0.21520666283244347 and parameters: {'augment_factor': 4, 'window_seconds': 38, 'chunk_seconds': 34.6, 'num_freqs': 30, 'num_estimators': 256, 'max_depth': 16, 'num_subwindows': 10, 'subwindow_freq': 27, 'use_window_slope': False, 'use_subwindow_slope': True, 'use_smote': True, 'smote_k_neighbors': 2}. Best is trial 0 with value: 0.269635834643611.
Skipping probe: too short (len=337, chunk_size=620)
Skipping probe: too short (len=570, chunk_size=620)
Skipping probe: too short (len=341, chunk_size=620)
[0.         0.         0.76644551 0.78945941 0.         0.        ]
[I 2026-04-03 02:55:45,170] Trial 11 finished with value: 0.25931748638417623 and parameters: {'augment_factor': 6, 'window_seconds': 17, 'chunk_seconds': 6.2, 'num_freqs': 23, 'num_estimators': 128, 'max_depth': 32, 'num_subwindows': 2, 'subwindow_freq': 23, 'use_window_slope': True, 'use_subwindow_slope': False, 'use_smote': False}. Best is trial 0 with value: 0.269635834643611.
Skipping probe: too short (len=458, chunk_size=590)
Skipping probe: too short (len=436, chunk_size=590)
Skipping probe: too short (len=555, chunk_size=590)
Skipping probe: too short (len=506, chunk_size=590)
Skipping probe: too short (len=577, chunk_size=590)
Skipping probe: too short (len=584, chunk_size=590)
Skipping probe: too short (len=468, chunk_size=590)
Skipping probe: too short (len=359, chunk_size=590)
[0.0177457  0.         0.71353457 0.6724587  0.         0.        ]
[I 2026-04-03 03:27:08,272] Trial 12 finished with value: 0.23395649409732236 and parameters: {'augment_factor': 32, 'window_seconds': 23, 'chunk_seconds': 5.9, 'num_freqs': 30, 'num_estimators': 8, 'max_depth': 32, 'num_subwindows': 1, 'subwindow_freq': 23, 'use_window_slope': True, 'use_subwindow_slope': False, 'use_smote': False}. Best is trial 0 with value: 0.269635834643611.
Skipping probe: too short (len=479, chunk_size=520)
[0.01520512 0.18650816 0.63234594 0.81053504 0.3241574  0.        ]
[I 2026-04-03 03:29:08,389] Trial 13 finished with value: 0.32812527765262284 and parameters: {'augment_factor': 1, 'window_seconds': 8, 'chunk_seconds': 5.2, 'num_freqs': 24, 'num_estimators': 128, 'max_depth': 4, 'num_subwindows': 7, 'subwindow_freq': 22, 'use_window_slope': True, 'use_subwindow_slope': False, 'use_smote': False}. Best is trial 13 with value: 0.32812527765262284.
[0.02854794 0.09907326 0.63194312 0.75078637 0.44349613 0.        ]
[I 2026-04-03 03:53:00,391] Trial 14 finished with value: 0.3256411371555133 and parameters: {'augment_factor': 1, 'window_seconds': 4, 'chunk_seconds': 0.4, 'num_freqs': 12, 'num_estimators': 128, 'max_depth': 4, 'num_subwindows': 8, 'subwindow_freq': 22, 'use_window_slope': False, 'use_subwindow_slope': False, 'use_smote': True, 'smote_k_neighbors': 4}. Best is trial 13 with value: 0.32812527765262284.
[0.02517042 0.07604736 0.61706355 0.77021366 0.00879696 0.        ]
