[I 2026-04-03 05:08:49,084] Trial 15 finished with value: 0.24954865967072024 and parameters: {'augment_factor': 1, 'window_seconds': 3, 'chunk_seconds': 0.1, 'num_freqs': 11, 'num_estimators': 128, 'max_depth': 4, 'num_subwindows': 9, 'subwindow_freq': 20, 'use_window_slope': False, 'use_subwindow_slope': False, 'use_smote': False}. Best is trial 13 with value: 0.32812527765262284.
[0.025762   0.11258115 0.66799911 0.83493259 0.05903808 0.        ]
[I 2026-04-03 06:40:55,630] Trial 16 finished with value: 0.28338548828930527 and parameters: {'augment_factor': 1, 'window_seconds': 6, 'chunk_seconds': 0.1, 'num_freqs': 12, 'num_estimators': 128, 'max_depth': 4, 'num_subwindows': 11, 'subwindow_freq': 19, 'use_window_slope': False, 'use_subwindow_slope': False, 'use_smote': False}. Best is trial 13 with value: 0.32812527765262284.
[0.05680404 0.11623019 0.6940381  0.74684115 0.12730258 0.        ]
[I 2026-04-03 06:44:02,438] Trial 17 finished with value: 0.29020267763522883 and parameters: {'augment_factor': 1, 'window_seconds': 9, 'chunk_seconds': 3.0000000000000004, 'num_freqs': 1, 'num_estimators': 128, 'max_depth': 4, 'num_subwindows': 6, 'subwindow_freq': 19, 'use_window_slope': False, 'use_subwindow_slope': False, 'use_smote': True, 'smote_k_neighbors': 50}. Best is trial 13 with value: 0.32812527765262284.
[W 2026-04-03 06:57:01,400] Trial 18 failed with parameters: {'augment_factor': 16, 'window_seconds': 9, 'chunk_seconds': 2.3000000000000003, 'num_freqs': 22, 'num_estimators': 256, 'max_depth': 4, 'num_subwindows': 14, 'subwindow_freq': 23, 'use_window_slope': False, 'use_subwindow_slope': False, 'use_smote': True, 'smote_k_neighbors': 30} because of the following error: ValueError('Input X contains NaN.\nSMOTE does not accept missing values encoded as NaN natively. For supervised learning, you might want to consider sklearn.ensemble.HistGradientBoostingClassifier and Regressor which accept missing values encoded as NaNs natively. Alternatively, it is possible to preprocess the data, for instance by using an imputer transformer in a pipeline or drop samples with missing values. See https://scikit-learn.org/stable/modules/impute.html You can find a list of all estimators that handle NaN values at the following page: https://scikit-learn.org/stable/modules/impute.html#estimators-that-handle-nan-values').
Traceback (most recent call last):
  File "/home/eyoung4-swat/hmc-epg-project/machine-learning/.venv/lib/python3.13/site-packages/optuna/study/_optimize.py", line 201, in _run_trial
    value_or_values = func(trial)
  File "/home/eyoung4-swat/hmc-epg-project/machine-learning/mosquito/model_eval.py", line 335, in <lambda>
  File "/home/eyoung4-swat/hmc-epg-project/machine-learning/mosquito/model_eval.py", line 248, in optuna_objective
    model = model_import.Model(trial = trial, **kwargs)
    ^^^^^^^^^^^^^^^^^^^^^^^^^^^^^^^^^^^^^^^^
  File "/home/eyoung4-swat/hmc-epg-project/machine-learning/mosquito/rf_sunwindow_smote.py", line 226, in train
    X_train, Y_train = smote.fit_resample(X_train, Y_train)
                       ~~~~~~~~~~~~~~~~~~^^^^^^^^^^^^^^^^^^
  File "/home/eyoung4-swat/hmc-epg-project/machine-learning/.venv/lib/python3.13/site-packages/imblearn/base.py", line 202, in fit_resample
    return super().fit_resample(X, y, **params)
           ~~~~~~~~~~~~~~~~~~~~^^^^^^^^^^^^^^^^
  File "/home/eyoung4-swat/hmc-epg-project/machine-learning/.venv/lib/python3.13/site-packages/sklearn/base.py", line 1365, in wrapper
    return fit_method(estimator, *args, **kwargs)
  File "/home/eyoung4-swat/hmc-epg-project/machine-learning/.venv/lib/python3.13/site-packages/imblearn/base.py", line 99, in fit_resample
    X, y, binarize_y = self._check_X_y(X, y)
                       ~~~~~~~~~~~~~~~^^^^^^
  File "/home/eyoung4-swat/hmc-epg-project/machine-learning/.venv/lib/python3.13/site-packages/imblearn/base.py", line 157, in _check_X_y
    X, y = validate_data(self, X=X, y=y, reset=True, accept_sparse=accept_sparse)
           ~~~~~~~~~~~~~^^^^^^^^^^^^^^^^^^^^^^^^^^^^^^^^^^^^^^^^^^^^^^^^^^^^^^^^^
  File "/home/eyoung4-swat/hmc-epg-project/machine-learning/.venv/lib/python3.13/site-packages/sklearn/utils/validation.py", line 2971, in validate_data
    X, y = check_X_y(X, y, **check_params)
           ~~~~~~~~~^^^^^^^^^^^^^^^^^^^^^^
  File "/home/eyoung4-swat/hmc-epg-project/machine-learning/.venv/lib/python3.13/site-packages/sklearn/utils/validation.py", line 1368, in check_X_y
    X = check_array(
        X,
    ...<12 lines>...
        input_name="X",
    )
  File "/home/eyoung4-swat/hmc-epg-project/machine-learning/.venv/lib/python3.13/site-packages/sklearn/utils/validation.py", line 1105, in check_array
    _assert_all_finite(
    ~~~~~~~~~~~~~~~~~~^
        array,
        ^^^^^^
    ...<2 lines>...
        allow_nan=ensure_all_finite == "allow-nan",
        ^^^^^^^^^^^^^^^^^^^^^^^^^^^^^^^^^^^^^^^^^^^
    )
    ^
  File "/home/eyoung4-swat/hmc-epg-project/machine-learning/.venv/lib/python3.13/site-packages/sklearn/utils/validation.py", line 120, in _assert_all_finite
    _assert_all_finite_element_wise(
    ~~~~~~~~~~~~~~~~~~~~~~~~~~~~~~~^
        X,
        ^^
    ...<4 lines>...
        input_name=input_name,
        ^^^^^^^^^^^^^^^^^^^^^^
    )
    ^
  File "/home/eyoung4-swat/hmc-epg-project/machine-learning/.venv/lib/python3.13/site-packages/sklearn/utils/validation.py", line 169, in _assert_all_finite_element_wise
    raise ValueError(msg_err)
ValueError: Input X contains NaN.
SMOTE does not accept missing values encoded as NaN natively. For supervised learning, you might want to consider sklearn.ensemble.HistGradientBoostingClassifier and Regressor which accept missing values encoded as NaNs natively. Alternatively, it is possible to preprocess the data, for instance by using an imputer transformer in a pipeline or drop samples with missing values. See https://scikit-learn.org/stable/modules/impute.html You can find a list of all estimators that handle NaN values at the following page: https://scikit-learn.org/stable/modules/impute.html#estimators-that-handle-nan-values
[W 2026-04-03 06:57:01,545] Trial 18 failed with value None.
Job finished at: Fri Apr  3 06:57:21 EDT 2026
