uv version: uv 0.9.5
Running on host: gpu04.cluster
Job started at: Sat Dec 13 05:19:23 EST 2025
Running job ID: 523090
Loading Data...
[0.67885864 0.29196877 0.75666114 0.82238928 0.02723343 0.        ]
[I 2025-12-13 05:23:48,716] Trial 0 finished with value: 0.4295185424158681 and parameters: {'augment_factor': 8, 'chunk_seconds': 2, 'num_freqs': 9, 'num_estimators': 128, 'max_depth': 32, 'window_seconds': 10, 'num_subwindows': 3, 'subwindow_freq': 2, 'use_window_slope': True, 'use_subwindow_slope': True, 'use_smote': False}. Best is trial 0 with value: 0.4295185424158681.
[0.53247607 0.07490961 0.76435162 0.84656524 0.04246943 0.        ]
[I 2025-12-13 05:25:18,131] Trial 1 finished with value: 0.3767953284452394 and parameters: {'augment_factor': 4, 'chunk_seconds': 7, 'num_freqs': 4, 'num_estimators': 128, 'max_depth': 256, 'window_seconds': 2, 'num_subwindows': 2, 'subwindow_freq': 14, 'use_window_slope': True, 'use_subwindow_slope': True, 'use_smote': True, 'smote_k_neighbors': 1}. Best is trial 0 with value: 0.4295185424158681.
[0.51431911 0.52802248 0.76571137 0.86510589 0.05720655 0.        ]
[I 2025-12-13 05:38:28,200] Trial 2 finished with value: 0.45506089743231604 and parameters: {'augment_factor': 1, 'chunk_seconds': 2, 'num_freqs': 12, 'num_estimators': 64, 'max_depth': 8, 'window_seconds': 8, 'num_subwindows': 17, 'subwindow_freq': 1, 'use_window_slope': True, 'use_subwindow_slope': True, 'use_smote': False}. Best is trial 2 with value: 0.45506089743231604.
[0.249532   0.14049482 0.59401699 0.83895719 0.35895074 0.        ]
[I 2025-12-13 05:45:04,661] Trial 3 finished with value: 0.3636586227650956 and parameters: {'augment_factor': 1, 'chunk_seconds': 3, 'num_freqs': 2, 'num_estimators': 32, 'max_depth': 4, 'window_seconds': 4, 'num_subwindows': 13, 'subwindow_freq': 18, 'use_window_slope': False, 'use_subwindow_slope': True, 'use_smote': False}. Best is trial 2 with value: 0.45506089743231604.
[0.25151465 0.09087861 0.49623181 0.8208989  0.2862613  0.        ]
[I 2025-12-13 05:56:06,067] Trial 4 finished with value: 0.3242975465069354 and parameters: {'augment_factor': 4, 'chunk_seconds': 2, 'num_freqs': 1, 'num_estimators': 16, 'max_depth': 4, 'window_seconds': 4, 'num_subwindows': 14, 'subwindow_freq': 19, 'use_window_slope': True, 'use_subwindow_slope': True, 'use_smote': True, 'smote_k_neighbors': 1}. Best is trial 2 with value: 0.45506089743231604.
[0.48383499 0.21863569 0.71827426 0.83897619 0.05420064 0.        ]
[I 2025-12-13 06:00:44,702] Trial 5 finished with value: 0.38565362903458705 and parameters: {'augment_factor': 4, 'chunk_seconds': 6, 'num_freqs': 9, 'num_estimators': 128, 'max_depth': 8, 'window_seconds': 3, 'num_subwindows': 18, 'subwindow_freq': 6, 'use_window_slope': False, 'use_subwindow_slope': True, 'use_smote': False}. Best is trial 2 with value: 0.45506089743231604.
Skipping probe: too short (len=824, chunk_size=900)
Skipping probe: too short (len=824, chunk_size=900)
Skipping probe: too short (len=824, chunk_size=900)
Skipping probe: too short (len=824, chunk_size=900)
Skipping probe: too short (len=824, chunk_size=900)
[0.50912141 0.16805333 0.7580214  0.83395848 0.15377282 0.        ]
[I 2025-12-13 06:03:19,632] Trial 6 finished with value: 0.40382124148930654 and parameters: {'augment_factor': 2, 'chunk_seconds': 9, 'num_freqs': 6, 'num_estimators': 32, 'max_depth': 64, 'window_seconds': 7, 'num_subwindows': 13, 'subwindow_freq': 8, 'use_window_slope': False, 'use_subwindow_slope': True, 'use_smote': True, 'smote_k_neighbors': 10}. Best is trial 2 with value: 0.45506089743231604.
[0.44241964 0.20416985 0.70903711 0.86033682 0.05790872 0.        ]
[I 2025-12-13 06:11:19,732] Trial 7 finished with value: 0.37897868922381556 and parameters: {'augment_factor': 2, 'chunk_seconds': 1, 'num_freqs': 14, 'num_estimators': 256, 'max_depth': 8, 'window_seconds': 3, 'num_subwindows': 12, 'subwindow_freq': 16, 'use_window_slope': False, 'use_subwindow_slope': False, 'use_smote': False}. Best is trial 2 with value: 0.45506089743231604.
[0.42659189 0.25853318 0.7190409  0.85547348 0.055038   0.        ]
[I 2025-12-13 06:14:07,777] Trial 8 finished with value: 0.38577957680517444 and parameters: {'augment_factor': 1, 'chunk_seconds': 5, 'num_freqs': 19, 'num_estimators': 16, 'max_depth': 8, 'window_seconds': 7, 'num_subwindows': 7, 'subwindow_freq': 4, 'use_window_slope': True, 'use_subwindow_slope': True, 'use_smote': True, 'smote_k_neighbors': 6}. Best is trial 2 with value: 0.45506089743231604.
[0.56791579 0.38841754 0.77230049 0.84121106 0.01373428 0.        ]
[I 2025-12-13 06:36:54,900] Trial 9 finished with value: 0.4305965281260724 and parameters: {'augment_factor': 8, 'chunk_seconds': 1, 'num_freqs': 5, 'num_estimators': 16, 'max_depth': 128, 'window_seconds': 10, 'num_subwindows': 15, 'subwindow_freq': 14, 'use_window_slope': False, 'use_subwindow_slope': True, 'use_smote': False}. Best is trial 2 with value: 0.45506089743231604.
[0.55569832 0.42317931 0.78306986 0.86991024 0.04134309 0.        ]
[I 2025-12-13 06:40:10,175] Trial 10 finished with value: 0.44553346882155404 and parameters: {'augment_factor': 1, 'chunk_seconds': 4, 'num_freqs': 14, 'num_estimators': 64, 'max_depth': 16, 'window_seconds': 8, 'num_subwindows': 20, 'subwindow_freq': 1, 'use_window_slope': True, 'use_subwindow_slope': False, 'use_smote': False}. Best is trial 2 with value: 0.45506089743231604.
[0.65862371 0.3561357  0.78214066 0.86618666 0.03293536 0.        ]
[I 2025-12-13 06:42:49,920] Trial 11 finished with value: 0.44933701476302823 and parameters: {'augment_factor': 1, 'chunk_seconds': 5, 'num_freqs': 14, 'num_estimators': 64, 'max_depth': 16, 'window_seconds': 8, 'num_subwindows': 20, 'subwindow_freq': 1, 'use_window_slope': True, 'use_subwindow_slope': False, 'use_smote': False}. Best is trial 2 with value: 0.45506089743231604.
[0.57379891 0.02796831 0.79565762 0.88864854 0.04510594 0.        ]
[I 2025-12-13 06:44:34,944] Trial 12 finished with value: 0.38852988728994814 and parameters: {'augment_factor': 1, 'chunk_seconds': 8, 'num_freqs': 15, 'num_estimators': 64, 'max_depth': 16, 'window_seconds': 8, 'num_subwindows': 18, 'subwindow_freq': 10, 'use_window_slope': True, 'use_subwindow_slope': False, 'use_smote': False}. Best is trial 2 with value: 0.45506089743231604.
[0.44276404 0.32964357 0.76310548 0.84803089 0.04327992 0.        ]
[I 2025-12-13 06:47:46,625] Trial 13 finished with value: 0.4044706502723762 and parameters: {'augment_factor': 1, 'chunk_seconds': 4, 'num_freqs': 18, 'num_estimators': 8, 'max_depth': 16, 'window_seconds': 9, 'num_subwindows': 20, 'subwindow_freq': 4, 'use_window_slope': True, 'use_subwindow_slope': False, 'use_smote': False}. Best is trial 2 with value: 0.45506089743231604.
Skipping probe: too short (len=824, chunk_size=1000)
Skipping probe: too short (len=824, chunk_size=1000)
Skipping probe: too short (len=824, chunk_size=1000)
Skipping probe: too short (len=824, chunk_size=1000)
Skipping probe: too short (len=824, chunk_size=1000)
[0.44935095 0.20865756 0.76904273 0.83468298 0.02323345 0.        ]
[I 2025-12-13 06:48:44,487] Trial 14 finished with value: 0.3808279446829747 and parameters: {'augment_factor': 1, 'chunk_seconds': 10, 'num_freqs': 12, 'num_estimators': 64, 'max_depth': 64, 'window_seconds': 6, 'num_subwindows': 8, 'subwindow_freq': 1, 'use_window_slope': True, 'use_subwindow_slope': False, 'use_smote': False}. Best is trial 2 with value: 0.45506089743231604.
[0.50936506 0.33600489 0.79926008 0.88261259 0.0337361  0.        ]
[I 2025-12-13 06:50:50,161] Trial 15 finished with value: 0.4268297861429448 and parameters: {'augment_factor': 1, 'chunk_seconds': 6, 'num_freqs': 11, 'num_estimators': 64, 'max_depth': 256, 'window_seconds': 6, 'num_subwindows': 17, 'subwindow_freq': 6, 'use_window_slope': True, 'use_subwindow_slope': False, 'use_smote': False}. Best is trial 2 with value: 0.45506089743231604.
[0.63688438 0.26029103 0.79555704 0.8805965  0.02113091 0.        ]
[I 2025-12-13 06:53:04,254] Trial 16 finished with value: 0.43240997770519946 and parameters: {'augment_factor': 1, 'chunk_seconds': 4, 'num_freqs': 17, 'num_estimators': 64, 'max_depth': 128, 'window_seconds': 8, 'num_subwindows': 10, 'subwindow_freq': 4, 'use_window_slope': True, 'use_subwindow_slope': False, 'use_smote': False}. Best is trial 2 with value: 0.45506089743231604.
[0.4535875  0.28797219 0.77263785 0.83560137 0.01913198 0.        ]
[I 2025-12-13 06:55:25,722] Trial 17 finished with value: 0.3948218153599135 and parameters: {'augment_factor': 8, 'chunk_seconds': 5, 'num_freqs': 8, 'num_estimators': 8, 'max_depth': 32, 'window_seconds': 6, 'num_subwindows': 17, 'subwindow_freq': 10, 'use_window_slope': True, 'use_subwindow_slope': False, 'use_smote': False}. Best is trial 2 with value: 0.45506089743231604.
[0.48015593 0.3744144  0.70209666 0.86681869 0.05655972 0.        ]
[I 2025-12-13 07:06:22,572] Trial 18 finished with value: 0.4133408994155669 and parameters: {'augment_factor': 2, 'chunk_seconds': 3, 'num_freqs': 16, 'num_estimators': 256, 'max_depth': 8, 'window_seconds': 9, 'num_subwindows': 16, 'subwindow_freq': 7, 'use_window_slope': True, 'use_subwindow_slope': True, 'use_smote': True, 'smote_k_neighbors': 10}. Best is trial 2 with value: 0.45506089743231604.
[0.56050857 0.10691715 0.78311969 0.87230764 0.04269898 0.        ]
[I 2025-12-13 07:08:10,059] Trial 19 finished with value: 0.39425867082291927 and parameters: {'augment_factor': 1, 'chunk_seconds': 8, 'num_freqs': 20, 'num_estimators': 64, 'max_depth': 16, 'window_seconds': 7, 'num_subwindows': 20, 'subwindow_freq': 3, 'use_window_slope': True, 'use_subwindow_slope': False, 'use_smote': False}. Best is trial 2 with value: 0.45506089743231604.
[0.63989941 0.43093173 0.77377327 0.86419172 0.05825686 0.        ]
[I 2025-12-13 07:11:04,035] Trial 20 finished with value: 0.4611754990154647 and parameters: {'augment_factor': 1, 'chunk_seconds': 2, 'num_freqs': 12, 'num_estimators': 64, 'max_depth': 16, 'window_seconds': 5, 'num_subwindows': 5, 'subwindow_freq': 8, 'use_window_slope': True, 'use_subwindow_slope': False, 'use_smote': False}. Best is trial 20 with value: 0.4611754990154647.
[0.62713214 0.43678161 0.77084307 0.86556661 0.05890256 0.        ]
[I 2025-12-13 07:14:16,926] Trial 21 finished with value: 0.45987099905414314 and parameters: {'augment_factor': 1, 'chunk_seconds': 2, 'num_freqs': 12, 'num_estimators': 64, 'max_depth': 16, 'window_seconds': 5, 'num_subwindows': 6, 'subwindow_freq': 12, 'use_window_slope': True, 'use_subwindow_slope': False, 'use_smote': False}. Best is trial 20 with value: 0.4611754990154647.
[0.59527284 0.45855572 0.76857989 0.86515884 0.06328802 0.        ]
[I 2025-12-13 07:16:58,646] Trial 22 finished with value: 0.4584758841585617 and parameters: {'augment_factor': 1, 'chunk_seconds': 2, 'num_freqs': 12, 'num_estimators': 64, 'max_depth': 16, 'window_seconds': 5, 'num_subwindows': 4, 'subwindow_freq': 13, 'use_window_slope': True, 'use_subwindow_slope': False, 'use_smote': False}. Best is trial 20 with value: 0.4611754990154647.
[0.58008198 0.48316498 0.77187002 0.85320523 0.05041876 0.        ]
[I 2025-12-13 07:22:33,579] Trial 23 finished with value: 0.45645682839582985 and parameters: {'augment_factor': 1, 'chunk_seconds': 1, 'num_freqs': 12, 'num_estimators': 64, 'max_depth': 16, 'window_seconds': 5, 'num_subwindows': 5, 'subwindow_freq': 12, 'use_window_slope': True, 'use_subwindow_slope': False, 'use_smote': False}. Best is trial 20 with value: 0.4611754990154647.
[0.61525202 0.3034488  0.78018716 0.87111446 0.04937572 0.        ]
[I 2025-12-13 07:24:37,687] Trial 24 finished with value: 0.4365630269749055 and parameters: {'augment_factor': 1, 'chunk_seconds': 3, 'num_freqs': 10, 'num_estimators': 64, 'max_depth': 16, 'window_seconds': 5, 'num_subwindows': 5, 'subwindow_freq': 12, 'use_window_slope': True, 'use_subwindow_slope': False, 'use_smote': False}. Best is trial 20 with value: 0.4611754990154647.
[0.58484328 0.39474358 0.74457447 0.84337238 0.06662813 0.        ]
[I 2025-12-13 07:26:27,243] Trial 25 finished with value: 0.4390269740364568 and parameters: {'augment_factor': 1, 'chunk_seconds': 2, 'num_freqs': 7, 'num_estimators': 64, 'max_depth': 16, 'window_seconds': 5, 'num_subwindows': 1, 'subwindow_freq': 9, 'use_window_slope': True, 'use_subwindow_slope': False, 'use_smote': False}. Best is trial 20 with value: 0.4611754990154647.
[0.50430216 0.2803922  0.76524452 0.86604707 0.2307427  0.        ]
[I 2025-12-13 07:28:06,715] Trial 26 finished with value: 0.44112144023453753 and parameters: {'augment_factor': 8, 'chunk_seconds': 3, 'num_freqs': 13, 'num_estimators': 32, 'max_depth': 16, 'window_seconds': 4, 'num_subwindows': 4, 'subwindow_freq': 12, 'use_window_slope': False, 'use_subwindow_slope': False, 'use_smote': True, 'smote_k_neighbors': 5}. Best is trial 20 with value: 0.4611754990154647.
[0.62196951 0.36489039 0.74076709 0.83265048 0.04624326 0.        ]
[I 2025-12-13 07:34:19,774] Trial 27 finished with value: 0.43442012004334774 and parameters: {'augment_factor': 2, 'chunk_seconds': 1, 'num_freqs': 10, 'num_estimators': 8, 'max_depth': 16, 'window_seconds': 5, 'num_subwindows': 7, 'subwindow_freq': 15, 'use_window_slope': True, 'use_subwindow_slope': False, 'use_smote': False}. Best is trial 20 with value: 0.4611754990154647.
[0.52029189 0.27269337 0.78697622 0.85889764 0.01438332 0.        ]
[I 2025-12-13 07:38:54,631] Trial 28 finished with value: 0.4088737391371338 and parameters: {'augment_factor': 4, 'chunk_seconds': 2, 'num_freqs': 16, 'num_estimators': 256, 'max_depth': 16, 'window_seconds': 3, 'num_subwindows': 9, 'subwindow_freq': 11, 'use_window_slope': True, 'use_subwindow_slope': False, 'use_smote': False}. Best is trial 20 with value: 0.4611754990154647.
[0.64677408 0.42663541 0.79440731 0.86736528 0.02746718 0.        ]
[I 2025-12-13 07:41:58,001] Trial 29 finished with value: 0.4604415439278717 and parameters: {'augment_factor': 1, 'chunk_seconds': 2, 'num_freqs': 8, 'num_estimators': 128, 'max_depth': 32, 'window_seconds': 6, 'num_subwindows': 4, 'subwindow_freq': 13, 'use_window_slope': True, 'use_subwindow_slope': False, 'use_smote': False}. Best is trial 20 with value: 0.4611754990154647.
[0.55297528 0.03827385 0.79319501 0.87373008 0.026302   0.        ]
[I 2025-12-13 07:43:29,854] Trial 30 finished with value: 0.38074603494577586 and parameters: {'augment_factor': 8, 'chunk_seconds': 4, 'num_freqs': 8, 'num_estimators': 128, 'max_depth': 32, 'window_seconds': 4, 'num_subwindows': 3, 'subwindow_freq': 17, 'use_window_slope': True, 'use_subwindow_slope': False, 'use_smote': False}. Best is trial 20 with value: 0.4611754990154647.
[0.60563566 0.30958519 0.7955658  0.86730609 0.01362324 0.        ]
[I 2025-12-13 07:47:05,618] Trial 31 finished with value: 0.431952663556588 and parameters: {'augment_factor': 1, 'chunk_seconds': 2, 'num_freqs': 11, 'num_estimators': 128, 'max_depth': 32, 'window_seconds': 5, 'num_subwindows': 6, 'subwindow_freq': 15, 'use_window_slope': True, 'use_subwindow_slope': False, 'use_smote': False}. Best is trial 20 with value: 0.4611754990154647.
[0.59565889 0.29077353 0.80507498 0.87834035 0.03009921 0.        ]
[I 2025-12-13 07:49:02,073] Trial 32 finished with value: 0.43332449495074976 and parameters: {'augment_factor': 1, 'chunk_seconds': 3, 'num_freqs': 9, 'num_estimators': 128, 'max_depth': 32, 'window_seconds': 6, 'num_subwindows': 3, 'subwindow_freq': 13, 'use_window_slope': True, 'use_subwindow_slope': False, 'use_smote': False}. Best is trial 20 with value: 0.4611754990154647.
[0.61482967 0.27122964 0.78800867 0.85911571 0.01623001 0.        ]
[I 2025-12-13 07:51:06,979] Trial 33 finished with value: 0.4249022846091754 and parameters: {'augment_factor': 1, 'chunk_seconds': 2, 'num_freqs': 13, 'num_estimators': 128, 'max_depth': 256, 'window_seconds': 5, 'num_subwindows': 1, 'subwindow_freq': 13, 'use_window_slope': True, 'use_subwindow_slope': False, 'use_smote': False}. Best is trial 20 with value: 0.4611754990154647.
[0.69926637 0.48051592 0.77934919 0.85038436 0.02446681 0.        ]
[I 2025-12-13 07:56:20,616] Trial 34 finished with value: 0.47233043834118077 and parameters: {'augment_factor': 1, 'chunk_seconds': 1, 'num_freqs': 7, 'num_estimators': 64, 'max_depth': 32, 'window_seconds': 6, 'num_subwindows': 4, 'subwindow_freq': 9, 'use_window_slope': True, 'use_subwindow_slope': False, 'use_smote': False}. Best is trial 34 with value: 0.47233043834118077.
[0.51710124 0.47416426 0.74726703 0.84090409 0.24657454 0.        ]
[I 2025-12-13 08:03:10,753] Trial 35 finished with value: 0.47100185983616843 and parameters: {'augment_factor': 4, 'chunk_seconds': 1, 'num_freqs': 3, 'num_estimators': 128, 'max_depth': 32, 'window_seconds': 6, 'num_subwindows': 2, 'subwindow_freq': 9, 'use_window_slope': True, 'use_subwindow_slope': False, 'use_smote': True, 'smote_k_neighbors': 6}. Best is trial 34 with value: 0.47233043834118077.
[0.56854482 0.49414484 0.75801778 0.84513208 0.29938369 0.        ]
[I 2025-12-13 08:10:00,993] Trial 36 finished with value: 0.49420386860034854 and parameters: {'augment_factor': 4, 'chunk_seconds': 1, 'num_freqs': 4, 'num_estimators': 128, 'max_depth': 32, 'window_seconds': 7, 'num_subwindows': 2, 'subwindow_freq': 8, 'use_window_slope': True, 'use_subwindow_slope': False, 'use_smote': True, 'smote_k_neighbors': 6}. Best is trial 36 with value: 0.49420386860034854.
[0.54259748 0.46658866 0.75694736 0.84395904 0.28924854 0.        ]
[I 2025-12-13 08:14:57,218] Trial 37 finished with value: 0.4832235123371231 and parameters: {'augment_factor': 4, 'chunk_seconds': 1, 'num_freqs': 3, 'num_estimators': 128, 'max_depth': 32, 'window_seconds': 7, 'num_subwindows': 2, 'subwindow_freq': 8, 'use_window_slope': False, 'use_subwindow_slope': False, 'use_smote': True, 'smote_k_neighbors': 6}. Best is trial 36 with value: 0.49420386860034854.
[0.55988778 0.45991595 0.75635396 0.83255063 0.31665234 0.        ]
[I 2025-12-13 08:19:39,673] Trial 38 finished with value: 0.4875601091409891 and parameters: {'augment_factor': 4, 'chunk_seconds': 1, 'num_freqs': 3, 'num_estimators': 128, 'max_depth': 32, 'window_seconds': 7, 'num_subwindows': 2, 'subwindow_freq': 6, 'use_window_slope': False, 'use_subwindow_slope': False, 'use_smote': True, 'smote_k_neighbors': 6}. Best is trial 36 with value: 0.49420386860034854.
[0.5391937  0.49145996 0.7512303  0.82276333 0.37257635 0.        ]
[I 2025-12-13 08:26:50,469] Trial 39 finished with value: 0.49620394035729415 and parameters: {'augment_factor': 4, 'chunk_seconds': 1, 'num_freqs': 1, 'num_estimators': 128, 'max_depth': 32, 'window_seconds': 7, 'num_subwindows': 2, 'subwindow_freq': 6, 'use_window_slope': False, 'use_subwindow_slope': True, 'use_smote': True, 'smote_k_neighbors': 5}. Best is trial 39 with value: 0.49620394035729415.
[0.25108779 0.26831513 0.6294837  0.81951659 0.30867436 0.        ]
[I 2025-12-13 08:32:18,110] Trial 40 finished with value: 0.37951292784446666 and parameters: {'augment_factor': 4, 'chunk_seconds': 1, 'num_freqs': 1, 'num_estimators': 128, 'max_depth': 4, 'window_seconds': 7, 'num_subwindows': 2, 'subwindow_freq': 6, 'use_window_slope': False, 'use_subwindow_slope': True, 'use_smote': True, 'smote_k_neighbors': 5}. Best is trial 39 with value: 0.49620394035729415.
[0.55617281 0.51197433 0.75488421 0.83389203 0.36419944 0.        ]
[I 2025-12-13 08:40:08,687] Trial 41 finished with value: 0.5035204724642616 and parameters: {'augment_factor': 4, 'chunk_seconds': 1, 'num_freqs': 4, 'num_estimators': 128, 'max_depth': 32, 'window_seconds': 7, 'num_subwindows': 2, 'subwindow_freq': 7, 'use_window_slope': False, 'use_subwindow_slope': True, 'use_smote': True, 'smote_k_neighbors': 7}. Best is trial 41 with value: 0.5035204724642616.
[0.56801036 0.50213277 0.75060858 0.82171364 0.35687791 0.        ]
[I 2025-12-13 08:47:21,864] Trial 42 finished with value: 0.4998905427144878 and parameters: {'augment_factor': 4, 'chunk_seconds': 1, 'num_freqs': 4, 'num_estimators': 128, 'max_depth': 32, 'window_seconds': 7, 'num_subwindows': 2, 'subwindow_freq': 5, 'use_window_slope': False, 'use_subwindow_slope': True, 'use_smote': True, 'smote_k_neighbors': 7}. Best is trial 41 with value: 0.5035204724642616.
[0.52729894 0.37318516 0.70529751 0.786257   0.01482131 0.        ]
[I 2025-12-13 08:52:15,844] Trial 43 finished with value: 0.40114332017761184 and parameters: {'augment_factor': 4, 'chunk_seconds': 1, 'num_freqs': 4, 'num_estimators': 128, 'max_depth': 32, 'window_seconds': 7, 'num_subwindows': 1, 'subwindow_freq': 5, 'use_window_slope': False, 'use_subwindow_slope': True, 'use_smote': True, 'smote_k_neighbors': 8}. Best is trial 41 with value: 0.5035204724642616.
[0.50640119 0.47752193 0.7526838  0.84006378 0.24330424 0.        ]
[I 2025-12-13 09:02:12,599] Trial 44 finished with value: 0.46999582249908345 and parameters: {'augment_factor': 4, 'chunk_seconds': 1, 'num_freqs': 2, 'num_estimators': 128, 'max_depth': 32, 'window_seconds': 9, 'num_subwindows': 3, 'subwindow_freq': 7, 'use_window_slope': False, 'use_subwindow_slope': True, 'use_smote': True, 'smote_k_neighbors': 7}. Best is trial 41 with value: 0.5035204724642616.
[0.49022325 0.3281056  0.72297206 0.79918146 0.01146273 0.        ]
[I 2025-12-13 09:04:02,048] Trial 45 finished with value: 0.39199084951537905 and parameters: {'augment_factor': 4, 'chunk_seconds': 3, 'num_freqs': 5, 'num_estimators': 128, 'max_depth': 32, 'window_seconds': 7, 'num_subwindows': 1, 'subwindow_freq': 5, 'use_window_slope': False, 'use_subwindow_slope': True, 'use_smote': True, 'smote_k_neighbors': 4}. Best is trial 41 with value: 0.5035204724642616.
[0.57744798 0.52209014 0.75396731 0.83199271 0.40696955 0.        ]
