[I 2026-02-21 01:10:35,922] Trial 52 finished with value: 0.6994045235702039 and parameters: {'chunk_seconds': 5, 'num_freqs': 14, 'num_estimators': 256, 'max_depth': 16, 'window_seconds': 9, 'num_subwindows': 7, 'subwindow_freq': 15, 'use_window_slope': False, 'use_subwindow_slope': True, 'use_smote': False}. Best is trial 51 with value: 0.7072026969422766.
Trial 53 F1s - Weighted: 0.6986 | Macro: 0.2081 | Micro: 0.6876

[I 2026-02-21 01:42:44,691] Trial 53 finished with value: 0.6986120410057229 and parameters: {'chunk_seconds': 5, 'num_freqs': 12, 'num_estimators': 256, 'max_depth': 16, 'window_seconds': 8, 'num_subwindows': 4, 'subwindow_freq': 18, 'use_window_slope': False, 'use_subwindow_slope': True, 'use_smote': False}. Best is trial 51 with value: 0.7072026969422766.
Trial 54 F1s - Weighted: 0.7061 | Macro: 0.2150 | Micro: 0.6966

[I 2026-02-21 02:32:55,989] Trial 54 finished with value: 0.70610219387474 and parameters: {'chunk_seconds': 4, 'num_freqs': 15, 'num_estimators': 256, 'max_depth': 16, 'window_seconds': 10, 'num_subwindows': 6, 'subwindow_freq': 13, 'use_window_slope': False, 'use_subwindow_slope': True, 'use_smote': False}. Best is trial 51 with value: 0.7072026969422766.
[I 2026-02-21 02:54:40,326] Trial 55 pruned. 
[I 2026-02-21 03:13:33,102] Trial 56 pruned. 
[I 2026-02-21 03:34:31,669] Trial 57 pruned. 
Skipping probe: too short (len=559, chunk_size=900)
Skipping probe: too short (len=834, chunk_size=900)
Skipping probe: too short (len=670, chunk_size=900)
Skipping probe: too short (len=886, chunk_size=900)
Skipping probe: too short (len=632, chunk_size=900)
Skipping probe: too short (len=559, chunk_size=900)
Skipping probe: too short (len=834, chunk_size=900)
Skipping probe: too short (len=670, chunk_size=900)
Skipping probe: too short (len=886, chunk_size=900)
Skipping probe: too short (len=632, chunk_size=900)
[I 2026-02-21 03:37:21,671] Trial 58 pruned. 
[I 2026-02-21 03:58:17,119] Trial 59 pruned. 
Skipping probe: too short (len=559, chunk_size=600)
Skipping probe: too short (len=559, chunk_size=600)
[I 2026-02-21 04:36:02,650] Trial 60 pruned. 
Trial 61 F1s - Weighted: 0.7026 | Macro: 0.2089 | Micro: 0.6955

[I 2026-02-21 05:17:16,445] Trial 61 finished with value: 0.7025770456799304 and parameters: {'chunk_seconds': 5, 'num_freqs': 19, 'num_estimators': 256, 'max_depth': 16, 'window_seconds': 9, 'num_subwindows': 6, 'subwindow_freq': 17, 'use_window_slope': False, 'use_subwindow_slope': True, 'use_smote': False}. Best is trial 51 with value: 0.7072026969422766.
Trial 62 F1s - Weighted: 0.7048 | Macro: 0.2141 | Micro: 0.6952

[I 2026-02-21 06:08:36,690] Trial 62 finished with value: 0.7047531980290426 and parameters: {'chunk_seconds': 4, 'num_freqs': 20, 'num_estimators': 256, 'max_depth': 16, 'window_seconds': 9, 'num_subwindows': 6, 'subwindow_freq': 17, 'use_window_slope': False, 'use_subwindow_slope': True, 'use_smote': False}. Best is trial 51 with value: 0.7072026969422766.
Trial 63 F1s - Weighted: 0.7035 | Macro: 0.2127 | Micro: 0.6937

[I 2026-02-21 06:58:59,747] Trial 63 finished with value: 0.7035089377623117 and parameters: {'chunk_seconds': 4, 'num_freqs': 19, 'num_estimators': 256, 'max_depth': 16, 'window_seconds': 9, 'num_subwindows': 6, 'subwindow_freq': 17, 'use_window_slope': False, 'use_subwindow_slope': True, 'use_smote': False}. Best is trial 51 with value: 0.7072026969422766.
[I 2026-02-21 07:47:02,314] Trial 64 pruned. 
Trial 65 F1s - Weighted: 0.6939 | Macro: 0.2074 | Micro: 0.6804

[I 2026-02-21 08:22:23,087] Trial 65 finished with value: 0.6939279806865315 and parameters: {'chunk_seconds': 4, 'num_freqs': 19, 'num_estimators': 32, 'max_depth': 16, 'window_seconds': 9, 'num_subwindows': 5, 'subwindow_freq': 13, 'use_window_slope': False, 'use_subwindow_slope': True, 'use_smote': False}. Best is trial 51 with value: 0.7072026969422766.
[I 2026-02-21 08:41:41,342] Trial 66 pruned. 
[I 2026-02-21 09:17:06,831] Trial 67 pruned. 
[I 2026-02-21 09:38:15,537] Trial 68 pruned. 
[I 2026-02-21 10:12:34,738] Trial 69 pruned. 
[I 2026-02-21 10:26:22,288] Trial 70 pruned. 
Trial 71 F1s - Weighted: 0.7032 | Macro: 0.2088 | Micro: 0.6966

[I 2026-02-21 11:07:35,549] Trial 71 finished with value: 0.7032301164198022 and parameters: {'chunk_seconds': 5, 'num_freqs': 19, 'num_estimators': 256, 'max_depth': 16, 'window_seconds': 9, 'num_subwindows': 6, 'subwindow_freq': 17, 'use_window_slope': False, 'use_subwindow_slope': True, 'use_smote': False}. Best is trial 51 with value: 0.7072026969422766.
Trial 72 F1s - Weighted: 0.6975 | Macro: 0.2095 | Micro: 0.6890

[I 2026-02-21 11:49:18,804] Trial 72 finished with value: 0.6975354058343736 and parameters: {'chunk_seconds': 5, 'num_freqs': 20, 'num_estimators': 256, 'max_depth': 16, 'window_seconds': 8, 'num_subwindows': 6, 'subwindow_freq': 17, 'use_window_slope': False, 'use_subwindow_slope': True, 'use_smote': False}. Best is trial 51 with value: 0.7072026969422766.
Skipping probe: too short (len=559, chunk_size=600)
Skipping probe: too short (len=559, chunk_size=600)
Skipping probe: too short (len=559, chunk_size=600)
Skipping probe: too short (len=559, chunk_size=600)
Skipping probe: too short (len=559, chunk_size=600)
Trial 73 F1s - Weighted: 0.7003 | Macro: 0.1926 | Micro: 0.6966

[I 2026-02-21 12:28:05,032] Trial 73 finished with value: 0.7003305445066793 and parameters: {'chunk_seconds': 6, 'num_freqs': 19, 'num_estimators': 256, 'max_depth': 16, 'window_seconds': 9, 'num_subwindows': 7, 'subwindow_freq': 16, 'use_window_slope': False, 'use_subwindow_slope': True, 'use_smote': False}. Best is trial 51 with value: 0.7072026969422766.
Trial 74 F1s - Weighted: 0.7067 | Macro: 0.2111 | Micro: 0.7016

[I 2026-02-21 13:09:54,332] Trial 74 finished with value: 0.7067037169443582 and parameters: {'chunk_seconds': 5, 'num_freqs': 16, 'num_estimators': 256, 'max_depth': 16, 'window_seconds': 9, 'num_subwindows': 6, 'subwindow_freq': 18, 'use_window_slope': False, 'use_subwindow_slope': True, 'use_smote': False}. Best is trial 51 with value: 0.7072026969422766.
Trial 75 F1s - Weighted: 0.7058 | Macro: 0.2111 | Micro: 0.6991

[I 2026-02-21 13:46:41,918] Trial 75 finished with value: 0.7058178734731679 and parameters: {'chunk_seconds': 5, 'num_freqs': 4, 'num_estimators': 256, 'max_depth': 16, 'window_seconds': 9, 'num_subwindows': 5, 'subwindow_freq': 18, 'use_window_slope': False, 'use_subwindow_slope': True, 'use_smote': False}. Best is trial 51 with value: 0.7072026969422766.
Skipping probe: too short (len=559, chunk_size=600)
Skipping probe: too short (len=559, chunk_size=600)
[I 2026-02-21 14:00:13,507] Trial 76 pruned. 
[I 2026-02-21 14:16:33,976] Trial 77 pruned. 
Trial 78 F1s - Weighted: 0.6911 | Macro: 0.2052 | Micro: 0.6859

[I 2026-02-21 14:45:02,194] Trial 78 finished with value: 0.6911056006462896 and parameters: {'chunk_seconds': 5, 'num_freqs': 3, 'num_estimators': 256, 'max_depth': 16, 'window_seconds': 8, 'num_subwindows': 9, 'subwindow_freq': 19, 'use_window_slope': False, 'use_subwindow_slope': False, 'use_smote': False}. Best is trial 51 with value: 0.7072026969422766.
[I 2026-02-21 14:58:27,765] Trial 79 pruned. 
[I 2026-02-21 15:19:34,682] Trial 80 pruned. 
Trial 81 F1s - Weighted: 0.7053 | Macro: 0.2114 | Micro: 0.6973

[I 2026-02-21 15:56:20,425] Trial 81 finished with value: 0.7052962795313585 and parameters: {'chunk_seconds': 5, 'num_freqs': 16, 'num_estimators': 256, 'max_depth': 16, 'window_seconds': 9, 'num_subwindows': 5, 'subwindow_freq': 16, 'use_window_slope': False, 'use_subwindow_slope': True, 'use_smote': False}. Best is trial 51 with value: 0.7072026969422766.
Skipping probe: too short (len=559, chunk_size=600)
Skipping probe: too short (len=559, chunk_size=600)
Skipping probe: too short (len=559, chunk_size=600)
Skipping probe: too short (len=559, chunk_size=600)
Skipping probe: too short (len=559, chunk_size=600)
Trial 82 F1s - Weighted: 0.7036 | Macro: 0.1928 | Micro: 0.7003

[I 2026-02-21 16:31:29,037] Trial 82 finished with value: 0.7035519855850593 and parameters: {'chunk_seconds': 6, 'num_freqs': 16, 'num_estimators': 256, 'max_depth': 16, 'window_seconds': 9, 'num_subwindows': 6, 'subwindow_freq': 16, 'use_window_slope': False, 'use_subwindow_slope': True, 'use_smote': False}. Best is trial 51 with value: 0.7072026969422766.
Skipping probe: too short (len=670, chunk_size=700)
Skipping probe: too short (len=559, chunk_size=700)
Skipping probe: too short (len=632, chunk_size=700)
Skipping probe: too short (len=559, chunk_size=700)
Skipping probe: too short (len=670, chunk_size=700)
Skipping probe: too short (len=632, chunk_size=700)
Skipping probe: too short (len=632, chunk_size=700)
Skipping probe: too short (len=559, chunk_size=700)
Skipping probe: too short (len=670, chunk_size=700)
Skipping probe: too short (len=670, chunk_size=700)
Skipping probe: too short (len=632, chunk_size=700)
Skipping probe: too short (len=559, chunk_size=700)
Skipping probe: too short (len=559, chunk_size=700)
Skipping probe: too short (len=632, chunk_size=700)
Skipping probe: too short (len=670, chunk_size=700)
Trial 83 F1s - Weighted: 0.7052 | Macro: 0.1922 | Micro: 0.7029

[I 2026-02-21 16:59:03,104] Trial 83 finished with value: 0.7051847631444614 and parameters: {'chunk_seconds': 7, 'num_freqs': 16, 'num_estimators': 256, 'max_depth': 16, 'window_seconds': 9, 'num_subwindows': 5, 'subwindow_freq': 16, 'use_window_slope': False, 'use_subwindow_slope': True, 'use_smote': False}. Best is trial 51 with value: 0.7072026969422766.
Skipping probe: too short (len=559, chunk_size=600)
Skipping probe: too short (len=559, chunk_size=600)
Skipping probe: too short (len=559, chunk_size=600)
Skipping probe: too short (len=559, chunk_size=600)
Skipping probe: too short (len=559, chunk_size=600)
Trial 84 F1s - Weighted: 0.7006 | Macro: 0.1927 | Micro: 0.6950

[I 2026-02-21 17:30:20,857] Trial 84 finished with value: 0.7006415432380056 and parameters: {'chunk_seconds': 6, 'num_freqs': 16, 'num_estimators': 256, 'max_depth': 16, 'window_seconds': 8, 'num_subwindows': 5, 'subwindow_freq': 14, 'use_window_slope': False, 'use_subwindow_slope': True, 'use_smote': False}. Best is trial 51 with value: 0.7072026969422766.
Skipping probe: too short (len=559, chunk_size=800)
Skipping probe: too short (len=670, chunk_size=800)
Skipping probe: too short (len=632, chunk_size=800)
Skipping probe: too short (len=559, chunk_size=800)
Skipping probe: too short (len=670, chunk_size=800)
Skipping probe: too short (len=632, chunk_size=800)
[I 2026-02-21 17:39:45,090] Trial 85 pruned. 
Skipping probe: too short (len=559, chunk_size=700)
Skipping probe: too short (len=670, chunk_size=700)
Skipping probe: too short (len=632, chunk_size=700)
Skipping probe: too short (len=559, chunk_size=700)
Skipping probe: too short (len=670, chunk_size=700)
Skipping probe: too short (len=632, chunk_size=700)
[I 2026-02-21 17:48:21,088] Trial 86 pruned. 
Skipping probe: too short (len=559, chunk_size=800)
Skipping probe: too short (len=670, chunk_size=800)
Skipping probe: too short (len=632, chunk_size=800)
Skipping probe: too short (len=559, chunk_size=800)
Skipping probe: too short (len=670, chunk_size=800)
Skipping probe: too short (len=632, chunk_size=800)
Skipping probe: too short (len=559, chunk_size=800)
Skipping probe: too short (len=670, chunk_size=800)
Skipping probe: too short (len=632, chunk_size=800)
Skipping probe: too short (len=632, chunk_size=800)
Skipping probe: too short (len=670, chunk_size=800)
Skipping probe: too short (len=559, chunk_size=800)
Skipping probe: too short (len=559, chunk_size=800)
Skipping probe: too short (len=632, chunk_size=800)
Skipping probe: too short (len=670, chunk_size=800)
Trial 87 F1s - Weighted: 0.7007 | Macro: 0.1847 | Micro: 0.6991

[I 2026-02-21 18:13:35,800] Trial 87 finished with value: 0.7007109633352663 and parameters: {'chunk_seconds': 8, 'num_freqs': 15, 'num_estimators': 256, 'max_depth': 16, 'window_seconds': 10, 'num_subwindows': 5, 'subwindow_freq': 18, 'use_window_slope': False, 'use_subwindow_slope': True, 'use_smote': False}. Best is trial 51 with value: 0.7072026969422766.
Skipping probe: too short (len=559, chunk_size=700)
Skipping probe: too short (len=670, chunk_size=700)
Skipping probe: too short (len=632, chunk_size=700)
Skipping probe: too short (len=559, chunk_size=700)
Skipping probe: too short (len=670, chunk_size=700)
Skipping probe: too short (len=632, chunk_size=700)
Skipping probe: too short (len=559, chunk_size=700)
Skipping probe: too short (len=670, chunk_size=700)
Skipping probe: too short (len=632, chunk_size=700)
Skipping probe: too short (len=670, chunk_size=700)
Skipping probe: too short (len=632, chunk_size=700)
Skipping probe: too short (len=559, chunk_size=700)
Skipping probe: too short (len=559, chunk_size=700)
Skipping probe: too short (len=632, chunk_size=700)
Skipping probe: too short (len=670, chunk_size=700)
Trial 88 F1s - Weighted: 0.6976 | Macro: 0.1911 | Micro: 0.6930

[I 2026-02-21 18:39:48,169] Trial 88 finished with value: 0.6976289801010976 and parameters: {'chunk_seconds': 7, 'num_freqs': 13, 'num_estimators': 128, 'max_depth': 16, 'window_seconds': 8, 'num_subwindows': 5, 'subwindow_freq': 14, 'use_window_slope': True, 'use_subwindow_slope': True, 'use_smote': False}. Best is trial 51 with value: 0.7072026969422766.
Skipping probe: too short (len=559, chunk_size=700)
Skipping probe: too short (len=632, chunk_size=700)
Skipping probe: too short (len=670, chunk_size=700)
Skipping probe: too short (len=559, chunk_size=700)
Skipping probe: too short (len=670, chunk_size=700)
Skipping probe: too short (len=632, chunk_size=700)
Skipping probe: too short (len=559, chunk_size=700)
Skipping probe: too short (len=670, chunk_size=700)
Skipping probe: too short (len=632, chunk_size=700)
Skipping probe: too short (len=670, chunk_size=700)
Skipping probe: too short (len=632, chunk_size=700)
Skipping probe: too short (len=559, chunk_size=700)
Skipping probe: too short (len=559, chunk_size=700)
Skipping probe: too short (len=632, chunk_size=700)
Skipping probe: too short (len=670, chunk_size=700)
Trial 89 F1s - Weighted: 0.6603 | Macro: 0.1878 | Micro: 0.6244

[I 2026-02-21 20:55:09,375] Trial 89 finished with value: 0.660263971914059 and parameters: {'chunk_seconds': 7, 'num_freqs': 17, 'num_estimators': 256, 'max_depth': 16, 'window_seconds': 10, 'num_subwindows': 7, 'subwindow_freq': 15, 'use_window_slope': False, 'use_subwindow_slope': True, 'use_smote': True, 'smote_k_neighbors': 7}. Best is trial 51 with value: 0.7072026969422766.
Skipping probe: too short (len=559, chunk_size=600)
Skipping probe: too short (len=559, chunk_size=600)
[I 2026-02-21 21:04:23,984] Trial 90 pruned. 
Trial 91 F1s - Weighted: 0.7060 | Macro: 0.2116 | Micro: 0.6999

[I 2026-02-21 21:45:35,521] Trial 91 finished with value: 0.7059968342457102 and parameters: {'chunk_seconds': 5, 'num_freqs': 16, 'num_estimators': 256, 'max_depth': 16, 'window_seconds': 9, 'num_subwindows': 6, 'subwindow_freq': 16, 'use_window_slope': False, 'use_subwindow_slope': True, 'use_smote': False}. Best is trial 51 with value: 0.7072026969422766.
Skipping probe: too short (len=559, chunk_size=600)
Skipping probe: too short (len=559, chunk_size=600)
Skipping probe: too short (len=559, chunk_size=600)
Skipping probe: too short (len=559, chunk_size=600)
Skipping probe: too short (len=559, chunk_size=600)
Trial 92 F1s - Weighted: 0.7032 | Macro: 0.1931 | Micro: 0.6993

[I 2026-02-21 22:20:43,067] Trial 92 finished with value: 0.7031936743291762 and parameters: {'chunk_seconds': 6, 'num_freqs': 16, 'num_estimators': 256, 'max_depth': 16, 'window_seconds': 9, 'num_subwindows': 6, 'subwindow_freq': 16, 'use_window_slope': False, 'use_subwindow_slope': True, 'use_smote': False}. Best is trial 51 with value: 0.7072026969422766.
Trial 93 F1s - Weighted: 0.7017 | Macro: 0.2101 | Micro: 0.6971

[I 2026-02-21 23:10:39,958] Trial 93 finished with value: 0.701669668877798 and parameters: {'chunk_seconds': 5, 'num_freqs': 15, 'num_estimators': 256, 'max_depth': 16, 'window_seconds': 9, 'num_subwindows': 8, 'subwindow_freq': 16, 'use_window_slope': False, 'use_subwindow_slope': True, 'use_smote': False}. Best is trial 51 with value: 0.7072026969422766.
Trial 94 F1s - Weighted: 0.7010 | Macro: 0.2081 | Micro: 0.6895

[I 2026-02-21 23:42:57,679] Trial 94 finished with value: 0.7010362131279133 and parameters: {'chunk_seconds': 5, 'num_freqs': 17, 'num_estimators': 256, 'max_depth': 16, 'window_seconds': 9, 'num_subwindows': 4, 'subwindow_freq': 17, 'use_window_slope': False, 'use_subwindow_slope': True, 'use_smote': False}. Best is trial 51 with value: 0.7072026969422766.
Skipping probe: too short (len=559, chunk_size=600)
Skipping probe: too short (len=559, chunk_size=600)
Skipping probe: too short (len=559, chunk_size=600)
Skipping probe: too short (len=559, chunk_size=600)
[I 2026-02-21 23:58:39,619] Trial 95 pruned. 
[I 2026-02-22 00:09:02,806] Trial 96 pruned. 
Trial 97 F1s - Weighted: 0.7063 | Macro: 0.2130 | Micro: 0.6987

[I 2026-02-22 00:45:49,419] Trial 97 finished with value: 0.706269307582633 and parameters: {'chunk_seconds': 5, 'num_freqs': 14, 'num_estimators': 256, 'max_depth': 16, 'window_seconds': 9, 'num_subwindows': 5, 'subwindow_freq': 16, 'use_window_slope': False, 'use_subwindow_slope': True, 'use_smote': False}. Best is trial 51 with value: 0.7072026969422766.
[I 2026-02-22 00:56:38,221] Trial 98 pruned. 
[I 2026-02-22 01:09:10,535] Trial 99 pruned. 
{'chunk_seconds': 5, 'num_freqs': 13, 'num_estimators': 256, 'max_depth': 16, 'window_seconds': 9, 'num_subwindows': 6, 'subwindow_freq': 15, 'use_window_slope': False, 'use_subwindow_slope': True, 'use_smote': False}
Job finished at: Sun Feb 22 01:09:12 EST 2026
