[I 2025-11-14 11:34:43,502] Trial 98 finished with value: 0.3607385970291244 and parameters: {'augment_factor': 8, 'chunk_seconds': 3, 'num_freqs': 3, 'num_estimators': 128, 'max_depth': 4, 'window_seconds': 7, 'num_subwindows': 1, 'subwindow_freq': 10, 'use_window_slope': True, 'use_subwindow_slope': True}. Best is trial 46 with value: 0.49041542819092054.
[0.68129717 0.55869606 0.77979612 0.85340984 0.03450046 0.        ]
[I 2025-11-14 11:38:05,668] Trial 99 finished with value: 0.484616609120305 and parameters: {'augment_factor': 8, 'chunk_seconds': 2, 'num_freqs': 5, 'num_estimators': 128, 'max_depth': 32, 'window_seconds': 6, 'num_subwindows': 2, 'subwindow_freq': 9, 'use_window_slope': True, 'use_subwindow_slope': True}. Best is trial 46 with value: 0.49041542819092054.
{'augment_factor': 1, 'chunk_seconds': 1, 'num_freqs': 7, 'num_estimators': 128, 'max_depth': 16, 'window_seconds': 8, 'num_subwindows': 4, 'subwindow_freq': 8, 'use_window_slope': False, 'use_subwindow_slope': True}
Job finished at: Fri Nov 14 11:38:06 EST 2025
