[I 2025-11-14 06:19:48,651] Trial 48 finished with value: 0.47180878684461774 and parameters: {'augment_factor': 1, 'chunk_seconds': 1, 'num_freqs': 6, 'num_estimators': 128, 'max_depth': 32, 'window_seconds': 7, 'num_subwindows': 4, 'subwindow_freq': 8, 'use_window_slope': False, 'use_subwindow_slope': True}. Best is trial 46 with value: 0.49041542819092054.
[0.65458125 0.53374173 0.77242383 0.84415881 0.03856036 0.        ]
[I 2025-11-14 06:27:55,929] Trial 49 finished with value: 0.47391099773670414 and parameters: {'augment_factor': 1, 'chunk_seconds': 1, 'num_freqs': 6, 'num_estimators': 128, 'max_depth': 32, 'window_seconds': 7, 'num_subwindows': 3, 'subwindow_freq': 8, 'use_window_slope': True, 'use_subwindow_slope': True}. Best is trial 46 with value: 0.49041542819092054.
[0.62905675 0.35237794 0.7464413  0.81438173 0.0066555  0.        ]
[I 2025-11-14 06:31:50,175] Trial 50 finished with value: 0.42481886960717263 and parameters: {'augment_factor': 2, 'chunk_seconds': 1, 'num_freqs': 6, 'num_estimators': 128, 'max_depth': 32, 'window_seconds': 7, 'num_subwindows': 1, 'subwindow_freq': 8, 'use_window_slope': True, 'use_subwindow_slope': False}. Best is trial 46 with value: 0.49041542819092054.
[0.65775316 0.52552121 0.76746845 0.83744726 0.03821645 0.        ]
[I 2025-11-14 06:39:56,739] Trial 51 finished with value: 0.471067753457578 and parameters: {'augment_factor': 1, 'chunk_seconds': 1, 'num_freqs': 4, 'num_estimators': 128, 'max_depth': 32, 'window_seconds': 7, 'num_subwindows': 3, 'subwindow_freq': 8, 'use_window_slope': True, 'use_subwindow_slope': True}. Best is trial 46 with value: 0.49041542819092054.
[0.66180252 0.53372773 0.76838173 0.837644   0.03590241 0.        ]
[I 2025-11-14 06:48:03,725] Trial 52 finished with value: 0.4729097318909827 and parameters: {'augment_factor': 1, 'chunk_seconds': 1, 'num_freqs': 4, 'num_estimators': 128, 'max_depth': 32, 'window_seconds': 7, 'num_subwindows': 3, 'subwindow_freq': 8, 'use_window_slope': True, 'use_subwindow_slope': True}. Best is trial 46 with value: 0.49041542819092054.
[0.71061257 0.50345372 0.76850253 0.84032613 0.03603103 0.        ]
[I 2025-11-14 06:56:16,223] Trial 53 finished with value: 0.47648766307969476 and parameters: {'augment_factor': 1, 'chunk_seconds': 1, 'num_freqs': 1, 'num_estimators': 128, 'max_depth': 32, 'window_seconds': 8, 'num_subwindows': 3, 'subwindow_freq': 8, 'use_window_slope': True, 'use_subwindow_slope': True}. Best is trial 46 with value: 0.49041542819092054.
[0.66455373 0.49357658 0.75977025 0.83067364 0.01644826 0.        ]
[I 2025-11-14 06:59:38,493] Trial 54 finished with value: 0.4608370756865026 and parameters: {'augment_factor': 1, 'chunk_seconds': 2, 'num_freqs': 1, 'num_estimators': 128, 'max_depth': 32, 'window_seconds': 8, 'num_subwindows': 2, 'subwindow_freq': 6, 'use_window_slope': True, 'use_subwindow_slope': True}. Best is trial 46 with value: 0.49041542819092054.
[0.73146964 0.48836814 0.78590525 0.85846569 0.02507539 0.        ]
[I 2025-11-14 07:04:32,856] Trial 55 finished with value: 0.4815473513169006 and parameters: {'augment_factor': 4, 'chunk_seconds': 2, 'num_freqs': 2, 'num_estimators': 128, 'max_depth': 32, 'window_seconds': 8, 'num_subwindows': 4, 'subwindow_freq': 8, 'use_window_slope': True, 'use_subwindow_slope': True}. Best is trial 46 with value: 0.49041542819092054.
[0.66701503 0.51170976 0.7611077  0.83199647 0.0204524  0.        ]
[I 2025-11-14 07:07:54,855] Trial 56 finished with value: 0.4653802264589235 and parameters: {'augment_factor': 4, 'chunk_seconds': 2, 'num_freqs': 2, 'num_estimators': 128, 'max_depth': 32, 'window_seconds': 8, 'num_subwindows': 2, 'subwindow_freq': 6, 'use_window_slope': True, 'use_subwindow_slope': True}. Best is trial 46 with value: 0.49041542819092054.
[0.6994686  0.4964933  0.78772643 0.86304145 0.03024524 0.        ]
[I 2025-11-14 07:12:53,376] Trial 57 finished with value: 0.47949583757511643 and parameters: {'augment_factor': 4, 'chunk_seconds': 2, 'num_freqs': 3, 'num_estimators': 128, 'max_depth': 32, 'window_seconds': 8, 'num_subwindows': 4, 'subwindow_freq': 11, 'use_window_slope': True, 'use_subwindow_slope': True}. Best is trial 46 with value: 0.49041542819092054.
[0.69522122 0.4217095  0.80134604 0.87482123 0.02463828 0.        ]
[I 2025-11-14 07:15:56,520] Trial 58 finished with value: 0.46962271292247154 and parameters: {'augment_factor': 4, 'chunk_seconds': 2, 'num_freqs': 1, 'num_estimators': 128, 'max_depth': 32, 'window_seconds': 8, 'num_subwindows': 4, 'subwindow_freq': 11, 'use_window_slope': True, 'use_subwindow_slope': False}. Best is trial 46 with value: 0.49041542819092054.
[0.6924225  0.4314233  0.79089518 0.86285834 0.03473366 0.        ]
[I 2025-11-14 07:20:09,787] Trial 59 finished with value: 0.4687221651008286 and parameters: {'augment_factor': 4, 'chunk_seconds': 2, 'num_freqs': 3, 'num_estimators': 128, 'max_depth': 32, 'window_seconds': 8, 'num_subwindows': 3, 'subwindow_freq': 10, 'use_window_slope': True, 'use_subwindow_slope': True}. Best is trial 46 with value: 0.49041542819092054.
[0.68806433 0.5254349  0.77074863 0.84091276 0.02504396 0.        ]
[I 2025-11-14 07:31:06,879] Trial 60 finished with value: 0.4750340972671599 and parameters: {'augment_factor': 4, 'chunk_seconds': 1, 'num_freqs': 2, 'num_estimators': 128, 'max_depth': 32, 'window_seconds': 8, 'num_subwindows': 5, 'subwindow_freq': 7, 'use_window_slope': True, 'use_subwindow_slope': True}. Best is trial 46 with value: 0.49041542819092054.
[0.70582001 0.52087994 0.76871913 0.83708872 0.02382329 0.        ]
[I 2025-11-14 07:42:04,882] Trial 61 finished with value: 0.4760551818862868 and parameters: {'augment_factor': 4, 'chunk_seconds': 1, 'num_freqs': 2, 'num_estimators': 128, 'max_depth': 32, 'window_seconds': 8, 'num_subwindows': 5, 'subwindow_freq': 7, 'use_window_slope': True, 'use_subwindow_slope': True}. Best is trial 46 with value: 0.49041542819092054.
[0.67729067 0.52589051 0.77135244 0.83912418 0.02433369 0.        ]
[I 2025-11-14 07:53:01,543] Trial 62 finished with value: 0.47299858194809247 and parameters: {'augment_factor': 4, 'chunk_seconds': 1, 'num_freqs': 3, 'num_estimators': 128, 'max_depth': 32, 'window_seconds': 8, 'num_subwindows': 5, 'subwindow_freq': 7, 'use_window_slope': True, 'use_subwindow_slope': True}. Best is trial 46 with value: 0.49041542819092054.
[0.67215228 0.49613661 0.77150648 0.84787412 0.03140185 0.        ]
[I 2025-11-14 07:56:27,847] Trial 63 finished with value: 0.46984522385297134 and parameters: {'augment_factor': 4, 'chunk_seconds': 2, 'num_freqs': 2, 'num_estimators': 128, 'max_depth': 32, 'window_seconds': 8, 'num_subwindows': 2, 'subwindow_freq': 7, 'use_window_slope': True, 'use_subwindow_slope': True}. Best is trial 46 with value: 0.49041542819092054.
[0.7420127  0.49547976 0.77077531 0.84071991 0.03405481 0.        ]
[I 2025-11-14 08:06:08,031] Trial 64 finished with value: 0.4805070811186858 and parameters: {'augment_factor': 4, 'chunk_seconds': 1, 'num_freqs': 1, 'num_estimators': 128, 'max_depth': 32, 'window_seconds': 9, 'num_subwindows': 4, 'subwindow_freq': 7, 'use_window_slope': True, 'use_subwindow_slope': True}. Best is trial 46 with value: 0.49041542819092054.
[0.71188201 0.43843297 0.78138098 0.84911062 0.0203343  0.        ]
[I 2025-11-14 08:11:46,276] Trial 65 finished with value: 0.4668568135905847 and parameters: {'augment_factor': 4, 'chunk_seconds': 2, 'num_freqs': 1, 'num_estimators': 128, 'max_depth': 32, 'window_seconds': 9, 'num_subwindows': 5, 'subwindow_freq': 7, 'use_window_slope': True, 'use_subwindow_slope': True}. Best is trial 46 with value: 0.49041542819092054.
[0.72406008 0.49804727 0.76590249 0.8348013  0.03454156 0.        ]
[I 2025-11-14 08:21:19,100] Trial 66 finished with value: 0.47622544923188254 and parameters: {'augment_factor': 4, 'chunk_seconds': 1, 'num_freqs': 2, 'num_estimators': 128, 'max_depth': 32, 'window_seconds': 9, 'num_subwindows': 4, 'subwindow_freq': 5, 'use_window_slope': True, 'use_subwindow_slope': True}. Best is trial 46 with value: 0.49041542819092054.
[0.71328756 0.50423813 0.77564705 0.85080632 0.03587242 0.        ]
[I 2025-11-14 08:26:12,540] Trial 67 finished with value: 0.4799752485129589 and parameters: {'augment_factor': 4, 'chunk_seconds': 2, 'num_freqs': 3, 'num_estimators': 128, 'max_depth': 32, 'window_seconds': 9, 'num_subwindows': 4, 'subwindow_freq': 5, 'use_window_slope': True, 'use_subwindow_slope': True}. Best is trial 46 with value: 0.49041542819092054.
[0.71240102 0.4559821  0.77845443 0.85070458 0.03468967 0.        ]
[I 2025-11-14 08:29:10,171] Trial 68 finished with value: 0.47203863410501995 and parameters: {'augment_factor': 4, 'chunk_seconds': 2, 'num_freqs': 3, 'num_estimators': 128, 'max_depth': 32, 'window_seconds': 9, 'num_subwindows': 4, 'subwindow_freq': 4, 'use_window_slope': True, 'use_subwindow_slope': False}. Best is trial 46 with value: 0.49041542819092054.
[0.60538579 0.3063645  0.70329905 0.75674773 0.00791263 0.        ]
[I 2025-11-14 08:31:46,501] Trial 69 finished with value: 0.39661828218191214 and parameters: {'augment_factor': 4, 'chunk_seconds': 2, 'num_freqs': 1, 'num_estimators': 128, 'max_depth': 32, 'window_seconds': 9, 'num_subwindows': 1, 'subwindow_freq': 5, 'use_window_slope': True, 'use_subwindow_slope': True}. Best is trial 46 with value: 0.49041542819092054.
[0.69070699 0.47313776 0.78523169 0.85746928 0.03333914 0.        ]
[I 2025-11-14 08:36:28,281] Trial 70 finished with value: 0.47331414426051205 and parameters: {'augment_factor': 4, 'chunk_seconds': 2, 'num_freqs': 3, 'num_estimators': 64, 'max_depth': 64, 'window_seconds': 9, 'num_subwindows': 4, 'subwindow_freq': 12, 'use_window_slope': True, 'use_subwindow_slope': True}. Best is trial 46 with value: 0.49041542819092054.
[0.6899374  0.47175274 0.76304883 0.83840463 0.04370068 0.        ]
[I 2025-11-14 08:43:09,634] Trial 71 finished with value: 0.4678073816029145 and parameters: {'augment_factor': 4, 'chunk_seconds': 1, 'num_freqs': 2, 'num_estimators': 128, 'max_depth': 32, 'window_seconds': 9, 'num_subwindows': 2, 'subwindow_freq': 9, 'use_window_slope': True, 'use_subwindow_slope': True}. Best is trial 46 with value: 0.49041542819092054.
[0.68826844 0.41743183 0.75713657 0.82578326 0.02768911 0.        ]
[I 2025-11-14 08:51:17,086] Trial 72 finished with value: 0.45271820267587937 and parameters: {'augment_factor': 4, 'chunk_seconds': 1, 'num_freqs': 1, 'num_estimators': 128, 'max_depth': 32, 'window_seconds': 9, 'num_subwindows': 3, 'subwindow_freq': 5, 'use_window_slope': True, 'use_subwindow_slope': True}. Best is trial 46 with value: 0.49041542819092054.
[0.6280012  0.54860566 0.77663187 0.84174464 0.01803036 0.        ]
[I 2025-11-14 09:03:48,042] Trial 73 finished with value: 0.4688356230500852 and parameters: {'augment_factor': 4, 'chunk_seconds': 1, 'num_freqs': 2, 'num_estimators': 128, 'max_depth': 128, 'window_seconds': 8, 'num_subwindows': 6, 'subwindow_freq': 6, 'use_window_slope': True, 'use_subwindow_slope': True}. Best is trial 46 with value: 0.49041542819092054.
[0.58391681 0.52042949 0.7512045  0.85592938 0.06848356 0.        ]
[I 2025-11-14 09:08:16,165] Trial 74 finished with value: 0.4633272898344812 and parameters: {'augment_factor': 4, 'chunk_seconds': 2, 'num_freqs': 3, 'num_estimators': 32, 'max_depth': 8, 'window_seconds': 9, 'num_subwindows': 4, 'subwindow_freq': 11, 'use_window_slope': True, 'use_subwindow_slope': True}. Best is trial 46 with value: 0.49041542819092054.
Skipping probe: too short (len=824, chunk_size=1000)
Skipping probe: too short (len=824, chunk_size=1000)
Skipping probe: too short (len=824, chunk_size=1000)
Skipping probe: too short (len=824, chunk_size=1000)
Skipping probe: too short (len=824, chunk_size=1000)
[0.54107738 0.12293053 0.78654152 0.84510653 0.00673149 0.        ]
[I 2025-11-14 09:09:37,236] Trial 75 finished with value: 0.38373124092116884 and parameters: {'augment_factor': 4, 'chunk_seconds': 10, 'num_freqs': 4, 'num_estimators': 128, 'max_depth': 32, 'window_seconds': 8, 'num_subwindows': 5, 'subwindow_freq': 5, 'use_window_slope': True, 'use_subwindow_slope': True}. Best is trial 46 with value: 0.49041542819092054.
[0.55894591 0.43482132 0.75824909 0.81508488 0.04114195 0.        ]
[I 2025-11-14 09:16:49,213] Trial 76 finished with value: 0.4347071884947869 and parameters: {'augment_factor': 4, 'chunk_seconds': 1, 'num_freqs': 1, 'num_estimators': 8, 'max_depth': 32, 'window_seconds': 8, 'num_subwindows': 3, 'subwindow_freq': 10, 'use_window_slope': True, 'use_subwindow_slope': True}. Best is trial 46 with value: 0.49041542819092054.
[0.52029615 0.37979356 0.7792749  0.84324685 0.00702903 0.        ]
[I 2025-11-14 09:31:09,664] Trial 77 finished with value: 0.42160674791278213 and parameters: {'augment_factor': 4, 'chunk_seconds': 2, 'num_freqs': 2, 'num_estimators': 16, 'max_depth': 32, 'window_seconds': 9, 'num_subwindows': 19, 'subwindow_freq': 4, 'use_window_slope': True, 'use_subwindow_slope': True}. Best is trial 46 with value: 0.49041542819092054.
[0.67901676 0.28749205 0.79041851 0.87198838 0.04287987 0.        ]
[I 2025-11-14 09:35:36,429] Trial 78 finished with value: 0.44529926097552947 and parameters: {'augment_factor': 4, 'chunk_seconds': 3, 'num_freqs': 3, 'num_estimators': 128, 'max_depth': 32, 'window_seconds': 10, 'num_subwindows': 6, 'subwindow_freq': 9, 'use_window_slope': True, 'use_subwindow_slope': True}. Best is trial 46 with value: 0.49041542819092054.
[0.25586147 0.09064202 0.65017076 0.8363608  0.32061545 0.        ]
[I 2025-11-14 09:36:54,083] Trial 79 finished with value: 0.35894175092795017 and parameters: {'augment_factor': 4, 'chunk_seconds': 8, 'num_freqs': 5, 'num_estimators': 128, 'max_depth': 4, 'window_seconds': 2, 'num_subwindows': 4, 'subwindow_freq': 8, 'use_window_slope': True, 'use_subwindow_slope': True}. Best is trial 46 with value: 0.49041542819092054.
[0.68724425 0.46305893 0.75048874 0.82028987 0.01043851 0.        ]
[I 2025-11-14 09:43:36,421] Trial 80 finished with value: 0.4552533851125998 and parameters: {'augment_factor': 4, 'chunk_seconds': 1, 'num_freqs': 5, 'num_estimators': 128, 'max_depth': 256, 'window_seconds': 9, 'num_subwindows': 2, 'subwindow_freq': 6, 'use_window_slope': True, 'use_subwindow_slope': True}. Best is trial 46 with value: 0.49041542819092054.
[0.73823619 0.50836369 0.77324652 0.84045708 0.02438205 0.        ]
[I 2025-11-14 09:54:34,909] Trial 81 finished with value: 0.48078092130798006 and parameters: {'augment_factor': 4, 'chunk_seconds': 1, 'num_freqs': 2, 'num_estimators': 128, 'max_depth': 32, 'window_seconds': 8, 'num_subwindows': 5, 'subwindow_freq': 7, 'use_window_slope': True, 'use_subwindow_slope': True}. Best is trial 46 with value: 0.49041542819092054.
[0.69202459 0.49925048 0.7662735  0.83624563 0.02469529 0.        ]
[I 2025-11-14 10:05:32,997] Trial 82 finished with value: 0.4697482463614114 and parameters: {'augment_factor': 4, 'chunk_seconds': 1, 'num_freqs': 2, 'num_estimators': 128, 'max_depth': 32, 'window_seconds': 8, 'num_subwindows': 5, 'subwindow_freq': 7, 'use_window_slope': True, 'use_subwindow_slope': True}. Best is trial 46 with value: 0.49041542819092054.
[0.72491224 0.42866459 0.77543899 0.84410399 0.02878695 0.        ]
[I 2025-11-14 10:16:44,345] Trial 83 finished with value: 0.4669844613441175 and parameters: {'augment_factor': 4, 'chunk_seconds': 1, 'num_freqs': 1, 'num_estimators': 128, 'max_depth': 32, 'window_seconds': 9, 'num_subwindows': 5, 'subwindow_freq': 8, 'use_window_slope': True, 'use_subwindow_slope': True}. Best is trial 46 with value: 0.49041542819092054.
[0.6937389  0.48496678 0.78613093 0.86041973 0.02603332 0.        ]
[I 2025-11-14 10:21:40,083] Trial 84 finished with value: 0.47521494313439144 and parameters: {'augment_factor': 4, 'chunk_seconds': 2, 'num_freqs': 3, 'num_estimators': 128, 'max_depth': 32, 'window_seconds': 8, 'num_subwindows': 4, 'subwindow_freq': 9, 'use_window_slope': True, 'use_subwindow_slope': True}. Best is trial 46 with value: 0.49041542819092054.
[0.68770088 0.5283884  0.75938295 0.82706102 0.02393678 0.        ]
[I 2025-11-14 10:29:11,626] Trial 85 finished with value: 0.4710783400759834 and parameters: {'augment_factor': 8, 'chunk_seconds': 1, 'num_freqs': 4, 'num_estimators': 64, 'max_depth': 128, 'window_seconds': 7, 'num_subwindows': 3, 'subwindow_freq': 5, 'use_window_slope': True, 'use_subwindow_slope': True}. Best is trial 46 with value: 0.49041542819092054.
[0.58742708 0.51510067 0.75801396 0.86286267 0.06766908 0.        ]
[I 2025-11-14 10:33:20,939] Trial 86 finished with value: 0.4651789096878607 and parameters: {'augment_factor': 4, 'chunk_seconds': 3, 'num_freqs': 2, 'num_estimators': 128, 'max_depth': 8, 'window_seconds': 8, 'num_subwindows': 6, 'subwindow_freq': 7, 'use_window_slope': True, 'use_subwindow_slope': True}. Best is trial 46 with value: 0.49041542819092054.
[0.70570473 0.39669987 0.7859458  0.85382729 0.01979285 0.        ]
[I 2025-11-14 10:41:23,103] Trial 87 finished with value: 0.4603284222453219 and parameters: {'augment_factor': 4, 'chunk_seconds': 1, 'num_freqs': 1, 'num_estimators': 128, 'max_depth': 32, 'window_seconds': 9, 'num_subwindows': 8, 'subwindow_freq': 10, 'use_window_slope': True, 'use_subwindow_slope': False}. Best is trial 46 with value: 0.49041542819092054.
[0.66743698 0.4700703  0.77061024 0.83820747 0.02081318 0.        ]
[I 2025-11-14 10:46:33,052] Trial 88 finished with value: 0.4611896967352609 and parameters: {'augment_factor': 2, 'chunk_seconds': 2, 'num_freqs': 2, 'num_estimators': 32, 'max_depth': 64, 'window_seconds': 8, 'num_subwindows': 5, 'subwindow_freq': 4, 'use_window_slope': True, 'use_subwindow_slope': True}. Best is trial 46 with value: 0.49041542819092054.
[0.55091642 0.40415752 0.75347125 0.80896588 0.02626054 0.        ]
[I 2025-11-14 10:55:02,332] Trial 89 finished with value: 0.4239619341065353 and parameters: {'augment_factor': 4, 'chunk_seconds': 1, 'num_freqs': 4, 'num_estimators': 8, 'max_depth': 32, 'window_seconds': 9, 'num_subwindows': 4, 'subwindow_freq': 6, 'use_window_slope': True, 'use_subwindow_slope': True}. Best is trial 46 with value: 0.49041542819092054.
[0.61295276 0.32211034 0.76533197 0.84204459 0.00891805 0.        ]
[I 2025-11-14 10:57:39,129] Trial 90 finished with value: 0.4252262857757807 and parameters: {'augment_factor': 4, 'chunk_seconds': 2, 'num_freqs': 5, 'num_estimators': 128, 'max_depth': 32, 'window_seconds': 7, 'num_subwindows': 1, 'subwindow_freq': 12, 'use_window_slope': True, 'use_subwindow_slope': True}. Best is trial 46 with value: 0.49041542819092054.
[0.71790225 0.48569544 0.78895371 0.86414705 0.02692656 0.        ]
[I 2025-11-14 11:02:34,337] Trial 91 finished with value: 0.48060416743259293 and parameters: {'augment_factor': 4, 'chunk_seconds': 2, 'num_freqs': 3, 'num_estimators': 128, 'max_depth': 32, 'window_seconds': 8, 'num_subwindows': 4, 'subwindow_freq': 9, 'use_window_slope': True, 'use_subwindow_slope': True}. Best is trial 46 with value: 0.49041542819092054.
[0.70703742 0.43116511 0.78198869 0.85295338 0.03281728 0.        ]
[I 2025-11-14 11:06:47,979] Trial 92 finished with value: 0.46766031337433717 and parameters: {'augment_factor': 4, 'chunk_seconds': 2, 'num_freqs': 3, 'num_estimators': 128, 'max_depth': 32, 'window_seconds': 8, 'num_subwindows': 3, 'subwindow_freq': 9, 'use_window_slope': True, 'use_subwindow_slope': True}. Best is trial 46 with value: 0.49041542819092054.
[0.65036528 0.40286951 0.79283896 0.86138419 0.01879043 0.        ]
[I 2025-11-14 11:11:07,210] Trial 93 finished with value: 0.4543747288540849 and parameters: {'augment_factor': 4, 'chunk_seconds': 3, 'num_freqs': 1, 'num_estimators': 128, 'max_depth': 32, 'window_seconds': 8, 'num_subwindows': 6, 'subwindow_freq': 8, 'use_window_slope': True, 'use_subwindow_slope': True}. Best is trial 46 with value: 0.49041542819092054.
[0.61897387 0.52885805 0.7641665  0.82839587 0.03125779 0.        ]
[I 2025-11-14 11:19:38,520] Trial 94 finished with value: 0.46194201367792104 and parameters: {'augment_factor': 4, 'chunk_seconds': 1, 'num_freqs': 2, 'num_estimators': 16, 'max_depth': 32, 'window_seconds': 8, 'num_subwindows': 4, 'subwindow_freq': 8, 'use_window_slope': True, 'use_subwindow_slope': True}. Best is trial 46 with value: 0.49041542819092054.
[0.68709985 0.58011888 0.7615512  0.83448449 0.03682645 0.        ]
[I 2025-11-14 11:26:12,720] Trial 95 finished with value: 0.48334680960231435 and parameters: {'augment_factor': 8, 'chunk_seconds': 1, 'num_freqs': 3, 'num_estimators': 128, 'max_depth': 32, 'window_seconds': 7, 'num_subwindows': 2, 'subwindow_freq': 9, 'use_window_slope': True, 'use_subwindow_slope': True}. Best is trial 46 with value: 0.49041542819092054.
[0.66338616 0.54576998 0.77771483 0.85231283 0.02938423 0.        ]
[I 2025-11-14 11:29:37,888] Trial 96 finished with value: 0.4780946722788569 and parameters: {'augment_factor': 8, 'chunk_seconds': 2, 'num_freqs': 3, 'num_estimators': 128, 'max_depth': 32, 'window_seconds': 7, 'num_subwindows': 2, 'subwindow_freq': 9, 'use_window_slope': True, 'use_subwindow_slope': True}. Best is trial 46 with value: 0.49041542819092054.
[0.67711566 0.53100119 0.77952313 0.85374601 0.01394464 0.        ]
[I 2025-11-14 11:33:02,896] Trial 97 finished with value: 0.4758884380192278 and parameters: {'augment_factor': 8, 'chunk_seconds': 2, 'num_freqs': 4, 'num_estimators': 128, 'max_depth': 256, 'window_seconds': 7, 'num_subwindows': 2, 'subwindow_freq': 11, 'use_window_slope': True, 'use_subwindow_slope': True}. Best is trial 46 with value: 0.49041542819092054.
[0.2437576  0.19895663 0.61617919 0.80767661 0.29786155 0.        ]
