uv version: uv 0.9.5
Running on host: gpu04.cluster
Job started at: Fri Nov 14 01:00:43 EST 2025
Running job ID: 508260
Loading Data...
[0.46855603 0.38414244 0.7501955  0.85394481 0.05503029 0.        ]
[I 2025-11-14 01:08:21,120] Trial 0 finished with value: 0.41864484422489334 and parameters: {'augment_factor': 8, 'chunk_seconds': 3, 'num_freqs': 5, 'num_estimators': 16, 'max_depth': 8, 'window_seconds': 5, 'num_subwindows': 14, 'subwindow_freq': 3, 'use_window_slope': True, 'use_subwindow_slope': True}. Best is trial 0 with value: 0.41864484422489334.
[0.45464507 0.0765349  0.77043443 0.8432081  0.00440101 0.        ]
[I 2025-11-14 01:10:02,962] Trial 1 finished with value: 0.3582039195777071 and parameters: {'augment_factor': 2, 'chunk_seconds': 6, 'num_freqs': 7, 'num_estimators': 32, 'max_depth': 256, 'window_seconds': 2, 'num_subwindows': 5, 'subwindow_freq': 3, 'use_window_slope': False, 'use_subwindow_slope': True}. Best is trial 0 with value: 0.41864484422489334.
[0.4759311  0.28009207 0.7724152  0.84693291 0.04941917 0.        ]
[I 2025-11-14 01:13:30,282] Trial 2 finished with value: 0.4041317396171981 and parameters: {'augment_factor': 8, 'chunk_seconds': 4, 'num_freqs': 6, 'num_estimators': 16, 'max_depth': 16, 'window_seconds': 5, 'num_subwindows': 8, 'subwindow_freq': 7, 'use_window_slope': False, 'use_subwindow_slope': True}. Best is trial 0 with value: 0.41864484422489334.
[0.43076264 0.10584228 0.76348608 0.84033929 0.02523047 0.        ]
[I 2025-11-14 01:15:52,188] Trial 3 finished with value: 0.36094345924319354 and parameters: {'augment_factor': 1, 'chunk_seconds': 6, 'num_freqs': 6, 'num_estimators': 8, 'max_depth': 64, 'window_seconds': 4, 'num_subwindows': 8, 'subwindow_freq': 12, 'use_window_slope': False, 'use_subwindow_slope': True}. Best is trial 0 with value: 0.41864484422489334.
Skipping probe: too short (len=824, chunk_size=1000)
Skipping probe: too short (len=824, chunk_size=1000)
Skipping probe: too short (len=824, chunk_size=1000)
Skipping probe: too short (len=824, chunk_size=1000)
Skipping probe: too short (len=824, chunk_size=1000)
[0.2058782  0.         0.78173302 0.84235312 0.01378954 0.        ]
[I 2025-11-14 01:16:52,732] Trial 4 finished with value: 0.3072923128835087 and parameters: {'augment_factor': 8, 'chunk_seconds': 10, 'num_freqs': 1, 'num_estimators': 256, 'max_depth': 64, 'window_seconds': 3, 'num_subwindows': 8, 'subwindow_freq': 18, 'use_window_slope': False, 'use_subwindow_slope': False}. Best is trial 0 with value: 0.41864484422489334.
Skipping probe: too short (len=824, chunk_size=900)
Skipping probe: too short (len=824, chunk_size=900)
Skipping probe: too short (len=824, chunk_size=900)
Skipping probe: too short (len=824, chunk_size=900)
Skipping probe: too short (len=824, chunk_size=900)
[0.37540785 0.09439821 0.7032932  0.80147549 0.05648018 0.        ]
[I 2025-11-14 01:18:31,121] Trial 5 finished with value: 0.33850915368152684 and parameters: {'augment_factor': 8, 'chunk_seconds': 9, 'num_freqs': 12, 'num_estimators': 8, 'max_depth': 8, 'window_seconds': 3, 'num_subwindows': 8, 'subwindow_freq': 2, 'use_window_slope': False, 'use_subwindow_slope': True}. Best is trial 0 with value: 0.41864484422489334.
[0.24357893 0.34125334 0.69071554 0.85388668 0.33486152 0.        ]
[I 2025-11-14 01:20:39,062] Trial 6 finished with value: 0.410716002204732 and parameters: {'augment_factor': 2, 'chunk_seconds': 7, 'num_freqs': 6, 'num_estimators': 32, 'max_depth': 4, 'window_seconds': 10, 'num_subwindows': 8, 'subwindow_freq': 15, 'use_window_slope': False, 'use_subwindow_slope': True}. Best is trial 0 with value: 0.41864484422489334.
[0.53233655 0.21669951 0.78627068 0.87031969 0.02153683 0.        ]
[I 2025-11-14 01:21:59,134] Trial 7 finished with value: 0.4045272092375081 and parameters: {'augment_factor': 8, 'chunk_seconds': 6, 'num_freqs': 17, 'num_estimators': 16, 'max_depth': 128, 'window_seconds': 9, 'num_subwindows': 3, 'subwindow_freq': 20, 'use_window_slope': False, 'use_subwindow_slope': True}. Best is trial 0 with value: 0.41864484422489334.
[0.45425244 0.1143307  0.79228875 0.87229014 0.00990875 0.        ]
[I 2025-11-14 01:23:00,878] Trial 8 finished with value: 0.37384512914852414 and parameters: {'augment_factor': 2, 'chunk_seconds': 8, 'num_freqs': 10, 'num_estimators': 128, 'max_depth': 32, 'window_seconds': 4, 'num_subwindows': 5, 'subwindow_freq': 12, 'use_window_slope': True, 'use_subwindow_slope': False}. Best is trial 0 with value: 0.41864484422489334.
[0.5567281  0.47280465 0.791213   0.85901246 0.00788685 0.        ]
[I 2025-11-14 01:36:18,642] Trial 9 finished with value: 0.4479408435701184 and parameters: {'augment_factor': 1, 'chunk_seconds': 2, 'num_freqs': 19, 'num_estimators': 32, 'max_depth': 64, 'window_seconds': 8, 'num_subwindows': 18, 'subwindow_freq': 5, 'use_window_slope': False, 'use_subwindow_slope': True}. Best is trial 9 with value: 0.4479408435701184.
[0.52688665 0.50339018 0.78456258 0.8486914  0.0072159  0.        ]
[I 2025-11-14 01:48:30,796] Trial 10 finished with value: 0.44512445158549974 and parameters: {'augment_factor': 1, 'chunk_seconds': 1, 'num_freqs': 20, 'num_estimators': 32, 'max_depth': 64, 'window_seconds': 8, 'num_subwindows': 20, 'subwindow_freq': 7, 'use_window_slope': True, 'use_subwindow_slope': False}. Best is trial 9 with value: 0.4479408435701184.
[0.5109455  0.4991187  0.78954566 0.85432439 0.00724571 0.        ]
[I 2025-11-14 02:01:07,894] Trial 11 finished with value: 0.4435299934873617 and parameters: {'augment_factor': 1, 'chunk_seconds': 1, 'num_freqs': 20, 'num_estimators': 64, 'max_depth': 64, 'window_seconds': 8, 'num_subwindows': 20, 'subwindow_freq': 7, 'use_window_slope': True, 'use_subwindow_slope': False}. Best is trial 9 with value: 0.4479408435701184.
[0.51061533 0.51430908 0.78976349 0.85512809 0.00544169 0.        ]
[I 2025-11-14 02:13:17,009] Trial 12 finished with value: 0.4458762779137074 and parameters: {'augment_factor': 4, 'chunk_seconds': 1, 'num_freqs': 17, 'num_estimators': 32, 'max_depth': 64, 'window_seconds': 7, 'num_subwindows': 20, 'subwindow_freq': 7, 'use_window_slope': True, 'use_subwindow_slope': False}. Best is trial 9 with value: 0.4479408435701184.
[0.59061915 0.35302649 0.79007615 0.87039291 0.01853537 0.        ]
[I 2025-11-14 02:16:58,991] Trial 13 finished with value: 0.43710834333883053 and parameters: {'augment_factor': 4, 'chunk_seconds': 3, 'num_freqs': 15, 'num_estimators': 32, 'max_depth': 64, 'window_seconds': 7, 'num_subwindows': 16, 'subwindow_freq': 9, 'use_window_slope': True, 'use_subwindow_slope': False}. Best is trial 9 with value: 0.4479408435701184.
[0.50891687 0.45038808 0.80035346 0.86727059 0.00802398 0.        ]
[I 2025-11-14 02:22:17,662] Trial 14 finished with value: 0.4391588310061767 and parameters: {'augment_factor': 4, 'chunk_seconds': 2, 'num_freqs': 16, 'num_estimators': 32, 'max_depth': 32, 'window_seconds': 7, 'num_subwindows': 16, 'subwindow_freq': 5, 'use_window_slope': True, 'use_subwindow_slope': False}. Best is trial 9 with value: 0.4479408435701184.
[0.26959385 0.19571501 0.66351356 0.87253154 0.36005491 0.        ]
[I 2025-11-14 02:25:15,220] Trial 15 finished with value: 0.39356814436097726 and parameters: {'augment_factor': 4, 'chunk_seconds': 4, 'num_freqs': 13, 'num_estimators': 128, 'max_depth': 4, 'window_seconds': 6, 'num_subwindows': 17, 'subwindow_freq': 10, 'use_window_slope': True, 'use_subwindow_slope': False}. Best is trial 9 with value: 0.4479408435701184.
[0.57636754 0.49202023 0.74818707 0.84500901 0.06190874 0.        ]
[I 2025-11-14 02:46:27,527] Trial 16 finished with value: 0.45391542970074555 and parameters: {'augment_factor': 1, 'chunk_seconds': 1, 'num_freqs': 18, 'num_estimators': 256, 'max_depth': 16, 'window_seconds': 10, 'num_subwindows': 12, 'subwindow_freq': 1, 'use_window_slope': False, 'use_subwindow_slope': True}. Best is trial 16 with value: 0.45391542970074555.
[0.63150553 0.20191754 0.77414364 0.87192582 0.05829256 0.        ]
[I 2025-11-14 02:52:15,691] Trial 17 finished with value: 0.42296418077247916 and parameters: {'augment_factor': 1, 'chunk_seconds': 4, 'num_freqs': 19, 'num_estimators': 256, 'max_depth': 16, 'window_seconds': 10, 'num_subwindows': 13, 'subwindow_freq': 2, 'use_window_slope': False, 'use_subwindow_slope': True}. Best is trial 16 with value: 0.45391542970074555.
[0.54850253 0.49077243 0.75537876 0.84754567 0.06755255 0.        ]
[I 2025-11-14 03:02:52,455] Trial 18 finished with value: 0.4516253254422084 and parameters: {'augment_factor': 1, 'chunk_seconds': 2, 'num_freqs': 14, 'num_estimators': 256, 'max_depth': 16, 'window_seconds': 9, 'num_subwindows': 12, 'subwindow_freq': 1, 'use_window_slope': False, 'use_subwindow_slope': True}. Best is trial 16 with value: 0.45391542970074555.
[0.55124565 0.48415648 0.75546618 0.84451628 0.06356851 0.        ]
[I 2025-11-14 03:12:50,190] Trial 19 finished with value: 0.4498255147918511 and parameters: {'augment_factor': 1, 'chunk_seconds': 2, 'num_freqs': 10, 'num_estimators': 256, 'max_depth': 16, 'window_seconds': 9, 'num_subwindows': 11, 'subwindow_freq': 1, 'use_window_slope': False, 'use_subwindow_slope': True}. Best is trial 16 with value: 0.45391542970074555.
[0.57562496 0.3066943  0.77148065 0.86069117 0.06085842 0.        ]
[I 2025-11-14 03:19:33,869] Trial 20 finished with value: 0.4292249182156647 and parameters: {'augment_factor': 1, 'chunk_seconds': 3, 'num_freqs': 14, 'num_estimators': 256, 'max_depth': 16, 'window_seconds': 10, 'num_subwindows': 11, 'subwindow_freq': 4, 'use_window_slope': False, 'use_subwindow_slope': True}. Best is trial 16 with value: 0.45391542970074555.
[0.54093479 0.50580498 0.75799375 0.84425094 0.0639458  0.        ]
[I 2025-11-14 03:30:09,993] Trial 21 finished with value: 0.45215504310202154 and parameters: {'augment_factor': 1, 'chunk_seconds': 2, 'num_freqs': 10, 'num_estimators': 256, 'max_depth': 16, 'window_seconds': 9, 'num_subwindows': 12, 'subwindow_freq': 1, 'use_window_slope': False, 'use_subwindow_slope': True}. Best is trial 16 with value: 0.45391542970074555.
[0.53095691 0.50313312 0.75976302 0.85059211 0.06249934 0.        ]
[I 2025-11-14 03:41:35,730] Trial 22 finished with value: 0.45115741776420437 and parameters: {'augment_factor': 1, 'chunk_seconds': 2, 'num_freqs': 12, 'num_estimators': 256, 'max_depth': 16, 'window_seconds': 9, 'num_subwindows': 13, 'subwindow_freq': 1, 'use_window_slope': False, 'use_subwindow_slope': True}. Best is trial 16 with value: 0.45391542970074555.
[0.65614619 0.38435556 0.77585761 0.86192244 0.06232048 0.        ]
[I 2025-11-14 03:45:23,682] Trial 23 finished with value: 0.45676704723894956 and parameters: {'augment_factor': 1, 'chunk_seconds': 5, 'num_freqs': 9, 'num_estimators': 256, 'max_depth': 16, 'window_seconds': 9, 'num_subwindows': 10, 'subwindow_freq': 1, 'use_window_slope': False, 'use_subwindow_slope': True}. Best is trial 23 with value: 0.45676704723894956.
[0.64569913 0.23530858 0.78803321 0.87902192 0.06165018 0.        ]
[I 2025-11-14 03:49:15,426] Trial 24 finished with value: 0.43495217091404353 and parameters: {'augment_factor': 1, 'chunk_seconds': 5, 'num_freqs': 8, 'num_estimators': 256, 'max_depth': 16, 'window_seconds': 10, 'num_subwindows': 10, 'subwindow_freq': 5, 'use_window_slope': False, 'use_subwindow_slope': True}. Best is trial 23 with value: 0.45676704723894956.
[0.63755613 0.39937128 0.78983101 0.85800425 0.00953971 0.        ]
[I 2025-11-14 03:52:41,458] Trial 25 finished with value: 0.44905039586722945 and parameters: {'augment_factor': 1, 'chunk_seconds': 5, 'num_freqs': 3, 'num_estimators': 64, 'max_depth': 128, 'window_seconds': 8, 'num_subwindows': 10, 'subwindow_freq': 3, 'use_window_slope': False, 'use_subwindow_slope': True}. Best is trial 23 with value: 0.45676704723894956.
[0.58862288 0.24382344 0.80167148 0.88254919 0.01829595 0.        ]
[I 2025-11-14 03:56:18,934] Trial 26 finished with value: 0.4224938226475423 and parameters: {'augment_factor': 1, 'chunk_seconds': 7, 'num_freqs': 9, 'num_estimators': 256, 'max_depth': 256, 'window_seconds': 9, 'num_subwindows': 14, 'subwindow_freq': 4, 'use_window_slope': False, 'use_subwindow_slope': True}. Best is trial 23 with value: 0.45676704723894956.
[0.52807669 0.50606925 0.75569831 0.84338088 0.04998816 0.        ]
[I 2025-11-14 04:21:44,333] Trial 27 finished with value: 0.4472022138785617 and parameters: {'augment_factor': 1, 'chunk_seconds': 1, 'num_freqs': 11, 'num_estimators': 256, 'max_depth': 16, 'window_seconds': 10, 'num_subwindows': 15, 'subwindow_freq': 1, 'use_window_slope': False, 'use_subwindow_slope': True}. Best is trial 23 with value: 0.45676704723894956.
[0.63750338 0.41765276 0.77344865 0.86771195 0.0594459  0.        ]
[I 2025-11-14 04:25:30,628] Trial 28 finished with value: 0.45929377235108015 and parameters: {'augment_factor': 1, 'chunk_seconds': 3, 'num_freqs': 8, 'num_estimators': 256, 'max_depth': 16, 'window_seconds': 6, 'num_subwindows': 5, 'subwindow_freq': 9, 'use_window_slope': False, 'use_subwindow_slope': True}. Best is trial 28 with value: 0.45929377235108015.
[0.53628259 0.35069402 0.74405316 0.85954406 0.06906146 0.        ]
[I 2025-11-14 04:27:36,418] Trial 29 finished with value: 0.4266058831830403 and parameters: {'augment_factor': 2, 'chunk_seconds': 3, 'num_freqs': 8, 'num_estimators': 256, 'max_depth': 8, 'window_seconds': 6, 'num_subwindows': 2, 'subwindow_freq': 13, 'use_window_slope': False, 'use_subwindow_slope': True}. Best is trial 28 with value: 0.45929377235108015.
[0.60300812 0.36987236 0.76892947 0.85929484 0.05660759 0.        ]
[I 2025-11-14 04:30:07,985] Trial 30 finished with value: 0.44295206340295934 and parameters: {'augment_factor': 1, 'chunk_seconds': 4, 'num_freqs': 4, 'num_estimators': 64, 'max_depth': 16, 'window_seconds': 6, 'num_subwindows': 5, 'subwindow_freq': 9, 'use_window_slope': False, 'use_subwindow_slope': True}. Best is trial 28 with value: 0.45929377235108015.
[0.61620812 0.48010049 0.78465604 0.87769855 0.06700927 0.        ]
[I 2025-11-14 04:34:35,969] Trial 31 finished with value: 0.47094541240806437 and parameters: {'augment_factor': 1, 'chunk_seconds': 3, 'num_freqs': 8, 'num_estimators': 256, 'max_depth': 16, 'window_seconds': 7, 'num_subwindows': 6, 'subwindow_freq': 15, 'use_window_slope': False, 'use_subwindow_slope': True}. Best is trial 31 with value: 0.47094541240806437.
[0.50610026 0.29800744 0.78136856 0.87792014 0.03948209 0.        ]
[I 2025-11-14 04:37:21,870] Trial 32 finished with value: 0.4171464168867624 and parameters: {'augment_factor': 1, 'chunk_seconds': 5, 'num_freqs': 8, 'num_estimators': 256, 'max_depth': 16, 'window_seconds': 5, 'num_subwindows': 6, 'subwindow_freq': 16, 'use_window_slope': False, 'use_subwindow_slope': True}. Best is trial 31 with value: 0.47094541240806437.
[0.52765002 0.34023064 0.78512945 0.85619037 0.00978185 0.        ]
[I 2025-11-14 04:40:58,990] Trial 33 finished with value: 0.4198303879730832 and parameters: {'augment_factor': 1, 'chunk_seconds': 3, 'num_freqs': 7, 'num_estimators': 16, 'max_depth': 256, 'window_seconds': 5, 'num_subwindows': 6, 'subwindow_freq': 15, 'use_window_slope': False, 'use_subwindow_slope': True}. Best is trial 31 with value: 0.47094541240806437.
[0.59548047 0.34002133 0.75224041 0.84633206 0.06543281 0.        ]
[I 2025-11-14 04:43:16,842] Trial 34 finished with value: 0.43325118060685397 and parameters: {'augment_factor': 1, 'chunk_seconds': 3, 'num_freqs': 9, 'num_estimators': 8, 'max_depth': 16, 'window_seconds': 7, 'num_subwindows': 3, 'subwindow_freq': 17, 'use_window_slope': False, 'use_subwindow_slope': True}. Best is trial 31 with value: 0.47094541240806437.
[0.5719049  0.28182103 0.78322883 0.8759794  0.03943789 0.        ]
[I 2025-11-14 04:47:50,952] Trial 35 finished with value: 0.4253953424545223 and parameters: {'augment_factor': 2, 'chunk_seconds': 4, 'num_freqs': 4, 'num_estimators': 256, 'max_depth': 16, 'window_seconds': 6, 'num_subwindows': 9, 'subwindow_freq': 20, 'use_window_slope': False, 'use_subwindow_slope': True}. Best is trial 31 with value: 0.47094541240806437.
[0.53076969 0.34437304 0.76017546 0.86261582 0.06055073 0.        ]
[I 2025-11-14 04:50:14,350] Trial 36 finished with value: 0.4264141223237116 and parameters: {'augment_factor': 8, 'chunk_seconds': 5, 'num_freqs': 5, 'num_estimators': 128, 'max_depth': 8, 'window_seconds': 4, 'num_subwindows': 6, 'subwindow_freq': 13, 'use_window_slope': False, 'use_subwindow_slope': True}. Best is trial 31 with value: 0.47094541240806437.
[0.29813333 0.17399072 0.61105186 0.8314253  0.27660681 0.        ]
[I 2025-11-14 04:51:03,456] Trial 37 finished with value: 0.36520133835921054 and parameters: {'augment_factor': 1, 'chunk_seconds': 7, 'num_freqs': 7, 'num_estimators': 256, 'max_depth': 4, 'window_seconds': 8, 'num_subwindows': 1, 'subwindow_freq': 18, 'use_window_slope': False, 'use_subwindow_slope': True}. Best is trial 31 with value: 0.47094541240806437.
[0.49035868 0.38692034 0.76007217 0.8239767  0.02423072 0.        ]
[I 2025-11-14 04:55:07,154] Trial 38 finished with value: 0.41425976913032736 and parameters: {'augment_factor': 8, 'chunk_seconds': 3, 'num_freqs': 2, 'num_estimators': 8, 'max_depth': 128, 'window_seconds': 7, 'num_subwindows': 7, 'subwindow_freq': 14, 'use_window_slope': False, 'use_subwindow_slope': True}. Best is trial 31 with value: 0.47094541240806437.
[0.5495135  0.19689737 0.77184878 0.85318427 0.03106741 0.        ]
[I 2025-11-14 04:57:11,961] Trial 39 finished with value: 0.4004185542034968 and parameters: {'augment_factor': 1, 'chunk_seconds': 4, 'num_freqs': 11, 'num_estimators': 16, 'max_depth': 32, 'window_seconds': 5, 'num_subwindows': 4, 'subwindow_freq': 11, 'use_window_slope': False, 'use_subwindow_slope': True}. Best is trial 31 with value: 0.47094541240806437.
[0.52006298 0.31702066 0.78562205 0.8794706  0.04052367 0.        ]
[I 2025-11-14 05:00:13,547] Trial 40 finished with value: 0.42378332583358497 and parameters: {'augment_factor': 2, 'chunk_seconds': 6, 'num_freqs': 5, 'num_estimators': 256, 'max_depth': 16, 'window_seconds': 6, 'num_subwindows': 9, 'subwindow_freq': 9, 'use_window_slope': False, 'use_subwindow_slope': True}. Best is trial 31 with value: 0.47094541240806437.
[0.54833698 0.47498454 0.76999534 0.85025009 0.0544046  0.        ]
[I 2025-11-14 05:10:53,024] Trial 41 finished with value: 0.4496619251253555 and parameters: {'augment_factor': 1, 'chunk_seconds': 2, 'num_freqs': 9, 'num_estimators': 256, 'max_depth': 16, 'window_seconds': 9, 'num_subwindows': 12, 'subwindow_freq': 3, 'use_window_slope': False, 'use_subwindow_slope': True}. Best is trial 31 with value: 0.47094541240806437.
[0.55955806 0.49445938 0.76341386 0.84297826 0.06205257 0.        ]
[I 2025-11-14 05:27:41,527] Trial 42 finished with value: 0.45374368800860615 and parameters: {'augment_factor': 1, 'chunk_seconds': 1, 'num_freqs': 12, 'num_estimators': 256, 'max_depth': 16, 'window_seconds': 10, 'num_subwindows': 9, 'subwindow_freq': 2, 'use_window_slope': False, 'use_subwindow_slope': True}. Best is trial 31 with value: 0.47094541240806437.
[0.67070266 0.48857685 0.74577335 0.84118028 0.06835354 0.        ]
[I 2025-11-14 05:41:38,493] Trial 43 finished with value: 0.4690977812409038 and parameters: {'augment_factor': 1, 'chunk_seconds': 1, 'num_freqs': 12, 'num_estimators': 256, 'max_depth': 16, 'window_seconds': 10, 'num_subwindows': 7, 'subwindow_freq': 2, 'use_window_slope': False, 'use_subwindow_slope': True}. Best is trial 31 with value: 0.47094541240806437.
[0.66092634 0.50003284 0.75874581 0.8526216  0.06168111 0.        ]
[I 2025-11-14 05:55:52,100] Trial 44 finished with value: 0.4723346164515134 and parameters: {'augment_factor': 1, 'chunk_seconds': 1, 'num_freqs': 6, 'num_estimators': 256, 'max_depth': 16, 'window_seconds': 10, 'num_subwindows': 7, 'subwindow_freq': 6, 'use_window_slope': False, 'use_subwindow_slope': True}. Best is trial 44 with value: 0.4723346164515134.
Skipping probe: too short (len=824, chunk_size=900)
Skipping probe: too short (len=824, chunk_size=900)
Skipping probe: too short (len=824, chunk_size=900)
Skipping probe: too short (len=824, chunk_size=900)
Skipping probe: too short (len=824, chunk_size=900)
[0.46136014 0.04606517 0.77142897 0.83318743 0.03852138 0.        ]
[I 2025-11-14 05:57:37,769] Trial 45 finished with value: 0.3584271821962178 and parameters: {'augment_factor': 8, 'chunk_seconds': 9, 'num_freqs': 6, 'num_estimators': 256, 'max_depth': 256, 'window_seconds': 3, 'num_subwindows': 7, 'subwindow_freq': 6, 'use_window_slope': False, 'use_subwindow_slope': True}. Best is trial 44 with value: 0.4723346164515134.
[0.6835867  0.58933203 0.75262147 0.84797775 0.06897462 0.        ]
[I 2025-11-14 06:06:05,867] Trial 46 finished with value: 0.49041542819092054 and parameters: {'augment_factor': 1, 'chunk_seconds': 1, 'num_freqs': 7, 'num_estimators': 128, 'max_depth': 16, 'window_seconds': 8, 'num_subwindows': 4, 'subwindow_freq': 8, 'use_window_slope': False, 'use_subwindow_slope': True}. Best is trial 46 with value: 0.49041542819092054.
[0.27153948 0.25020364 0.65186971 0.84830119 0.34998575 0.        ]
[I 2025-11-14 06:11:13,821] Trial 47 finished with value: 0.3953166279113469 and parameters: {'augment_factor': 4, 'chunk_seconds': 1, 'num_freqs': 7, 'num_estimators': 128, 'max_depth': 4, 'window_seconds': 8, 'num_subwindows': 4, 'subwindow_freq': 10, 'use_window_slope': True, 'use_subwindow_slope': False}. Best is trial 46 with value: 0.49041542819092054.
[0.60546633 0.57385858 0.7764344  0.84586143 0.02923198 0.        ]
