uv version: uv 0.9.5
Running on host: gpu04.cluster
Job started at: Fri Oct 31 02:21:34 EDT 2025
Running job ID: 499341
Loading Data...
[0.50356646 0.33313556 0.79173146 0.857727   0.         0.        ]
[I 2025-10-31 02:26:04,174] Trial 0 finished with value: 0.41436007795781277 and parameters: {'augment_factor': 1, 'chunk_seconds': 1, 'num_freqs': 7, 'num_estimators': 50, 'learning_rate': 0.028466986022559378, 'max_depth': 6, 'min_samples_split': 14, 'min_samples_leaf': 8, 'subsample': 0.8352581349689916, 'window_seconds': 4}. Best is trial 0 with value: 0.41436007795781277.
[0.48059849 0.26369756 0.79673894 0.87342081 0.         0.        ]
[I 2025-10-31 02:31:16,373] Trial 1 finished with value: 0.40240930036952766 and parameters: {'augment_factor': 8, 'chunk_seconds': 1, 'num_freqs': 10, 'num_estimators': 50, 'learning_rate': 0.019741695161843573, 'max_depth': 7, 'min_samples_split': 14, 'min_samples_leaf': 9, 'subsample': 0.8851276240533092, 'window_seconds': 5}. Best is trial 0 with value: 0.41436007795781277.
[0.43661984 0.13032518 0.78901069 0.85027483 0.         0.        ]
[I 2025-10-31 02:32:42,277] Trial 2 finished with value: 0.3677050896393153 and parameters: {'augment_factor': 8, 'chunk_seconds': 3, 'num_freqs': 4, 'num_estimators': 50, 'learning_rate': 0.02082472447866721, 'max_depth': 5, 'min_samples_split': 16, 'min_samples_leaf': 8, 'subsample': 0.921471421426979, 'window_seconds': 2}. Best is trial 0 with value: 0.41436007795781277.
[0.45842702 0.23709355 0.79081459 0.85391158 0.         0.        ]
[I 2025-10-31 02:36:36,189] Trial 3 finished with value: 0.3900411243268098 and parameters: {'augment_factor': 4, 'chunk_seconds': 1, 'num_freqs': 5, 'num_estimators': 50, 'learning_rate': 0.032367872406396304, 'max_depth': 5, 'min_samples_split': 12, 'min_samples_leaf': 9, 'subsample': 0.9859882595846305, 'window_seconds': 2}. Best is trial 0 with value: 0.41436007795781277.
[0.49309433 0.15493376 0.79669011 0.8594389  0.         0.        ]
[I 2025-10-31 02:41:47,712] Trial 4 finished with value: 0.3840261832506102 and parameters: {'augment_factor': 4, 'chunk_seconds': 1, 'num_freqs': 10, 'num_estimators': 50, 'learning_rate': 0.014942369345346509, 'max_depth': 7, 'min_samples_split': 10, 'min_samples_leaf': 10, 'subsample': 0.9813864813614629, 'window_seconds': 2}. Best is trial 0 with value: 0.41436007795781277.
[0.4522459  0.19896492 0.7399373  0.78887572 0.         0.        ]
[I 2025-10-31 02:43:07,223] Trial 5 finished with value: 0.3633373071695827 and parameters: {'augment_factor': 8, 'chunk_seconds': 3, 'num_freqs': 2, 'num_estimators': 50, 'learning_rate': 0.06900784774877006, 'max_depth': 5, 'min_samples_split': 19, 'min_samples_leaf': 1, 'subsample': 0.7924215567051398, 'window_seconds': 3}. Best is trial 0 with value: 0.41436007795781277.
[0.44512695 0.24601229 0.79172084 0.85924333 0.00238893 0.        ]
[I 2025-10-31 02:47:09,336] Trial 6 finished with value: 0.3907487225908544 and parameters: {'augment_factor': 1, 'chunk_seconds': 1, 'num_freqs': 9, 'num_estimators': 50, 'learning_rate': 0.036626230845152964, 'max_depth': 6, 'min_samples_split': 20, 'min_samples_leaf': 9, 'subsample': 0.7568081739549419, 'window_seconds': 2}. Best is trial 0 with value: 0.41436007795781277.
[0.45109584 0.30424132 0.78861101 0.85521105 0.00748104 0.        ]
[I 2025-10-31 02:49:48,600] Trial 7 finished with value: 0.4011067108685464 and parameters: {'augment_factor': 4, 'chunk_seconds': 3, 'num_freqs': 8, 'num_estimators': 200, 'learning_rate': 0.024641019923940827, 'max_depth': 3, 'min_samples_split': 16, 'min_samples_leaf': 10, 'subsample': 0.9699920708273826, 'window_seconds': 5}. Best is trial 0 with value: 0.41436007795781277.
[0.39261991 0.19522326 0.66969372 0.70580165 0.00976809 0.        ]
[I 2025-10-31 02:53:08,155] Trial 8 finished with value: 0.32885110502378556 and parameters: {'augment_factor': 1, 'chunk_seconds': 2, 'num_freqs': 1, 'num_estimators': 200, 'learning_rate': 0.20901343072543171, 'max_depth': 4, 'min_samples_split': 7, 'min_samples_leaf': 8, 'subsample': 0.8103091508230941, 'window_seconds': 4}. Best is trial 0 with value: 0.41436007795781277.
[0.48699907 0.381994   0.72233853 0.76939791 0.00313628 0.        ]
[I 2025-10-31 03:00:27,287] Trial 9 finished with value: 0.3939776317248383 and parameters: {'augment_factor': 1, 'chunk_seconds': 1, 'num_freqs': 2, 'num_estimators': 300, 'learning_rate': 0.0366421522393671, 'max_depth': 3, 'min_samples_split': 4, 'min_samples_leaf': 6, 'subsample': 0.8072734009722161, 'window_seconds': 5}. Best is trial 0 with value: 0.41436007795781277.
[0.4431772  0.26484124 0.77580857 0.84635912 0.01225637 0.        ]
[I 2025-10-31 03:03:47,950] Trial 10 finished with value: 0.39040708527083495 and parameters: {'augment_factor': 2, 'chunk_seconds': 2, 'num_freqs': 7, 'num_estimators': 100, 'learning_rate': 0.10425732455570091, 'max_depth': 8, 'min_samples_split': 2, 'min_samples_leaf': 3, 'subsample': 0.6206265801320537, 'window_seconds': 4}. Best is trial 0 with value: 0.41436007795781277.
[0.52561441 0.22627139 0.78896378 0.8529823  0.         0.        ]
[I 2025-10-31 03:07:38,000] Trial 11 finished with value: 0.39897197949723945 and parameters: {'augment_factor': 8, 'chunk_seconds': 2, 'num_freqs': 7, 'num_estimators': 100, 'learning_rate': 0.012381515785465019, 'max_depth': 7, 'min_samples_split': 13, 'min_samples_leaf': 6, 'subsample': 0.8786142413408683, 'window_seconds': 5}. Best is trial 0 with value: 0.41436007795781277.
[0.49944413 0.38038855 0.77587742 0.85397849 0.0087566  0.        ]
[I 2025-10-31 03:27:33,640] Trial 12 finished with value: 0.41974086571084673 and parameters: {'augment_factor': 2, 'chunk_seconds': 1, 'num_freqs': 10, 'num_estimators': 300, 'learning_rate': 0.05845741389287997, 'max_depth': 7, 'min_samples_split': 15, 'min_samples_leaf': 7, 'subsample': 0.8718398777794951, 'window_seconds': 4}. Best is trial 12 with value: 0.41974086571084673.
[0.53515891 0.34163235 0.76076483 0.83593275 0.01346583 0.        ]
[I 2025-10-31 03:43:54,679] Trial 13 finished with value: 0.4144924462566954 and parameters: {'augment_factor': 2, 'chunk_seconds': 1, 'num_freqs': 6, 'num_estimators': 300, 'learning_rate': 0.07779650768665587, 'max_depth': 8, 'min_samples_split': 10, 'min_samples_leaf': 4, 'subsample': 0.7091575556282792, 'window_seconds': 4}. Best is trial 12 with value: 0.41974086571084673.
[0.44160958 0.26476171 0.7406911  0.81161744 0.01134712 0.        ]
[I 2025-10-31 03:51:28,558] Trial 14 finished with value: 0.3783378232073864 and parameters: {'augment_factor': 2, 'chunk_seconds': 2, 'num_freqs': 4, 'num_estimators': 300, 'learning_rate': 0.10531510129613998, 'max_depth': 8, 'min_samples_split': 9, 'min_samples_leaf': 4, 'subsample': 0.7143812357250153, 'window_seconds': 3}. Best is trial 12 with value: 0.41974086571084673.
[0.46775622 0.32100523 0.76408539 0.83292367 0.01250873 0.        ]
[I 2025-10-31 03:59:29,928] Trial 15 finished with value: 0.39971320666876126 and parameters: {'augment_factor': 2, 'chunk_seconds': 2, 'num_freqs': 6, 'num_estimators': 300, 'learning_rate': 0.07220416004090846, 'max_depth': 8, 'min_samples_split': 7, 'min_samples_leaf': 4, 'subsample': 0.6901900670722607, 'window_seconds': 4}. Best is trial 12 with value: 0.41974086571084673.
[0.35604925 0.14267188 0.77364607 0.83291343 0.08406052 0.        ]
[I 2025-10-31 04:13:27,937] Trial 16 finished with value: 0.3648901922783851 and parameters: {'augment_factor': 2, 'chunk_seconds': 1, 'num_freqs': 9, 'num_estimators': 300, 'learning_rate': 0.2664868750598762, 'max_depth': 7, 'min_samples_split': 16, 'min_samples_leaf': 5, 'subsample': 0.6041935934697357, 'window_seconds': 3}. Best is trial 12 with value: 0.41974086571084673.
[0.41421424 0.25545988 0.75424774 0.81630821 0.01836667 0.        ]
[I 2025-10-31 04:28:59,041] Trial 17 finished with value: 0.3764327917368197 and parameters: {'augment_factor': 2, 'chunk_seconds': 1, 'num_freqs': 5, 'num_estimators': 300, 'learning_rate': 0.1372136646833487, 'max_depth': 8, 'min_samples_split': 8, 'min_samples_leaf': 2, 'subsample': 0.6950185656471912, 'window_seconds': 4}. Best is trial 12 with value: 0.41974086571084673.
[0.47526864 0.32110915 0.73573587 0.8013689  0.01576764 0.        ]
[I 2025-10-31 04:40:41,226] Trial 18 finished with value: 0.39154169904467523 and parameters: {'augment_factor': 2, 'chunk_seconds': 1, 'num_freqs': 3, 'num_estimators': 300, 'learning_rate': 0.043471789653252595, 'max_depth': 6, 'min_samples_split': 11, 'min_samples_leaf': 7, 'subsample': 0.7317876552328544, 'window_seconds': 3}. Best is trial 12 with value: 0.41974086571084673.
[0.46839172 0.28581667 0.77921364 0.84812323 0.01372055 0.        ]
[I 2025-10-31 04:49:52,415] Trial 19 finished with value: 0.3992109674522755 and parameters: {'augment_factor': 2, 'chunk_seconds': 2, 'num_freqs': 8, 'num_estimators': 300, 'learning_rate': 0.058117776173279526, 'max_depth': 7, 'min_samples_split': 18, 'min_samples_leaf': 5, 'subsample': 0.8605848154441441, 'window_seconds': 4}. Best is trial 12 with value: 0.41974086571084673.
[0.44698679 0.28087907 0.76047758 0.82852697 0.01231162 0.        ]
[I 2025-10-31 05:00:12,446] Trial 20 finished with value: 0.3881970045364878 and parameters: {'augment_factor': 2, 'chunk_seconds': 2, 'num_freqs': 6, 'num_estimators': 300, 'learning_rate': 0.09412247701598818, 'max_depth': 8, 'min_samples_split': 5, 'min_samples_leaf': 3, 'subsample': 0.9333399469223422, 'window_seconds': 3}. Best is trial 12 with value: 0.41974086571084673.
[0.49762947 0.37329964 0.78089977 0.85431639 0.00956307 0.        ]
[I 2025-10-31 05:06:42,648] Trial 21 finished with value: 0.41928472361424407 and parameters: {'augment_factor': 1, 'chunk_seconds': 1, 'num_freqs': 7, 'num_estimators': 100, 'learning_rate': 0.05155548805464271, 'max_depth': 6, 'min_samples_split': 14, 'min_samples_leaf': 7, 'subsample': 0.8520177161520565, 'window_seconds': 4}. Best is trial 12 with value: 0.41974086571084673.
[0.46624185 0.36727865 0.78675872 0.85759055 0.01147603 0.        ]
[I 2025-10-31 05:12:54,754] Trial 22 finished with value: 0.41489096525515007 and parameters: {'augment_factor': 1, 'chunk_seconds': 1, 'num_freqs': 8, 'num_estimators': 100, 'learning_rate': 0.04949813275279084, 'max_depth': 6, 'min_samples_split': 14, 'min_samples_leaf': 7, 'subsample': 0.7612649381085544, 'window_seconds': 4}. Best is trial 12 with value: 0.41974086571084673.
[0.47198276 0.35216832 0.78830515 0.86256171 0.00959325 0.        ]
[I 2025-10-31 05:19:19,565] Trial 23 finished with value: 0.41410186390882403 and parameters: {'augment_factor': 1, 'chunk_seconds': 1, 'num_freqs': 9, 'num_estimators': 100, 'learning_rate': 0.04658167228374907, 'max_depth': 6, 'min_samples_split': 17, 'min_samples_leaf': 7, 'subsample': 0.7704259930737797, 'window_seconds': 4}. Best is trial 12 with value: 0.41974086571084673.
[0.44597016 0.39111003 0.77864695 0.84978038 0.01435009 0.        ]
[I 2025-10-31 05:26:01,320] Trial 24 finished with value: 0.4133096014708589 and parameters: {'augment_factor': 1, 'chunk_seconds': 1, 'num_freqs': 8, 'num_estimators': 100, 'learning_rate': 0.051925649701460394, 'max_depth': 6, 'min_samples_split': 14, 'min_samples_leaf': 7, 'subsample': 0.8417793732629865, 'window_seconds': 5}. Best is trial 12 with value: 0.41974086571084673.
[0.48714133 0.32135919 0.79050202 0.86996008 0.00654263 0.        ]
[I 2025-10-31 05:31:40,582] Trial 25 finished with value: 0.41258420940943386 and parameters: {'augment_factor': 1, 'chunk_seconds': 1, 'num_freqs': 10, 'num_estimators': 100, 'learning_rate': 0.131298320134429, 'max_depth': 4, 'min_samples_split': 15, 'min_samples_leaf': 6, 'subsample': 0.9168669508764462, 'window_seconds': 4}. Best is trial 12 with value: 0.41974086571084673.
[0.49397737 0.35706362 0.79026294 0.86325268 0.01088088 0.        ]
[I 2025-10-31 05:37:34,989] Trial 26 finished with value: 0.41923958047395943 and parameters: {'augment_factor': 1, 'chunk_seconds': 1, 'num_freqs': 9, 'num_estimators': 100, 'learning_rate': 0.059698895769127513, 'max_depth': 5, 'min_samples_split': 12, 'min_samples_leaf': 7, 'subsample': 0.8311452251637615, 'window_seconds': 3}. Best is trial 12 with value: 0.41974086571084673.
[0.48007476 0.23911137 0.79366825 0.86255139 0.00557737 0.        ]
[I 2025-10-31 05:40:24,872] Trial 27 finished with value: 0.396830523155193 and parameters: {'augment_factor': 1, 'chunk_seconds': 2, 'num_freqs': 9, 'num_estimators': 100, 'learning_rate': 0.06389873094670583, 'max_depth': 4, 'min_samples_split': 12, 'min_samples_leaf': 8, 'subsample': 0.9010488573595781, 'window_seconds': 3}. Best is trial 12 with value: 0.41974086571084673.
[0.39401445 0.31522737 0.77583151 0.84565352 0.01885758 0.        ]
[I 2025-10-31 05:47:01,149] Trial 28 finished with value: 0.39159740376812846 and parameters: {'augment_factor': 1, 'chunk_seconds': 1, 'num_freqs': 10, 'num_estimators': 100, 'learning_rate': 0.17912799721912875, 'max_depth': 5, 'min_samples_split': 12, 'min_samples_leaf': 6, 'subsample': 0.9488762089285947, 'window_seconds': 3}. Best is trial 12 with value: 0.41974086571084673.
[0.46328099 0.3430581  0.7836268  0.85552425 0.00916966 0.        ]
[I 2025-10-31 05:56:17,961] Trial 29 finished with value: 0.4091099653882935 and parameters: {'augment_factor': 1, 'chunk_seconds': 1, 'num_freqs': 7, 'num_estimators': 200, 'learning_rate': 0.02944427470373909, 'max_depth': 5, 'min_samples_split': 18, 'min_samples_leaf': 8, 'subsample': 0.8396264107043415, 'window_seconds': 3}. Best is trial 12 with value: 0.41974086571084673.
[0.51143207 0.37048319 0.78280756 0.86174213 0.01703498 0.        ]
[I 2025-10-31 06:03:15,178] Trial 30 finished with value: 0.42391665623224256 and parameters: {'augment_factor': 4, 'chunk_seconds': 1, 'num_freqs': 9, 'num_estimators': 100, 'learning_rate': 0.08001459346569746, 'max_depth': 6, 'min_samples_split': 13, 'min_samples_leaf': 5, 'subsample': 0.8649443122529635, 'window_seconds': 4}. Best is trial 30 with value: 0.42391665623224256.
[0.4834044  0.36625053 0.78105825 0.85938049 0.0134454  0.        ]
[I 2025-10-31 06:10:08,130] Trial 31 finished with value: 0.41725651045604045 and parameters: {'augment_factor': 4, 'chunk_seconds': 1, 'num_freqs': 9, 'num_estimators': 100, 'learning_rate': 0.08860080346302121, 'max_depth': 6, 'min_samples_split': 13, 'min_samples_leaf': 5, 'subsample': 0.8548820066461263, 'window_seconds': 4}. Best is trial 30 with value: 0.42391665623224256.
[0.49067869 0.35148443 0.78669977 0.86278311 0.01299389 0.        ]
[I 2025-10-31 06:18:12,200] Trial 32 finished with value: 0.417439980921481 and parameters: {'augment_factor': 4, 'chunk_seconds': 1, 'num_freqs': 10, 'num_estimators': 100, 'learning_rate': 0.040550679780163586, 'max_depth': 7, 'min_samples_split': 15, 'min_samples_leaf': 7, 'subsample': 0.8787420636495491, 'window_seconds': 4}. Best is trial 30 with value: 0.42391665623224256.
[0.45198645 0.37132171 0.77807258 0.8511646  0.01382133 0.        ]
[I 2025-10-31 06:24:46,868] Trial 33 finished with value: 0.4110611130637328 and parameters: {'augment_factor': 4, 'chunk_seconds': 1, 'num_freqs': 8, 'num_estimators': 100, 'learning_rate': 0.05772847233171629, 'max_depth': 6, 'min_samples_split': 14, 'min_samples_leaf': 6, 'subsample': 0.8178975392514526, 'window_seconds': 5}. Best is trial 30 with value: 0.42391665623224256.
[0.46914323 0.33822271 0.78272228 0.85321673 0.01007714 0.        ]
[I 2025-10-31 06:31:02,631] Trial 34 finished with value: 0.40889701414345847 and parameters: {'augment_factor': 4, 'chunk_seconds': 1, 'num_freqs': 9, 'num_estimators': 100, 'learning_rate': 0.12914337075750484, 'max_depth': 5, 'min_samples_split': 11, 'min_samples_leaf': 8, 'subsample': 0.891609967156645, 'window_seconds': 4}. Best is trial 30 with value: 0.42391665623224256.
[0.48579144 0.31101149 0.78836422 0.85728803 0.00987594 0.        ]
[I 2025-10-31 06:38:38,258] Trial 35 finished with value: 0.4087218544012601 and parameters: {'augment_factor': 8, 'chunk_seconds': 1, 'num_freqs': 10, 'num_estimators': 100, 'learning_rate': 0.024134069647289317, 'max_depth': 7, 'min_samples_split': 13, 'min_samples_leaf': 9, 'subsample': 0.8241931304933309, 'window_seconds': 3}. Best is trial 30 with value: 0.42391665623224256.
[0.4783998  0.28399326 0.76547841 0.84325543 0.0160711  0.        ]
[I 2025-10-31 06:48:11,769] Trial 36 finished with value: 0.3978663339593778 and parameters: {'augment_factor': 1, 'chunk_seconds': 1, 'num_freqs': 8, 'num_estimators': 200, 'learning_rate': 0.08041092254410777, 'max_depth': 5, 'min_samples_split': 15, 'min_samples_leaf': 5, 'subsample': 0.8623735099982092, 'window_seconds': 2}. Best is trial 30 with value: 0.42391665623224256.
[0.42830662 0.2671896  0.813819   0.87491117 0.00201945 0.        ]
[I 2025-10-31 06:50:08,449] Trial 37 finished with value: 0.39770763927410774 and parameters: {'augment_factor': 4, 'chunk_seconds': 3, 'num_freqs': 10, 'num_estimators': 100, 'learning_rate': 0.01865864490597384, 'max_depth': 4, 'min_samples_split': 10, 'min_samples_leaf': 7, 'subsample': 0.793811416498533, 'window_seconds': 5}. Best is trial 30 with value: 0.42391665623224256.
[0.48676563 0.32693728 0.77938027 0.85215916 0.01246349 0.        ]
[I 2025-10-31 06:54:59,071] Trial 38 finished with value: 0.40961763860079436 and parameters: {'augment_factor': 8, 'chunk_seconds': 1, 'num_freqs': 7, 'num_estimators': 50, 'learning_rate': 0.06424076711990998, 'max_depth': 7, 'min_samples_split': 17, 'min_samples_leaf': 9, 'subsample': 0.9153483398976744, 'window_seconds': 4}. Best is trial 30 with value: 0.42391665623224256.
[0.46014788 0.23422494 0.79019537 0.86108211 0.00816597 0.        ]
[I 2025-10-31 06:58:40,731] Trial 39 finished with value: 0.3923027109359849 and parameters: {'augment_factor': 4, 'chunk_seconds': 2, 'num_freqs': 9, 'num_estimators': 100, 'learning_rate': 0.03051609150691332, 'max_depth': 6, 'min_samples_split': 12, 'min_samples_leaf': 8, 'subsample': 0.9532090481001705, 'window_seconds': 2}. Best is trial 30 with value: 0.42391665623224256.
[0.46164718 0.33210116 0.79377957 0.86317154 0.01073676 0.        ]
[I 2025-10-31 07:02:35,386] Trial 40 finished with value: 0.41023936907974495 and parameters: {'augment_factor': 1, 'chunk_seconds': 1, 'num_freqs': 9, 'num_estimators': 50, 'learning_rate': 0.10890116194984087, 'max_depth': 5, 'min_samples_split': 13, 'min_samples_leaf': 6, 'subsample': 0.7806802841872308, 'window_seconds': 4}. Best is trial 30 with value: 0.42391665623224256.
[0.48572663 0.36160581 0.78531569 0.86308227 0.01178291 0.        ]
[I 2025-10-31 07:10:40,745] Trial 41 finished with value: 0.4179188851519731 and parameters: {'augment_factor': 4, 'chunk_seconds': 1, 'num_freqs': 10, 'num_estimators': 100, 'learning_rate': 0.040831711929520384, 'max_depth': 7, 'min_samples_split': 15, 'min_samples_leaf': 7, 'subsample': 0.8806554741031731, 'window_seconds': 4}. Best is trial 30 with value: 0.42391665623224256.
[0.48496025 0.35582063 0.78788493 0.86610122 0.01192639 0.        ]
[I 2025-10-31 07:18:39,007] Trial 42 finished with value: 0.4177822372824089 and parameters: {'augment_factor': 4, 'chunk_seconds': 1, 'num_freqs': 10, 'num_estimators': 100, 'learning_rate': 0.03734442767037737, 'max_depth': 7, 'min_samples_split': 15, 'min_samples_leaf': 7, 'subsample': 0.8654762016413036, 'window_seconds': 4}. Best is trial 30 with value: 0.42391665623224256.
[0.45113246 0.35606434 0.78476855 0.86157199 0.0134918  0.        ]
[I 2025-10-31 07:26:26,534] Trial 43 finished with value: 0.4111715242028487 and parameters: {'augment_factor': 4, 'chunk_seconds': 1, 'num_freqs': 10, 'num_estimators': 100, 'learning_rate': 0.05479928876961759, 'max_depth': 7, 'min_samples_split': 16, 'min_samples_leaf': 9, 'subsample': 0.8340095600606277, 'window_seconds': 4}. Best is trial 30 with value: 0.42391665623224256.
[0.46817481 0.38081814 0.78830201 0.86371667 0.01091499 0.        ]
[I 2025-10-31 07:33:35,142] Trial 44 finished with value: 0.41865443667127655 and parameters: {'augment_factor': 4, 'chunk_seconds': 1, 'num_freqs': 9, 'num_estimators': 100, 'learning_rate': 0.04287853697049986, 'max_depth': 6, 'min_samples_split': 17, 'min_samples_leaf': 6, 'subsample': 0.9007130938698207, 'window_seconds': 4}. Best is trial 30 with value: 0.42391665623224256.
[0.4677839  0.3682073  0.76543787 0.84142254 0.0153254  0.        ]
[I 2025-10-31 07:45:10,636] Trial 45 finished with value: 0.4096961672441839 and parameters: {'augment_factor': 4, 'chunk_seconds': 1, 'num_freqs': 7, 'num_estimators': 200, 'learning_rate': 0.07691345916853551, 'max_depth': 6, 'min_samples_split': 20, 'min_samples_leaf': 5, 'subsample': 0.898272635446869, 'window_seconds': 5}. Best is trial 30 with value: 0.42391665623224256.
[0.46315876 0.31820614 0.78278941 0.85713438 0.01282003 0.        ]
[I 2025-10-31 07:52:32,323] Trial 46 finished with value: 0.4056847883931139 and parameters: {'augment_factor': 8, 'chunk_seconds': 1, 'num_freqs': 8, 'num_estimators': 100, 'learning_rate': 0.03312077454116408, 'max_depth': 6, 'min_samples_split': 17, 'min_samples_leaf': 6, 'subsample': 0.9928919719770055, 'window_seconds': 3}. Best is trial 30 with value: 0.42391665623224256.
[0.49870538 0.36908498 0.79455984 0.86471108 0.00163354 0.        ]
[I 2025-10-31 07:56:48,015] Trial 47 finished with value: 0.42144913613273477 and parameters: {'augment_factor': 1, 'chunk_seconds': 1, 'num_freqs': 9, 'num_estimators': 50, 'learning_rate': 0.06869770103505075, 'max_depth': 5, 'min_samples_split': 19, 'min_samples_leaf': 4, 'subsample': 0.9300972835233627, 'window_seconds': 4}. Best is trial 30 with value: 0.42391665623224256.
[0.52061028 0.33960362 0.77787462 0.84191599 0.00291208 0.        ]
