[I 2025-10-31 08:00:43,681] Trial 48 finished with value: 0.4138194325422153 and parameters: {'augment_factor': 1, 'chunk_seconds': 1, 'num_freqs': 5, 'num_estimators': 50, 'learning_rate': 0.08951851681454556, 'max_depth': 5, 'min_samples_split': 19, 'min_samples_leaf': 3, 'subsample': 0.9312996756633506, 'window_seconds': 4}. Best is trial 30 with value: 0.42391665623224256.
[0.46396609 0.26336598 0.79597215 0.86319294 0.00131965 0.        ]
[I 2025-10-31 08:02:39,028] Trial 49 finished with value: 0.3979694683889075 and parameters: {'augment_factor': 1, 'chunk_seconds': 2, 'num_freqs': 8, 'num_estimators': 50, 'learning_rate': 0.06640339433493936, 'max_depth': 4, 'min_samples_split': 19, 'min_samples_leaf': 4, 'subsample': 0.8478419341255162, 'window_seconds': 3}. Best is trial 30 with value: 0.42391665623224256.
[0.46840738 0.34508699 0.79591801 0.86157521 0.00526124 0.        ]
[I 2025-10-31 08:06:36,385] Trial 50 finished with value: 0.4127081388913724 and parameters: {'augment_factor': 1, 'chunk_seconds': 1, 'num_freqs': 9, 'num_estimators': 50, 'learning_rate': 0.07120863140625078, 'max_depth': 5, 'min_samples_split': 9, 'min_samples_leaf': 10, 'subsample': 0.8040177571586714, 'window_seconds': 4}. Best is trial 30 with value: 0.42391665623224256.
[0.49435482 0.32719448 0.80231449 0.86833331 0.         0.        ]
[I 2025-10-31 08:10:57,699] Trial 51 finished with value: 0.41536618548808063 and parameters: {'augment_factor': 1, 'chunk_seconds': 1, 'num_freqs': 9, 'num_estimators': 50, 'learning_rate': 0.048125476918542416, 'max_depth': 5, 'min_samples_split': 18, 'min_samples_leaf': 4, 'subsample': 0.9730067323820079, 'window_seconds': 4}. Best is trial 30 with value: 0.42391665623224256.
[0.51457388 0.35724061 0.77869459 0.85722865 0.01127459 0.        ]
[I 2025-10-31 08:28:21,706] Trial 52 finished with value: 0.41983538666845527 and parameters: {'augment_factor': 2, 'chunk_seconds': 1, 'num_freqs': 9, 'num_estimators': 300, 'learning_rate': 0.05781158474498334, 'max_depth': 6, 'min_samples_split': 16, 'min_samples_leaf': 5, 'subsample': 0.9076503116518169, 'window_seconds': 4}. Best is trial 30 with value: 0.42391665623224256.
[0.51077436 0.36324499 0.77710193 0.85299378 0.01305043 0.        ]
[I 2025-10-31 08:42:16,580] Trial 53 finished with value: 0.4195275814978509 and parameters: {'augment_factor': 2, 'chunk_seconds': 1, 'num_freqs': 8, 'num_estimators': 300, 'learning_rate': 0.05877303315262147, 'max_depth': 5, 'min_samples_split': 14, 'min_samples_leaf': 3, 'subsample': 0.8728803741492835, 'window_seconds': 4}. Best is trial 30 with value: 0.42391665623224256.
[0.49064488 0.30376141 0.76565785 0.84490958 0.00933347 0.        ]
[I 2025-10-31 08:58:31,424] Trial 54 finished with value: 0.40238453030171367 and parameters: {'augment_factor': 2, 'chunk_seconds': 1, 'num_freqs': 8, 'num_estimators': 300, 'learning_rate': 0.11506499580152203, 'max_depth': 6, 'min_samples_split': 16, 'min_samples_leaf': 2, 'subsample': 0.8715682447440258, 'window_seconds': 4}. Best is trial 30 with value: 0.42391665623224256.
[0.51586189 0.32563075 0.76775896 0.84445614 0.01320719 0.        ]
[I 2025-10-31 09:15:14,078] Trial 55 finished with value: 0.41115248867575543 and parameters: {'augment_factor': 2, 'chunk_seconds': 1, 'num_freqs': 7, 'num_estimators': 300, 'learning_rate': 0.08241695659002987, 'max_depth': 6, 'min_samples_split': 14, 'min_samples_leaf': 2, 'subsample': 0.9373447601730602, 'window_seconds': 4}. Best is trial 30 with value: 0.42391665623224256.
[0.50717245 0.33510144 0.77011312 0.83617256 0.00974782 0.        ]
[I 2025-10-31 09:18:31,033] Trial 56 finished with value: 0.4097178990070273 and parameters: {'augment_factor': 2, 'chunk_seconds': 3, 'num_freqs': 6, 'num_estimators': 300, 'learning_rate': 0.051653748927093845, 'max_depth': 3, 'min_samples_split': 13, 'min_samples_leaf': 3, 'subsample': 0.9536883966105494, 'window_seconds': 5}. Best is trial 30 with value: 0.42391665623224256.
[0.49381221 0.36563984 0.773331   0.84809648 0.01309579 0.        ]
[I 2025-10-31 09:32:32,074] Trial 57 finished with value: 0.4156625518470168 and parameters: {'augment_factor': 2, 'chunk_seconds': 1, 'num_freqs': 7, 'num_estimators': 300, 'learning_rate': 0.07236317934658189, 'max_depth': 5, 'min_samples_split': 16, 'min_samples_leaf': 4, 'subsample': 0.912557779910788, 'window_seconds': 4}. Best is trial 30 with value: 0.42391665623224256.
[0.47247977 0.30255885 0.77853356 0.848652   0.01627664 0.        ]
[I 2025-10-31 09:40:51,013] Trial 58 finished with value: 0.40308346893385183 and parameters: {'augment_factor': 2, 'chunk_seconds': 2, 'num_freqs': 8, 'num_estimators': 300, 'learning_rate': 0.06167063014179609, 'max_depth': 6, 'min_samples_split': 14, 'min_samples_leaf': 5, 'subsample': 0.8927909620464262, 'window_seconds': 4}. Best is trial 30 with value: 0.42391665623224256.
[0.45423355 0.32310469 0.78250295 0.85362697 0.01071084 0.        ]
[I 2025-10-31 09:55:58,077] Trial 59 finished with value: 0.40402983366102196 and parameters: {'augment_factor': 2, 'chunk_seconds': 1, 'num_freqs': 9, 'num_estimators': 300, 'learning_rate': 0.09721544017249552, 'max_depth': 5, 'min_samples_split': 18, 'min_samples_leaf': 1, 'subsample': 0.9249552672447263, 'window_seconds': 4}. Best is trial 30 with value: 0.42391665623224256.
[0.52094001 0.36686007 0.77938552 0.85648164 0.01310538 0.        ]
[I 2025-10-31 10:11:54,139] Trial 60 finished with value: 0.4227954370555098 and parameters: {'augment_factor': 2, 'chunk_seconds': 1, 'num_freqs': 8, 'num_estimators': 300, 'learning_rate': 0.03696248094289932, 'max_depth': 6, 'min_samples_split': 19, 'min_samples_leaf': 3, 'subsample': 0.8530123869002031, 'window_seconds': 4}. Best is trial 30 with value: 0.42391665623224256.
[0.52395949 0.35527771 0.78031407 0.85631724 0.01006719 0.        ]
[I 2025-10-31 10:27:52,897] Trial 61 finished with value: 0.4209892825824045 and parameters: {'augment_factor': 2, 'chunk_seconds': 1, 'num_freqs': 8, 'num_estimators': 300, 'learning_rate': 0.04580197206132096, 'max_depth': 6, 'min_samples_split': 19, 'min_samples_leaf': 3, 'subsample': 0.8550213036241723, 'window_seconds': 4}. Best is trial 30 with value: 0.42391665623224256.
[0.49097317 0.36634376 0.78036254 0.85848131 0.01608467 0.        ]
[I 2025-10-31 10:44:12,911] Trial 62 finished with value: 0.4187075734651604 and parameters: {'augment_factor': 2, 'chunk_seconds': 1, 'num_freqs': 8, 'num_estimators': 300, 'learning_rate': 0.02433463125823086, 'max_depth': 6, 'min_samples_split': 20, 'min_samples_leaf': 3, 'subsample': 0.8785956685113594, 'window_seconds': 4}. Best is trial 30 with value: 0.42391665623224256.
[0.51091579 0.36343259 0.78084929 0.86030904 0.01128424 0.        ]
[I 2025-10-31 11:01:36,476] Trial 63 finished with value: 0.4211318244956832 and parameters: {'augment_factor': 2, 'chunk_seconds': 1, 'num_freqs': 9, 'num_estimators': 300, 'learning_rate': 0.03575375321062404, 'max_depth': 6, 'min_samples_split': 19, 'min_samples_leaf': 4, 'subsample': 0.9067653270758315, 'window_seconds': 4}. Best is trial 30 with value: 0.42391665623224256.
[0.41710909 0.3590719  0.67082446 0.7198939  0.00626419 0.        ]
[I 2025-10-31 11:14:37,222] Trial 64 finished with value: 0.3621939246318588 and parameters: {'augment_factor': 2, 'chunk_seconds': 1, 'num_freqs': 1, 'num_estimators': 300, 'learning_rate': 0.03383999287373567, 'max_depth': 6, 'min_samples_split': 19, 'min_samples_leaf': 4, 'subsample': 0.903938140677214, 'window_seconds': 4}. Best is trial 30 with value: 0.42391665623224256.
[0.50368165 0.34465782 0.74567395 0.81786276 0.01040738 0.        ]
[I 2025-10-31 11:27:08,356] Trial 65 finished with value: 0.40371392775254306 and parameters: {'augment_factor': 2, 'chunk_seconds': 1, 'num_freqs': 4, 'num_estimators': 300, 'learning_rate': 0.04551331503699706, 'max_depth': 7, 'min_samples_split': 19, 'min_samples_leaf': 4, 'subsample': 0.6462907480222321, 'window_seconds': 4}. Best is trial 30 with value: 0.42391665623224256.
[0.50927628 0.36092266 0.78195544 0.86322919 0.01183767 0.        ]
[I 2025-10-31 11:45:45,312] Trial 66 finished with value: 0.42120353873990685 and parameters: {'augment_factor': 2, 'chunk_seconds': 1, 'num_freqs': 10, 'num_estimators': 300, 'learning_rate': 0.037567367600061095, 'max_depth': 6, 'min_samples_split': 20, 'min_samples_leaf': 2, 'subsample': 0.9408433581904267, 'window_seconds': 4}. Best is trial 30 with value: 0.42391665623224256.
[0.48185479 0.3435423  0.77803393 0.85761616 0.01595793 0.        ]
[I 2025-10-31 12:04:08,123] Trial 67 finished with value: 0.41283418409851863 and parameters: {'augment_factor': 2, 'chunk_seconds': 1, 'num_freqs': 9, 'num_estimators': 300, 'learning_rate': 0.03621025356109828, 'max_depth': 6, 'min_samples_split': 20, 'min_samples_leaf': 2, 'subsample': 0.9677512029974273, 'window_seconds': 4}. Best is trial 30 with value: 0.42391665623224256.
[0.47037258 0.36698727 0.78798775 0.8668848  0.01307807 0.        ]
[I 2025-10-31 12:22:41,100] Trial 68 finished with value: 0.4175517458950897 and parameters: {'augment_factor': 2, 'chunk_seconds': 1, 'num_freqs': 10, 'num_estimators': 300, 'learning_rate': 0.02897575267011847, 'max_depth': 6, 'min_samples_split': 18, 'min_samples_leaf': 1, 'subsample': 0.9422480969088102, 'window_seconds': 4}. Best is trial 30 with value: 0.42391665623224256.
[0.46159205 0.3973812  0.78541231 0.85804896 0.01452269 0.        ]
[I 2025-10-31 12:40:27,279] Trial 69 finished with value: 0.4194928674464447 and parameters: {'augment_factor': 2, 'chunk_seconds': 1, 'num_freqs': 9, 'num_estimators': 300, 'learning_rate': 0.016956096135237447, 'max_depth': 6, 'min_samples_split': 19, 'min_samples_leaf': 3, 'subsample': 0.9218631883676114, 'window_seconds': 5}. Best is trial 30 with value: 0.42391665623224256.
[0.47652452 0.3386643  0.79086475 0.86368552 0.00804933 0.        ]
[I 2025-10-31 12:58:43,888] Trial 70 finished with value: 0.41296473675140954 and parameters: {'augment_factor': 2, 'chunk_seconds': 1, 'num_freqs': 9, 'num_estimators': 300, 'learning_rate': 0.01094629624056093, 'max_depth': 6, 'min_samples_split': 20, 'min_samples_leaf': 2, 'subsample': 0.961018573438582, 'window_seconds': 4}. Best is trial 30 with value: 0.42391665623224256.
[0.51402356 0.36887652 0.78179474 0.86003996 0.01180854 0.        ]
[I 2025-10-31 13:18:56,148] Trial 71 finished with value: 0.4227572195165848 and parameters: {'augment_factor': 2, 'chunk_seconds': 1, 'num_freqs': 10, 'num_estimators': 300, 'learning_rate': 0.03963125708728771, 'max_depth': 7, 'min_samples_split': 18, 'min_samples_leaf': 3, 'subsample': 0.887507637129204, 'window_seconds': 4}. Best is trial 30 with value: 0.42391665623224256.
[0.50432546 0.38239813 0.78458683 0.8653123  0.01311007 0.        ]
[I 2025-10-31 13:36:34,306] Trial 72 finished with value: 0.42495546307660975 and parameters: {'augment_factor': 2, 'chunk_seconds': 1, 'num_freqs': 10, 'num_estimators': 300, 'learning_rate': 0.026015964657091793, 'max_depth': 6, 'min_samples_split': 19, 'min_samples_leaf': 3, 'subsample': 0.8873202756313358, 'window_seconds': 4}. Best is trial 72 with value: 0.42495546307660975.
[0.49422454 0.36300751 0.78770352 0.86708631 0.01493357 0.        ]
[I 2025-10-31 13:54:12,529] Trial 73 finished with value: 0.42115924402746324 and parameters: {'augment_factor': 2, 'chunk_seconds': 1, 'num_freqs': 10, 'num_estimators': 300, 'learning_rate': 0.022259315385950596, 'max_depth': 6, 'min_samples_split': 20, 'min_samples_leaf': 3, 'subsample': 0.8886966442895508, 'window_seconds': 4}. Best is trial 72 with value: 0.42495546307660975.
[0.49522451 0.3626162  0.78437037 0.86384558 0.01355613 0.        ]
[I 2025-10-31 14:14:25,654] Trial 74 finished with value: 0.4199354645807263 and parameters: {'augment_factor': 2, 'chunk_seconds': 1, 'num_freqs': 10, 'num_estimators': 300, 'learning_rate': 0.021233363900557318, 'max_depth': 7, 'min_samples_split': 20, 'min_samples_leaf': 3, 'subsample': 0.8880106687188458, 'window_seconds': 4}. Best is trial 72 with value: 0.42495546307660975.
[0.51065032 0.3558979  0.78361827 0.86153024 0.01390399 0.        ]
[I 2025-10-31 14:38:11,300] Trial 75 finished with value: 0.4209334540551617 and parameters: {'augment_factor': 2, 'chunk_seconds': 1, 'num_freqs': 10, 'num_estimators': 300, 'learning_rate': 0.026199646532329965, 'max_depth': 8, 'min_samples_split': 18, 'min_samples_leaf': 4, 'subsample': 0.9274088820148013, 'window_seconds': 4}. Best is trial 72 with value: 0.42495546307660975.
[0.48009519 0.35330288 0.79053125 0.86675173 0.00783623 0.        ]
[I 2025-10-31 14:51:14,493] Trial 76 finished with value: 0.4164195460977072 and parameters: {'augment_factor': 2, 'chunk_seconds': 1, 'num_freqs': 10, 'num_estimators': 200, 'learning_rate': 0.020513760784162005, 'max_depth': 6, 'min_samples_split': 17, 'min_samples_leaf': 2, 'subsample': 0.9429772387361293, 'window_seconds': 4}. Best is trial 72 with value: 0.42495546307660975.
[0.49387265 0.35892257 0.78730368 0.86699809 0.01355494 0.        ]
[I 2025-10-31 15:10:28,707] Trial 77 finished with value: 0.4201086552457287 and parameters: {'augment_factor': 2, 'chunk_seconds': 1, 'num_freqs': 10, 'num_estimators': 300, 'learning_rate': 0.02627918401754464, 'max_depth': 6, 'min_samples_split': 20, 'min_samples_leaf': 3, 'subsample': 0.9829264768959113, 'window_seconds': 4}. Best is trial 72 with value: 0.42495546307660975.
[0.51097263 0.31781821 0.79625288 0.8646063  0.00561608 0.        ]
[I 2025-10-31 15:15:34,408] Trial 78 finished with value: 0.4158776817242826 and parameters: {'augment_factor': 8, 'chunk_seconds': 1, 'num_freqs': 10, 'num_estimators': 50, 'learning_rate': 0.03745291553049348, 'max_depth': 7, 'min_samples_split': 18, 'min_samples_leaf': 4, 'subsample': 0.8884920956126343, 'window_seconds': 4}. Best is trial 72 with value: 0.42495546307660975.
[0.4242588  0.27508751 0.78812939 0.86401852 0.00785453 0.        ]
[I 2025-10-31 15:22:32,424] Trial 79 finished with value: 0.3932247923894774 and parameters: {'augment_factor': 2, 'chunk_seconds': 3, 'num_freqs': 10, 'num_estimators': 300, 'learning_rate': 0.022894902588259533, 'max_depth': 7, 'min_samples_split': 19, 'min_samples_leaf': 3, 'subsample': 0.9083593326602237, 'window_seconds': 4}. Best is trial 72 with value: 0.42495546307660975.
[0.50330348 0.37280674 0.79771155 0.8683725  0.00558473 0.        ]
[I 2025-10-31 15:36:41,112] Trial 80 finished with value: 0.42462983306665786 and parameters: {'augment_factor': 2, 'chunk_seconds': 1, 'num_freqs': 10, 'num_estimators': 300, 'learning_rate': 0.013707112369823025, 'max_depth': 5, 'min_samples_split': 5, 'min_samples_leaf': 2, 'subsample': 0.8230444898404676, 'window_seconds': 4}. Best is trial 72 with value: 0.42495546307660975.
[0.47641412 0.36427183 0.79666847 0.86912649 0.00620798 0.        ]
[I 2025-10-31 15:50:46,971] Trial 81 finished with value: 0.41878148216898486 and parameters: {'augment_factor': 2, 'chunk_seconds': 1, 'num_freqs': 10, 'num_estimators': 300, 'learning_rate': 0.014731043054874405, 'max_depth': 5, 'min_samples_split': 2, 'min_samples_leaf': 1, 'subsample': 0.8197351379506386, 'window_seconds': 4}. Best is trial 72 with value: 0.42495546307660975.
[0.48519388 0.37651346 0.78940165 0.86587891 0.00838243 0.        ]
[I 2025-10-31 16:05:12,051] Trial 82 finished with value: 0.4208950548045615 and parameters: {'augment_factor': 2, 'chunk_seconds': 1, 'num_freqs': 10, 'num_estimators': 300, 'learning_rate': 0.0332086690322384, 'max_depth': 5, 'min_samples_split': 19, 'min_samples_leaf': 2, 'subsample': 0.8436329441925323, 'window_seconds': 4}. Best is trial 72 with value: 0.42495546307660975.
[0.50053142 0.35065923 0.78989264 0.8650821  0.01086314 0.        ]
[I 2025-10-31 16:21:52,363] Trial 83 finished with value: 0.4195047550262498 and parameters: {'augment_factor': 2, 'chunk_seconds': 1, 'num_freqs': 9, 'num_estimators': 300, 'learning_rate': 0.018449866309816765, 'max_depth': 6, 'min_samples_split': 5, 'min_samples_leaf': 2, 'subsample': 0.8623487303507514, 'window_seconds': 4}. Best is trial 72 with value: 0.42495546307660975.
[0.50334427 0.36699103 0.79537222 0.86904337 0.00617276 0.        ]
[I 2025-10-31 16:36:10,903] Trial 84 finished with value: 0.4234872754224514 and parameters: {'augment_factor': 2, 'chunk_seconds': 1, 'num_freqs': 10, 'num_estimators': 300, 'learning_rate': 0.015416968505473565, 'max_depth': 5, 'min_samples_split': 20, 'min_samples_leaf': 4, 'subsample': 0.8270095760235165, 'window_seconds': 4}. Best is trial 72 with value: 0.42495546307660975.
[0.51593539 0.36966229 0.79702518 0.86886767 0.00684085 0.        ]
[I 2025-10-31 16:50:27,218] Trial 85 finished with value: 0.42638856203659764 and parameters: {'augment_factor': 2, 'chunk_seconds': 1, 'num_freqs': 10, 'num_estimators': 300, 'learning_rate': 0.014202784063709086, 'max_depth': 5, 'min_samples_split': 20, 'min_samples_leaf': 3, 'subsample': 0.8328295926275391, 'window_seconds': 4}. Best is trial 85 with value: 0.42638856203659764.
[0.35825293 0.09994419 0.81256115 0.88176003 0.         0.        ]
[I 2025-10-31 16:54:34,418] Trial 86 finished with value: 0.35875305172973776 and parameters: {'augment_factor': 2, 'chunk_seconds': 1, 'num_freqs': 10, 'num_estimators': 50, 'learning_rate': 0.011890802047163208, 'max_depth': 5, 'min_samples_split': 7, 'min_samples_leaf': 2, 'subsample': 0.8124818279054287, 'window_seconds': 5}. Best is trial 85 with value: 0.42638856203659764.
[0.48646707 0.33371026 0.75536176 0.80916608 0.00203728 0.        ]
[I 2025-10-31 17:01:26,584] Trial 87 finished with value: 0.39779040790052805 and parameters: {'augment_factor': 8, 'chunk_seconds': 1, 'num_freqs': 3, 'num_estimators': 200, 'learning_rate': 0.01367959783348892, 'max_depth': 4, 'min_samples_split': 20, 'min_samples_leaf': 3, 'subsample': 0.7959549567600832, 'window_seconds': 4}. Best is trial 85 with value: 0.42638856203659764.
[0.51830963 0.35560345 0.79983436 0.86864166 0.00269079 0.        ]
[I 2025-10-31 17:15:09,111] Trial 88 finished with value: 0.4241799799420738 and parameters: {'augment_factor': 2, 'chunk_seconds': 1, 'num_freqs': 10, 'num_estimators': 300, 'learning_rate': 0.010375491991023753, 'max_depth': 5, 'min_samples_split': 18, 'min_samples_leaf': 4, 'subsample': 0.7887404041846892, 'window_seconds': 4}. Best is trial 85 with value: 0.42638856203659764.
[0.51577831 0.35776923 0.79801503 0.86911497 0.00426869 0.        ]
[I 2025-10-31 17:28:40,149] Trial 89 finished with value: 0.42415770511029116 and parameters: {'augment_factor': 2, 'chunk_seconds': 1, 'num_freqs': 10, 'num_estimators': 300, 'learning_rate': 0.013072808393735239, 'max_depth': 5, 'min_samples_split': 18, 'min_samples_leaf': 4, 'subsample': 0.7803240066009454, 'window_seconds': 4}. Best is trial 85 with value: 0.42638856203659764.
[0.51688145 0.35959036 0.80039464 0.87178442 0.00198932 0.        ]
[I 2025-10-31 17:39:35,214] Trial 90 finished with value: 0.4251066980203928 and parameters: {'augment_factor': 2, 'chunk_seconds': 1, 'num_freqs': 10, 'num_estimators': 300, 'learning_rate': 0.01081640856583339, 'max_depth': 4, 'min_samples_split': 18, 'min_samples_leaf': 5, 'subsample': 0.7494283444738529, 'window_seconds': 4}. Best is trial 85 with value: 0.42638856203659764.
[0.50882407 0.35847306 0.80141671 0.87156819 0.00198603 0.        ]
[I 2025-10-31 17:50:26,040] Trial 91 finished with value: 0.42371134147775485 and parameters: {'augment_factor': 2, 'chunk_seconds': 1, 'num_freqs': 10, 'num_estimators': 300, 'learning_rate': 0.010207675792802464, 'max_depth': 4, 'min_samples_split': 17, 'min_samples_leaf': 5, 'subsample': 0.7436179884616384, 'window_seconds': 4}. Best is trial 85 with value: 0.42638856203659764.
[0.51339503 0.36348414 0.7986524  0.87120002 0.00197817 0.        ]
[I 2025-10-31 18:01:09,254] Trial 92 finished with value: 0.4247849583084203 and parameters: {'augment_factor': 2, 'chunk_seconds': 1, 'num_freqs': 10, 'num_estimators': 300, 'learning_rate': 0.0126083099442672, 'max_depth': 4, 'min_samples_split': 17, 'min_samples_leaf': 5, 'subsample': 0.7329752588241286, 'window_seconds': 4}. Best is trial 85 with value: 0.42638856203659764.
[0.51040301 0.3532789  0.80168672 0.87149113 0.00197817 0.        ]
[I 2025-10-31 18:11:58,839] Trial 93 finished with value: 0.4231396543350053 and parameters: {'augment_factor': 2, 'chunk_seconds': 1, 'num_freqs': 10, 'num_estimators': 300, 'learning_rate': 0.010042502633259192, 'max_depth': 4, 'min_samples_split': 17, 'min_samples_leaf': 5, 'subsample': 0.741422381186209, 'window_seconds': 4}. Best is trial 85 with value: 0.42638856203659764.
[0.51721232 0.34817697 0.79904807 0.87116433 0.00198143 0.        ]
[I 2025-10-31 18:23:10,442] Trial 94 finished with value: 0.42293052100031164 and parameters: {'augment_factor': 2, 'chunk_seconds': 1, 'num_freqs': 10, 'num_estimators': 300, 'learning_rate': 0.012412506688979431, 'max_depth': 4, 'min_samples_split': 17, 'min_samples_leaf': 5, 'subsample': 0.7731831710492916, 'window_seconds': 4}. Best is trial 85 with value: 0.42638856203659764.
[0.50450006 0.34007353 0.79805786 0.87022137 0.0063169  0.        ]
[I 2025-10-31 18:31:46,534] Trial 95 finished with value: 0.41986161782288806 and parameters: {'augment_factor': 2, 'chunk_seconds': 1, 'num_freqs': 10, 'num_estimators': 300, 'learning_rate': 0.0163000714621653, 'max_depth': 3, 'min_samples_split': 17, 'min_samples_leaf': 5, 'subsample': 0.7310576257200437, 'window_seconds': 4}. Best is trial 85 with value: 0.42638856203659764.
[0.53294686 0.3553987  0.79863288 0.87158306 0.0019913  0.        ]
