[I 2025-10-31 18:43:04,435] Trial 96 finished with value: 0.4267587995721643 and parameters: {'augment_factor': 2, 'chunk_seconds': 1, 'num_freqs': 10, 'num_estimators': 300, 'learning_rate': 0.013717037073706397, 'max_depth': 4, 'min_samples_split': 18, 'min_samples_leaf': 5, 'subsample': 0.7830538308477283, 'window_seconds': 4}. Best is trial 96 with value: 0.4267587995721643.
[0.51223901 0.35785824 0.8020167  0.87200049 0.00198734 0.        ]
[I 2025-10-31 18:53:58,933] Trial 97 finished with value: 0.42435029745062575 and parameters: {'augment_factor': 4, 'chunk_seconds': 1, 'num_freqs': 10, 'num_estimators': 300, 'learning_rate': 0.010223824714964571, 'max_depth': 4, 'min_samples_split': 18, 'min_samples_leaf': 5, 'subsample': 0.7489760319997603, 'window_seconds': 4}. Best is trial 96 with value: 0.4267587995721643.
[0.52619561 0.36400228 0.79838853 0.87097656 0.0019966  0.        ]
[I 2025-10-31 19:04:57,679] Trial 98 finished with value: 0.4269265957032422 and parameters: {'augment_factor': 4, 'chunk_seconds': 1, 'num_freqs': 10, 'num_estimators': 300, 'learning_rate': 0.013346445174042876, 'max_depth': 4, 'min_samples_split': 18, 'min_samples_leaf': 5, 'subsample': 0.7542344124696502, 'window_seconds': 4}. Best is trial 98 with value: 0.4269265957032422.
[0.45447782 0.3078533  0.80473612 0.87381891 0.00265859 0.        ]
[I 2025-10-31 19:10:33,505] Trial 99 finished with value: 0.4072574577891237 and parameters: {'augment_factor': 4, 'chunk_seconds': 2, 'num_freqs': 10, 'num_estimators': 300, 'learning_rate': 0.013379941386128205, 'max_depth': 4, 'min_samples_split': 18, 'min_samples_leaf': 5, 'subsample': 0.7571471704716797, 'window_seconds': 4}. Best is trial 98 with value: 0.4269265957032422.
{'augment_factor': 4, 'chunk_seconds': 1, 'num_freqs': 10, 'num_estimators': 300, 'learning_rate': 0.013346445174042876, 'max_depth': 4, 'min_samples_split': 18, 'min_samples_leaf': 5, 'subsample': 0.7542344124696502, 'window_seconds': 4}
Job finished at: Fri Oct 31 19:10:34 EDT 2025
