uv version: uv 0.9.5
Running on host: gpu04.cluster
Job started at: Sun Feb 22 01:09:12 EST 2026
Running job ID: 725633
Loaded 58 files (2.86 GB) in 2.74 seconds.
Trial 0 F1s - Weighted: 0.6828 | Macro: 0.2040 | Micro: 0.7114

[I 2026-02-22 04:17:42,232] Trial 0 finished with value: 0.6827711387920637 and parameters: {'chunk_seconds': 5, 'num_freqs': 18, 'num_estimators': 256, 'max_depth': 128, 'max_features': 0.9964144622956544, 'overlap': 0.38120838286361985, 'max_lag': 8}. Best is trial 0 with value: 0.6827711387920637.
Trial 1 F1s - Weighted: 0.6440 | Macro: 0.2088 | Micro: 0.6700

[I 2026-02-22 05:42:05,323] Trial 1 finished with value: 0.6440100937837269 and parameters: {'chunk_seconds': 3, 'num_freqs': 4, 'num_estimators': 64, 'max_depth': 256, 'max_features': 0.6087205135027849, 'overlap': 0.7519647564463701, 'max_lag': 4}. Best is trial 0 with value: 0.6827711387920637.
Skipping probe: too short (len=670, chunk_size=800)
Skipping probe: too short (len=559, chunk_size=800)
Skipping probe: too short (len=632, chunk_size=800)
Skipping probe: too short (len=559, chunk_size=800)
Skipping probe: too short (len=670, chunk_size=800)
Skipping probe: too short (len=632, chunk_size=800)
Skipping probe: too short (len=559, chunk_size=800)
Skipping probe: too short (len=670, chunk_size=800)
Skipping probe: too short (len=632, chunk_size=800)
Skipping probe: too short (len=670, chunk_size=800)
Skipping probe: too short (len=632, chunk_size=800)
Skipping probe: too short (len=559, chunk_size=800)
Skipping probe: too short (len=559, chunk_size=800)
Skipping probe: too short (len=632, chunk_size=800)
Skipping probe: too short (len=670, chunk_size=800)
Trial 2 F1s - Weighted: 0.6577 | Macro: 0.1967 | Micro: 0.6751

[I 2026-02-22 06:01:30,254] Trial 2 finished with value: 0.6577084097502383 and parameters: {'chunk_seconds': 8, 'num_freqs': 3, 'num_estimators': 8, 'max_depth': 256, 'max_features': 0.8080718404570393, 'overlap': 0.7624715679805554, 'max_lag': 5}. Best is trial 0 with value: 0.6827711387920637.
Trial 3 F1s - Weighted: 0.5975 | Macro: 0.1804 | Micro: 0.5124

[I 2026-02-22 06:59:19,834] Trial 3 finished with value: 0.5974589859005517 and parameters: {'chunk_seconds': 3, 'num_freqs': 15, 'num_estimators': 128, 'max_depth': 8, 'max_features': 0.6318040457115501, 'overlap': 0.4358623711770709, 'max_lag': 7}. Best is trial 0 with value: 0.6827711387920637.
Skipping probe: too short (len=559, chunk_size=800)
Skipping probe: too short (len=670, chunk_size=800)
Skipping probe: too short (len=632, chunk_size=800)
Skipping probe: too short (len=559, chunk_size=800)
Skipping probe: too short (len=670, chunk_size=800)
Skipping probe: too short (len=632, chunk_size=800)
Skipping probe: too short (len=559, chunk_size=800)
Skipping probe: too short (len=670, chunk_size=800)
Skipping probe: too short (len=632, chunk_size=800)
Skipping probe: too short (len=670, chunk_size=800)
Skipping probe: too short (len=632, chunk_size=800)
Skipping probe: too short (len=559, chunk_size=800)
Skipping probe: too short (len=559, chunk_size=800)
Skipping probe: too short (len=632, chunk_size=800)
Skipping probe: too short (len=670, chunk_size=800)
Trial 4 F1s - Weighted: 0.7056 | Macro: 0.2061 | Micro: 0.7349

[I 2026-02-22 07:20:40,205] Trial 4 finished with value: 0.7055619818969895 and parameters: {'chunk_seconds': 8, 'num_freqs': 15, 'num_estimators': 32, 'max_depth': 128, 'max_features': 0.5599195844776478, 'overlap': 0.5534624890957129, 'max_lag': 8}. Best is trial 4 with value: 0.7055619818969895.
Trial 5 F1s - Weighted: 0.5883 | Macro: 0.1763 | Micro: 0.4995

[I 2026-02-22 08:43:57,940] Trial 5 finished with value: 0.588289979520916 and parameters: {'chunk_seconds': 2, 'num_freqs': 17, 'num_estimators': 64, 'max_depth': 8, 'max_features': 0.7326888442597435, 'overlap': 0.551410736691804, 'max_lag': 10}. Best is trial 4 with value: 0.7055619818969895.
Trial 6 F1s - Weighted: 0.6522 | Macro: 0.1970 | Micro: 0.6694

[I 2026-02-22 08:57:29,731] Trial 6 finished with value: 0.6521964991100607 and parameters: {'chunk_seconds': 5, 'num_freqs': 13, 'num_estimators': 8, 'max_depth': 32, 'max_features': 0.8767855783512377, 'overlap': 0.3227300875259926, 'max_lag': 5}. Best is trial 4 with value: 0.7055619818969895.
Trial 7 F1s - Weighted: 0.6629 | Macro: 0.2244 | Micro: 0.6445

[I 2026-02-22 10:34:28,299] Trial 7 finished with value: 0.6629386532086395 and parameters: {'chunk_seconds': 4, 'num_freqs': 6, 'num_estimators': 128, 'max_depth': 16, 'max_features': 0.9256751503951912, 'overlap': 0.6059721640744575, 'max_lag': 7}. Best is trial 4 with value: 0.7055619818969895.
Skipping probe: too short (len=559, chunk_size=600)
Skipping probe: too short (len=559, chunk_size=600)
Skipping probe: too short (len=559, chunk_size=600)
Skipping probe: too short (len=559, chunk_size=600)
Skipping probe: too short (len=559, chunk_size=600)
Trial 8 F1s - Weighted: 0.4996 | Macro: 0.1217 | Micro: 0.3897

[I 2026-02-22 11:05:02,491] Trial 8 finished with value: 0.4996105689361872 and parameters: {'chunk_seconds': 6, 'num_freqs': 20, 'num_estimators': 16, 'max_depth': 4, 'max_features': 0.5426771469370346, 'overlap': 0.7993074467277125, 'max_lag': 10}. Best is trial 4 with value: 0.7055619818969895.
Trial 9 F1s - Weighted: 0.4865 | Macro: 0.1145 | Micro: 0.3806

[I 2026-02-22 11:31:00,443] Trial 9 finished with value: 0.4865059784948304 and parameters: {'chunk_seconds': 4, 'num_freqs': 15, 'num_estimators': 64, 'max_depth': 4, 'max_features': 0.9924456128561417, 'overlap': 0.4207071568685159, 'max_lag': 7}. Best is trial 4 with value: 0.7055619818969895.
Skipping probe: too short (len=559, chunk_size=1000)
Skipping probe: too short (len=906, chunk_size=1000)
Skipping probe: too short (len=834, chunk_size=1000)
Skipping probe: too short (len=982, chunk_size=1000)
Skipping probe: too short (len=670, chunk_size=1000)
Skipping probe: too short (len=886, chunk_size=1000)
Skipping probe: too short (len=632, chunk_size=1000)
Skipping probe: too short (len=834, chunk_size=1000)
Skipping probe: too short (len=559, chunk_size=1000)
Skipping probe: too short (len=906, chunk_size=1000)
Skipping probe: too short (len=982, chunk_size=1000)
Skipping probe: too short (len=670, chunk_size=1000)
Skipping probe: too short (len=886, chunk_size=1000)
Skipping probe: too short (len=632, chunk_size=1000)
Skipping probe: too short (len=559, chunk_size=1000)
Skipping probe: too short (len=906, chunk_size=1000)
Skipping probe: too short (len=834, chunk_size=1000)
Skipping probe: too short (len=670, chunk_size=1000)
Skipping probe: too short (len=886, chunk_size=1000)
Skipping probe: too short (len=632, chunk_size=1000)
Skipping probe: too short (len=982, chunk_size=1000)
Skipping probe: too short (len=834, chunk_size=1000)
Skipping probe: too short (len=982, chunk_size=1000)
Skipping probe: too short (len=670, chunk_size=1000)
Skipping probe: too short (len=886, chunk_size=1000)
Skipping probe: too short (len=632, chunk_size=1000)
Skipping probe: too short (len=559, chunk_size=1000)
Skipping probe: too short (len=906, chunk_size=1000)
Skipping probe: too short (len=982, chunk_size=1000)
Skipping probe: too short (len=559, chunk_size=1000)
Skipping probe: too short (len=906, chunk_size=1000)
Skipping probe: too short (len=632, chunk_size=1000)
Skipping probe: too short (len=834, chunk_size=1000)
Skipping probe: too short (len=670, chunk_size=1000)
Skipping probe: too short (len=886, chunk_size=1000)
Trial 10 F1s - Weighted: 0.7019 | Macro: 0.2048 | Micro: 0.7299

[I 2026-02-22 11:49:21,649] Trial 10 finished with value: 0.70191742463092 and parameters: {'chunk_seconds': 10, 'num_freqs': 10, 'num_estimators': 32, 'max_depth': 128, 'max_features': 0.5034975567322804, 'overlap': 0.6127441182913548, 'max_lag': 9}. Best is trial 4 with value: 0.7055619818969895.
Skipping probe: too short (len=982, chunk_size=1000)
Skipping probe: too short (len=559, chunk_size=1000)
Skipping probe: too short (len=906, chunk_size=1000)
Skipping probe: too short (len=834, chunk_size=1000)
Skipping probe: too short (len=670, chunk_size=1000)
Skipping probe: too short (len=886, chunk_size=1000)
Skipping probe: too short (len=632, chunk_size=1000)
Skipping probe: too short (len=982, chunk_size=1000)
Skipping probe: too short (len=670, chunk_size=1000)
Skipping probe: too short (len=886, chunk_size=1000)
Skipping probe: too short (len=834, chunk_size=1000)
Skipping probe: too short (len=559, chunk_size=1000)
Skipping probe: too short (len=906, chunk_size=1000)
Skipping probe: too short (len=632, chunk_size=1000)
Skipping probe: too short (len=834, chunk_size=1000)
Skipping probe: too short (len=559, chunk_size=1000)
Skipping probe: too short (len=906, chunk_size=1000)
Skipping probe: too short (len=670, chunk_size=1000)
Skipping probe: too short (len=886, chunk_size=1000)
Skipping probe: too short (len=632, chunk_size=1000)
Skipping probe: too short (len=982, chunk_size=1000)
Skipping probe: too short (len=982, chunk_size=1000)
Skipping probe: too short (len=834, chunk_size=1000)
Skipping probe: too short (len=632, chunk_size=1000)
Skipping probe: too short (len=670, chunk_size=1000)
Skipping probe: too short (len=886, chunk_size=1000)
Skipping probe: too short (len=559, chunk_size=1000)
Skipping probe: too short (len=906, chunk_size=1000)
Skipping probe: too short (len=559, chunk_size=1000)
Skipping probe: too short (len=906, chunk_size=1000)
Skipping probe: too short (len=982, chunk_size=1000)
Skipping probe: too short (len=632, chunk_size=1000)
Skipping probe: too short (len=834, chunk_size=1000)
Skipping probe: too short (len=670, chunk_size=1000)
Skipping probe: too short (len=886, chunk_size=1000)
Trial 11 F1s - Weighted: 0.7114 | Macro: 0.2073 | Micro: 0.7398

[I 2026-02-22 12:08:19,653] Trial 11 finished with value: 0.7114387307470846 and parameters: {'chunk_seconds': 10, 'num_freqs': 9, 'num_estimators': 32, 'max_depth': 128, 'max_features': 0.5032742716062752, 'overlap': 0.6391246782292119, 'max_lag': 9}. Best is trial 11 with value: 0.7114387307470846.
Skipping probe: too short (len=834, chunk_size=1000)
Skipping probe: too short (len=982, chunk_size=1000)
Skipping probe: too short (len=559, chunk_size=1000)
Skipping probe: too short (len=906, chunk_size=1000)
Skipping probe: too short (len=670, chunk_size=1000)
Skipping probe: too short (len=886, chunk_size=1000)
Skipping probe: too short (len=632, chunk_size=1000)
Skipping probe: too short (len=559, chunk_size=1000)
Skipping probe: too short (len=906, chunk_size=1000)
Skipping probe: too short (len=834, chunk_size=1000)
Skipping probe: too short (len=982, chunk_size=1000)
Skipping probe: too short (len=670, chunk_size=1000)
Skipping probe: too short (len=886, chunk_size=1000)
Skipping probe: too short (len=632, chunk_size=1000)
Skipping probe: too short (len=834, chunk_size=1000)
Skipping probe: too short (len=559, chunk_size=1000)
Skipping probe: too short (len=906, chunk_size=1000)
Skipping probe: too short (len=632, chunk_size=1000)
Skipping probe: too short (len=670, chunk_size=1000)
Skipping probe: too short (len=886, chunk_size=1000)
Skipping probe: too short (len=982, chunk_size=1000)
Skipping probe: too short (len=834, chunk_size=1000)
Skipping probe: too short (len=982, chunk_size=1000)
Skipping probe: too short (len=670, chunk_size=1000)
Skipping probe: too short (len=886, chunk_size=1000)
Skipping probe: too short (len=632, chunk_size=1000)
Skipping probe: too short (len=559, chunk_size=1000)
Skipping probe: too short (len=906, chunk_size=1000)
Skipping probe: too short (len=559, chunk_size=1000)
Skipping probe: too short (len=906, chunk_size=1000)
Skipping probe: too short (len=982, chunk_size=1000)
Skipping probe: too short (len=632, chunk_size=1000)
Skipping probe: too short (len=834, chunk_size=1000)
Skipping probe: too short (len=670, chunk_size=1000)
Skipping probe: too short (len=886, chunk_size=1000)
Trial 12 F1s - Weighted: 0.7034 | Macro: 0.2070 | Micro: 0.7299

[I 2026-02-22 12:30:06,300] Trial 12 finished with value: 0.7034326407326786 and parameters: {'chunk_seconds': 10, 'num_freqs': 9, 'num_estimators': 32, 'max_depth': 64, 'max_features': 0.6349576127159215, 'overlap': 0.6585882169641666, 'max_lag': 9}. Best is trial 11 with value: 0.7114387307470846.
Skipping probe: too short (len=559, chunk_size=800)
Skipping probe: too short (len=670, chunk_size=800)
Skipping probe: too short (len=632, chunk_size=800)
Skipping probe: too short (len=559, chunk_size=800)
Skipping probe: too short (len=670, chunk_size=800)
Skipping probe: too short (len=632, chunk_size=800)
Skipping probe: too short (len=559, chunk_size=800)
Skipping probe: too short (len=670, chunk_size=800)
Skipping probe: too short (len=632, chunk_size=800)
Skipping probe: too short (len=632, chunk_size=800)
Skipping probe: too short (len=670, chunk_size=800)
Skipping probe: too short (len=559, chunk_size=800)
Skipping probe: too short (len=559, chunk_size=800)
Skipping probe: too short (len=632, chunk_size=800)
Skipping probe: too short (len=670, chunk_size=800)
Trial 13 F1s - Weighted: 0.6995 | Macro: 0.2065 | Micro: 0.7260

[I 2026-02-22 12:49:17,655] Trial 13 finished with value: 0.6994758031914083 and parameters: {'chunk_seconds': 8, 'num_freqs': 8, 'num_estimators': 32, 'max_depth': 128, 'max_features': 0.7151556054493808, 'overlap': 0.500216965290454, 'max_lag': 8}. Best is trial 11 with value: 0.7114387307470846.
Skipping probe: too short (len=559, chunk_size=800)
Skipping probe: too short (len=670, chunk_size=800)
Skipping probe: too short (len=632, chunk_size=800)
Skipping probe: too short (len=559, chunk_size=800)
Skipping probe: too short (len=670, chunk_size=800)
Skipping probe: too short (len=632, chunk_size=800)
Skipping probe: too short (len=559, chunk_size=800)
Skipping probe: too short (len=632, chunk_size=800)
Skipping probe: too short (len=670, chunk_size=800)
Skipping probe: too short (len=670, chunk_size=800)
Skipping probe: too short (len=632, chunk_size=800)
Skipping probe: too short (len=559, chunk_size=800)
Skipping probe: too short (len=559, chunk_size=800)
Skipping probe: too short (len=632, chunk_size=800)
Skipping probe: too short (len=670, chunk_size=800)
Trial 14 F1s - Weighted: 0.6996 | Macro: 0.2071 | Micro: 0.7281

[I 2026-02-22 13:16:24,588] Trial 14 finished with value: 0.6995601857945869 and parameters: {'chunk_seconds': 8, 'num_freqs': 12, 'num_estimators': 32, 'max_depth': 128, 'max_features': 0.5654460822715824, 'overlap': 0.6786590693158063, 'max_lag': 9}. Best is trial 11 with value: 0.7114387307470846.
Skipping probe: too short (len=834, chunk_size=900)
Skipping probe: too short (len=559, chunk_size=900)
Skipping probe: too short (len=632, chunk_size=900)
Skipping probe: too short (len=670, chunk_size=900)
Skipping probe: too short (len=886, chunk_size=900)
Skipping probe: too short (len=670, chunk_size=900)
Skipping probe: too short (len=886, chunk_size=900)
Skipping probe: too short (len=559, chunk_size=900)
Skipping probe: too short (len=834, chunk_size=900)
Skipping probe: too short (len=632, chunk_size=900)
Skipping probe: too short (len=834, chunk_size=900)
Skipping probe: too short (len=559, chunk_size=900)
Skipping probe: too short (len=670, chunk_size=900)
Skipping probe: too short (len=886, chunk_size=900)
Skipping probe: too short (len=632, chunk_size=900)
Skipping probe: too short (len=834, chunk_size=900)
Skipping probe: too short (len=670, chunk_size=900)
Skipping probe: too short (len=886, chunk_size=900)
Skipping probe: too short (len=632, chunk_size=900)
Skipping probe: too short (len=559, chunk_size=900)
Skipping probe: too short (len=559, chunk_size=900)
Skipping probe: too short (len=632, chunk_size=900)
Skipping probe: too short (len=834, chunk_size=900)
Skipping probe: too short (len=670, chunk_size=900)
Skipping probe: too short (len=886, chunk_size=900)
Trial 15 F1s - Weighted: 0.7014 | Macro: 0.2039 | Micro: 0.7297

[I 2026-02-22 13:32:41,096] Trial 15 finished with value: 0.7014190894393624 and parameters: {'chunk_seconds': 9, 'num_freqs': 13, 'num_estimators': 32, 'max_depth': 128, 'max_features': 0.5080506855875755, 'overlap': 0.5193395927986082, 'max_lag': 6}. Best is trial 11 with value: 0.7114387307470846.
Skipping probe: too short (len=559, chunk_size=700)
Skipping probe: too short (len=670, chunk_size=700)
Skipping probe: too short (len=632, chunk_size=700)
Skipping probe: too short (len=559, chunk_size=700)
Skipping probe: too short (len=670, chunk_size=700)
Skipping probe: too short (len=632, chunk_size=700)
Skipping probe: too short (len=670, chunk_size=700)
Skipping probe: too short (len=559, chunk_size=700)
Skipping probe: too short (len=632, chunk_size=700)
Skipping probe: too short (len=670, chunk_size=700)
Skipping probe: too short (len=632, chunk_size=700)
Skipping probe: too short (len=559, chunk_size=700)
Skipping probe: too short (len=559, chunk_size=700)
Skipping probe: too short (len=632, chunk_size=700)
Skipping probe: too short (len=670, chunk_size=700)
Trial 16 F1s - Weighted: 0.6952 | Macro: 0.2352 | Micro: 0.6815

[I 2026-02-22 13:49:52,386] Trial 16 finished with value: 0.6951822126729588 and parameters: {'chunk_seconds': 7, 'num_freqs': 7, 'num_estimators': 16, 'max_depth': 16, 'max_features': 0.6838030434709781, 'overlap': 0.6740030498976017, 'max_lag': 3}. Best is trial 11 with value: 0.7114387307470846.
Skipping probe: too short (len=559, chunk_size=900)
Skipping probe: too short (len=834, chunk_size=900)
Skipping probe: too short (len=670, chunk_size=900)
Skipping probe: too short (len=886, chunk_size=900)
Skipping probe: too short (len=632, chunk_size=900)
Skipping probe: too short (len=559, chunk_size=900)
Skipping probe: too short (len=834, chunk_size=900)
Skipping probe: too short (len=670, chunk_size=900)
Skipping probe: too short (len=886, chunk_size=900)
Skipping probe: too short (len=632, chunk_size=900)
Skipping probe: too short (len=670, chunk_size=900)
Skipping probe: too short (len=886, chunk_size=900)
Skipping probe: too short (len=559, chunk_size=900)
Skipping probe: too short (len=834, chunk_size=900)
Skipping probe: too short (len=632, chunk_size=900)
Skipping probe: too short (len=834, chunk_size=900)
Skipping probe: too short (len=632, chunk_size=900)
Skipping probe: too short (len=670, chunk_size=900)
Skipping probe: too short (len=886, chunk_size=900)
Skipping probe: too short (len=559, chunk_size=900)
Skipping probe: too short (len=559, chunk_size=900)
Skipping probe: too short (len=632, chunk_size=900)
Skipping probe: too short (len=834, chunk_size=900)
Skipping probe: too short (len=670, chunk_size=900)
Skipping probe: too short (len=886, chunk_size=900)
Trial 17 F1s - Weighted: 0.7032 | Macro: 0.2119 | Micro: 0.7289

[I 2026-02-22 14:41:22,371] Trial 17 finished with value: 0.7031698240186943 and parameters: {'chunk_seconds': 9, 'num_freqs': 1, 'num_estimators': 256, 'max_depth': 32, 'max_features': 0.5782700687979371, 'overlap': 0.5992620607413162, 'max_lag': 8}. Best is trial 11 with value: 0.7114387307470846.
Skipping probe: too short (len=559, chunk_size=700)
Skipping probe: too short (len=670, chunk_size=700)
Skipping probe: too short (len=632, chunk_size=700)
Skipping probe: too short (len=670, chunk_size=700)
Skipping probe: too short (len=559, chunk_size=700)
Skipping probe: too short (len=632, chunk_size=700)
Skipping probe: too short (len=559, chunk_size=700)
Skipping probe: too short (len=670, chunk_size=700)
Skipping probe: too short (len=632, chunk_size=700)
[I 2026-02-22 14:55:54,561] Trial 18 pruned. 
Skipping probe: too short (len=834, chunk_size=1000)
Skipping probe: too short (len=559, chunk_size=1000)
Skipping probe: too short (len=906, chunk_size=1000)
Skipping probe: too short (len=982, chunk_size=1000)
Skipping probe: too short (len=670, chunk_size=1000)
Skipping probe: too short (len=886, chunk_size=1000)
Skipping probe: too short (len=632, chunk_size=1000)
Skipping probe: too short (len=982, chunk_size=1000)
Skipping probe: too short (len=834, chunk_size=1000)
Skipping probe: too short (len=670, chunk_size=1000)
Skipping probe: too short (len=886, chunk_size=1000)
Skipping probe: too short (len=559, chunk_size=1000)
Skipping probe: too short (len=906, chunk_size=1000)
Skipping probe: too short (len=632, chunk_size=1000)
Skipping probe: too short (len=670, chunk_size=1000)
Skipping probe: too short (len=886, chunk_size=1000)
Skipping probe: too short (len=834, chunk_size=1000)
Skipping probe: too short (len=559, chunk_size=1000)
Skipping probe: too short (len=906, chunk_size=1000)
Skipping probe: too short (len=632, chunk_size=1000)
Skipping probe: too short (len=982, chunk_size=1000)
Skipping probe: too short (len=982, chunk_size=1000)
Skipping probe: too short (len=834, chunk_size=1000)
Skipping probe: too short (len=670, chunk_size=1000)
Skipping probe: too short (len=886, chunk_size=1000)
Skipping probe: too short (len=632, chunk_size=1000)
Skipping probe: too short (len=559, chunk_size=1000)
Skipping probe: too short (len=906, chunk_size=1000)
Skipping probe: too short (len=559, chunk_size=1000)
Skipping probe: too short (len=906, chunk_size=1000)
Skipping probe: too short (len=982, chunk_size=1000)
Skipping probe: too short (len=632, chunk_size=1000)
Skipping probe: too short (len=834, chunk_size=1000)
Skipping probe: too short (len=670, chunk_size=1000)
Skipping probe: too short (len=886, chunk_size=1000)
Trial 19 F1s - Weighted: 0.7058 | Macro: 0.2017 | Micro: 0.7339

