uv version: uv 0.9.5
Running on host: gpu04.cluster
Job started at: Thu Oct 30 22:39:31 EDT 2025
Running job ID: 499339
Loading Data...
[0.531839   0.26723142 0.65850287 0.70920318 0.00757116 0.        ]
[I 2025-10-30 22:42:06,327] Trial 0 finished with value: 0.36239127128926957 and parameters: {'augment_factor': 1, 'chunk_seconds': 1, 'num_freqs': 1, 'num_estimators': 128, 'max_depth': 128, 'window_seconds': 2}. Best is trial 0 with value: 0.36239127128926957.
[0.51701662 0.22133681 0.65256513 0.69968632 0.00867295 0.        ]
[I 2025-10-30 22:43:18,214] Trial 1 finished with value: 0.3498796388549794 and parameters: {'augment_factor': 8, 'chunk_seconds': 2, 'num_freqs': 1, 'num_estimators': 32, 'max_depth': 16, 'window_seconds': 2}. Best is trial 0 with value: 0.36239127128926957.
[0.6063537  0.23036841 0.76953692 0.83579417 0.01842767 0.        ]
[I 2025-10-30 22:44:13,346] Trial 2 finished with value: 0.4100801458401934 and parameters: {'augment_factor': 1, 'chunk_seconds': 3, 'num_freqs': 7, 'num_estimators': 16, 'max_depth': 32, 'window_seconds': 3}. Best is trial 2 with value: 0.4100801458401934.
[0.61579714 0.37397507 0.74525434 0.80213078 0.01172978 0.        ]
[I 2025-10-30 22:45:28,540] Trial 3 finished with value: 0.42481451916748086 and parameters: {'augment_factor': 1, 'chunk_seconds': 2, 'num_freqs': 6, 'num_estimators': 16, 'max_depth': 32, 'window_seconds': 5}. Best is trial 3 with value: 0.42481451916748086.
[0.47419413 0.19116193 0.70731926 0.852223   0.06200405 0.        ]
[I 2025-10-30 22:46:25,752] Trial 4 finished with value: 0.381150395958565 and parameters: {'augment_factor': 2, 'chunk_seconds': 3, 'num_freqs': 8, 'num_estimators': 64, 'max_depth': 8, 'window_seconds': 4}. Best is trial 3 with value: 0.42481451916748086.
[0.59471628 0.29646927 0.75609251 0.82355701 0.00790777 0.        ]
[I 2025-10-30 22:47:40,614] Trial 5 finished with value: 0.4131238072721663 and parameters: {'augment_factor': 8, 'chunk_seconds': 2, 'num_freqs': 6, 'num_estimators': 32, 'max_depth': 32, 'window_seconds': 3}. Best is trial 3 with value: 0.42481451916748086.
[0.37165876 0.15384338 0.65826212 0.83717551 0.0676966  0.        ]
[I 2025-10-30 22:49:45,768] Trial 6 finished with value: 0.3481060620682897 and parameters: {'augment_factor': 1, 'chunk_seconds': 1, 'num_freqs': 8, 'num_estimators': 8, 'max_depth': 8, 'window_seconds': 3}. Best is trial 3 with value: 0.42481451916748086.
[0.58292686 0.26240156 0.71970852 0.78378918 0.00711559 0.        ]
[I 2025-10-30 22:50:56,952] Trial 7 finished with value: 0.39265695218711744 and parameters: {'augment_factor': 4, 'chunk_seconds': 2, 'num_freqs': 3, 'num_estimators': 16, 'max_depth': 128, 'window_seconds': 2}. Best is trial 3 with value: 0.42481451916748086.
[0.63557048 0.36247596 0.75133819 0.82013156 0.00603345 0.        ]
[I 2025-10-30 22:53:20,034] Trial 8 finished with value: 0.429258274454103 and parameters: {'augment_factor': 8, 'chunk_seconds': 1, 'num_freqs': 7, 'num_estimators': 64, 'max_depth': 32, 'window_seconds': 5}. Best is trial 8 with value: 0.429258274454103.
[0.47424753 0.13654247 0.68368937 0.84063752 0.06583735 0.        ]
[I 2025-10-30 22:54:37,523] Trial 9 finished with value: 0.3668257039174585 and parameters: {'augment_factor': 1, 'chunk_seconds': 2, 'num_freqs': 6, 'num_estimators': 128, 'max_depth': 8, 'window_seconds': 2}. Best is trial 8 with value: 0.429258274454103.
[0.61825576 0.37736165 0.7662255  0.83528798 0.00675859 0.        ]
[I 2025-10-30 22:57:03,507] Trial 10 finished with value: 0.4339815797149478 and parameters: {'augment_factor': 8, 'chunk_seconds': 1, 'num_freqs': 10, 'num_estimators': 64, 'max_depth': 64, 'window_seconds': 5}. Best is trial 10 with value: 0.4339815797149478.
[0.63864388 0.36036433 0.76709032 0.83870845 0.007373   0.        ]
[I 2025-10-30 22:59:29,181] Trial 11 finished with value: 0.43536333050132825 and parameters: {'augment_factor': 8, 'chunk_seconds': 1, 'num_freqs': 10, 'num_estimators': 64, 'max_depth': 64, 'window_seconds': 5}. Best is trial 11 with value: 0.43536333050132825.
[0.63928299 0.38342039 0.76484085 0.83295118 0.00617768 0.        ]
[I 2025-10-30 23:01:55,205] Trial 12 finished with value: 0.43777884844138587 and parameters: {'augment_factor': 8, 'chunk_seconds': 1, 'num_freqs': 10, 'num_estimators': 64, 'max_depth': 64, 'window_seconds': 5}. Best is trial 12 with value: 0.43777884844138587.
[0.6241263  0.36799555 0.76537158 0.83403247 0.00860581 0.        ]
[I 2025-10-30 23:04:18,753] Trial 13 finished with value: 0.4333552835489331 and parameters: {'augment_factor': 8, 'chunk_seconds': 1, 'num_freqs': 10, 'num_estimators': 64, 'max_depth': 64, 'window_seconds': 4}. Best is trial 12 with value: 0.43777884844138587.
[0.62516749 0.36379299 0.75964809 0.82887928 0.00727213 0.        ]
[I 2025-10-30 23:06:42,378] Trial 14 finished with value: 0.43079333060077746 and parameters: {'augment_factor': 2, 'chunk_seconds': 1, 'num_freqs': 9, 'num_estimators': 64, 'max_depth': 64, 'window_seconds': 4}. Best is trial 12 with value: 0.43777884844138587.
[0.56916447 0.33284211 0.70901373 0.76120908 0.00671229 0.        ]
[I 2025-10-30 23:08:51,021] Trial 15 finished with value: 0.3964902795862622 and parameters: {'augment_factor': 4, 'chunk_seconds': 1, 'num_freqs': 4, 'num_estimators': 8, 'max_depth': 64, 'window_seconds': 5}. Best is trial 12 with value: 0.43777884844138587.
[0.62298724 0.38218179 0.76543426 0.83730097 0.00667814 0.        ]
[I 2025-10-30 23:11:14,151] Trial 16 finished with value: 0.4357637323791757 and parameters: {'augment_factor': 8, 'chunk_seconds': 1, 'num_freqs': 10, 'num_estimators': 64, 'max_depth': 64, 'window_seconds': 4}. Best is trial 12 with value: 0.43777884844138587.
[0.55206294 0.28877129 0.74934038 0.85406285 0.07038496 0.        ]
[I 2025-10-30 23:12:13,640] Trial 17 finished with value: 0.4191037354034642 and parameters: {'augment_factor': 8, 'chunk_seconds': 3, 'num_freqs': 9, 'num_estimators': 64, 'max_depth': 16, 'window_seconds': 4}. Best is trial 12 with value: 0.43777884844138587.
[0.621241   0.3627631  0.76054996 0.83081909 0.00599432 0.        ]
[I 2025-10-30 23:14:36,785] Trial 18 finished with value: 0.4302279099179878 and parameters: {'augment_factor': 8, 'chunk_seconds': 1, 'num_freqs': 9, 'num_estimators': 64, 'max_depth': 64, 'window_seconds': 4}. Best is trial 12 with value: 0.43777884844138587.
[0.60600684 0.32531165 0.70711626 0.76106294 0.00510278 0.        ]
[I 2025-10-30 23:15:53,281] Trial 19 finished with value: 0.40076674469163254 and parameters: {'augment_factor': 4, 'chunk_seconds': 2, 'num_freqs': 3, 'num_estimators': 32, 'max_depth': 64, 'window_seconds': 5}. Best is trial 12 with value: 0.43777884844138587.
[0.62037229 0.27959749 0.77391084 0.84592517 0.00685535 0.        ]
[I 2025-10-30 23:17:19,062] Trial 20 finished with value: 0.42111019042292 and parameters: {'augment_factor': 8, 'chunk_seconds': 2, 'num_freqs': 8, 'num_estimators': 128, 'max_depth': 64, 'window_seconds': 4}. Best is trial 12 with value: 0.43777884844138587.
[0.62027676 0.37498314 0.76554415 0.83630709 0.00672113 0.        ]
[I 2025-10-30 23:19:44,748] Trial 21 finished with value: 0.43397204434194125 and parameters: {'augment_factor': 8, 'chunk_seconds': 1, 'num_freqs': 10, 'num_estimators': 64, 'max_depth': 64, 'window_seconds': 5}. Best is trial 12 with value: 0.43777884844138587.
[0.63694117 0.36342231 0.76836189 0.83910514 0.00798995 0.        ]
[I 2025-10-30 23:22:10,475] Trial 22 finished with value: 0.4359700754204266 and parameters: {'augment_factor': 8, 'chunk_seconds': 1, 'num_freqs': 10, 'num_estimators': 64, 'max_depth': 64, 'window_seconds': 5}. Best is trial 12 with value: 0.43777884844138587.
[0.64234208 0.38619978 0.76211559 0.83036116 0.00736324 0.        ]
[I 2025-10-30 23:24:36,652] Trial 23 finished with value: 0.43806364208296616 and parameters: {'augment_factor': 2, 'chunk_seconds': 1, 'num_freqs': 9, 'num_estimators': 64, 'max_depth': 64, 'window_seconds': 5}. Best is trial 23 with value: 0.43806364208296616.
[0.62459715 0.40625967 0.7317187  0.83530808 0.06721437 0.        ]
[I 2025-10-30 23:26:59,974] Trial 24 finished with value: 0.44418299387014276 and parameters: {'augment_factor': 2, 'chunk_seconds': 1, 'num_freqs': 9, 'num_estimators': 64, 'max_depth': 16, 'window_seconds': 5}. Best is trial 24 with value: 0.44418299387014276.
[0.54922891 0.33804605 0.72428523 0.82620979 0.06236248 0.        ]
[I 2025-10-30 23:29:09,391] Trial 25 finished with value: 0.41668874266047307 and parameters: {'augment_factor': 2, 'chunk_seconds': 1, 'num_freqs': 9, 'num_estimators': 8, 'max_depth': 16, 'window_seconds': 5}. Best is trial 24 with value: 0.44418299387014276.
[0.62796898 0.39326573 0.73034965 0.83148738 0.06522908 0.        ]
[I 2025-10-30 23:31:29,477] Trial 26 finished with value: 0.44138347113672816 and parameters: {'augment_factor': 2, 'chunk_seconds': 1, 'num_freqs': 7, 'num_estimators': 64, 'max_depth': 16, 'window_seconds': 5}. Best is trial 24 with value: 0.44418299387014276.
[0.59960653 0.38095623 0.73102264 0.82896153 0.06048548 0.        ]
[I 2025-10-30 23:33:49,066] Trial 27 finished with value: 0.43350540074191374 and parameters: {'augment_factor': 2, 'chunk_seconds': 1, 'num_freqs': 7, 'num_estimators': 64, 'max_depth': 16, 'window_seconds': 5}. Best is trial 24 with value: 0.44418299387014276.
[0.62051459 0.34600124 0.73655513 0.81774543 0.0588436  0.        ]
[I 2025-10-30 23:35:07,404] Trial 28 finished with value: 0.42994333190324735 and parameters: {'augment_factor': 2, 'chunk_seconds': 2, 'num_freqs': 5, 'num_estimators': 64, 'max_depth': 16, 'window_seconds': 4}. Best is trial 24 with value: 0.44418299387014276.
[0.63390052 0.36149138 0.7628793  0.83186807 0.00683238 0.        ]
[I 2025-10-30 23:37:43,468] Trial 29 finished with value: 0.43282860845962823 and parameters: {'augment_factor': 2, 'chunk_seconds': 1, 'num_freqs': 8, 'num_estimators': 128, 'max_depth': 128, 'window_seconds': 5}. Best is trial 24 with value: 0.44418299387014276.
[0.57799258 0.29150691 0.75111817 0.836585   0.05515619 0.        ]
[I 2025-10-30 23:39:49,322] Trial 30 finished with value: 0.4187264760774309 and parameters: {'augment_factor': 2, 'chunk_seconds': 1, 'num_freqs': 7, 'num_estimators': 16, 'max_depth': 16, 'window_seconds': 3}. Best is trial 24 with value: 0.44418299387014276.
[0.62225646 0.41727146 0.73283602 0.8392438  0.06813278 0.        ]
[I 2025-10-30 23:42:12,808] Trial 31 finished with value: 0.44662342046438286 and parameters: {'augment_factor': 2, 'chunk_seconds': 1, 'num_freqs': 9, 'num_estimators': 64, 'max_depth': 16, 'window_seconds': 5}. Best is trial 31 with value: 0.44662342046438286.
[0.63490728 0.40655018 0.73823535 0.84144183 0.06681926 0.        ]
[I 2025-10-30 23:44:36,330] Trial 32 finished with value: 0.4479923178994441 and parameters: {'augment_factor': 2, 'chunk_seconds': 1, 'num_freqs': 9, 'num_estimators': 64, 'max_depth': 16, 'window_seconds': 5}. Best is trial 32 with value: 0.4479923178994441.
[0.61412549 0.38930212 0.7310774  0.83290484 0.06932045 0.        ]
[I 2025-10-30 23:46:50,012] Trial 33 finished with value: 0.43945504890249487 and parameters: {'augment_factor': 2, 'chunk_seconds': 1, 'num_freqs': 8, 'num_estimators': 32, 'max_depth': 16, 'window_seconds': 5}. Best is trial 32 with value: 0.4479923178994441.
[0.61180785 0.34770493 0.74983181 0.85004582 0.06594256 0.        ]
[I 2025-10-30 23:48:11,133] Trial 34 finished with value: 0.4375554934420199 and parameters: {'augment_factor': 2, 'chunk_seconds': 2, 'num_freqs': 9, 'num_estimators': 64, 'max_depth': 16, 'window_seconds': 5}. Best is trial 32 with value: 0.4479923178994441.
[0.62009007 0.40485468 0.72145309 0.7984984  0.05096538 0.        ]
[I 2025-10-30 23:50:31,265] Trial 35 finished with value: 0.4326436020375562 and parameters: {'augment_factor': 2, 'chunk_seconds': 1, 'num_freqs': 5, 'num_estimators': 64, 'max_depth': 16, 'window_seconds': 5}. Best is trial 32 with value: 0.4479923178994441.
[0.42233375 0.35878975 0.63713249 0.67013108 0.00791833 0.        ]
[I 2025-10-30 23:52:40,385] Trial 36 finished with value: 0.3493842327785622 and parameters: {'augment_factor': 2, 'chunk_seconds': 1, 'num_freqs': 1, 'num_estimators': 16, 'max_depth': 16, 'window_seconds': 5}. Best is trial 32 with value: 0.4479923178994441.
[0.57686481 0.26127441 0.72516868 0.81073067 0.05848045 0.        ]
[I 2025-10-30 23:53:35,261] Trial 37 finished with value: 0.40541983703833523 and parameters: {'augment_factor': 2, 'chunk_seconds': 3, 'num_freqs': 7, 'num_estimators': 8, 'max_depth': 16, 'window_seconds': 4}. Best is trial 32 with value: 0.4479923178994441.
[0.61742172 0.36462983 0.74351388 0.83929171 0.06666612 0.        ]
[I 2025-10-30 23:54:51,315] Trial 38 finished with value: 0.43858720975991045 and parameters: {'augment_factor': 2, 'chunk_seconds': 2, 'num_freqs': 8, 'num_estimators': 32, 'max_depth': 16, 'window_seconds': 5}. Best is trial 32 with value: 0.4479923178994441.
[0.59604649 0.32973711 0.75076065 0.83783326 0.05865388 0.        ]
[I 2025-10-30 23:57:06,574] Trial 39 finished with value: 0.42883856529476877 and parameters: {'augment_factor': 1, 'chunk_seconds': 1, 'num_freqs': 7, 'num_estimators': 64, 'max_depth': 16, 'window_seconds': 3}. Best is trial 32 with value: 0.4479923178994441.
[0.65142037 0.38083681 0.7453429  0.8111351  0.00668031 0.        ]
[I 2025-10-30 23:59:42,807] Trial 40 finished with value: 0.43256924996827667 and parameters: {'augment_factor': 2, 'chunk_seconds': 1, 'num_freqs': 6, 'num_estimators': 128, 'max_depth': 128, 'window_seconds': 5}. Best is trial 32 with value: 0.4479923178994441.
[0.60933674 0.38347267 0.73862133 0.83886171 0.06394207 0.        ]
[I 2025-10-31 00:01:56,321] Trial 41 finished with value: 0.4390390864062757 and parameters: {'augment_factor': 2, 'chunk_seconds': 1, 'num_freqs': 8, 'num_estimators': 32, 'max_depth': 16, 'window_seconds': 5}. Best is trial 32 with value: 0.4479923178994441.
[0.61737445 0.37236819 0.73303648 0.83323199 0.06632686 0.        ]
[I 2025-10-31 00:04:09,694] Trial 42 finished with value: 0.43705632775100406 and parameters: {'augment_factor': 2, 'chunk_seconds': 1, 'num_freqs': 8, 'num_estimators': 32, 'max_depth': 16, 'window_seconds': 5}. Best is trial 32 with value: 0.4479923178994441.
[0.64395585 0.33530735 0.75614121 0.8252036  0.00675355 0.        ]
[I 2025-10-31 00:06:24,272] Trial 43 finished with value: 0.4278935911336079 and parameters: {'augment_factor': 2, 'chunk_seconds': 1, 'num_freqs': 8, 'num_estimators': 32, 'max_depth': 32, 'window_seconds': 5}. Best is trial 32 with value: 0.4479923178994441.
[0.47734248 0.20406176 0.70271017 0.84747225 0.06316707 0.        ]
[I 2025-10-31 00:08:36,473] Trial 44 finished with value: 0.3824589573879022 and parameters: {'augment_factor': 2, 'chunk_seconds': 1, 'num_freqs': 9, 'num_estimators': 32, 'max_depth': 8, 'window_seconds': 5}. Best is trial 32 with value: 0.4479923178994441.
[0.60454685 0.24295412 0.73918863 0.81915207 0.05185497 0.        ]
[I 2025-10-31 00:10:38,753] Trial 45 finished with value: 0.40961610864286174 and parameters: {'augment_factor': 4, 'chunk_seconds': 1, 'num_freqs': 6, 'num_estimators': 16, 'max_depth': 16, 'window_seconds': 2}. Best is trial 32 with value: 0.4479923178994441.
[0.61179971 0.34720203 0.75054121 0.85106177 0.06770997 0.        ]
[I 2025-10-31 00:11:59,773] Trial 46 finished with value: 0.43805244925839154 and parameters: {'augment_factor': 1, 'chunk_seconds': 2, 'num_freqs': 9, 'num_estimators': 64, 'max_depth': 16, 'window_seconds': 5}. Best is trial 32 with value: 0.4479923178994441.
[0.59972414 0.34965258 0.72755878 0.82826335 0.06666113 0.        ]
[I 2025-10-31 00:14:11,109] Trial 47 finished with value: 0.42864333063731835 and parameters: {'augment_factor': 2, 'chunk_seconds': 1, 'num_freqs': 7, 'num_estimators': 32, 'max_depth': 16, 'window_seconds': 4}. Best is trial 32 with value: 0.4479923178994441.
[0.6026316  0.36749201 0.75811971 0.82716264 0.00682104 0.        ]
[I 2025-10-31 00:16:33,307] Trial 48 finished with value: 0.42703783266748746 and parameters: {'augment_factor': 2, 'chunk_seconds': 1, 'num_freqs': 8, 'num_estimators': 64, 'max_depth': 32, 'window_seconds': 5}. Best is trial 32 with value: 0.4479923178994441.
[0.49194378 0.21678879 0.71290402 0.84898302 0.1494073  0.        ]
[I 2025-10-31 00:18:50,550] Trial 49 finished with value: 0.40333781866993607 and parameters: {'augment_factor': 2, 'chunk_seconds': 1, 'num_freqs': 9, 'num_estimators': 64, 'max_depth': 8, 'window_seconds': 5}. Best is trial 32 with value: 0.4479923178994441.
[0.55730762 0.31751284 0.73691275 0.83307209 0.06212795 0.        ]
[I 2025-10-31 00:20:03,542] Trial 50 finished with value: 0.41782220849823376 and parameters: {'augment_factor': 2, 'chunk_seconds': 2, 'num_freqs': 10, 'num_estimators': 8, 'max_depth': 16, 'window_seconds': 4}. Best is trial 32 with value: 0.4479923178994441.
[0.59584945 0.37195679 0.73729287 0.83626706 0.06605967 0.        ]
[I 2025-10-31 00:22:16,899] Trial 51 finished with value: 0.434570974040737 and parameters: {'augment_factor': 2, 'chunk_seconds': 1, 'num_freqs': 8, 'num_estimators': 32, 'max_depth': 16, 'window_seconds': 5}. Best is trial 32 with value: 0.4479923178994441.
[0.61840559 0.38576376 0.73236875 0.82961531 0.06322966 0.        ]
[I 2025-10-31 00:24:30,471] Trial 52 finished with value: 0.4382305139943424 and parameters: {'augment_factor': 2, 'chunk_seconds': 1, 'num_freqs': 8, 'num_estimators': 32, 'max_depth': 16, 'window_seconds': 5}. Best is trial 32 with value: 0.4479923178994441.
[0.63927091 0.3919964  0.73860119 0.84258477 0.06647812 0.        ]
[I 2025-10-31 00:26:45,473] Trial 53 finished with value: 0.4464885663503522 and parameters: {'augment_factor': 2, 'chunk_seconds': 1, 'num_freqs': 9, 'num_estimators': 32, 'max_depth': 16, 'window_seconds': 5}. Best is trial 32 with value: 0.4479923178994441.
[0.60664835 0.38169338 0.72919241 0.83611357 0.06734842 0.        ]
[I 2025-10-31 00:29:00,894] Trial 54 finished with value: 0.43683268813285586 and parameters: {'augment_factor': 4, 'chunk_seconds': 1, 'num_freqs': 9, 'num_estimators': 32, 'max_depth': 16, 'window_seconds': 5}. Best is trial 32 with value: 0.4479923178994441.
[0.62263739 0.37059895 0.76339438 0.83501483 0.00545942 0.        ]
[I 2025-10-31 00:31:26,805] Trial 55 finished with value: 0.432850828056002 and parameters: {'augment_factor': 1, 'chunk_seconds': 1, 'num_freqs': 10, 'num_estimators': 64, 'max_depth': 128, 'window_seconds': 5}. Best is trial 32 with value: 0.4479923178994441.
[0.63230606 0.40061734 0.73550765 0.8403473  0.06632901 0.        ]
[I 2025-10-31 00:33:50,553] Trial 56 finished with value: 0.445851227947259 and parameters: {'augment_factor': 2, 'chunk_seconds': 1, 'num_freqs': 9, 'num_estimators': 64, 'max_depth': 16, 'window_seconds': 5}. Best is trial 32 with value: 0.4479923178994441.
[0.63154867 0.39492359 0.73550809 0.83721955 0.06906565 0.        ]
[I 2025-10-31 00:36:13,964] Trial 57 finished with value: 0.444710925283089 and parameters: {'augment_factor': 2, 'chunk_seconds': 1, 'num_freqs': 9, 'num_estimators': 64, 'max_depth': 16, 'window_seconds': 5}. Best is trial 32 with value: 0.4479923178994441.
[0.62225225 0.37513888 0.76040702 0.83166913 0.00844223 0.        ]
[I 2025-10-31 00:38:37,887] Trial 58 finished with value: 0.43298491779661497 and parameters: {'augment_factor': 2, 'chunk_seconds': 1, 'num_freqs': 9, 'num_estimators': 64, 'max_depth': 32, 'window_seconds': 4}. Best is trial 32 with value: 0.4479923178994441.
[0.47432032 0.22201905 0.7204983  0.84847664 0.32191719 0.        ]
[I 2025-10-31 00:40:55,285] Trial 59 finished with value: 0.43120525088911177 and parameters: {'augment_factor': 2, 'chunk_seconds': 1, 'num_freqs': 10, 'num_estimators': 64, 'max_depth': 8, 'window_seconds': 5}. Best is trial 32 with value: 0.4479923178994441.
[0.54578207 0.27186007 0.74889301 0.83054549 0.05318617 0.        ]
[I 2025-10-31 00:43:09,962] Trial 60 finished with value: 0.40837780020923775 and parameters: {'augment_factor': 4, 'chunk_seconds': 1, 'num_freqs': 9, 'num_estimators': 64, 'max_depth': 16, 'window_seconds': 2}. Best is trial 32 with value: 0.4479923178994441.
[0.60298579 0.39215201 0.7363986  0.84160914 0.06654877 0.        ]
[I 2025-10-31 00:45:33,551] Trial 61 finished with value: 0.4399490501748185 and parameters: {'augment_factor': 2, 'chunk_seconds': 1, 'num_freqs': 9, 'num_estimators': 64, 'max_depth': 16, 'window_seconds': 5}. Best is trial 32 with value: 0.4479923178994441.
[0.62928963 0.40787744 0.74022128 0.84476647 0.06640718 0.        ]
[I 2025-10-31 00:47:56,947] Trial 62 finished with value: 0.44809366634336395 and parameters: {'augment_factor': 2, 'chunk_seconds': 1, 'num_freqs': 10, 'num_estimators': 64, 'max_depth': 16, 'window_seconds': 5}. Best is trial 62 with value: 0.44809366634336395.
[0.63650867 0.41267452 0.74647837 0.84952318 0.0674085  0.        ]
[I 2025-10-31 00:50:20,469] Trial 63 finished with value: 0.45209887304981494 and parameters: {'augment_factor': 2, 'chunk_seconds': 1, 'num_freqs': 10, 'num_estimators': 64, 'max_depth': 16, 'window_seconds': 5}. Best is trial 63 with value: 0.45209887304981494.
[0.62753108 0.39926316 0.73964207 0.84569873 0.06721061 0.        ]
[I 2025-10-31 00:52:43,509] Trial 64 finished with value: 0.44655760828697894 and parameters: {'augment_factor': 2, 'chunk_seconds': 1, 'num_freqs': 10, 'num_estimators': 64, 'max_depth': 16, 'window_seconds': 5}. Best is trial 63 with value: 0.45209887304981494.
[0.60997381 0.39906797 0.74045142 0.8490795  0.06651661 0.        ]
[I 2025-10-31 00:55:06,814] Trial 65 finished with value: 0.4441815514474953 and parameters: {'augment_factor': 2, 'chunk_seconds': 1, 'num_freqs': 10, 'num_estimators': 64, 'max_depth': 16, 'window_seconds': 5}. Best is trial 63 with value: 0.45209887304981494.
[0.61840503 0.40073388 0.73866946 0.84483508 0.06618929 0.        ]
