[I 2025-10-31 00:57:45,828] Trial 66 finished with value: 0.4448054570596289 and parameters: {'augment_factor': 2, 'chunk_seconds': 1, 'num_freqs': 10, 'num_estimators': 128, 'max_depth': 16, 'window_seconds': 5}. Best is trial 63 with value: 0.45209887304981494.
[0.58973367 0.27244562 0.76000781 0.85772511 0.06858292 0.        ]
[I 2025-10-31 00:58:46,137] Trial 67 finished with value: 0.42474918621391683 and parameters: {'augment_factor': 1, 'chunk_seconds': 3, 'num_freqs': 10, 'num_estimators': 64, 'max_depth': 16, 'window_seconds': 5}. Best is trial 63 with value: 0.45209887304981494.
[0.63119713 0.36156434 0.76787748 0.84088566 0.00612042 0.        ]
[I 2025-10-31 01:01:12,324] Trial 68 finished with value: 0.43460750485124283 and parameters: {'augment_factor': 2, 'chunk_seconds': 1, 'num_freqs': 10, 'num_estimators': 64, 'max_depth': 128, 'window_seconds': 5}. Best is trial 63 with value: 0.45209887304981494.
[0.61711531 0.37896402 0.74183065 0.84379962 0.06846233 0.        ]
[I 2025-10-31 01:03:33,501] Trial 69 finished with value: 0.4416953197061051 and parameters: {'augment_factor': 2, 'chunk_seconds': 1, 'num_freqs': 10, 'num_estimators': 64, 'max_depth': 16, 'window_seconds': 4}. Best is trial 63 with value: 0.45209887304981494.
[0.61056648 0.38053862 0.73141983 0.84193789 0.06896975 0.        ]
[I 2025-10-31 01:05:45,097] Trial 70 finished with value: 0.43890542903246027 and parameters: {'augment_factor': 2, 'chunk_seconds': 1, 'num_freqs': 10, 'num_estimators': 16, 'max_depth': 16, 'window_seconds': 5}. Best is trial 63 with value: 0.45209887304981494.
[0.62311342 0.41020416 0.74126308 0.84561298 0.06800805 0.        ]
[I 2025-10-31 01:08:24,635] Trial 71 finished with value: 0.44803361423063887 and parameters: {'augment_factor': 2, 'chunk_seconds': 1, 'num_freqs': 10, 'num_estimators': 128, 'max_depth': 16, 'window_seconds': 5}. Best is trial 63 with value: 0.45209887304981494.
[0.627864   0.41472534 0.74054253 0.84500276 0.06720975 0.        ]
[I 2025-10-31 01:11:04,101] Trial 72 finished with value: 0.4492240649769756 and parameters: {'augment_factor': 2, 'chunk_seconds': 1, 'num_freqs': 10, 'num_estimators': 128, 'max_depth': 16, 'window_seconds': 5}. Best is trial 63 with value: 0.45209887304981494.
[0.62492913 0.39813921 0.74090539 0.84649549 0.06702129 0.        ]
[I 2025-10-31 01:13:43,634] Trial 73 finished with value: 0.4462484169852648 and parameters: {'augment_factor': 2, 'chunk_seconds': 1, 'num_freqs': 10, 'num_estimators': 128, 'max_depth': 16, 'window_seconds': 5}. Best is trial 63 with value: 0.45209887304981494.
[0.62939507 0.40015735 0.7404983  0.84694595 0.06649299 0.        ]
[I 2025-10-31 01:16:22,965] Trial 74 finished with value: 0.4472482754515496 and parameters: {'augment_factor': 2, 'chunk_seconds': 1, 'num_freqs': 10, 'num_estimators': 128, 'max_depth': 16, 'window_seconds': 5}. Best is trial 63 with value: 0.45209887304981494.
[0.62098595 0.39802372 0.7397988  0.84460545 0.06723158 0.        ]
[I 2025-10-31 01:19:02,473] Trial 75 finished with value: 0.4451075854853481 and parameters: {'augment_factor': 2, 'chunk_seconds': 1, 'num_freqs': 10, 'num_estimators': 128, 'max_depth': 16, 'window_seconds': 5}. Best is trial 63 with value: 0.45209887304981494.
[0.63246515 0.40453079 0.74120714 0.8477907  0.0665639  0.        ]
[I 2025-10-31 01:21:41,359] Trial 76 finished with value: 0.4487596130630948 and parameters: {'augment_factor': 2, 'chunk_seconds': 1, 'num_freqs': 10, 'num_estimators': 128, 'max_depth': 16, 'window_seconds': 5}. Best is trial 63 with value: 0.45209887304981494.
[0.62420004 0.41178817 0.74591293 0.85263835 0.06782238 0.        ]
[I 2025-10-31 01:24:20,608] Trial 77 finished with value: 0.4503936437325653 and parameters: {'augment_factor': 2, 'chunk_seconds': 1, 'num_freqs': 10, 'num_estimators': 128, 'max_depth': 16, 'window_seconds': 5}. Best is trial 63 with value: 0.45209887304981494.
[0.6557132  0.37463683 0.76966865 0.8403576  0.00734813 0.        ]
[I 2025-10-31 01:27:05,759] Trial 78 finished with value: 0.4412874011587888 and parameters: {'augment_factor': 2, 'chunk_seconds': 1, 'num_freqs': 10, 'num_estimators': 128, 'max_depth': 32, 'window_seconds': 5}. Best is trial 63 with value: 0.45209887304981494.
[0.62879584 0.37553627 0.74314565 0.84783519 0.06723035 0.        ]
[I 2025-10-31 01:29:41,969] Trial 79 finished with value: 0.4437572175168336 and parameters: {'augment_factor': 4, 'chunk_seconds': 1, 'num_freqs': 10, 'num_estimators': 128, 'max_depth': 16, 'window_seconds': 4}. Best is trial 63 with value: 0.45209887304981494.
[0.45901839 0.21931692 0.7141636  0.85376268 0.07499113 0.        ]
[I 2025-10-31 01:32:09,322] Trial 80 finished with value: 0.3868754533541592 and parameters: {'augment_factor': 8, 'chunk_seconds': 1, 'num_freqs': 10, 'num_estimators': 128, 'max_depth': 8, 'window_seconds': 5}. Best is trial 63 with value: 0.45209887304981494.
[0.62644478 0.4119425  0.74183536 0.84780797 0.06743007 0.        ]
[I 2025-10-31 01:34:48,809] Trial 81 finished with value: 0.4492434473185713 and parameters: {'augment_factor': 2, 'chunk_seconds': 1, 'num_freqs': 10, 'num_estimators': 128, 'max_depth': 16, 'window_seconds': 5}. Best is trial 63 with value: 0.45209887304981494.
[0.6310504  0.42066642 0.74198754 0.84757414 0.06730704 0.        ]
[I 2025-10-31 01:37:28,174] Trial 82 finished with value: 0.45143092521598827 and parameters: {'augment_factor': 2, 'chunk_seconds': 1, 'num_freqs': 10, 'num_estimators': 128, 'max_depth': 16, 'window_seconds': 5}. Best is trial 63 with value: 0.45209887304981494.
[0.64497092 0.39899889 0.73987875 0.84570928 0.06788942 0.        ]
[I 2025-10-31 01:40:07,437] Trial 83 finished with value: 0.4495745431965994 and parameters: {'augment_factor': 2, 'chunk_seconds': 1, 'num_freqs': 10, 'num_estimators': 128, 'max_depth': 16, 'window_seconds': 5}. Best is trial 63 with value: 0.45209887304981494.
[0.60088218 0.37637908 0.69780023 0.75849572 0.01064715 0.        ]
[I 2025-10-31 01:42:42,824] Trial 84 finished with value: 0.4073673961286357 and parameters: {'augment_factor': 2, 'chunk_seconds': 1, 'num_freqs': 3, 'num_estimators': 128, 'max_depth': 16, 'window_seconds': 5}. Best is trial 63 with value: 0.45209887304981494.
[0.63895609 0.41769931 0.74169838 0.84659055 0.06615871 0.        ]
[I 2025-10-31 01:45:22,117] Trial 85 finished with value: 0.4518505052453794 and parameters: {'augment_factor': 2, 'chunk_seconds': 1, 'num_freqs': 10, 'num_estimators': 128, 'max_depth': 16, 'window_seconds': 5}. Best is trial 63 with value: 0.45209887304981494.
[0.53940073 0.38043854 0.63055889 0.66844611 0.00733609 0.        ]
[I 2025-10-31 01:47:50,880] Trial 86 finished with value: 0.371030060197204 and parameters: {'augment_factor': 2, 'chunk_seconds': 1, 'num_freqs': 1, 'num_estimators': 128, 'max_depth': 16, 'window_seconds': 5}. Best is trial 63 with value: 0.45209887304981494.
[0.63417862 0.41145388 0.74269047 0.84819369 0.06806704 0.        ]
[I 2025-10-31 01:50:30,013] Trial 87 finished with value: 0.4507639486679747 and parameters: {'augment_factor': 2, 'chunk_seconds': 1, 'num_freqs': 10, 'num_estimators': 128, 'max_depth': 16, 'window_seconds': 5}. Best is trial 63 with value: 0.45209887304981494.
[0.62266659 0.33889996 0.75802155 0.84901944 0.05812468 0.        ]
[I 2025-10-31 01:53:04,299] Trial 88 finished with value: 0.4377887022917594 and parameters: {'augment_factor': 2, 'chunk_seconds': 1, 'num_freqs': 10, 'num_estimators': 128, 'max_depth': 16, 'window_seconds': 3}. Best is trial 63 with value: 0.45209887304981494.
[0.62450635 0.39058381 0.76735391 0.83850538 0.00609049 0.        ]
[I 2025-10-31 01:55:49,361] Trial 89 finished with value: 0.4378399907655328 and parameters: {'augment_factor': 1, 'chunk_seconds': 1, 'num_freqs': 10, 'num_estimators': 128, 'max_depth': 128, 'window_seconds': 5}. Best is trial 63 with value: 0.45209887304981494.
[0.62764317 0.41277681 0.73840506 0.84205025 0.06703136 0.        ]
[I 2025-10-31 01:58:28,797] Trial 90 finished with value: 0.447984440147356 and parameters: {'augment_factor': 2, 'chunk_seconds': 1, 'num_freqs': 9, 'num_estimators': 128, 'max_depth': 16, 'window_seconds': 5}. Best is trial 63 with value: 0.45209887304981494.
[0.62690168 0.3964361  0.73827203 0.84497874 0.06637983 0.        ]
[I 2025-10-31 02:01:08,417] Trial 91 finished with value: 0.445494730558059 and parameters: {'augment_factor': 2, 'chunk_seconds': 1, 'num_freqs': 10, 'num_estimators': 128, 'max_depth': 16, 'window_seconds': 5}. Best is trial 63 with value: 0.45209887304981494.
[0.63277277 0.39993417 0.74277628 0.84928103 0.06677406 0.        ]
[I 2025-10-31 02:03:47,835] Trial 92 finished with value: 0.4485897170739063 and parameters: {'augment_factor': 2, 'chunk_seconds': 1, 'num_freqs': 10, 'num_estimators': 128, 'max_depth': 16, 'window_seconds': 5}. Best is trial 63 with value: 0.45209887304981494.
[0.61060807 0.40991901 0.74090827 0.84949803 0.06688975 0.        ]
[I 2025-10-31 02:06:27,217] Trial 93 finished with value: 0.4463038546496394 and parameters: {'augment_factor': 2, 'chunk_seconds': 1, 'num_freqs': 10, 'num_estimators': 128, 'max_depth': 16, 'window_seconds': 5}. Best is trial 63 with value: 0.45209887304981494.
[0.63705287 0.39095201 0.74172141 0.84772037 0.06740078 0.        ]
[I 2025-10-31 02:09:06,178] Trial 94 finished with value: 0.44747457386368367 and parameters: {'augment_factor': 2, 'chunk_seconds': 1, 'num_freqs': 10, 'num_estimators': 128, 'max_depth': 16, 'window_seconds': 5}. Best is trial 63 with value: 0.45209887304981494.
[0.63158305 0.4029312  0.73517854 0.83856379 0.06789052 0.        ]
[I 2025-10-31 02:11:45,829] Trial 95 finished with value: 0.44602451571567703 and parameters: {'augment_factor': 2, 'chunk_seconds': 1, 'num_freqs': 9, 'num_estimators': 128, 'max_depth': 16, 'window_seconds': 5}. Best is trial 63 with value: 0.45209887304981494.
[0.63325328 0.41526335 0.74199431 0.84741588 0.06611762 0.        ]
[I 2025-10-31 02:14:25,241] Trial 96 finished with value: 0.450674075523764 and parameters: {'augment_factor': 2, 'chunk_seconds': 1, 'num_freqs': 10, 'num_estimators': 128, 'max_depth': 16, 'window_seconds': 5}. Best is trial 63 with value: 0.45209887304981494.
[0.62664534 0.40334447 0.73550987 0.84301386 0.06850598 0.        ]
[I 2025-10-31 02:17:04,965] Trial 97 finished with value: 0.44616992090296703 and parameters: {'augment_factor': 8, 'chunk_seconds': 1, 'num_freqs': 9, 'num_estimators': 128, 'max_depth': 16, 'window_seconds': 5}. Best is trial 63 with value: 0.45209887304981494.
[0.6336849  0.37411517 0.76815549 0.84099845 0.00672682 0.        ]
[I 2025-10-31 02:19:50,112] Trial 98 finished with value: 0.4372801377284315 and parameters: {'augment_factor': 2, 'chunk_seconds': 1, 'num_freqs': 10, 'num_estimators': 128, 'max_depth': 64, 'window_seconds': 5}. Best is trial 63 with value: 0.45209887304981494.
[0.62871054 0.37464345 0.75333601 0.85133872 0.06876205 0.        ]
[I 2025-10-31 02:21:19,168] Trial 99 finished with value: 0.4461317957692122 and parameters: {'augment_factor': 2, 'chunk_seconds': 2, 'num_freqs': 9, 'num_estimators': 128, 'max_depth': 16, 'window_seconds': 5}. Best is trial 63 with value: 0.45209887304981494.
{'augment_factor': 2, 'chunk_seconds': 1, 'num_freqs': 10, 'num_estimators': 64, 'max_depth': 16, 'window_seconds': 5}
Job finished at: Fri Oct 31 02:21:34 EDT 2025
