[I 2026-02-28 19:53:18,436] Trial 41 finished with value: 0.6898316406202583 and parameters: {'chunk_seconds': 8, 'num_freqs': 12, 'num_estimators': 16, 'max_depth': 16, 'window_seconds': 12, 'num_subwindows': 5, 'subwindow_freq': 15, 'use_window_slope': True, 'use_subwindow_slope': True, 'use_smote': False}. Best is trial 32 with value: 0.696246355318395.
Skipping probe: too short (len=834, chunk_size=900)
Skipping probe: too short (len=559, chunk_size=900)
Skipping probe: too short (len=670, chunk_size=900)
Skipping probe: too short (len=886, chunk_size=900)
Skipping probe: too short (len=632, chunk_size=900)
Skipping probe: too short (len=834, chunk_size=900)
Skipping probe: too short (len=559, chunk_size=900)
Skipping probe: too short (len=670, chunk_size=900)
Skipping probe: too short (len=886, chunk_size=900)
Skipping probe: too short (len=632, chunk_size=900)
Skipping probe: too short (len=834, chunk_size=900)
Skipping probe: too short (len=559, chunk_size=900)
Skipping probe: too short (len=670, chunk_size=900)
Skipping probe: too short (len=886, chunk_size=900)
Skipping probe: too short (len=632, chunk_size=900)
Skipping probe: too short (len=834, chunk_size=900)
Skipping probe: too short (len=632, chunk_size=900)
Skipping probe: too short (len=670, chunk_size=900)
Skipping probe: too short (len=886, chunk_size=900)
Skipping probe: too short (len=559, chunk_size=900)
[I 2026-02-28 20:06:50,326] Trial 42 pruned. 
Skipping probe: too short (len=834, chunk_size=1000)
Skipping probe: too short (len=982, chunk_size=1000)
Skipping probe: too short (len=670, chunk_size=1000)
Skipping probe: too short (len=886, chunk_size=1000)
Skipping probe: too short (len=559, chunk_size=1000)
Skipping probe: too short (len=906, chunk_size=1000)
Skipping probe: too short (len=632, chunk_size=1000)
Skipping probe: too short (len=559, chunk_size=1000)
Skipping probe: too short (len=906, chunk_size=1000)
Skipping probe: too short (len=834, chunk_size=1000)
Skipping probe: too short (len=982, chunk_size=1000)
Skipping probe: too short (len=670, chunk_size=1000)
Skipping probe: too short (len=886, chunk_size=1000)
Skipping probe: too short (len=632, chunk_size=1000)
Skipping probe: too short (len=559, chunk_size=1000)
Skipping probe: too short (len=906, chunk_size=1000)
Skipping probe: too short (len=670, chunk_size=1000)
Skipping probe: too short (len=886, chunk_size=1000)
Skipping probe: too short (len=632, chunk_size=1000)
Skipping probe: too short (len=834, chunk_size=1000)
Skipping probe: too short (len=982, chunk_size=1000)
Skipping probe: too short (len=834, chunk_size=1000)
Skipping probe: too short (len=982, chunk_size=1000)
Skipping probe: too short (len=670, chunk_size=1000)
Skipping probe: too short (len=886, chunk_size=1000)
Skipping probe: too short (len=632, chunk_size=1000)
Skipping probe: too short (len=559, chunk_size=1000)
Skipping probe: too short (len=906, chunk_size=1000)
Skipping probe: too short (len=559, chunk_size=1000)
Skipping probe: too short (len=906, chunk_size=1000)
Skipping probe: too short (len=982, chunk_size=1000)
Skipping probe: too short (len=632, chunk_size=1000)
Skipping probe: too short (len=670, chunk_size=1000)
Skipping probe: too short (len=886, chunk_size=1000)
Skipping probe: too short (len=834, chunk_size=1000)
Trial 43 F1s - Weighted: 0.6989 | Macro: 0.1799 | Micro: 0.7019

[I 2026-02-28 20:38:15,835] Trial 43 finished with value: 0.6989138952135643 and parameters: {'chunk_seconds': 10, 'num_freqs': 13, 'num_estimators': 512, 'max_depth': 16, 'window_seconds': 12, 'num_subwindows': 7, 'subwindow_freq': 13, 'use_window_slope': True, 'use_subwindow_slope': True, 'use_smote': False}. Best is trial 43 with value: 0.6989138952135643.
Skipping probe: too short (len=834, chunk_size=1000)
Skipping probe: too short (len=559, chunk_size=1000)
Skipping probe: too short (len=906, chunk_size=1000)
Skipping probe: too short (len=982, chunk_size=1000)
Skipping probe: too short (len=670, chunk_size=1000)
Skipping probe: too short (len=886, chunk_size=1000)
Skipping probe: too short (len=632, chunk_size=1000)
Skipping probe: too short (len=834, chunk_size=1000)
Skipping probe: too short (len=559, chunk_size=1000)
Skipping probe: too short (len=906, chunk_size=1000)
Skipping probe: too short (len=982, chunk_size=1000)
Skipping probe: too short (len=670, chunk_size=1000)
Skipping probe: too short (len=886, chunk_size=1000)
Skipping probe: too short (len=632, chunk_size=1000)
[I 2026-02-28 20:48:13,296] Trial 44 pruned. 
Skipping probe: too short (len=559, chunk_size=1000)
Skipping probe: too short (len=906, chunk_size=1000)
Skipping probe: too short (len=982, chunk_size=1000)
Skipping probe: too short (len=670, chunk_size=1000)
Skipping probe: too short (len=886, chunk_size=1000)
Skipping probe: too short (len=834, chunk_size=1000)
Skipping probe: too short (len=632, chunk_size=1000)
Skipping probe: too short (len=834, chunk_size=1000)
Skipping probe: too short (len=559, chunk_size=1000)
Skipping probe: too short (len=906, chunk_size=1000)
Skipping probe: too short (len=982, chunk_size=1000)
Skipping probe: too short (len=670, chunk_size=1000)
Skipping probe: too short (len=886, chunk_size=1000)
Skipping probe: too short (len=632, chunk_size=1000)
[I 2026-02-28 20:56:49,679] Trial 45 pruned. 
Skipping probe: too short (len=559, chunk_size=900)
Skipping probe: too short (len=670, chunk_size=900)
Skipping probe: too short (len=632, chunk_size=900)
Skipping probe: too short (len=559, chunk_size=900)
Skipping probe: too short (len=670, chunk_size=900)
Skipping probe: too short (len=632, chunk_size=900)
Skipping probe: too short (len=559, chunk_size=900)
Skipping probe: too short (len=670, chunk_size=900)
Skipping probe: too short (len=632, chunk_size=900)
Skipping probe: too short (len=632, chunk_size=900)
Skipping probe: too short (len=670, chunk_size=900)
Skipping probe: too short (len=559, chunk_size=900)
Skipping probe: too short (len=559, chunk_size=900)
Skipping probe: too short (len=632, chunk_size=900)
Skipping probe: too short (len=670, chunk_size=900)
Trial 46 F1s - Weighted: 0.6913 | Macro: 0.1783 | Micro: 0.6850

[I 2026-02-28 21:16:13,198] Trial 46 finished with value: 0.6912574473301869 and parameters: {'chunk_seconds': 9, 'num_freqs': 13, 'num_estimators': 512, 'max_depth': 16, 'window_seconds': 8, 'num_subwindows': 2, 'subwindow_freq': 10, 'use_window_slope': True, 'use_subwindow_slope': True, 'use_smote': False}. Best is trial 43 with value: 0.6989138952135643.
Trial 47 F1s - Weighted: 0.6998 | Macro: 0.2082 | Micro: 0.6914

[I 2026-02-28 22:11:18,040] Trial 47 finished with value: 0.6997834066291123 and parameters: {'chunk_seconds': 4, 'num_freqs': 10, 'num_estimators': 64, 'max_depth': 16, 'window_seconds': 12, 'num_subwindows': 8, 'subwindow_freq': 13, 'use_window_slope': True, 'use_subwindow_slope': True, 'use_smote': False}. Best is trial 47 with value: 0.6997834066291123.
[I 2026-02-28 22:44:13,661] Trial 48 pruned. 
Trial 49 F1s - Weighted: 0.7060 | Macro: 0.2127 | Micro: 0.6991

[I 2026-02-28 23:48:49,787] Trial 49 finished with value: 0.7060045931984518 and parameters: {'chunk_seconds': 4, 'num_freqs': 10, 'num_estimators': 256, 'max_depth': 16, 'window_seconds': 12, 'num_subwindows': 8, 'subwindow_freq': 9, 'use_window_slope': True, 'use_subwindow_slope': True, 'use_smote': False}. Best is trial 49 with value: 0.7060045931984518.
[I 2026-03-01 00:03:21,794] Trial 50 pruned. 
Trial 51 F1s - Weighted: 0.6902 | Macro: 0.2040 | Micro: 0.6802

[I 2026-03-01 01:03:12,367] Trial 51 finished with value: 0.6901506962884348 and parameters: {'chunk_seconds': 4, 'num_freqs': 10, 'num_estimators': 64, 'max_depth': 16, 'window_seconds': 12, 'num_subwindows': 9, 'subwindow_freq': 9, 'use_window_slope': True, 'use_subwindow_slope': True, 'use_smote': False}. Best is trial 49 with value: 0.7060045931984518.
Trial 52 F1s - Weighted: 0.7027 | Macro: 0.2116 | Micro: 0.6959

[I 2026-03-01 02:08:25,167] Trial 52 finished with value: 0.7026514823729423 and parameters: {'chunk_seconds': 4, 'num_freqs': 8, 'num_estimators': 256, 'max_depth': 16, 'window_seconds': 11, 'num_subwindows': 8, 'subwindow_freq': 13, 'use_window_slope': True, 'use_subwindow_slope': True, 'use_smote': False}. Best is trial 49 with value: 0.7060045931984518.
Trial 53 F1s - Weighted: 0.6936 | Macro: 0.2023 | Micro: 0.6880

[I 2026-03-01 03:29:34,298] Trial 53 finished with value: 0.6936252588709882 and parameters: {'chunk_seconds': 4, 'num_freqs': 7, 'num_estimators': 256, 'max_depth': 16, 'window_seconds': 13, 'num_subwindows': 11, 'subwindow_freq': 13, 'use_window_slope': True, 'use_subwindow_slope': True, 'use_smote': False}. Best is trial 49 with value: 0.7060045931984518.
Trial 54 F1s - Weighted: 0.6945 | Macro: 0.2125 | Micro: 0.6768

[I 2026-03-01 05:34:16,699] Trial 54 finished with value: 0.6944797807997455 and parameters: {'chunk_seconds': 2, 'num_freqs': 11, 'num_estimators': 256, 'max_depth': 16, 'window_seconds': 12, 'num_subwindows': 8, 'subwindow_freq': 11, 'use_window_slope': True, 'use_subwindow_slope': True, 'use_smote': False}. Best is trial 49 with value: 0.7060045931984518.
Trial 55 F1s - Weighted: 0.6967 | Macro: 0.2141 | Micro: 0.6800

[I 2026-03-01 07:37:50,867] Trial 55 finished with value: 0.6967075842754161 and parameters: {'chunk_seconds': 2, 'num_freqs': 11, 'num_estimators': 256, 'max_depth': 16, 'window_seconds': 12, 'num_subwindows': 8, 'subwindow_freq': 8, 'use_window_slope': True, 'use_subwindow_slope': True, 'use_smote': False}. Best is trial 49 with value: 0.7060045931984518.
[I 2026-03-01 08:40:03,214] Trial 56 pruned. 
[I 2026-03-01 09:04:05,402] Trial 57 pruned. 
[I 2026-03-01 09:33:03,710] Trial 58 pruned. 
