uv version: uv 0.9.5
Running on host: gpu04.cluster
Job started at: Fri Feb 27 14:38:05 EST 2026
Running job ID: 731920
Loaded 58 files (2.86 GB) in 3.93 seconds.
Skipping probe: too short (len=834, chunk_size=1000)
Skipping probe: too short (len=982, chunk_size=1000)
Skipping probe: too short (len=559, chunk_size=1000)
Skipping probe: too short (len=906, chunk_size=1000)
Skipping probe: too short (len=670, chunk_size=1000)
Skipping probe: too short (len=886, chunk_size=1000)
Skipping probe: too short (len=632, chunk_size=1000)
Skipping probe: too short (len=982, chunk_size=1000)
Skipping probe: too short (len=559, chunk_size=1000)
Skipping probe: too short (len=906, chunk_size=1000)
Skipping probe: too short (len=834, chunk_size=1000)
Skipping probe: too short (len=670, chunk_size=1000)
Skipping probe: too short (len=886, chunk_size=1000)
Skipping probe: too short (len=632, chunk_size=1000)
Skipping probe: too short (len=559, chunk_size=1000)
Skipping probe: too short (len=906, chunk_size=1000)
Skipping probe: too short (len=834, chunk_size=1000)
Skipping probe: too short (len=670, chunk_size=1000)
Skipping probe: too short (len=886, chunk_size=1000)
Skipping probe: too short (len=632, chunk_size=1000)
Skipping probe: too short (len=982, chunk_size=1000)
Skipping probe: too short (len=834, chunk_size=1000)
Skipping probe: too short (len=982, chunk_size=1000)
Skipping probe: too short (len=670, chunk_size=1000)
Skipping probe: too short (len=886, chunk_size=1000)
Skipping probe: too short (len=632, chunk_size=1000)
Skipping probe: too short (len=559, chunk_size=1000)
Skipping probe: too short (len=906, chunk_size=1000)
Skipping probe: too short (len=559, chunk_size=1000)
Skipping probe: too short (len=906, chunk_size=1000)
Skipping probe: too short (len=982, chunk_size=1000)
Skipping probe: too short (len=632, chunk_size=1000)
Skipping probe: too short (len=834, chunk_size=1000)
Skipping probe: too short (len=670, chunk_size=1000)
Skipping probe: too short (len=886, chunk_size=1000)
Trial 0 F1s - Weighted: 0.4806 | Macro: 0.1176 | Micro: 0.3787

[I 2026-02-27 14:47:05,940] Trial 0 finished with value: 0.48061372044018863 and parameters: {'chunk_seconds': 10, 'num_freqs': 3, 'num_estimators': 8, 'max_depth': 4, 'window_seconds': 18, 'num_subwindows': 2, 'subwindow_freq': 4, 'use_window_slope': False, 'use_subwindow_slope': False, 'use_smote': True, 'smote_k_neighbors': 1}. Best is trial 0 with value: 0.48061372044018863.
Skipping probe: too short (len=559, chunk_size=700)
Skipping probe: too short (len=670, chunk_size=700)
Skipping probe: too short (len=632, chunk_size=700)
Skipping probe: too short (len=670, chunk_size=700)
Skipping probe: too short (len=559, chunk_size=700)
Skipping probe: too short (len=632, chunk_size=700)
Skipping probe: too short (len=559, chunk_size=700)
Skipping probe: too short (len=670, chunk_size=700)
Skipping probe: too short (len=632, chunk_size=700)
Skipping probe: too short (len=632, chunk_size=700)
Skipping probe: too short (len=670, chunk_size=700)
Skipping probe: too short (len=559, chunk_size=700)
Skipping probe: too short (len=559, chunk_size=700)
Skipping probe: too short (len=632, chunk_size=700)
Skipping probe: too short (len=670, chunk_size=700)
Trial 1 F1s - Weighted: 0.6081 | Macro: 0.1566 | Micro: 0.5168

[I 2026-02-27 15:27:01,032] Trial 1 finished with value: 0.608113201496397 and parameters: {'chunk_seconds': 7, 'num_freqs': 6, 'num_estimators': 128, 'max_depth': 4, 'window_seconds': 8, 'num_subwindows': 11, 'subwindow_freq': 3, 'use_window_slope': True, 'use_subwindow_slope': True, 'use_smote': False}. Best is trial 1 with value: 0.608113201496397.
Skipping probe: too short (len=834, chunk_size=900)
Skipping probe: too short (len=559, chunk_size=900)
Skipping probe: too short (len=670, chunk_size=900)
Skipping probe: too short (len=886, chunk_size=900)
Skipping probe: too short (len=632, chunk_size=900)
Skipping probe: too short (len=834, chunk_size=900)
Skipping probe: too short (len=559, chunk_size=900)
Skipping probe: too short (len=670, chunk_size=900)
Skipping probe: too short (len=886, chunk_size=900)
Skipping probe: too short (len=632, chunk_size=900)
Skipping probe: too short (len=559, chunk_size=900)
Skipping probe: too short (len=834, chunk_size=900)
Skipping probe: too short (len=670, chunk_size=900)
Skipping probe: too short (len=886, chunk_size=900)
Skipping probe: too short (len=632, chunk_size=900)
Skipping probe: too short (len=670, chunk_size=900)
Skipping probe: too short (len=886, chunk_size=900)
Skipping probe: too short (len=834, chunk_size=900)
Skipping probe: too short (len=632, chunk_size=900)
Skipping probe: too short (len=559, chunk_size=900)
Skipping probe: too short (len=559, chunk_size=900)
Skipping probe: too short (len=632, chunk_size=900)
Skipping probe: too short (len=834, chunk_size=900)
Skipping probe: too short (len=670, chunk_size=900)
Skipping probe: too short (len=886, chunk_size=900)
Trial 2 F1s - Weighted: 0.5671 | Macro: 0.1318 | Micro: 0.4997

[I 2026-02-27 16:23:23,462] Trial 2 finished with value: 0.5671288091411988 and parameters: {'chunk_seconds': 9, 'num_freqs': 4, 'num_estimators': 512, 'max_depth': 4, 'window_seconds': 18, 'num_subwindows': 6, 'subwindow_freq': 18, 'use_window_slope': False, 'use_subwindow_slope': False, 'use_smote': True, 'smote_k_neighbors': 4}. Best is trial 1 with value: 0.608113201496397.
Trial 3 F1s - Weighted: 0.6635 | Macro: 0.1812 | Micro: 0.6542

[I 2026-02-27 17:17:52,660] Trial 3 finished with value: 0.6634590695266483 and parameters: {'chunk_seconds': 5, 'num_freqs': 6, 'num_estimators': 32, 'max_depth': 32, 'window_seconds': 20, 'num_subwindows': 20, 'subwindow_freq': 8, 'use_window_slope': False, 'use_subwindow_slope': False, 'use_smote': True, 'smote_k_neighbors': 9}. Best is trial 3 with value: 0.6634590695266483.
Trial 4 F1s - Weighted: 0.6185 | Macro: 0.2081 | Micro: 0.5753

[I 2026-02-27 18:54:18,850] Trial 4 finished with value: 0.6184911718325808 and parameters: {'chunk_seconds': 3, 'num_freqs': 16, 'num_estimators': 64, 'max_depth': 32, 'window_seconds': 3, 'num_subwindows': 13, 'subwindow_freq': 3, 'use_window_slope': False, 'use_subwindow_slope': False, 'use_smote': True, 'smote_k_neighbors': 9}. Best is trial 3 with value: 0.6634590695266483.
Trial 5 F1s - Weighted: 0.6798 | Macro: 0.1665 | Micro: 0.7161

[I 2026-02-27 20:24:45,221] Trial 5 finished with value: 0.6798081738194066 and parameters: {'chunk_seconds': 3, 'num_freqs': 20, 'num_estimators': 32, 'max_depth': 256, 'window_seconds': 16, 'num_subwindows': 11, 'subwindow_freq': 10, 'use_window_slope': True, 'use_subwindow_slope': True, 'use_smote': False}. Best is trial 5 with value: 0.6798081738194066.
Trial 6 F1s - Weighted: 0.6094 | Macro: 0.1753 | Micro: 0.5400

[I 2026-02-27 21:01:50,388] Trial 6 finished with value: 0.6093909968460919 and parameters: {'chunk_seconds': 4, 'num_freqs': 10, 'num_estimators': 8, 'max_depth': 8, 'window_seconds': 16, 'num_subwindows': 19, 'subwindow_freq': 4, 'use_window_slope': False, 'use_subwindow_slope': False, 'use_smote': False}. Best is trial 5 with value: 0.6798081738194066.
Trial 7 F1s - Weighted: 0.6649 | Macro: 0.2128 | Micro: 0.6283

[I 2026-02-28 01:11:09,045] Trial 7 finished with value: 0.6649153497294595 and parameters: {'chunk_seconds': 1, 'num_freqs': 15, 'num_estimators': 64, 'max_depth': 32, 'window_seconds': 9, 'num_subwindows': 2, 'subwindow_freq': 20, 'use_window_slope': True, 'use_subwindow_slope': False, 'use_smote': True, 'smote_k_neighbors': 6}. Best is trial 5 with value: 0.6798081738194066.
Trial 8 F1s - Weighted: 0.6605 | Macro: 0.1563 | Micro: 0.7070

[I 2026-02-28 03:44:17,053] Trial 8 finished with value: 0.6605406103536539 and parameters: {'chunk_seconds': 2, 'num_freqs': 7, 'num_estimators': 512, 'max_depth': 256, 'window_seconds': 7, 'num_subwindows': 18, 'subwindow_freq': 13, 'use_window_slope': True, 'use_subwindow_slope': False, 'use_smote': False}. Best is trial 5 with value: 0.6798081738194066.
Trial 9 F1s - Weighted: 0.4716 | Macro: 0.1221 | Micro: 0.3880

[I 2026-02-28 05:39:24,396] Trial 9 finished with value: 0.47159533266776155 and parameters: {'chunk_seconds': 1, 'num_freqs': 12, 'num_estimators': 128, 'max_depth': 4, 'window_seconds': 3, 'num_subwindows': 4, 'subwindow_freq': 6, 'use_window_slope': True, 'use_subwindow_slope': True, 'use_smote': False}. Best is trial 5 with value: 0.6798081738194066.
Skipping probe: too short (len=559, chunk_size=700)
Skipping probe: too short (len=670, chunk_size=700)
Skipping probe: too short (len=632, chunk_size=700)
Skipping probe: too short (len=559, chunk_size=700)
Skipping probe: too short (len=670, chunk_size=700)
Skipping probe: too short (len=632, chunk_size=700)
Skipping probe: too short (len=559, chunk_size=700)
Skipping probe: too short (len=670, chunk_size=700)
Skipping probe: too short (len=632, chunk_size=700)
Skipping probe: too short (len=632, chunk_size=700)
Skipping probe: too short (len=670, chunk_size=700)
Skipping probe: too short (len=559, chunk_size=700)
Skipping probe: too short (len=559, chunk_size=700)
Skipping probe: too short (len=632, chunk_size=700)
Skipping probe: too short (len=670, chunk_size=700)
Trial 10 F1s - Weighted: 0.6782 | Macro: 0.1496 | Micro: 0.7230

[I 2026-02-28 06:48:43,550] Trial 10 finished with value: 0.678234910875385 and parameters: {'chunk_seconds': 7, 'num_freqs': 20, 'num_estimators': 1024, 'max_depth': 256, 'window_seconds': 13, 'num_subwindows': 8, 'subwindow_freq': 13, 'use_window_slope': True, 'use_subwindow_slope': True, 'use_smote': False}. Best is trial 5 with value: 0.6798081738194066.
Skipping probe: too short (len=559, chunk_size=700)
Skipping probe: too short (len=670, chunk_size=700)
Skipping probe: too short (len=632, chunk_size=700)
Skipping probe: too short (len=559, chunk_size=700)
Skipping probe: too short (len=670, chunk_size=700)
Skipping probe: too short (len=632, chunk_size=700)
Skipping probe: too short (len=559, chunk_size=700)
Skipping probe: too short (len=632, chunk_size=700)
Skipping probe: too short (len=670, chunk_size=700)
Skipping probe: too short (len=670, chunk_size=700)
Skipping probe: too short (len=632, chunk_size=700)
Skipping probe: too short (len=559, chunk_size=700)
Skipping probe: too short (len=559, chunk_size=700)
Skipping probe: too short (len=632, chunk_size=700)
Skipping probe: too short (len=670, chunk_size=700)
Trial 11 F1s - Weighted: 0.6816 | Macro: 0.1511 | Micro: 0.7254

[I 2026-02-28 07:52:16,817] Trial 11 finished with value: 0.6816176689168293 and parameters: {'chunk_seconds': 7, 'num_freqs': 20, 'num_estimators': 1024, 'max_depth': 256, 'window_seconds': 13, 'num_subwindows': 7, 'subwindow_freq': 13, 'use_window_slope': True, 'use_subwindow_slope': True, 'use_smote': False}. Best is trial 11 with value: 0.6816176689168293.
Skipping probe: too short (len=559, chunk_size=700)
Skipping probe: too short (len=670, chunk_size=700)
Skipping probe: too short (len=632, chunk_size=700)
Skipping probe: too short (len=559, chunk_size=700)
Skipping probe: too short (len=670, chunk_size=700)
Skipping probe: too short (len=632, chunk_size=700)
[I 2026-02-28 08:29:28,141] Trial 12 pruned. 
Trial 13 F1s - Weighted: 0.6752 | Macro: 0.1627 | Micro: 0.7155

[I 2026-02-28 09:17:56,720] Trial 13 finished with value: 0.6752291281674591 and parameters: {'chunk_seconds': 5, 'num_freqs': 16, 'num_estimators': 32, 'max_depth': 64, 'window_seconds': 13, 'num_subwindows': 9, 'subwindow_freq': 16, 'use_window_slope': True, 'use_subwindow_slope': True, 'use_smote': False}. Best is trial 11 with value: 0.6816176689168293.
Trial 14 F1s - Weighted: 0.6764 | Macro: 0.1621 | Micro: 0.7176

[I 2026-02-28 11:30:29,529] Trial 14 finished with value: 0.6763881473658102 and parameters: {'chunk_seconds': 3, 'num_freqs': 18, 'num_estimators': 256, 'max_depth': 128, 'window_seconds': 15, 'num_subwindows': 14, 'subwindow_freq': 9, 'use_window_slope': True, 'use_subwindow_slope': True, 'use_smote': False}. Best is trial 11 with value: 0.6816176689168293.
Skipping probe: too short (len=559, chunk_size=800)
Skipping probe: too short (len=632, chunk_size=800)
Skipping probe: too short (len=670, chunk_size=800)
Skipping probe: too short (len=559, chunk_size=800)
Skipping probe: too short (len=670, chunk_size=800)
Skipping probe: too short (len=632, chunk_size=800)
Skipping probe: too short (len=559, chunk_size=800)
Skipping probe: too short (len=670, chunk_size=800)
Skipping probe: too short (len=632, chunk_size=800)
Skipping probe: too short (len=670, chunk_size=800)
Skipping probe: too short (len=632, chunk_size=800)
Skipping probe: too short (len=559, chunk_size=800)
Skipping probe: too short (len=559, chunk_size=800)
Skipping probe: too short (len=632, chunk_size=800)
Skipping probe: too short (len=670, chunk_size=800)
Trial 15 F1s - Weighted: 0.6859 | Macro: 0.1786 | Micro: 0.6811

[I 2026-02-28 11:54:35,255] Trial 15 finished with value: 0.6859236316427285 and parameters: {'chunk_seconds': 8, 'num_freqs': 12, 'num_estimators': 16, 'max_depth': 16, 'window_seconds': 11, 'num_subwindows': 6, 'subwindow_freq': 14, 'use_window_slope': True, 'use_subwindow_slope': True, 'use_smote': False}. Best is trial 15 with value: 0.6859236316427285.
Skipping probe: too short (len=559, chunk_size=800)
Skipping probe: too short (len=670, chunk_size=800)
Skipping probe: too short (len=632, chunk_size=800)
Skipping probe: too short (len=559, chunk_size=800)
Skipping probe: too short (len=670, chunk_size=800)
Skipping probe: too short (len=632, chunk_size=800)
Skipping probe: too short (len=670, chunk_size=800)
Skipping probe: too short (len=559, chunk_size=800)
Skipping probe: too short (len=632, chunk_size=800)
Skipping probe: too short (len=670, chunk_size=800)
Skipping probe: too short (len=632, chunk_size=800)
Skipping probe: too short (len=559, chunk_size=800)
Skipping probe: too short (len=559, chunk_size=800)
Skipping probe: too short (len=632, chunk_size=800)
Skipping probe: too short (len=670, chunk_size=800)
Trial 16 F1s - Weighted: 0.6893 | Macro: 0.1810 | Micro: 0.6856

[I 2026-02-28 12:16:16,757] Trial 16 finished with value: 0.689315337733086 and parameters: {'chunk_seconds': 8, 'num_freqs': 12, 'num_estimators': 16, 'max_depth': 16, 'window_seconds': 11, 'num_subwindows': 5, 'subwindow_freq': 15, 'use_window_slope': True, 'use_subwindow_slope': True, 'use_smote': False}. Best is trial 16 with value: 0.689315337733086.
Skipping probe: too short (len=834, chunk_size=900)
Skipping probe: too short (len=559, chunk_size=900)
Skipping probe: too short (len=670, chunk_size=900)
Skipping probe: too short (len=886, chunk_size=900)
Skipping probe: too short (len=632, chunk_size=900)
Skipping probe: too short (len=834, chunk_size=900)
Skipping probe: too short (len=559, chunk_size=900)
Skipping probe: too short (len=670, chunk_size=900)
Skipping probe: too short (len=886, chunk_size=900)
Skipping probe: too short (len=632, chunk_size=900)
Skipping probe: too short (len=834, chunk_size=900)
Skipping probe: too short (len=559, chunk_size=900)
Skipping probe: too short (len=670, chunk_size=900)
Skipping probe: too short (len=886, chunk_size=900)
Skipping probe: too short (len=632, chunk_size=900)
Skipping probe: too short (len=834, chunk_size=900)
Skipping probe: too short (len=670, chunk_size=900)
Skipping probe: too short (len=886, chunk_size=900)
Skipping probe: too short (len=632, chunk_size=900)
Skipping probe: too short (len=559, chunk_size=900)
Skipping probe: too short (len=559, chunk_size=900)
Skipping probe: too short (len=632, chunk_size=900)
Skipping probe: too short (len=834, chunk_size=900)
Skipping probe: too short (len=670, chunk_size=900)
Skipping probe: too short (len=886, chunk_size=900)
Trial 17 F1s - Weighted: 0.6836 | Macro: 0.1794 | Micro: 0.6783

[I 2026-02-28 12:35:57,825] Trial 17 finished with value: 0.6835867199658311 and parameters: {'chunk_seconds': 9, 'num_freqs': 11, 'num_estimators': 16, 'max_depth': 16, 'window_seconds': 10, 'num_subwindows': 5, 'subwindow_freq': 16, 'use_window_slope': True, 'use_subwindow_slope': True, 'use_smote': False}. Best is trial 16 with value: 0.689315337733086.
Skipping probe: too short (len=559, chunk_size=800)
Skipping probe: too short (len=670, chunk_size=800)
Skipping probe: too short (len=632, chunk_size=800)
Skipping probe: too short (len=559, chunk_size=800)
Skipping probe: too short (len=670, chunk_size=800)
Skipping probe: too short (len=632, chunk_size=800)
[I 2026-02-28 12:40:04,492] Trial 18 pruned. 
[I 2026-02-28 12:50:21,528] Trial 19 pruned. 
Skipping probe: too short (len=559, chunk_size=600)
Skipping probe: too short (len=559, chunk_size=600)
Skipping probe: too short (len=559, chunk_size=600)
Skipping probe: too short (len=559, chunk_size=600)
Skipping probe: too short (len=559, chunk_size=600)
Trial 20 F1s - Weighted: 0.6741 | Macro: 0.1745 | Micro: 0.6695

[I 2026-02-28 13:29:57,302] Trial 20 finished with value: 0.6740550462169878 and parameters: {'chunk_seconds': 6, 'num_freqs': 1, 'num_estimators': 16, 'max_depth': 16, 'window_seconds': 11, 'num_subwindows': 9, 'subwindow_freq': 17, 'use_window_slope': True, 'use_subwindow_slope': True, 'use_smote': False}. Best is trial 16 with value: 0.689315337733086.
Skipping probe: too short (len=559, chunk_size=900)
Skipping probe: too short (len=834, chunk_size=900)
Skipping probe: too short (len=670, chunk_size=900)
Skipping probe: too short (len=886, chunk_size=900)
Skipping probe: too short (len=632, chunk_size=900)
Skipping probe: too short (len=834, chunk_size=900)
Skipping probe: too short (len=670, chunk_size=900)
Skipping probe: too short (len=886, chunk_size=900)
Skipping probe: too short (len=559, chunk_size=900)
Skipping probe: too short (len=632, chunk_size=900)
Skipping probe: too short (len=834, chunk_size=900)
Skipping probe: too short (len=559, chunk_size=900)
Skipping probe: too short (len=670, chunk_size=900)
Skipping probe: too short (len=886, chunk_size=900)
Skipping probe: too short (len=632, chunk_size=900)
Skipping probe: too short (len=834, chunk_size=900)
Skipping probe: too short (len=670, chunk_size=900)
Skipping probe: too short (len=886, chunk_size=900)
Skipping probe: too short (len=632, chunk_size=900)
Skipping probe: too short (len=559, chunk_size=900)
Skipping probe: too short (len=559, chunk_size=900)
Skipping probe: too short (len=632, chunk_size=900)
Skipping probe: too short (len=834, chunk_size=900)
Skipping probe: too short (len=670, chunk_size=900)
Skipping probe: too short (len=886, chunk_size=900)
Trial 21 F1s - Weighted: 0.6886 | Macro: 0.1817 | Micro: 0.6855

[I 2026-02-28 13:49:33,800] Trial 21 finished with value: 0.6886109677538358 and parameters: {'chunk_seconds': 9, 'num_freqs': 10, 'num_estimators': 16, 'max_depth': 16, 'window_seconds': 10, 'num_subwindows': 5, 'subwindow_freq': 15, 'use_window_slope': True, 'use_subwindow_slope': True, 'use_smote': False}. Best is trial 16 with value: 0.689315337733086.
Skipping probe: too short (len=834, chunk_size=900)
Skipping probe: too short (len=559, chunk_size=900)
Skipping probe: too short (len=670, chunk_size=900)
Skipping probe: too short (len=886, chunk_size=900)
Skipping probe: too short (len=632, chunk_size=900)
Skipping probe: too short (len=559, chunk_size=900)
Skipping probe: too short (len=834, chunk_size=900)
Skipping probe: too short (len=670, chunk_size=900)
Skipping probe: too short (len=886, chunk_size=900)
Skipping probe: too short (len=632, chunk_size=900)
Skipping probe: too short (len=559, chunk_size=900)
Skipping probe: too short (len=834, chunk_size=900)
Skipping probe: too short (len=670, chunk_size=900)
Skipping probe: too short (len=886, chunk_size=900)
Skipping probe: too short (len=632, chunk_size=900)
Skipping probe: too short (len=834, chunk_size=900)
Skipping probe: too short (len=670, chunk_size=900)
Skipping probe: too short (len=886, chunk_size=900)
Skipping probe: too short (len=632, chunk_size=900)
Skipping probe: too short (len=559, chunk_size=900)
Skipping probe: too short (len=559, chunk_size=900)
Skipping probe: too short (len=632, chunk_size=900)
Skipping probe: too short (len=834, chunk_size=900)
Skipping probe: too short (len=670, chunk_size=900)
Skipping probe: too short (len=886, chunk_size=900)
Trial 22 F1s - Weighted: 0.6933 | Macro: 0.1806 | Micro: 0.6922

